Analysis & Synthesis report for somadorversatil
Tue Sep 03 19:38:09 2019
Quartus II 64-Bit Version 12.1 Build 177 11/07/2012 SJ Web Edition


---------------------
; Table of Contents ;
---------------------
  1. Legal Notice
  2. Analysis & Synthesis Summary
  3. Analysis & Synthesis Settings
  4. Parallel Compilation
  5. Analysis & Synthesis Source Files Read
  6. Analysis & Synthesis Resource Usage Summary
  7. Analysis & Synthesis Resource Utilization by Entity
  8. General Register Statistics
  9. Port Connectivity Checks: "adder_8bits:adder_1"
 10. Elapsed Time Per Partition
 11. Analysis & Synthesis Messages



----------------
; Legal Notice ;
----------------
Copyright (C) 1991-2012 Altera Corporation
Your use of Altera Corporation's design tools, logic functions 
and other software and tools, and its AMPP partner logic 
functions, and any output files from any of the foregoing 
(including device programming or simulation files), and any 
associated documentation or information are expressly subject 
to the terms and conditions of the Altera Program License 
Subscription Agreement, Altera MegaCore Function License 
Agreement, or other applicable license agreement, including, 
without limitation, that your use is for the sole purpose of 
programming logic devices manufactured by Altera and sold by 
Altera or its authorized distributors.  Please refer to the 
applicable agreement for further details.



+-------------------------------------------------------------------------------+
; Analysis & Synthesis Summary                                                  ;
+------------------------------------+------------------------------------------+
; Analysis & Synthesis Status        ; Successful - Tue Sep 03 19:38:08 2019    ;
; Quartus II 64-Bit Version          ; 12.1 Build 177 11/07/2012 SJ Web Edition ;
; Revision Name                      ; somadorversatil                          ;
; Top-level Entity Name              ; somadorversatil                          ;
; Family                             ; Cyclone II                               ;
; Total logic elements               ; 20                                       ;
;     Total combinational functions  ; 20                                       ;
;     Dedicated logic registers      ; 0                                        ;
; Total registers                    ; 0                                        ;
; Total pins                         ; 44                                       ;
; Total virtual pins                 ; 0                                        ;
; Total memory bits                  ; 0                                        ;
; Embedded Multiplier 9-bit elements ; 0                                        ;
; Total PLLs                         ; 0                                        ;
+------------------------------------+------------------------------------------+


+----------------------------------------------------------------------------------------------------------------------+
; Analysis & Synthesis Settings                                                                                        ;
+----------------------------------------------------------------------------+--------------------+--------------------+
; Option                                                                     ; Setting            ; Default Value      ;
+----------------------------------------------------------------------------+--------------------+--------------------+
; Device                                                                     ; EP2C35F672C6       ;                    ;
; Top-level entity name                                                      ; somadorversatil    ; somadorversatil    ;
; Family name                                                                ; Cyclone II         ; Cyclone IV GX      ;
; Use smart compilation                                                      ; Off                ; Off                ;
; Enable parallel Assembler and TimeQuest Timing Analyzer during compilation ; On                 ; On                 ;
; Enable compact report table                                                ; Off                ; Off                ;
; Restructure Multiplexers                                                   ; Auto               ; Auto               ;
; Create Debugging Nodes for IP Cores                                        ; Off                ; Off                ;
; Preserve fewer node names                                                  ; On                 ; On                 ;
; Disable OpenCore Plus hardware evaluation                                  ; Off                ; Off                ;
; Verilog Version                                                            ; Verilog_2001       ; Verilog_2001       ;
; VHDL Version                                                               ; VHDL_1993          ; VHDL_1993          ;
; State Machine Processing                                                   ; Auto               ; Auto               ;
; Safe State Machine                                                         ; Off                ; Off                ;
; Extract Verilog State Machines                                             ; On                 ; On                 ;
; Extract VHDL State Machines                                                ; On                 ; On                 ;
; Ignore Verilog initial constructs                                          ; Off                ; Off                ;
; Iteration limit for constant Verilog loops                                 ; 5000               ; 5000               ;
; Iteration limit for non-constant Verilog loops                             ; 250                ; 250                ;
; Add Pass-Through Logic to Inferred RAMs                                    ; On                 ; On                 ;
; Infer RAMs from Raw Logic                                                  ; On                 ; On                 ;
; Parallel Synthesis                                                         ; On                 ; On                 ;
; DSP Block Balancing                                                        ; Auto               ; Auto               ;
; NOT Gate Push-Back                                                         ; On                 ; On                 ;
; Power-Up Don't Care                                                        ; On                 ; On                 ;
; Remove Redundant Logic Cells                                               ; Off                ; Off                ;
; Remove Duplicate Registers                                                 ; On                 ; On                 ;
; Ignore CARRY Buffers                                                       ; Off                ; Off                ;
; Ignore CASCADE Buffers                                                     ; Off                ; Off                ;
; Ignore GLOBAL Buffers                                                      ; Off                ; Off                ;
; Ignore ROW GLOBAL Buffers                                                  ; Off                ; Off                ;
; Ignore LCELL Buffers                                                       ; Off                ; Off                ;
; Ignore SOFT Buffers                                                        ; On                 ; On                 ;
; Limit AHDL Integers to 32 Bits                                             ; Off                ; Off                ;
; Optimization Technique                                                     ; Balanced           ; Balanced           ;
; Carry Chain Length                                                         ; 70                 ; 70                 ;
; Auto Carry Chains                                                          ; On                 ; On                 ;
; Auto Open-Drain Pins                                                       ; On                 ; On                 ;
; Perform WYSIWYG Primitive Resynthesis                                      ; Off                ; Off                ;
; Auto ROM Replacement                                                       ; On                 ; On                 ;
; Auto RAM Replacement                                                       ; On                 ; On                 ;
; Auto Shift Register Replacement                                            ; Auto               ; Auto               ;
; Allow Shift Register Merging across Hierarchies                            ; Auto               ; Auto               ;
; Auto Clock Enable Replacement                                              ; On                 ; On                 ;
; Strict RAM Replacement                                                     ; Off                ; Off                ;
; Allow Synchronous Control Signals                                          ; On                 ; On                 ;
; Force Use of Synchronous Clear Signals                                     ; Off                ; Off                ;
; Auto RAM to Logic Cell Conversion                                          ; Off                ; Off                ;
; Auto Resource Sharing                                                      ; Off                ; Off                ;
; Allow Any RAM Size For Recognition                                         ; Off                ; Off                ;
; Allow Any ROM Size For Recognition                                         ; Off                ; Off                ;
; Allow Any Shift Register Size For Recognition                              ; Off                ; Off                ;
; Use LogicLock Constraints during Resource Balancing                        ; On                 ; On                 ;
; Ignore translate_off and synthesis_off directives                          ; Off                ; Off                ;
; Timing-Driven Synthesis                                                    ; Off                ; Off                ;
; Report Parameter Settings                                                  ; On                 ; On                 ;
; Report Source Assignments                                                  ; On                 ; On                 ;
; Report Connectivity Checks                                                 ; On                 ; On                 ;
; Ignore Maximum Fan-Out Assignments                                         ; Off                ; Off                ;
; Synchronization Register Chain Length                                      ; 2                  ; 2                  ;
; PowerPlay Power Optimization                                               ; Normal compilation ; Normal compilation ;
; HDL message level                                                          ; Level2             ; Level2             ;
; Suppress Register Optimization Related Messages                            ; Off                ; Off                ;
; Number of Removed Registers Reported in Synthesis Report                   ; 5000               ; 5000               ;
; Number of Swept Nodes Reported in Synthesis Report                         ; 5000               ; 5000               ;
; Number of Inverted Registers Reported in Synthesis Report                  ; 100                ; 100                ;
; Clock MUX Protection                                                       ; On                 ; On                 ;
; Auto Gated Clock Conversion                                                ; Off                ; Off                ;
; Block Design Naming                                                        ; Auto               ; Auto               ;
; SDC constraint protection                                                  ; Off                ; Off                ;
; Synthesis Effort                                                           ; Auto               ; Auto               ;
; Shift Register Replacement - Allow Asynchronous Clear Signal               ; On                 ; On                 ;
; Pre-Mapping Resynthesis Optimization                                       ; Off                ; Off                ;
; Analysis & Synthesis Message Level                                         ; Medium             ; Medium             ;
; Disable Register Merging Across Hierarchies                                ; Auto               ; Auto               ;
; Resource Aware Inference For Block RAM                                     ; On                 ; On                 ;
; Synthesis Seed                                                             ; 1                  ; 1                  ;
+----------------------------------------------------------------------------+--------------------+--------------------+


Parallel compilation was disabled, but you have multiple processors available. Enable parallel compilation to reduce compilation time.
+-------------------------------------+
; Parallel Compilation                ;
+----------------------------+--------+
; Processors                 ; Number ;
+----------------------------+--------+
; Number detected on machine ; 4      ;
; Maximum allowed            ; 1      ;
+----------------------------+--------+


+---------------------------------------------------------------------------------------------------------------------------------------------------------------------------------------------+
; Analysis & Synthesis Source Files Read                                                                                                                                                      ;
+----------------------------------+-----------------+-----------------+------------------------------------------------------------------------------------------------------------+---------+
; File Name with User-Entered Path ; Used in Netlist ; File Type       ; File Name with Absolute Path                                                                               ; Library ;
+----------------------------------+-----------------+-----------------+------------------------------------------------------------------------------------------------------------+---------+
; fulladder.vhd                    ; yes             ; User VHDL File  ; C:/Users/06772586905/Downloads/Cap 5 - Somadores Versateis/Cap 5 - Somadores Versateis/fulladder.vhd       ;         ;
; somadorversatil.vhd              ; yes             ; User VHDL File  ; C:/Users/06772586905/Downloads/Cap 5 - Somadores Versateis/Cap 5 - Somadores Versateis/somadorversatil.vhd ;         ;
; adder_8bits.vhd                  ; yes             ; User VHDL File  ; C:/Users/06772586905/Downloads/Cap 5 - Somadores Versateis/Cap 5 - Somadores Versateis/adder_8bits.vhd     ;         ;
; mux21.vhd                        ; yes             ; User VHDL File  ; C:/Users/06772586905/Downloads/Cap 5 - Somadores Versateis/Cap 5 - Somadores Versateis/mux21.vhd           ;         ;
+----------------------------------+-----------------+-----------------+------------------------------------------------------------------------------------------------------------+---------+


+-----------------------------------------------------+
; Analysis & Synthesis Resource Usage Summary         ;
+---------------------------------------------+-------+
; Resource                                    ; Usage ;
+---------------------------------------------+-------+
; Estimated Total logic elements              ; 20    ;
;                                             ;       ;
; Total combinational functions               ; 20    ;
; Logic element usage by number of LUT inputs ;       ;
;     -- 4 input functions                    ; 14    ;
;     -- 3 input functions                    ; 4     ;
;     -- <=2 input functions                  ; 2     ;
;                                             ;       ;
; Logic elements by mode                      ;       ;
;     -- normal mode                          ; 20    ;
;     -- arithmetic mode                      ; 0     ;
;                                             ;       ;
; Total registers                             ; 0     ;
;     -- Dedicated logic registers            ; 0     ;
;     -- I/O registers                        ; 0     ;
;                                             ;       ;
; I/O pins                                    ; 44    ;
; Embedded Multiplier 9-bit elements          ; 0     ;
; Maximum fan-out                             ; 13    ;
; Total fan-out                               ; 83    ;
; Average fan-out                             ; 1.30  ;
+---------------------------------------------+-------+


+-----------------------------------------------------------------------------------------------------------------------------------------------------------------------------------------------------------------------------+
; Analysis & Synthesis Resource Utilization by Entity                                                                                                                                                                         ;
+----------------------------------+-------------------+--------------+-------------+--------------+---------+-----------+------+--------------+---------------------------------------------------------------+--------------+
; Compilation Hierarchy Node       ; LC Combinationals ; LC Registers ; Memory Bits ; DSP Elements ; DSP 9x9 ; DSP 18x18 ; Pins ; Virtual Pins ; Full Hierarchy Name                                           ; Library Name ;
+----------------------------------+-------------------+--------------+-------------+--------------+---------+-----------+------+--------------+---------------------------------------------------------------+--------------+
; |somadorversatil                 ; 20 (2)            ; 0 (0)        ; 0           ; 0            ; 0       ; 0         ; 44   ; 0            ; |somadorversatil                                              ;              ;
;    |adder_8bits:adder_1|         ; 16 (0)            ; 0 (0)        ; 0           ; 0            ; 0       ; 0         ; 0    ; 0            ; |somadorversatil|adder_8bits:adder_1                          ;              ;
;       |fulladder:\cpa_1:0:cpa_j| ; 1 (1)             ; 0 (0)        ; 0           ; 0            ; 0       ; 0         ; 0    ; 0            ; |somadorversatil|adder_8bits:adder_1|fulladder:\cpa_1:0:cpa_j ;              ;
;       |fulladder:\cpa_1:1:cpa_j| ; 2 (2)             ; 0 (0)        ; 0           ; 0            ; 0       ; 0         ; 0    ; 0            ; |somadorversatil|adder_8bits:adder_1|fulladder:\cpa_1:1:cpa_j ;              ;
;       |fulladder:\cpa_1:2:cpa_j| ; 2 (2)             ; 0 (0)        ; 0           ; 0            ; 0       ; 0         ; 0    ; 0            ; |somadorversatil|adder_8bits:adder_1|fulladder:\cpa_1:2:cpa_j ;              ;
;       |fulladder:\cpa_1:3:cpa_j| ; 1 (1)             ; 0 (0)        ; 0           ; 0            ; 0       ; 0         ; 0    ; 0            ; |somadorversatil|adder_8bits:adder_1|fulladder:\cpa_1:3:cpa_j ;              ;
;       |fulladder:\cpa_1:4:cpa_j| ; 5 (5)             ; 0 (0)        ; 0           ; 0            ; 0       ; 0         ; 0    ; 0            ; |somadorversatil|adder_8bits:adder_1|fulladder:\cpa_1:4:cpa_j ;              ;
;       |fulladder:\cpa_1:5:cpa_j| ; 2 (2)             ; 0 (0)        ; 0           ; 0            ; 0       ; 0         ; 0    ; 0            ; |somadorversatil|adder_8bits:adder_1|fulladder:\cpa_1:5:cpa_j ;              ;
;       |fulladder:\cpa_1:6:cpa_j| ; 1 (1)             ; 0 (0)        ; 0           ; 0            ; 0       ; 0         ; 0    ; 0            ; |somadorversatil|adder_8bits:adder_1|fulladder:\cpa_1:6:cpa_j ;              ;
;       |fulladder:\cpa_1:7:cpa_j| ; 2 (2)             ; 0 (0)        ; 0           ; 0            ; 0       ; 0         ; 0    ; 0            ; |somadorversatil|adder_8bits:adder_1|fulladder:\cpa_1:7:cpa_j ;              ;
;    |mux21:mux_1|                 ; 1 (1)             ; 0 (0)        ; 0           ; 0            ; 0       ; 0         ; 0    ; 0            ; |somadorversatil|mux21:mux_1                                  ;              ;
;    |mux21:mux_3|                 ; 1 (1)             ; 0 (0)        ; 0           ; 0            ; 0       ; 0         ; 0    ; 0            ; |somadorversatil|mux21:mux_3                                  ;              ;
+----------------------------------+-------------------+--------------+-------------+--------------+---------+-----------+------+--------------+---------------------------------------------------------------+--------------+
Note: For table entries with two numbers listed, the numbers in parentheses indicate the number of resources of the given type used by the specific entity alone. The numbers listed outside of parentheses indicate the total resources of the given type used by the specific entity and all of its sub-entities in the hierarchy.


+------------------------------------------------------+
; General Register Statistics                          ;
+----------------------------------------------+-------+
; Statistic                                    ; Value ;
+----------------------------------------------+-------+
; Total registers                              ; 0     ;
; Number of registers using Synchronous Clear  ; 0     ;
; Number of registers using Synchronous Load   ; 0     ;
; Number of registers using Asynchronous Clear ; 0     ;
; Number of registers using Asynchronous Load  ; 0     ;
; Number of registers using Clock Enable       ; 0     ;
; Number of registers using Preset             ; 0     ;
+----------------------------------------------+-------+


+-------------------------------------------------+
; Port Connectivity Checks: "adder_8bits:adder_1" ;
+------+-------+----------+-----------------------+
; Port ; Type  ; Severity ; Details               ;
+------+-------+----------+-----------------------+
; cin  ; Input ; Info     ; Stuck at GND          ;
+------+-------+----------+-----------------------+


+-------------------------------+
; Elapsed Time Per Partition    ;
+----------------+--------------+
; Partition Name ; Elapsed Time ;
+----------------+--------------+
; Top            ; 00:00:00     ;
+----------------+--------------+


+-------------------------------+
; Analysis & Synthesis Messages ;
+-------------------------------+
Info: *******************************************************************
Info: Running Quartus II 64-Bit Analysis & Synthesis
    Info: Version 12.1 Build 177 11/07/2012 SJ Web Edition
    Info: Processing started: Tue Sep 03 19:38:06 2019
Info: Command: quartus_map --read_settings_files=on --write_settings_files=off somadorversatil -c somadorversatil
Warning (20028): Parallel compilation is not licensed and has been disabled
Info (12021): Found 2 design units, including 1 entities, in source file registrador_en.vhd
    Info (12022): Found design unit 1: registrador_en-behv
    Info (12023): Found entity 1: registrador_en
Info (12021): Found 2 design units, including 1 entities, in source file decod7seg.vhd
    Info (12022): Found design unit 1: decod7seg-decod7seg_stru
    Info (12023): Found entity 1: decod7seg
Info (12021): Found 2 design units, including 1 entities, in source file buttonsync.vhd
    Info (12022): Found design unit 1: ButtonSync-ButtonSyncImpl
    Info (12023): Found entity 1: ButtonSync
Info (12021): Found 2 design units, including 1 entities, in source file fulladder.vhd
    Info (12022): Found design unit 1: fulladder-circuito_logico
    Info (12023): Found entity 1: fulladder
Info (12021): Found 2 design units, including 1 entities, in source file somadorversatil.vhd
    Info (12022): Found design unit 1: somadorversatil-circuito_logico
    Info (12023): Found entity 1: somadorversatil
Info (12021): Found 2 design units, including 1 entities, in source file adder_8bits.vhd
    Info (12022): Found design unit 1: adder_8bits-circuito_logico
    Info (12023): Found entity 1: adder_8bits
Info (12021): Found 2 design units, including 1 entities, in source file mux21.vhd
    Info (12022): Found design unit 1: mux21-mux_estr
    Info (12023): Found entity 1: mux21
Info (12127): Elaborating entity "somadorversatil" for the top level hierarchy
Warning (10541): VHDL Signal Declaration warning at somadorversatil.vhd(7): used implicit default value for signal "LEDG" because signal was never assigned a value or an explicit default value. Use of implicit default value may introduce unintended design optimizations.
Warning (10873): Using initial value X (don't care) for net "LEDR[17..11]" at somadorversatil.vhd(6)
Info (12128): Elaborating entity "mux21" for hierarchy "mux21:mux_1"
Info (12128): Elaborating entity "adder_8bits" for hierarchy "adder_8bits:adder_1"
Info (12128): Elaborating entity "fulladder" for hierarchy "adder_8bits:adder_1|fulladder:\cpa_1:0:cpa_j"
Warning (13024): Output pins are stuck at VCC or GND
    Warning (13410): Pin "LEDR[11]" is stuck at GND
    Warning (13410): Pin "LEDR[12]" is stuck at GND
    Warning (13410): Pin "LEDR[13]" is stuck at GND
    Warning (13410): Pin "LEDR[14]" is stuck at GND
    Warning (13410): Pin "LEDR[15]" is stuck at GND
    Warning (13410): Pin "LEDR[16]" is stuck at GND
    Warning (13410): Pin "LEDR[17]" is stuck at GND
    Warning (13410): Pin "LEDG[0]" is stuck at GND
    Warning (13410): Pin "LEDG[1]" is stuck at GND
    Warning (13410): Pin "LEDG[2]" is stuck at GND
    Warning (13410): Pin "LEDG[3]" is stuck at GND
    Warning (13410): Pin "LEDG[4]" is stuck at GND
    Warning (13410): Pin "LEDG[5]" is stuck at GND
    Warning (13410): Pin "LEDG[6]" is stuck at GND
    Warning (13410): Pin "LEDG[7]" is stuck at GND
Info (16010): Generating hard_block partition "hard_block:auto_generated_inst"
    Info (16011): Adding 0 node(s), including 0 DDIO, 0 PLL, 0 transceiver and 0 LCELL
Warning (21074): Design contains 13 input pin(s) that do not drive logic
    Warning (15610): No output dependent on input pin "SW[5]"
    Warning (15610): No output dependent on input pin "SW[6]"
    Warning (15610): No output dependent on input pin "SW[7]"
    Warning (15610): No output dependent on input pin "SW[8]"
    Warning (15610): No output dependent on input pin "SW[9]"
    Warning (15610): No output dependent on input pin "SW[10]"
    Warning (15610): No output dependent on input pin "SW[11]"
    Warning (15610): No output dependent on input pin "SW[12]"
    Warning (15610): No output dependent on input pin "SW[13]"
    Warning (15610): No output dependent on input pin "SW[14]"
    Warning (15610): No output dependent on input pin "SW[15]"
    Warning (15610): No output dependent on input pin "SW[16]"
    Warning (15610): No output dependent on input pin "SW[17]"
Info (21057): Implemented 64 device resources after synthesis - the final resource count might be different
    Info (21058): Implemented 18 input pins
    Info (21059): Implemented 26 output pins
    Info (21061): Implemented 20 logic cells
Info: Quartus II 64-Bit Analysis & Synthesis was successful. 0 errors, 33 warnings
    Info: Peak virtual memory: 494 megabytes
    Info: Processing ended: Tue Sep 03 19:38:09 2019
    Info: Elapsed time: 00:00:03
    Info: Total CPU time (on all processors): 00:00:02


