============================================================
  Generated by:           Genus(TM) Synthesis Solution 16.24-s065_1
  Generated on:           Nov 21 2019  07:24:42 pm
  Module:                 MultBlock
  Technology libraries:   PnomV180T025_STD_CELL_7RF 
                          physical_cells 
  Operating conditions:   _nominal_ 
  Interconnect mode:      global
  Area mode:              physical library
============================================================

            Pin                    Type      Fanout Load Slew Delay Arrival   
                                                    (fF) (ps)  (ps)   (ps)    
------------------------------------------------------------------------------
(clock clk)                       launch                                  0 R 
(MultBlock.sdc_line_11_30_1)      ext delay                    +100     100 R 
X[1]                              in port         7 88.0    0    +0     100 R 
csa_tree_add_38_19/in_2[5] 
  g1313__7654/A                                                  +0     100   
  g1313__7654/Z                   XOR2_C          5 71.1  482  +274     374 R 
csa_tree_add_38_19/out_1[3] 
csa_tree_add_42_24_groupi/in_1[3] 
  g1289__9719/A                                                  +0     374   
  g1289__9719/Z                   AND2_I          1 21.1   70  +130     504 R 
  g1286__7765/A                                                  +0     504   
  g1286__7765/COUT                ADDF_E          1 19.8  111  +218     723 R 
  g1285__7547/CIN                                                +0     723   
  g1285__7547/COUT                ADDF_E          1 19.8  109  +152     875 R 
  g1284__2833/CIN                                                +0     875   
  g1284__2833/COUT                ADDF_E          1 19.8  109  +152    1027 R 
  g1283__2006/CIN                                                +0    1027   
  g1283__2006/COUT                ADDF_E          1 19.8  109  +152    1180 R 
  g1282__1297/CIN                                                +0    1180   
  g1282__1297/COUT                ADDF_E          1 19.8  109  +152    1332 R 
  g1281__1237/CIN                                                +0    1332   
  g1281__1237/COUT                ADDF_E          1 19.8  109  +152    1484 R 
  g1280__2007/CIN                                                +0    1484   
  g1280__2007/COUT                ADDF_E          1 19.8  109  +152    1636 R 
  g1279__3779/CIN                                                +0    1636   
  g1279__3779/COUT                ADDF_E          1 19.8  109  +152    1788 R 
  g1278__4599/CIN                                                +0    1788   
  g1278__4599/COUT                ADDF_E          1 19.8  109  +152    1940 R 
  g1277__3717/CIN                                                +0    1940   
  g1277__3717/COUT                ADDF_E          1 19.8  109  +152    2093 R 
  g1276__1377/CIN                                                +0    2093   
  g1276__1377/COUT                ADDF_E          1 19.8  109  +152    2245 R 
  g1275__8867/CIN                                                +0    2245   
  g1275__8867/COUT                ADDF_E          1 19.8  109  +152    2397 R 
  g1274__7654/CIN                                                +0    2397   
  g1274__7654/COUT                ADDF_E          1 19.8  109  +152    2549 R 
  g1273__7557/CIN                                                +0    2549   
  g1273__7557/COUT                ADDF_E          1 19.8  109  +152    2702 R 
  g1272__7837/CIN                                                +0    2702   
  g1272__7837/COUT                ADDF_E          1 19.8  109  +152    2854 R 
  g1271__6179/CIN                                                +0    2854   
  g1271__6179/COUT                ADDF_E          1 19.8  109  +152    3006 R 
  g1270__1279/CIN                                                +0    3006   
  g1270__1279/COUT                ADDF_E          1 19.8  109  +152    3158 R 
  g1269__3457/CIN                                                +0    3158   
  g1269__3457/COUT                ADDF_E          1 19.8  109  +152    3310 R 
  g1268__9771/CIN                                                +0    3310   
  g1268__9771/COUT                ADDF_E          1 19.8  109  +152    3462 R 
  g1267__2005/CIN                                                +0    3462   
  g1267__2005/COUT                ADDF_E          1 19.8  109  +152    3615 R 
  g1266__1122/CIN                                                +0    3615   
  g1266__1122/COUT                ADDF_E          1 19.8  109  +152    3767 R 
  g1265__2001/CIN                                                +0    3767   
  g1265__2001/COUT                ADDF_E          1 19.8  109  +152    3919 R 
  g1264__5927/CIN                                                +0    3919   
  g1264__5927/COUT                ADDF_E          1 19.8  109  +152    4071 R 
  g1263__6789/CIN                                                +0    4071   
  g1263__6789/COUT                ADDF_E          1 19.8  109  +152    4224 R 
  g1262__1591/CIN                                                +0    4224   
  g1262__1591/COUT                ADDF_E          1 19.8  109  +152    4376 R 
  g1261__9719/CIN                                                +0    4376   
  g1261__9719/COUT                ADDF_E          1 18.5  104  +150    4525 R 
  g1260__3377/B                                                  +0    4525   
  g1260__3377/Z                   XOR2_C          1  8.8  143   +88    4613 R 
csa_tree_add_42_24_groupi/out_0[30] 
Y[31]                        <<<  out port                       +0    4613 R 
(MultBlock.sdc_line_12)           ext delay                    +200    4813 R 
- - - - - - - - - - - - - - - - - - - - - - - - - - - - - - - - - - - - - - - 
(clock clk)                       capture                             20000 R 
------------------------------------------------------------------------------
Cost Group   : 'clk' (path_group 'clk')
Timing slack :   15187ps 
Start-point  : X[1]
End-point    : Y[31]
