============================================================
  Generated by:           Genus(TM) Synthesis Solution 16.24-s065_1
  Generated on:           Nov 21 2019  05:56:00 pm
  Module:                 DivideConquer_2b_C1
  Technology libraries:   PnomV180T025_STD_CELL_7RF 
                          physical_cells 
  Operating conditions:   _nominal_ 
  Interconnect mode:      global
  Area mode:              physical library
============================================================

               Pin                        Type      Fanout  Load Slew Delay Arrival   
                                                            (fF) (ps)  (ps)   (ps)    
--------------------------------------------------------------------------------------
(clock clk)                              launch                                   0 R 
(DivideConquer_2b_C1._line_11_19_1)      ext delay                     +100     100 R 
X[0]                                     in port        10 122.2    0    +0     100 R 
const_mul_73_14/A[0] 
  g1724__9719/B                                                          +0     100   
  g1724__9719/Z                          NOR2_E          2  29.7   82   +76     176 F 
  g1695__1591/A                                                          +0     176   
  g1695__1591/COUT                       ADDF_E          1  19.5  133  +236     412 F 
  g1692__9867/CIN                                                        +0     412   
  g1692__9867/COUT                       ADDF_E          1  19.5  137  +151     563 F 
  g1691__7765/CIN                                                        +0     563   
  g1691__7765/COUT                       ADDF_E          1  19.5  136  +152     714 F 
  g1690__7547/CIN                                                        +0     714   
  g1690__7547/COUT                       ADDF_E          1  19.5  137  +151     866 F 
  g1689__2833/CIN                                                        +0     866   
  g1689__2833/COUT                       ADDF_E          1  19.5  136  +151    1017 F 
  g1688__2006/CIN                                                        +0    1017   
  g1688__2006/COUT                       ADDF_E          1  19.5  139  +151    1168 F 
  g1687__1297/CIN                                                        +0    1168   
  g1687__1297/COUT                       ADDF_E          1  19.5  139  +152    1320 F 
  g1686__1237/CIN                                                        +0    1320   
  g1686__1237/COUT                       ADDF_E          1  19.5  139  +152    1472 F 
  g1685__2007/CIN                                                        +0    1472   
  g1685__2007/SUM                        ADDF_E          1  16.9  101  +168    1640 R 
const_mul_73_14/Z[11] 
g1914/B                                                                  +0    1640   
g1914/COUT                               ADDF_E          1  19.8  108  +254    1894 R 
g1913/CIN                                                                +0    1894   
g1913/COUT                               ADDF_E          1  19.8  109  +152    2046 R 
g1912/CIN                                                                +0    2046   
g1912/COUT                               ADDF_E          1  19.8  109  +152    2198 R 
g1911/CIN                                                                +0    2198   
g1911/COUT                               ADDF_E          1  19.8  109  +152    2350 R 
g1909/CIN                                                                +0    2350   
g1909/COUT                               ADDF_E          1  19.8  109  +152    2503 R 
g1907/CIN                                                                +0    2503   
g1907/COUT                               ADDF_E          1  19.8  109  +152    2655 R 
g1905/CIN                                                                +0    2655   
g1905/COUT                               ADDF_E          1  19.8  109  +152    2807 R 
g1903/CIN                                                                +0    2807   
g1903/COUT                               ADDF_E          1  19.8  109  +152    2959 R 
g1901/CIN                                                                +0    2959   
g1901/COUT                               ADDF_E          1  19.8  109  +152    3112 R 
g1899/CIN                                                                +0    3112   
g1899/SUM                                ADDF_E          1  10.8   75  +146    3258 F 
g3/A                                                                     +0    3258   
g3/Z                                     INVERT_A        2  28.4  592  +313    3571 R 
g1799__7654/B                                                            +0    3571   
g1799__7654/Z                            XOR2_C          2  25.7  246   +97    3668 F 
g1792__2005/A2                                                           +0    3668   
g1792__2005/Z                            OAI22_B         1  19.8  288  +170    3838 R 
g1894/CIN                                                                +0    3838   
g1894/COUT                               ADDF_E          1  19.8  111  +166    4005 R 
g1892/CIN                                                                +0    4005   
g1892/COUT                               ADDF_E          1  19.8  109  +152    4157 R 
g1890/CIN                                                                +0    4157   
g1890/COUT                               ADDF_E          1  19.8  109  +152    4310 R 
g1888/CIN                                                                +0    4310   
g1888/COUT                               ADDF_E          1  19.8  109  +152    4462 R 
g1886/CIN                                                                +0    4462   
g1886/COUT                               ADDF_E          1  19.8  109  +152    4614 R 
g1884/CIN                                                                +0    4614   
g1884/COUT                               ADDF_E          1  19.8  109  +152    4766 R 
g1882/CIN                                                                +0    4766   
g1882/COUT                               ADDF_E          1  19.8  109  +152    4918 R 
g1881/CIN                                                                +0    4918   
g1881/COUT                               ADDF_E          1  19.8  109  +152    5070 R 
g1880/CIN                                                                +0    5070   
g1880/COUT                               ADDF_E          1  19.8  109  +152    5223 R 
g2/CIN                                                                   +0    5223   
g2/COUT                                  ADDF_E          2  32.5  156  +176    5399 R 
g1746__3717/A1                                                           +0    5399   
g1746__3717/Z                            AO22_H          2  32.5   87  +123    5522 R 
g1744__8867/A1                                                           +0    5522   
g1744__8867/Z                            AO22_H          2  32.5   87  +116    5638 R 
g1742__7557/A1                                                           +0    5638   
g1742__7557/Z                            AO22_H          2  32.5   87  +116    5754 R 
g1740__6179/A1                                                           +0    5754   
g1740__6179/Z                            AO22_H          2  32.5   87  +116    5870 R 
g1738__3457/A1                                                           +0    5870   
g1738__3457/Z                            AO22_H          2  32.5   87  +116    5987 R 
g1736__2005/A1                                                           +0    5987   
g1736__2005/Z                            AO22_H          2  32.5   87  +116    6103 R 
g1734__2001/A1                                                           +0    6103   
g1734__2001/Z                            AO22_H          2  31.3   85  +115    6218 R 
g1732__6789/A1                                                           +0    6218   
g1732__6789/Z                            AOI22_C         1  18.2  164   +76    6294 F 
g1731__1591/B                                                            +0    6294   
g1731__1591/Z                            XOR2_C          1   8.8  142  +118    6412 R 
S[39]                               <<<  out port                        +0    6412 R 
(DivideConquer_2b_C1._line_12)           ext delay                     +200    6612 R 
- - - - - - - - - - - - - - - - - - - - - - - - - - - - - - - - - - - - - - - - - - - 
(clock clk)                              capture                              20000 R 
--------------------------------------------------------------------------------------
Cost Group   : 'clk' (path_group 'clk')
Timing slack :   13388ps 
Start-point  : X[0]
End-point    : S[39]
