============================================================
  Generated by:           Genus(TM) Synthesis Solution 16.24-s065_1
  Generated on:           Nov 21 2019  07:32:49 pm
  Module:                 MultBlock
  Technology libraries:   PnomV180T025_STD_CELL_7RF 
                          physical_cells 
  Operating conditions:   _nominal_ 
  Interconnect mode:      global
  Area mode:              physical library
============================================================

            Pin                     Type       Fanout Load Slew Delay Arrival   
                                                      (fF) (ps)  (ps)   (ps)    
--------------------------------------------------------------------------------
(clock clk)                       launch                                    0 R 
(MultBlock.sdc_line_11_27_1)      ext delay                      +100     100 R 
X[4]                              in port           5 80.3    0    +0     100 R 
g3594__7837/B                                                      +0     100   
g3594__7837/Z                     XNOR2_C           4 55.1  388  +235     335 R 
csa_tree_sub_38_20_groupi/in_1[4] 
  g1370__6179/B                                                    +0     335   
  g1370__6179/Z                   XOR2_C            1 19.8  198  +138     472 R 
  g2223__7557/CIN                                                  +0     472   
  g2223__7557/COUT                ADDF_E            1 19.8  110  +159     632 R 
  g2222__7837/CIN                                                  +0     632   
  g2222__7837/COUT                ADDF_E            1 19.8  109  +152     784 R 
  g2221__6179/CIN                                                  +0     784   
  g2221__6179/COUT                ADDF_E            1 19.8  109  +152     936 R 
  g2220__1279/CIN                                                  +0     936   
  g2220__1279/COUT                ADDF_E            1 19.8  109  +152    1088 R 
  g2219__3457/CIN                                                  +0    1088   
  g2219__3457/COUT                ADDF_E            1 19.8  109  +152    1240 R 
  g2218__9771/CIN                                                  +0    1240   
  g2218__9771/COUT                ADDF_E            1 19.8  109  +152    1393 R 
  g2217__2005/CIN                                                  +0    1393   
  g2217__2005/COUT                ADDF_E            1 19.8  109  +152    1545 R 
  g2216__1122/CIN                                                  +0    1545   
  g2216__1122/COUT                ADDF_E            1 19.8  109  +152    1697 R 
  g2215__2001/CIN                                                  +0    1697   
  g2215__2001/COUT                ADDF_E            1 19.8  109  +152    1849 R 
  g2214__5927/CIN                                                  +0    1849   
  g2214__5927/COUT                ADDF_E            1 19.8  109  +152    2002 R 
  g2213__6789/CIN                                                  +0    2002   
  g2213__6789/COUT                ADDF_E            1 19.8  109  +152    2154 R 
  g2212__1591/CIN                                                  +0    2154   
  g2212__1591/COUT                ADDF_E            1 19.8  109  +152    2306 R 
  g2211__9719/CIN                                                  +0    2306   
  g2211__9719/COUT                ADDF_E            1 19.8  109  +152    2458 R 
  g2210__3377/CIN                                                  +0    2458   
  g2210__3377/COUT                ADDF_E            1 19.8  109  +152    2610 R 
  g2209__9867/CIN                                                  +0    2610   
  g2209__9867/COUT                ADDF_E            1 19.8  109  +152    2762 R 
  g2208__7765/CIN                                                  +0    2762   
  g2208__7765/COUT                ADDF_E            1 19.8  109  +152    2915 R 
  g2207__7547/CIN                                                  +0    2915   
  g2207__7547/SUM                 ADDF_E            2 40.7  134  +195    3109 F 
csa_tree_sub_38_20_groupi/out_0[20] 
csa_tree_sub_45_28_groupi/in_1[19] 
  g1328/A                                                          +0    3109   
  g1328/Z                         INVERTBAL_H       1 19.8   72   +53    3162 R 
  g1267__3377/CIN                                                  +0    3162   
  g1267__3377/SUM                 ADDF_E            1 20.9   98  +157    3319 F 
  g2325__7837/A                                                    +0    3319   
  g2325__7837/COUT                ADDF_E            1 19.5  139  +239    3558 F 
  g2324__6179/CIN                                                  +0    3558   
  g2324__6179/COUT                ADDF_E            1 19.5  139  +152    3710 F 
  g2323__1279/CIN                                                  +0    3710   
  g2323__1279/COUT                ADDF_E            1 19.5  139  +152    3861 F 
  g2322__3457/CIN                                                  +0    3861   
  g2322__3457/COUT                ADDF_E            1 19.5  139  +152    4013 F 
  g2321__9771/CIN                                                  +0    4013   
  g2321__9771/COUT                ADDF_E            1 19.5  139  +152    4165 F 
  g2320__2005/CIN                                                  +0    4165   
  g2320__2005/COUT                ADDF_E            1 19.5  139  +152    4316 F 
  g2319__1122/CIN                                                  +0    4316   
  g2319__1122/COUT                ADDF_E            1 19.5  139  +152    4468 F 
  g2318__2001/CIN                                                  +0    4468   
  g2318__2001/COUT                ADDF_E            1 19.5  139  +152    4620 F 
  g2317__5927/CIN                                                  +0    4620   
  g2317__5927/COUT                ADDF_E            1 19.5  139  +152    4772 F 
  g2316__6789/CIN                                                  +0    4772   
  g2316__6789/COUT                ADDF_E            1 19.5  139  +152    4923 F 
  g2315__1591/CIN                                                  +0    4923   
  g2315__1591/COUT                ADDF_E            1 19.5  139  +152    5075 F 
  g2314__9719/CIN                                                  +0    5075   
  g2314__9719/COUT                ADDF_E            1 18.2  138  +149    5224 F 
  g2313__3377/B                                                    +0    5224   
  g2313__3377/Z                   XOR2_C            1  8.8  143  +113    5338 R 
csa_tree_sub_45_28_groupi/out_0[31] 
Y[31]                        <<<  out port                         +0    5338 R 
(MultBlock.sdc_line_12)           ext delay                      +200    5538 R 
- - - - - - - - - - - - - - - - - - - - - - - - - - - - - - - - - - - - - - - - 
(clock clk)                       capture                               20000 R 
--------------------------------------------------------------------------------
Cost Group   : 'clk' (path_group 'clk')
Timing slack :   14462ps 
Start-point  : X[4]
End-point    : Y[31]
