============================================================
  Generated by:           Genus(TM) Synthesis Solution 16.24-s065_1
  Generated on:           Nov 27 2019  07:33:26 pm
  Module:                 booth
  Technology libraries:   PnomV180T025_STD_CELL_7RF 
                          physical_cells 
  Operating conditions:   _nominal_ 
  Interconnect mode:      global
  Area mode:              physical library
============================================================

           Pin                    Type      Fanout  Load Slew Delay Arrival   
                                                    (fF) (ps)  (ps)   (ps)    
------------------------------------------------------------------------------
(clock clk)                      launch                                   0 R 
(booth.sdc_line_11_19_1)         ext delay                     +100     100 F 
InputVector[0]                   in port        15 191.8    0    +0     100 F 
g617__7557/B                                                     +0     100   
g617__7557/Z                     NOR2_E          2  37.5  153   +99     199 R 
g616/A                                                           +0     199   
g616/Z                           INVERT_F        1  19.5   58   +33     232 F 
g614__6179/A                                                     +0     232   
g614__6179/Z                     NOR2_E          2  37.7  166  +102     334 R 
g612__3457/A                                                     +0     334   
g612__3457/Z                     NAND2_F         2  33.2   98   +64     399 F 
g609__2005/A                                                     +0     399   
g609__2005/Z                     NOR2_E          2  31.0  155   +99     497 R 
g605__2001/B                                                     +0     497   
g605__2001/Z                     XNOR2_C         9 133.3  858  +466     963 R 
MULT_g7134__3779/B                                               +0     963   
MULT_g7134__3779/Z               XNOR2_C         2  35.2  281  +253    1216 F 
MULT_g7025__6789/B                                               +0    1216   
MULT_g7025__6789/Z               XOR2_C          2  32.6  306  +214    1430 R 
MULT_g6979__8867/B                                               +0    1430   
MULT_g6979__8867/Z               XNOR2_C         1  18.2  152  +140    1570 F 
MULT_g6972__9771/B                                               +0    1570   
MULT_g6972__9771/Z               XOR2_C          1  21.1  202  +152    1722 R 
MULT_CPA_1_g1479__8867/A                                         +0    1722   
MULT_CPA_1_g1479__8867/COUT      ADDF_E          1  19.8  109  +230    1952 R 
MULT_CPA_1_g1478__7654/CIN                                       +0    1952   
MULT_CPA_1_g1478__7654/COUT      ADDF_E          1  19.8  109  +152    2104 R 
MULT_CPA_1_g1477__7557/CIN                                       +0    2104   
MULT_CPA_1_g1477__7557/COUT      ADDF_E          1  19.8  109  +152    2256 R 
MULT_CPA_1_g1476__7837/CIN                                       +0    2256   
MULT_CPA_1_g1476__7837/COUT      ADDF_E          1  19.8  109  +152    2408 R 
MULT_CPA_1_g1475__6179/CIN                                       +0    2408   
MULT_CPA_1_g1475__6179/COUT      ADDF_E          1  19.8  109  +152    2560 R 
MULT_CPA_1_g1474__1279/CIN                                       +0    2560   
MULT_CPA_1_g1474__1279/COUT      ADDF_E          1  19.8  109  +152    2713 R 
MULT_CPA_1_g1473__3457/CIN                                       +0    2713   
MULT_CPA_1_g1473__3457/COUT      ADDF_E          1  19.8  109  +152    2865 R 
MULT_CPA_1_g1472__9771/CIN                                       +0    2865   
MULT_CPA_1_g1472__9771/COUT      ADDF_E          1  19.8  109  +152    3017 R 
MULT_CPA_1_g1471__2005/CIN                                       +0    3017   
MULT_CPA_1_g1471__2005/COUT      ADDF_E          1  19.8  109  +152    3169 R 
MULT_CPA_1_g1470__1122/CIN                                       +0    3169   
MULT_CPA_1_g1470__1122/COUT      ADDF_E          1  19.8  109  +152    3322 R 
MULT_CPA_1_g1469__2001/CIN                                       +0    3322   
MULT_CPA_1_g1469__2001/COUT      ADDF_E          1  19.8  109  +152    3474 R 
MULT_CPA_1_g1468__5927/CIN                                       +0    3474   
MULT_CPA_1_g1468__5927/COUT      ADDF_E          1  19.8  109  +152    3626 R 
MULT_CPA_1_g1467__6789/CIN                                       +0    3626   
MULT_CPA_1_g1467__6789/COUT      ADDF_E          1  19.8  109  +152    3778 R 
MULT_CPA_1_g1466__1591/CIN                                       +0    3778   
MULT_CPA_1_g1466__1591/COUT      ADDF_E          1  19.8  109  +152    3930 R 
MULT_CPA_1_g1465__9719/CIN                                       +0    3930   
MULT_CPA_1_g1465__9719/COUT      ADDF_E          1  19.8  109  +152    4082 R 
MULT_CPA_1_g1464__3377/CIN                                       +0    4082   
MULT_CPA_1_g1464__3377/COUT      ADDF_E          1  19.8  109  +152    4235 R 
MULT_CPA_1_g1463__9867/CIN                                       +0    4235   
MULT_CPA_1_g1463__9867/COUT      ADDF_E          1  19.8  109  +152    4387 R 
MULT_CPA_1_g1462__7765/CIN                                       +0    4387   
MULT_CPA_1_g1462__7765/COUT      ADDF_E          1  19.8  109  +152    4539 R 
MULT_CPA_1_g1461__7547/CIN                                       +0    4539   
MULT_CPA_1_g1461__7547/COUT      ADDF_E          1  19.8  109  +152    4691 R 
MULT_CPA_1_g1460__2833/CIN                                       +0    4691   
MULT_CPA_1_g1460__2833/COUT      ADDF_E          1  19.8  109  +152    4844 R 
MULT_CPA_1_g1459__2006/CIN                                       +0    4844   
MULT_CPA_1_g1459__2006/COUT      ADDF_E          1  19.8  109  +152    4996 R 
MULT_CPA_1_g1458__1297/CIN                                       +0    4996   
MULT_CPA_1_g1458__1297/COUT      ADDF_E          1  19.8  109  +152    5148 R 
MULT_CPA_1_g1457__1237/CIN                                       +0    5148   
MULT_CPA_1_g1457__1237/COUT      ADDF_E          1  19.8  109  +152    5300 R 
MULT_CPA_1_g1456__2007/CIN                                       +0    5300   
MULT_CPA_1_g1456__2007/COUT      ADDF_E          1  19.8  109  +152    5452 R 
MULT_CPA_1_g1455__3779/CIN                                       +0    5452   
MULT_CPA_1_g1455__3779/COUT      ADDF_E          1  19.8  109  +152    5604 R 
MULT_CPA_1_g1454__4599/CIN                                       +0    5604   
MULT_CPA_1_g1454__4599/COUT      ADDF_E          1  19.8  109  +152    5757 R 
MULT_CPA_1_g1453__3717/CIN                                       +0    5757   
MULT_CPA_1_g1453__3717/COUT      ADDF_E          1  19.8  109  +152    5909 R 
MULT_CPA_1_g1452__1377/CIN                                       +0    5909   
MULT_CPA_1_g1452__1377/COUT      ADDF_E          1  19.8  109  +152    6061 R 
MULT_CPA_1_g1451__8867/CIN                                       +0    6061   
MULT_CPA_1_g1451__8867/COUT      ADDF_E          1  19.8  109  +152    6213 R 
MULT_CPA_1_g1450__7654/CIN                                       +0    6213   
MULT_CPA_1_g1450__7654/COUT      ADDF_E          1  19.8  109  +152    6366 R 
MULT_CPA_1_g1449__7557/CIN                                       +0    6366   
MULT_CPA_1_g1449__7557/COUT      ADDF_E          1  19.8  109  +152    6518 R 
MULT_CPA_1_g1448__7837/CIN                                       +0    6518   
MULT_CPA_1_g1448__7837/COUT      ADDF_E          1  20.6  112  +154    6672 R 
MULT_CPA_1_g2__2007/B                                            +0    6672   
MULT_CPA_1_g2__2007/Z            XNOR2_C         1   8.8  146  +112    6784 R 
OutputVector[37]            <<<  out port                        +0    6784 R 
(booth.sdc_line_12_22_1)         ext delay                     +200    6984 R 
- - - - - - - - - - - - - - - - - - - - - - - - - - - - - - - - - - - - - - - 
(clock clk)                      capture                              20000 R 
------------------------------------------------------------------------------
Cost Group   : 'clk' (path_group 'clk')
Timing slack :   13016ps 
Start-point  : InputVector[0]
End-point    : OutputVector[37]
