============================================================
  Generated by:           Genus(TM) Synthesis Solution 16.24-s065_1
  Generated on:           Nov 21 2019  06:47:13 pm
  Module:                 DivideConquer_2b_C1
  Technology libraries:   PnomV180T025_STD_CELL_7RF 
                          physical_cells 
  Operating conditions:   _nominal_ 
  Interconnect mode:      global
  Area mode:              physical library
============================================================

               Pin                        Type      Fanout  Load Slew Delay Arrival   
                                                            (fF) (ps)  (ps)   (ps)    
--------------------------------------------------------------------------------------
(clock clk)                              launch                                   0 R 
(DivideConquer_2b_C1._line_11_19_1)      ext delay                     +100     100 R 
X[0]                                     in port         8 114.7    0    +0     100 R 
g9029__3457/B                                                            +0     100   
g9029__3457/Z                            NOR2_E          4  69.1  163  +117     217 F 
g9003__7765/A                                                            +0     217   
g9003__7765/Z                            NAND2_F         3  51.1  170  +124     340 R 
g8972__7837/B                                                            +0     340   
g8972__7837/Z                            OAI21_C         2  35.1  174  +114     454 F 
g8886__1237/B                                                            +0     454   
g8886__1237/Z                            NAND2_F         2  37.4  153  +118     572 R 
g8838__1279/A                                                            +0     572   
g8838__1279/Z                            NOR2_E          2  26.0  139   +82     654 F 
g8810__5927/B                                                            +0     654   
g8810__5927/Z                            OR2_I           2  28.9   67  +133     787 F 
g8760__2005/A                                                            +0     787   
g8760__2005/Z                            XOR2_C          1  20.9  133  +128     915 F 
g9095/A                                                                  +0     915   
g9095/SUM                                ADDF_E          1  10.8   76  +207    1122 F 
g9096/A                                                                  +0    1122   
g9096/Z                                  INVERT_A        2  26.5  554  +296    1418 R 
g8660__1591/A                                                            +0    1418   
g8660__1591/Z                            XNOR2_C         2  27.3  266  +176    1594 F 
g8630__2005/A1                                                           +0    1594   
g8630__2005/Z                            OAI22_B         1  19.8  327  +186    1780 R 
g9094/CIN                                                                +0    1780   
g9094/COUT                               ADDF_E          2  29.5  147  +188    1968 R 
g8584__3779/A1                                                           +0    1968   
g8584__3779/Z                            AOI22_C         2  27.3  184  +100    2067 F 
g8571__9771/A1                                                           +0    2067   
g8571__9771/Z                            OAI22_B         2  29.5  363  +208    2275 R 
g8565__7547/A1                                                           +0    2275   
g8565__7547/Z                            AOI22_C         2  25.5  186  +120    2395 F 
g8553__8867/A1                                                           +0    2395   
g8553__8867/Z                            OAI22_B         2  29.5  411  +209    2603 R 
g8542__6789/A1                                                           +0    2603   
g8542__6789/Z                            AOI22_C         2  29.5  228  +134    2737 F 
g8530__2007/A1                                                           +0    2737   
g8530__2007/Z                            OAI22_B         2  29.5  381  +220    2957 R 
g8520__9771/A1                                                           +0    2957   
g8520__9771/Z                            AOI22_C         2  25.6  191  +121    3078 F 
g8513__9867/A1                                                           +0    3078   
g8513__9867/Z                            OAI22_B         2  29.5  356  +210    3288 R 
g8506__2007/A                                                            +0    3288   
g8506__2007/Z                            XOR2_C          2  26.5  260  +174    3462 R 
g8498__7837/A                                                            +0    3462   
g8498__7837/Z                            XNOR2_C         2  25.7  199  +141    3604 F 
g8482__9719/A2                                                           +0    3604   
g8482__9719/Z                            OAI22_B         2  29.2  370  +206    3809 R 
g8473__1297/A2                                                           +0    3809   
g8473__1297/Z                            AOI22_C         2  27.3  192  +109    3919 F 
g8464__9771/A1                                                           +0    3919   
g8464__9771/Z                            OAI22_B         2  33.4  401  +227    4146 R 
g8459__9719/A1                                                           +0    4146   
g8459__9719/Z                            AOI22_C         2  27.3  200  +127    4273 F 
g8454__2833/A1                                                           +0    4273   
g8454__2833/Z                            OAI22_B         2  33.4  409  +230    4502 R 
g8450__2007/A1                                                           +0    4502   
g8450__2007/Z                            AOI22_C         2  27.3  202  +128    4630 F 
g8446__1377/A1                                                           +0    4630   
g8446__1377/Z                            OAI22_B         2  29.5  376  +213    4843 R 
g8442__7837/A                                                            +0    4843   
g8442__7837/Z                            XOR2_C          2  29.2  274  +183    5026 R 
g8438__9771/A                                                            +0    5026   
g8438__9771/Z                            XOR2_C          2  29.5  262  +178    5204 R 
g8432__1591/A1                                                           +0    5204   
g8432__1591/Z                            AOI22_C         2  27.6  196  +115    5319 F 
g8427__9719/B1                                                           +0    5319   
g8427__9719/Z                            OAI22_B         2  31.1  386  +234    5553 R 
g8422__1237/B2                                                           +0    5553   
g8422__1237/Z                            AOI22_C         2  27.3  210  +136    5689 F 
g8417__1377/A1                                                           +0    5689   
g8417__1377/Z                            OAI22_B         2  29.3  372  +214    5904 R 
g8412__1279/B2                                                           +0    5904   
g8412__1279/Z                            AOI22_C         2  27.3  201  +135    6039 F 
g8408__1122/A1                                                           +0    6039   
g8408__1122/Z                            OAI22_B         2  31.1  381  +220    6258 R 
g8406__5927/A2                                                           +0    6258   
g8406__5927/Z                            AOI22_C         2  27.3  192  +110    6368 F 
g8404__1591/A1                                                           +0    6368   
g8404__1591/Z                            OAI22_B         2  29.9  374  +212    6580 R 
g8402__9719/A1                                                           +0    6580   
g8402__9719/Z                            AO22_F          2  32.5  111  +144    6724 R 
g8400__9867/A1                                                           +0    6724   
g8400__9867/Z                            AO22_H          2  32.5   91  +119    6843 R 
g8398__7547/A1                                                           +0    6843   
g8398__7547/Z                            AO22_H          2  31.9   98  +116    6959 R 
g8396__2006/B1                                                           +0    6959   
g8396__2006/Z                            AO22_H          2  32.5   89  +143    7102 R 
g8394__1237/A1                                                           +0    7102   
g8394__1237/Z                            AO22_H          2  32.5   90  +116    7218 R 
g8392__4599/A1                                                           +0    7218   
g8392__4599/Z                            AO22_H          2  32.5   89  +116    7334 R 
g8390__1377/A1                                                           +0    7334   
g8390__1377/Z                            AO22_H          2  31.3   87  +115    7450 R 
g8388__7654/A1                                                           +0    7450   
g8388__7654/Z                            AOI22_C         1  20.4  172   +80    7530 F 
g8387__7557/B                                                            +0    7530   
g8387__7557/Z                            XNOR2_C         1  16.5  142  +116    7645 F 
g8386__7837/A                                                            +0    7645   
g8386__7837/Z                            XOR2_C          1   8.8  115  +111    7757 F 
S[39]                               <<<  out port                        +0    7757 F 
(DivideConquer_2b_C1._line_12)           ext delay                     +200    7957 F 
- - - - - - - - - - - - - - - - - - - - - - - - - - - - - - - - - - - - - - - - - - - 
(clock clk)                              capture                              20000 R 
--------------------------------------------------------------------------------------
Cost Group   : 'clk' (path_group 'clk')
Timing slack :   12043ps 
Start-point  : X[0]
End-point    : S[39]
