============================================================
  Generated by:           Genus(TM) Synthesis Solution 16.24-s065_1
  Generated on:           Nov 21 2019  05:23:57 pm
  Module:                 DivideConquer_2b_C1
  Technology libraries:   PnomV180T025_STD_CELL_7RF 
                          physical_cells 
  Operating conditions:   _nominal_ 
  Interconnect mode:      global
  Area mode:              physical library
============================================================

               Pin                         Type       Fanout  Load Slew Delay Arrival   
                                                              (fF) (ps)  (ps)   (ps)    
----------------------------------------------------------------------------------------
(clock clk)                              launch                                     0 R 
(DivideConquer_2b_C1._line_11_19_1)      ext delay                       +100     100 F 
X[0]                                     in port           9 114.1    0    +0     100 F 
const_mul_73_14/A[0] 
  g969__2005/B                                                             +0     100   
  g969__2005/Z                           NAND2_F           2  35.4  106   +76     176 R 
  g968/A                                                                   +0     176   
  g968/Z                                 INVERT_H          1  20.9   52   +36     212 F 
  g955__1297/A                                                             +0     212   
  g955__1297/COUT                        ADDF_E            1  20.9  135  +232     444 F 
  g954__1237/A                                                             +0     444   
  g954__1237/COUT                        ADDF_E            1  19.5  135  +247     691 F 
  g953__2007/CIN                                                           +0     691   
  g953__2007/COUT                        ADDF_E            1  19.5  139  +151     842 F 
  g952__3779/CIN                                                           +0     842   
  g952__3779/COUT                        ADDF_E            1  19.5  139  +152     994 F 
  g951__4599/CIN                                                           +0     994   
  g951__4599/COUT                        ADDF_E            1  19.5  139  +152    1146 F 
  g950__3717/CIN                                                           +0    1146   
  g950__3717/COUT                        ADDF_E            1  19.5  139  +152    1298 F 
  g949__1377/CIN                                                           +0    1298   
  g949__1377/COUT                        ADDF_E            1  19.5  139  +152    1449 F 
  g948__8867/CIN                                                           +0    1449   
  g948__8867/COUT                        ADDF_E            1  19.5  139  +152    1601 F 
  g947__7654/CIN                                                           +0    1601   
  g947__7654/SUM                         ADDF_E            2  30.8  117  +162    1763 F 
const_mul_73_14/Z[13] 
g2334__2006/B                                                              +0    1763   
g2334__2006/Z                            XOR2_C            2  31.3  241  +173    1936 R 
g2314__2005/A1                                                             +0    1936   
g2314__2005/Z                            AOI22_C           2  40.2  204  +139    2075 F 
g2313/A                                                                    +0    2075   
g2313/Z                                  INVERTBAL_H       1  18.5   83   +59    2134 R 
g2309__5927/A1                                                             +0    2134   
g2309__5927/Z                            AO22_H            2  31.3   87  +114    2248 R 
g2304__3377/A1                                                             +0    2248   
g2304__3377/Z                            AOI22_C           2  35.4  183  +106    2354 F 
g2301__7547/A                                                              +0    2354   
g2301__7547/Z                            NOR2_E            2  31.3  174  +113    2468 R 
g2296__2007/A1                                                             +0    2468   
g2296__2007/Z                            AOI22_C           2  40.2  204  +128    2596 F 
g2293/A                                                                    +0    2596   
g2293/Z                                  INVERTBAL_H       1  18.5   83   +59    2654 R 
g2288__7557/A1                                                             +0    2654   
g2288__7557/Z                            AO22_H            2  31.3   85  +114    2769 R 
g2281__2005/A1                                                             +0    2769   
g2281__2005/Z                            AOI22_C           2  33.2  183  +102    2871 F 
g2276__5927/A                                                              +0    2871   
g2276__5927/Z                            NOR2_E            2  35.6  187  +121    2992 R 
g2274__1591/A                                                              +0    2992   
g2274__1591/Z                            NAND2_F           2  33.2  103   +66    3057 F 
g2267__2833/A                                                              +0    3057   
g2267__2833/Z                            NOR2_E            2  35.6  180  +107    3164 R 
g2259__1377/A                                                              +0    3164   
g2259__1377/Z                            NAND2_F           2  33.2  109   +65    3230 F 
g2237__2006/A                                                              +0    3230   
g2237__2006/Z                            NOR2_E            2  35.6  186  +108    3338 R 
g2227__7654/A                                                              +0    3338   
g2227__7654/Z                            NAND2_F           2  33.2  110   +65    3403 F 
g2222__3457/A                                                              +0    3403   
g2222__3457/Z                            NOR2_E            2  31.3  167  +101    3504 R 
g2214__9719/A1                                                             +0    3504   
g2214__9719/Z                            AOI22_C           2  27.3  191  +102    3606 F 
g2212__9867/A1                                                             +0    3606   
g2212__9867/Z                            OAI22_B           2  31.3  385  +218    3824 R 
g2210__7547/A1                                                             +0    3824   
g2210__7547/Z                            AOI22_C           2  33.2  216  +140    3964 F 
g2209__2833/A                                                              +0    3964   
g2209__2833/Z                            NOR2_E            2  32.5  185  +121    4086 R 
g2206__1237/A1                                                             +0    4086   
g2206__1237/Z                            AO22_H            2  32.5   87  +126    4212 R 
g2204__3779/A1                                                             +0    4212   
g2204__3779/Z                            AO22_H            2  32.5   87  +116    4328 R 
g2202__3717/A1                                                             +0    4328   
g2202__3717/Z                            AO22_H            2  32.5   87  +116    4444 R 
g2200__8867/A1                                                             +0    4444   
g2200__8867/Z                            AO22_H            2  32.5   87  +116    4560 R 
g2198__7557/A1                                                             +0    4560   
g2198__7557/Z                            AO22_H            2  32.5   89  +116    4676 R 
g2196__6179/A1                                                             +0    4676   
g2196__6179/Z                            AO22_H            2  32.5   89  +116    4792 R 
g2194__3457/A1                                                             +0    4792   
g2194__3457/Z                            AO22_H            2  31.3   87  +115    4908 R 
g2192__2005/A1                                                             +0    4908   
g2192__2005/Z                            AOI22_C           1  18.2  159   +76    4984 F 
g2191__1122/B                                                              +0    4984   
g2191__1122/Z                            XOR2_C            1   8.8  136  +117    5101 R 
S[39]                               <<<  out port                          +0    5101 R 
(DivideConquer_2b_C1._line_12)           ext delay                       +200    5301 R 
- - - - - - - - - - - - - - - - - - - - - - - - - - - - - - - - - - - - - - - - - - - - 
(clock clk)                              capture                                20000 R 
----------------------------------------------------------------------------------------
Cost Group   : 'clk' (path_group 'clk')
Timing slack :   14699ps 
Start-point  : X[0]
End-point    : S[39]
