============================================================
  Generated by:           Genus(TM) Synthesis Solution 16.24-s065_1
  Generated on:           Nov 21 2019  06:30:03 pm
  Module:                 DivideConquer_2b_C1
  Technology libraries:   PnomV180T025_STD_CELL_7RF 
                          physical_cells 
  Operating conditions:   _nominal_ 
  Interconnect mode:      global
  Area mode:              physical library
============================================================

               Pin                         Type       Fanout  Load Slew Delay Arrival   
                                                              (fF) (ps)  (ps)   (ps)    
----------------------------------------------------------------------------------------
(clock clk)                              launch                                     0 R 
(DivideConquer_2b_C1._line_11_19_1)      ext delay                       +100     100 F 
X[0]                                     in port           9 122.2    0    +0     100 F 
g4179__3377/B                                                              +0     100   
g4179__3377/Z                            NAND2_F           4  56.9  146   +94     194 R 
g4135__6179/A2                                                             +0     194   
g4135__6179/Z                            OAI21_C           1  19.5  137   +97     291 F 
g4112__2006/A                                                              +0     291   
g4112__2006/Z                            NOR2_E            3  42.1  196  +124     415 R 
g4092__9719/A1                                                             +0     415   
g4092__9719/Z                            AO21_H            3  46.9  124  +153     568 R 
g4083__4599/B                                                              +0     568   
g4083__4599/Z                            OAI21_C           1  18.2  131   +76     644 F 
g4061__7547/B                                                              +0     644   
g4061__7547/Z                            XOR2_C            2  35.6  267  +188     832 R 
g4045__7654/A                                                              +0     832   
g4045__7654/Z                            NAND2_F           2  27.3  111   +62     894 F 
g4017__1377/A1                                                             +0     894   
g4017__1377/Z                            OAI22_B           2  29.5  357  +188    1082 R 
g4004__1122/A1                                                             +0    1082   
g4004__1122/Z                            AOI22_C           2  25.6  185  +119    1201 F 
g3984__4599/A1                                                             +0    1201   
g3984__4599/Z                            OAI22_B           2  33.8  399  +227    1428 R 
g3980__7654/A                                                              +0    1428   
g3980__7654/Z                            NAND2_F           2  33.2  146   +73    1502 F 
g3973__1591/A                                                              +0    1502   
g3973__1591/Z                            NOR2_E            2  29.2  160  +104    1605 R 
g3962__1237/A2                                                             +0    1605   
g3962__1237/Z                            AOI22_C           2  36.9  218  +112    1717 F 
g3960/A                                                                    +0    1717   
g3960/Z                                  INVERT_F          1  17.3  101   +84    1801 R 
g3953__7837/A1                                                             +0    1801   
g3953__7837/Z                            AOI22_C           2  31.4  182  +101    1902 F 
g3944__6789/A                                                              +0    1902   
g3944__6789/Z                            XNOR2_C           2  30.8  208  +162    2064 F 
g3936__2833/B                                                              +0    2064   
g3936__2833/Z                            XOR2_C            2  29.4  242  +188    2252 R 
g3915__6179/A1                                                             +0    2252   
g3915__6179/Z                            AOI22_C           2  40.2  228  +140    2391 F 
g3912/A                                                                    +0    2391   
g3912/Z                                  INVERTBAL_H       1  17.3   85   +60    2451 R 
g3903__1591/A1                                                             +0    2451   
g3903__1591/Z                            AOI22_C           2  25.5  182   +88    2540 F 
g3894__2007/A1                                                             +0    2540   
g3894__2007/Z                            OAI22_B           2  31.0  379  +214    2754 R 
g3889__7837/B1                                                             +0    2754   
g3889__7837/Z                            AOI22_C           2  29.5  227  +159    2912 F 
g3884__1122/A1                                                             +0    2912   
g3884__1122/Z                            OAI22_B           2  31.3  375  +228    3140 R 
g3880__1591/A1                                                             +0    3140   
g3880__1591/Z                            AOI22_C           2  29.5  202  +130    3270 F 
g3875__7547/A1                                                             +0    3270   
g3875__7547/Z                            OAI22_B           2  31.3  390  +221    3491 R 
g3871__1237/A1                                                             +0    3491   
g3871__1237/Z                            AOI22_C           2  29.5  205  +132    3623 F 
g3866__1377/A1                                                             +0    3623   
g3866__1377/Z                            OAI22_B           2  31.0  376  +220    3843 R 
g3860__6179/B1                                                             +0    3843   
g3860__6179/Z                            AOI22_C           2  29.5  226  +158    4002 F 
g3857__2005/A1                                                             +0    4002   
g3857__2005/Z                            OAI22_B           2  31.3  382  +228    4229 R 
g3853__6789/A1                                                             +0    4229   
g3853__6789/Z                            AOI22_C           2  29.5  204  +131    4360 F 
g3848__9719/A1                                                             +0    4360   
g3848__9719/Z                            OAI22_B           2  31.3  379  +221    4582 R 
g3846__2833/B                                                              +0    4582   
g3846__2833/Z                            XOR2_C            2  31.3  263  +161    4743 R 
g3841__4599/B                                                              +0    4743   
g3841__4599/Z                            XOR2_C            2  31.0  252  +149    4891 R 
g3832__1279/B1                                                             +0    4891   
g3832__1279/Z                            AOI22_C           2  25.9  196  +134    5026 F 
g3828__1122/B1                                                             +0    5026   
g3828__1122/Z                            OAI22_B           2  31.1  382  +234    5260 R 
g3826__5927/A2                                                             +0    5260   
g3826__5927/Z                            AOI22_C           2  25.9  188  +107    5366 F 
g3824__1591/B1                                                             +0    5366   
g3824__1591/Z                            OAI22_B           2  31.7  386  +234    5601 R 
g3822__9719/A1                                                             +0    5601   
g3822__9719/Z                            AO22_F            2  32.5  111  +145    5746 R 
g3820__9867/A1                                                             +0    5746   
g3820__9867/Z                            AO22_H            2  32.5   90  +119    5864 R 
g3818__2833/A1                                                             +0    5864   
g3818__2833/Z                            AO22_H            2  32.5   90  +116    5981 R 
g3816__1297/A1                                                             +0    5981   
g3816__1297/Z                            AO22_H            2  32.5   90  +116    6097 R 
g3814__2007/A1                                                             +0    6097   
g3814__2007/Z                            AO22_H            2  32.5   90  +116    6214 R 
g3812__4599/A1                                                             +0    6214   
g3812__4599/Z                            AO22_H            2  32.5   89  +116    6330 R 
g3810__1377/A1                                                             +0    6330   
g3810__1377/Z                            AO22_H            2  31.3   87  +115    6445 R 
g3808__7654/A1                                                             +0    6445   
g3808__7654/Z                            AOI22_C           1  20.4  167   +80    6525 F 
g3807__7557/B                                                              +0    6525   
g3807__7557/Z                            XNOR2_C           1  16.5  140  +115    6640 F 
g3806__7837/A                                                              +0    6640   
g3806__7837/Z                            XOR2_C            1   8.8  113  +111    6751 F 
S[39]                               <<<  out port                          +0    6751 F 
(DivideConquer_2b_C1._line_12)           ext delay                       +200    6951 F 
- - - - - - - - - - - - - - - - - - - - - - - - - - - - - - - - - - - - - - - - - - - - 
(clock clk)                              capture                                20000 R 
----------------------------------------------------------------------------------------
Cost Group   : 'clk' (path_group 'clk')
Timing slack :   13049ps 
Start-point  : X[0]
End-point    : S[39]
