============================================================
  Generated by:           Genus(TM) Synthesis Solution 16.24-s065_1
  Generated on:           Nov 21 2019  07:59:08 pm
  Module:                 DirectMultiplication
  Technology libraries:   PnomV180T025_STD_CELL_7RF 
                          physical_cells 
  Operating conditions:   _nominal_ 
  Interconnect mode:      global
  Area mode:              physical library
============================================================

               Pin                        Type      Fanout Load Slew Delay Arrival   
                                                           (fF) (ps)  (ps)   (ps)    
-------------------------------------------------------------------------------------
(clock clk)                              launch                                  0 R 
(DirectMultiplication_line_11_19_1)      ext delay                    +100     100 F 
X[0]                                     in port         6 75.0    0    +0     100 F 
const_mul_47_8/A[0] 
  g4343__7765/B                                                         +0     100   
  g4343__7765/Z                          NOR2_E          2 32.9  139   +92     192 R 
  g4325__9771/A                                                         +0     192   
  g4325__9771/Z                          AND2_I          1 19.8   56  +102     294 R 
  g4310__1237/CIN                                                       +0     294   
  g4310__1237/COUT                       ADDF_E          1 19.8  108  +148     442 R 
  g4292__2001/CIN                                                       +0     442   
  g4292__2001/COUT                       ADDF_E          1 19.8  109  +152     594 R 
  g4275__2007/CIN                                                       +0     594   
  g4275__2007/COUT                       ADDF_E          1 19.8  109  +152     746 R 
  g4273__4599/CIN                                                       +0     746   
  g4273__4599/COUT                       ADDF_E          1 19.8  109  +152     898 R 
  g4272__3717/CIN                                                       +0     898   
  g4272__3717/COUT                       ADDF_E          1 19.8  109  +152    1050 R 
  g4271__1377/CIN                                                       +0    1050   
  g4271__1377/COUT                       ADDF_E          1 19.8  109  +152    1202 R 
  g4270__8867/CIN                                                       +0    1202   
  g4270__8867/COUT                       ADDF_E          1 19.8  109  +152    1355 R 
  g4269__7654/CIN                                                       +0    1355   
  g4269__7654/COUT                       ADDF_E          1 19.8  109  +152    1507 R 
  g4268__7557/CIN                                                       +0    1507   
  g4268__7557/COUT                       ADDF_E          1 19.8  109  +152    1659 R 
  g4267__7837/CIN                                                       +0    1659   
  g4267__7837/COUT                       ADDF_E          1 19.8  109  +152    1811 R 
  g4266__6179/CIN                                                       +0    1811   
  g4266__6179/COUT                       ADDF_E          1 19.8  109  +152    1963 R 
  g4265__1279/CIN                                                       +0    1963   
  g4265__1279/COUT                       ADDF_E          1 19.8  109  +152    2116 R 
  g4264__3457/CIN                                                       +0    2116   
  g4264__3457/COUT                       ADDF_E          1 19.8  109  +152    2268 R 
  g4263__9771/CIN                                                       +0    2268   
  g4263__9771/COUT                       ADDF_E          2 30.2  147  +172    2440 R 
  g4261__1122/A1                                                        +0    2440   
  g4261__1122/Z                          AOI21_C         1 19.5  163  +104    2544 F 
  g4260__2001/CIN                                                       +0    2544   
  g4260__2001/COUT                       ADDF_E          1 19.5  137  +155    2699 F 
  g4258__5927/CIN                                                       +0    2699   
  g4258__5927/COUT                       ADDF_E          1 26.0  146  +163    2862 F 
  g4257/A                                                               +0    2862   
  g4257/Z                                INVERT_I        1 19.8   72   +55    2917 R 
  g4255__6789/CIN                                                       +0    2917   
  g4255__6789/COUT                       ADDF_E          1 19.8  108  +149    3066 R 
  g4254__1591/CIN                                                       +0    3066   
  g4254__1591/COUT                       ADDF_E          1 19.8  109  +152    3218 R 
  g4253__9719/CIN                                                       +0    3218   
  g4253__9719/COUT                       ADDF_E          1 19.8  109  +152    3370 R 
  g4252__3377/CIN                                                       +0    3370   
  g4252__3377/COUT                       ADDF_E          1 19.8  109  +152    3523 R 
  g4251__9867/CIN                                                       +0    3523   
  g4251__9867/COUT                       ADDF_E          1 19.8  109  +152    3675 R 
  g4250__7765/CIN                                                       +0    3675   
  g4250__7765/COUT                       ADDF_E          1 19.8  109  +152    3827 R 
  g4249__7547/CIN                                                       +0    3827   
  g4249__7547/COUT                       ADDF_E          1 19.8  109  +152    3979 R 
  g4248__2833/CIN                                                       +0    3979   
  g4248__2833/COUT                       ADDF_E          1 19.8  109  +152    4132 R 
  g4247__2006/CIN                                                       +0    4132   
  g4247__2006/COUT                       ADDF_E          1 19.8  109  +152    4284 R 
  g4246__1297/CIN                                                       +0    4284   
  g4246__1297/COUT                       ADDF_E          1 19.8  109  +152    4436 R 
  g4245__1237/CIN                                                       +0    4436   
  g4245__1237/COUT                       ADDF_E          1 19.8  109  +152    4588 R 
  g4244__2007/CIN                                                       +0    4588   
  g4244__2007/COUT                       ADDF_E          1 19.8  109  +152    4740 R 
  g4243__3779/CIN                                                       +0    4740   
  g4243__3779/COUT                       ADDF_E          1 19.8  109  +152    4892 R 
  g4242__4599/CIN                                                       +0    4892   
  g4242__4599/COUT                       ADDF_E          1 19.8  109  +152    5045 R 
  g4241__3717/CIN                                                       +0    5045   
  g4241__3717/COUT                       ADDF_E          1 19.8  109  +152    5197 R 
  g4240__1377/CIN                                                       +0    5197   
  g4240__1377/COUT                       ADDF_E          1 19.8  109  +152    5349 R 
  g4239__8867/CIN                                                       +0    5349   
  g4239__8867/COUT                       ADDF_E          1 19.8  109  +152    5501 R 
  g4238__7654/CIN                                                       +0    5501   
  g4238__7654/COUT                       ADDF_E          1 19.8  109  +152    5654 R 
  g4237__7557/CIN                                                       +0    5654   
  g4237__7557/COUT                       ADDF_E          1 18.5  104  +150    5803 R 
  g4236__7837/B                                                         +0    5803   
  g4236__7837/Z                          XOR2_C          1  8.8  140   +88    5891 R 
const_mul_47_8/Z[39] 
S[39]                               <<<  out port                       +0    5891 R 
(DirectMultiplication_line_12)           ext delay                    +200    6091 R 
- - - - - - - - - - - - - - - - - - - - - - - - - - - - - - - - - - - - - - - - - - -
(clock clk)                              capture                             20000 R 
-------------------------------------------------------------------------------------
Cost Group   : 'clk' (path_group 'clk')
Timing slack :   13909ps 
Start-point  : X[0]
End-point    : S[39]
