============================================================
  Generated by:           Genus(TM) Synthesis Solution 16.24-s065_1
  Generated on:           Nov 27 2019  07:40:49 pm
  Module:                 booth
  Technology libraries:   PnomV180T025_STD_CELL_7RF 
                          physical_cells 
  Operating conditions:   _nominal_ 
  Interconnect mode:      global
  Area mode:              physical library
============================================================

           Pin                    Type      Fanout  Load Slew Delay Arrival   
                                                    (fF) (ps)  (ps)   (ps)    
------------------------------------------------------------------------------
(clock clk)                      launch                                   0 R 
(booth.sdc_line_11_19_1)         ext delay                     +100     100 F 
InputVector[0]                   in port         8 106.0    0    +0     100 F 
g619__8867/B                                                     +0     100   
g619__8867/Z                     NOR2_E          2  37.5  153   +99     199 R 
g618/A                                                           +0     199   
g618/Z                           INVERT_F        1  19.5   58   +33     232 F 
g616__7557/A                                                     +0     232   
g616__7557/Z                     NOR2_E          2  37.7  166  +102     334 R 
g614__6179/A                                                     +0     334   
g614__6179/Z                     NAND2_F         2  29.6   93   +61     395 F 
g611__3457/A                                                     +0     395   
g611__3457/Z                     NOR2_E          2  37.7  174  +109     504 R 
g609__9771/A                                                     +0     504   
g609__9771/Z                     NAND2_F         2  29.6   95   +61     564 F 
g627__3779/B                                                     +0     564   
g627__3779/Z                     XOR2_B          3  48.8  642  +360     925 R 
MULT_g2588__1297/CIN                                             +0     925   
MULT_g2588__1297/SUM             ADDF_E          2  35.2  124  +258    1183 F 
MULT_g2582__1377/B                                               +0    1183   
MULT_g2582__1377/Z               XOR2_C          2  31.0  250  +174    1357 R 
MULT_g2569__2001/B                                               +0    1357   
MULT_g2569__2001/Z               XNOR2_C         2  29.4  233  +180    1537 R 
MULT_CPA_1_g1183__9771/A                                         +0    1537   
MULT_CPA_1_g1183__9771/Z         AND2_H          1  19.8   72  +109    1646 R 
MULT_CPA_1_g1179__2001/CIN                                       +0    1646   
MULT_CPA_1_g1179__2001/COUT      ADDF_E          1  19.8  108  +149    1795 R 
MULT_CPA_1_g1178__5927/CIN                                       +0    1795   
MULT_CPA_1_g1178__5927/COUT      ADDF_E          1  19.8  109  +152    1947 R 
MULT_CPA_1_g1177__6789/CIN                                       +0    1947   
MULT_CPA_1_g1177__6789/COUT      ADDF_E          1  19.8  109  +152    2100 R 
MULT_CPA_1_g1176__1591/CIN                                       +0    2100   
MULT_CPA_1_g1176__1591/COUT      ADDF_E          1  19.8  109  +152    2252 R 
MULT_CPA_1_g1175__9719/CIN                                       +0    2252   
MULT_CPA_1_g1175__9719/COUT      ADDF_E          1  19.8  109  +152    2404 R 
MULT_CPA_1_g1174__3377/CIN                                       +0    2404   
MULT_CPA_1_g1174__3377/COUT      ADDF_E          1  19.8  109  +152    2556 R 
MULT_CPA_1_g1173__9867/CIN                                       +0    2556   
MULT_CPA_1_g1173__9867/COUT      ADDF_E          1  19.8  109  +152    2708 R 
MULT_CPA_1_g1172__7765/CIN                                       +0    2708   
MULT_CPA_1_g1172__7765/COUT      ADDF_E          1  19.8  109  +152    2861 R 
MULT_CPA_1_g1171__7547/CIN                                       +0    2861   
MULT_CPA_1_g1171__7547/COUT      ADDF_E          1  19.8  109  +152    3013 R 
MULT_CPA_1_g1170__2833/CIN                                       +0    3013   
MULT_CPA_1_g1170__2833/COUT      ADDF_E          1  19.8  109  +152    3165 R 
MULT_CPA_1_g1169__2006/CIN                                       +0    3165   
MULT_CPA_1_g1169__2006/COUT      ADDF_E          1  19.8  109  +152    3317 R 
MULT_CPA_1_g1168__1297/CIN                                       +0    3317   
MULT_CPA_1_g1168__1297/COUT      ADDF_E          1  19.8  109  +152    3469 R 
MULT_CPA_1_g1167__1237/CIN                                       +0    3469   
MULT_CPA_1_g1167__1237/COUT      ADDF_E          1  19.8  109  +152    3622 R 
MULT_CPA_1_g1166__2007/CIN                                       +0    3622   
MULT_CPA_1_g1166__2007/COUT      ADDF_E          1  19.8  109  +152    3774 R 
MULT_CPA_1_g1165__3779/CIN                                       +0    3774   
MULT_CPA_1_g1165__3779/COUT      ADDF_E          1  19.8  109  +152    3926 R 
MULT_CPA_1_g1164__4599/CIN                                       +0    3926   
MULT_CPA_1_g1164__4599/COUT      ADDF_E          1  19.8  109  +152    4078 R 
MULT_CPA_1_g1163__3717/CIN                                       +0    4078   
MULT_CPA_1_g1163__3717/COUT      ADDF_E          1  19.8  109  +152    4230 R 
MULT_CPA_1_g1162__1377/CIN                                       +0    4230   
MULT_CPA_1_g1162__1377/COUT      ADDF_E          1  19.8  109  +152    4383 R 
MULT_CPA_1_g1161__8867/CIN                                       +0    4383   
MULT_CPA_1_g1161__8867/COUT      ADDF_E          1  19.8  109  +152    4535 R 
MULT_CPA_1_g1160__7654/CIN                                       +0    4535   
MULT_CPA_1_g1160__7654/COUT      ADDF_E          1  19.8  109  +152    4687 R 
MULT_CPA_1_g1159__7557/CIN                                       +0    4687   
MULT_CPA_1_g1159__7557/COUT      ADDF_E          1  19.8  109  +152    4839 R 
MULT_CPA_1_g1158__7837/CIN                                       +0    4839   
MULT_CPA_1_g1158__7837/COUT      ADDF_E          1  19.8  109  +152    4991 R 
MULT_CPA_1_g1157__6179/CIN                                       +0    4991   
MULT_CPA_1_g1157__6179/COUT      ADDF_E          1  19.8  109  +152    5144 R 
MULT_CPA_1_g1156__1279/CIN                                       +0    5144   
MULT_CPA_1_g1156__1279/COUT      ADDF_E          1  19.8  109  +152    5296 R 
MULT_CPA_1_g1155__3457/CIN                                       +0    5296   
MULT_CPA_1_g1155__3457/COUT      ADDF_E          1  19.8  109  +152    5448 R 
MULT_CPA_1_g1154__9771/CIN                                       +0    5448   
MULT_CPA_1_g1154__9771/COUT      ADDF_E          1  20.6  112  +154    5602 R 
MULT_CPA_1_g2__3457/B                                            +0    5602   
MULT_CPA_1_g2__3457/Z            XNOR2_C         1   8.8  139  +112    5714 R 
OutputVector[33]            <<<  out port                        +0    5714 R 
(booth.sdc_line_12_26_1)         ext delay                     +200    5914 R 
- - - - - - - - - - - - - - - - - - - - - - - - - - - - - - - - - - - - - - - 
(clock clk)                      capture                              20000 R 
------------------------------------------------------------------------------
Cost Group   : 'clk' (path_group 'clk')
Timing slack :   14086ps 
Start-point  : InputVector[0]
End-point    : OutputVector[33]
