TimeQuest Timing Analyzer report for traditionalSystem_RNStoBin
Wed Apr 06 11:13:36 2016
Quartus II 64-Bit Version 13.0.1 Build 232 06/12/2013 Service Pack 1 SJ Web Edition


---------------------
; Table of Contents ;
---------------------
  1. Legal Notice
  2. TimeQuest Timing Analyzer Summary
  3. Parallel Compilation
  4. Clocks
  5. Slow Model Fmax Summary
  6. Slow Model Setup Summary
  7. Slow Model Hold Summary
  8. Slow Model Recovery Summary
  9. Slow Model Removal Summary
 10. Slow Model Minimum Pulse Width Summary
 11. Propagation Delay
 12. Minimum Propagation Delay
 13. Fast Model Setup Summary
 14. Fast Model Hold Summary
 15. Fast Model Recovery Summary
 16. Fast Model Removal Summary
 17. Fast Model Minimum Pulse Width Summary
 18. Propagation Delay
 19. Minimum Propagation Delay
 20. Multicorner Timing Analysis Summary
 21. Progagation Delay
 22. Minimum Progagation Delay
 23. Clock Transfers
 24. Report TCCS
 25. Report RSKM
 26. Unconstrained Paths
 27. TimeQuest Timing Analyzer Messages



----------------
; Legal Notice ;
----------------
Copyright (C) 1991-2013 Altera Corporation
Your use of Altera Corporation's design tools, logic functions 
and other software and tools, and its AMPP partner logic 
functions, and any output files from any of the foregoing 
(including device programming or simulation files), and any 
associated documentation or information are expressly subject 
to the terms and conditions of the Altera Program License 
Subscription Agreement, Altera MegaCore Function License 
Agreement, or other applicable license agreement, including, 
without limitation, that your use is for the sole purpose of 
programming logic devices manufactured by Altera and sold by 
Altera or its authorized distributors.  Please refer to the 
applicable agreement for further details.



+----------------------------------------------------------------------------------------+
; TimeQuest Timing Analyzer Summary                                                      ;
+--------------------+-------------------------------------------------------------------+
; Quartus II Version ; Version 13.0.1 Build 232 06/12/2013 Service Pack 1 SJ Web Edition ;
; Revision Name      ; traditionalSystem_RNStoBin                                        ;
; Device Family      ; Cyclone II                                                        ;
; Device Name        ; EP2C35F672C6                                                      ;
; Timing Models      ; Final                                                             ;
; Delay Model        ; Combined                                                          ;
; Rise/Fall Delays   ; Unavailable                                                       ;
+--------------------+-------------------------------------------------------------------+


Parallel compilation was disabled, but you have multiple processors available. Enable parallel compilation to reduce compilation time.
+-------------------------------------+
; Parallel Compilation                ;
+----------------------------+--------+
; Processors                 ; Number ;
+----------------------------+--------+
; Number detected on machine ; 2      ;
; Maximum allowed            ; 1      ;
+----------------------------+--------+


----------
; Clocks ;
----------
No clocks to report.


---------------------------
; Slow Model Fmax Summary ;
---------------------------
No paths to report.


----------------------------
; Slow Model Setup Summary ;
----------------------------
No paths to report.


---------------------------
; Slow Model Hold Summary ;
---------------------------
No paths to report.


-------------------------------
; Slow Model Recovery Summary ;
-------------------------------
No paths to report.


------------------------------
; Slow Model Removal Summary ;
------------------------------
No paths to report.


------------------------------------------
; Slow Model Minimum Pulse Width Summary ;
------------------------------------------
No paths to report.


+--------------------------------------------------------------+
; Propagation Delay                                            ;
+------------+-------------+--------+--------+--------+--------+
; Input Port ; Output Port ; RR     ; RF     ; FR     ; FF     ;
+------------+-------------+--------+--------+--------+--------+
; SW[0]      ; LEDR[0]     ; 4.985  ;        ;        ; 4.985  ;
; SW[0]      ; LEDR[8]     ; 10.497 ; 10.497 ; 10.497 ; 10.497 ;
; SW[0]      ; LEDR[9]     ; 10.674 ; 10.674 ; 10.674 ; 10.674 ;
; SW[0]      ; LEDR[10]    ; 11.193 ; 11.193 ; 11.193 ; 11.193 ;
; SW[0]      ; LEDR[11]    ; 11.404 ; 11.404 ; 11.404 ; 11.404 ;
; SW[0]      ; LEDR[12]    ; 11.458 ; 11.458 ; 11.458 ; 11.458 ;
; SW[0]      ; LEDR[13]    ; 12.103 ; 12.103 ; 12.103 ; 12.103 ;
; SW[0]      ; LEDR[14]    ; 11.223 ; 11.223 ; 11.223 ; 11.223 ;
; SW[0]      ; LEDR[15]    ; 10.790 ; 10.790 ; 10.790 ; 10.790 ;
; SW[1]      ; LEDR[1]     ; 4.968  ;        ;        ; 4.968  ;
; SW[1]      ; LEDR[8]     ; 10.599 ; 10.599 ; 10.599 ; 10.599 ;
; SW[1]      ; LEDR[9]     ; 10.776 ; 10.776 ; 10.776 ; 10.776 ;
; SW[1]      ; LEDR[10]    ; 11.295 ; 11.295 ; 11.295 ; 11.295 ;
; SW[1]      ; LEDR[11]    ; 11.506 ; 11.506 ; 11.506 ; 11.506 ;
; SW[1]      ; LEDR[12]    ; 11.560 ; 11.560 ; 11.560 ; 11.560 ;
; SW[1]      ; LEDR[13]    ; 12.205 ; 12.205 ; 12.205 ; 12.205 ;
; SW[1]      ; LEDR[14]    ; 11.325 ; 11.325 ; 11.325 ; 11.325 ;
; SW[1]      ; LEDR[15]    ; 10.892 ; 10.892 ; 10.892 ; 10.892 ;
; SW[2]      ; LEDR[2]     ; 8.591  ;        ;        ; 8.591  ;
; SW[2]      ; LEDR[8]     ; 13.748 ; 13.748 ; 13.748 ; 13.748 ;
; SW[2]      ; LEDR[9]     ; 13.925 ; 13.925 ; 13.925 ; 13.925 ;
; SW[2]      ; LEDR[10]    ; 14.444 ; 14.444 ; 14.444 ; 14.444 ;
; SW[2]      ; LEDR[11]    ; 14.655 ; 14.655 ; 14.655 ; 14.655 ;
; SW[2]      ; LEDR[12]    ; 14.709 ; 14.709 ; 14.709 ; 14.709 ;
; SW[2]      ; LEDR[13]    ; 15.354 ; 15.354 ; 15.354 ; 15.354 ;
; SW[2]      ; LEDR[14]    ; 14.474 ; 14.474 ; 14.474 ; 14.474 ;
; SW[2]      ; LEDR[15]    ; 14.041 ; 14.041 ; 14.041 ; 14.041 ;
; SW[3]      ; LEDR[3]     ; 7.983  ;        ;        ; 7.983  ;
; SW[3]      ; LEDR[8]     ; 14.554 ; 14.554 ; 14.554 ; 14.554 ;
; SW[3]      ; LEDR[9]     ; 14.731 ; 14.731 ; 14.731 ; 14.731 ;
; SW[3]      ; LEDR[10]    ; 15.250 ; 15.250 ; 15.250 ; 15.250 ;
; SW[3]      ; LEDR[11]    ; 15.461 ; 15.461 ; 15.461 ; 15.461 ;
; SW[3]      ; LEDR[12]    ; 15.515 ; 15.515 ; 15.515 ; 15.515 ;
; SW[3]      ; LEDR[13]    ; 16.160 ; 16.160 ; 16.160 ; 16.160 ;
; SW[3]      ; LEDR[14]    ; 15.280 ; 15.280 ; 15.280 ; 15.280 ;
; SW[3]      ; LEDR[15]    ; 14.847 ; 14.847 ; 14.847 ; 14.847 ;
; SW[4]      ; LEDR[4]     ; 8.819  ;        ;        ; 8.819  ;
; SW[4]      ; LEDR[8]     ; 13.855 ; 13.855 ; 13.855 ; 13.855 ;
; SW[4]      ; LEDR[9]     ; 14.032 ; 14.032 ; 14.032 ; 14.032 ;
; SW[4]      ; LEDR[10]    ; 14.551 ; 14.551 ; 14.551 ; 14.551 ;
; SW[4]      ; LEDR[11]    ; 14.762 ; 14.762 ; 14.762 ; 14.762 ;
; SW[4]      ; LEDR[12]    ; 14.816 ; 14.816 ; 14.816 ; 14.816 ;
; SW[4]      ; LEDR[13]    ; 15.461 ; 15.461 ; 15.461 ; 15.461 ;
; SW[4]      ; LEDR[14]    ; 14.581 ; 14.581 ; 14.581 ; 14.581 ;
; SW[4]      ; LEDR[15]    ; 14.148 ; 14.148 ; 14.148 ; 14.148 ;
; SW[5]      ; LEDR[5]     ; 8.889  ;        ;        ; 8.889  ;
; SW[5]      ; LEDR[8]     ; 14.160 ; 14.160 ; 14.160 ; 14.160 ;
; SW[5]      ; LEDR[9]     ; 14.337 ; 14.337 ; 14.337 ; 14.337 ;
; SW[5]      ; LEDR[10]    ; 14.856 ; 14.856 ; 14.856 ; 14.856 ;
; SW[5]      ; LEDR[11]    ; 15.067 ; 15.067 ; 15.067 ; 15.067 ;
; SW[5]      ; LEDR[12]    ; 15.121 ; 15.121 ; 15.121 ; 15.121 ;
; SW[5]      ; LEDR[13]    ; 15.766 ; 15.766 ; 15.766 ; 15.766 ;
; SW[5]      ; LEDR[14]    ; 14.886 ; 14.886 ; 14.886 ; 14.886 ;
; SW[5]      ; LEDR[15]    ; 14.453 ; 14.453 ; 14.453 ; 14.453 ;
; SW[6]      ; LEDR[6]     ; 8.547  ;        ;        ; 8.547  ;
; SW[6]      ; LEDR[8]     ; 15.488 ; 15.488 ; 15.488 ; 15.488 ;
; SW[6]      ; LEDR[9]     ; 15.665 ; 15.665 ; 15.665 ; 15.665 ;
; SW[6]      ; LEDR[10]    ; 16.184 ; 16.184 ; 16.184 ; 16.184 ;
; SW[6]      ; LEDR[11]    ; 16.395 ; 16.395 ; 16.395 ; 16.395 ;
; SW[6]      ; LEDR[12]    ; 16.449 ; 16.449 ; 16.449 ; 16.449 ;
; SW[6]      ; LEDR[13]    ; 17.094 ; 17.094 ; 17.094 ; 17.094 ;
; SW[6]      ; LEDR[14]    ; 16.214 ; 16.214 ; 16.214 ; 16.214 ;
; SW[6]      ; LEDR[15]    ; 15.781 ; 15.781 ; 15.781 ; 15.781 ;
; SW[7]      ; LEDR[7]     ; 8.889  ;        ;        ; 8.889  ;
; SW[7]      ; LEDR[8]     ; 14.240 ; 14.240 ; 14.240 ; 14.240 ;
; SW[7]      ; LEDR[9]     ; 14.417 ; 14.417 ; 14.417 ; 14.417 ;
; SW[7]      ; LEDR[10]    ; 14.936 ; 14.936 ; 14.936 ; 14.936 ;
; SW[7]      ; LEDR[11]    ; 15.147 ; 15.147 ; 15.147 ; 15.147 ;
; SW[7]      ; LEDR[12]    ; 15.201 ; 15.201 ; 15.201 ; 15.201 ;
; SW[7]      ; LEDR[13]    ; 15.846 ; 15.846 ; 15.846 ; 15.846 ;
; SW[7]      ; LEDR[14]    ; 14.966 ; 14.966 ; 14.966 ; 14.966 ;
; SW[7]      ; LEDR[15]    ; 14.533 ; 14.533 ; 14.533 ; 14.533 ;
; SW[8]      ; LEDR[8]     ; 14.446 ; 14.446 ; 14.446 ; 14.446 ;
; SW[8]      ; LEDR[9]     ; 14.623 ; 14.623 ; 14.623 ; 14.623 ;
; SW[8]      ; LEDR[10]    ; 15.142 ; 15.142 ; 15.142 ; 15.142 ;
; SW[8]      ; LEDR[11]    ; 15.353 ; 15.353 ; 15.353 ; 15.353 ;
; SW[8]      ; LEDR[12]    ; 15.407 ; 15.407 ; 15.407 ; 15.407 ;
; SW[8]      ; LEDR[13]    ; 16.052 ; 16.052 ; 16.052 ; 16.052 ;
; SW[8]      ; LEDR[14]    ; 15.172 ; 15.172 ; 15.172 ; 15.172 ;
; SW[8]      ; LEDR[15]    ; 14.739 ; 14.739 ; 14.739 ; 14.739 ;
; SW[9]      ; LEDR[8]     ; 14.344 ; 14.344 ; 14.344 ; 14.344 ;
; SW[9]      ; LEDR[9]     ; 14.521 ; 14.521 ; 14.521 ; 14.521 ;
; SW[9]      ; LEDR[10]    ; 15.040 ; 15.040 ; 15.040 ; 15.040 ;
; SW[9]      ; LEDR[11]    ; 15.251 ; 15.251 ; 15.251 ; 15.251 ;
; SW[9]      ; LEDR[12]    ; 15.305 ; 15.305 ; 15.305 ; 15.305 ;
; SW[9]      ; LEDR[13]    ; 15.950 ; 15.950 ; 15.950 ; 15.950 ;
; SW[9]      ; LEDR[14]    ; 15.070 ; 15.070 ; 15.070 ; 15.070 ;
; SW[9]      ; LEDR[15]    ; 14.637 ; 14.637 ; 14.637 ; 14.637 ;
; SW[10]     ; LEDR[8]     ; 13.777 ; 13.777 ; 13.777 ; 13.777 ;
; SW[10]     ; LEDR[9]     ; 13.954 ; 13.954 ; 13.954 ; 13.954 ;
; SW[10]     ; LEDR[10]    ; 14.473 ; 14.473 ; 14.473 ; 14.473 ;
; SW[10]     ; LEDR[11]    ; 14.684 ; 14.684 ; 14.684 ; 14.684 ;
; SW[10]     ; LEDR[12]    ; 14.738 ; 14.738 ; 14.738 ; 14.738 ;
; SW[10]     ; LEDR[13]    ; 15.383 ; 15.383 ; 15.383 ; 15.383 ;
; SW[10]     ; LEDR[14]    ; 14.503 ; 14.503 ; 14.503 ; 14.503 ;
; SW[10]     ; LEDR[15]    ; 14.070 ; 14.070 ; 14.070 ; 14.070 ;
; SW[11]     ; LEDR[8]     ; 15.047 ; 15.047 ; 15.047 ; 15.047 ;
; SW[11]     ; LEDR[9]     ; 15.224 ; 15.224 ; 15.224 ; 15.224 ;
; SW[11]     ; LEDR[10]    ; 15.743 ; 15.743 ; 15.743 ; 15.743 ;
; SW[11]     ; LEDR[11]    ; 15.954 ; 15.954 ; 15.954 ; 15.954 ;
; SW[11]     ; LEDR[12]    ; 16.008 ; 16.008 ; 16.008 ; 16.008 ;
; SW[11]     ; LEDR[13]    ; 16.653 ; 16.653 ; 16.653 ; 16.653 ;
; SW[11]     ; LEDR[14]    ; 15.773 ; 15.773 ; 15.773 ; 15.773 ;
; SW[11]     ; LEDR[15]    ; 15.340 ; 15.340 ; 15.340 ; 15.340 ;
; SW[12]     ; LEDR[8]     ; 13.759 ; 13.759 ; 13.759 ; 13.759 ;
; SW[12]     ; LEDR[9]     ; 13.936 ; 13.936 ; 13.936 ; 13.936 ;
; SW[12]     ; LEDR[10]    ; 14.455 ; 14.455 ; 14.455 ; 14.455 ;
; SW[12]     ; LEDR[11]    ; 14.666 ; 14.666 ; 14.666 ; 14.666 ;
; SW[12]     ; LEDR[12]    ; 14.720 ; 14.720 ; 14.720 ; 14.720 ;
; SW[12]     ; LEDR[13]    ; 15.365 ; 15.365 ; 15.365 ; 15.365 ;
; SW[12]     ; LEDR[14]    ; 14.485 ; 14.485 ; 14.485 ; 14.485 ;
; SW[12]     ; LEDR[15]    ; 14.052 ; 14.052 ; 14.052 ; 14.052 ;
; SW[13]     ; LEDR[8]     ; 14.334 ; 14.334 ; 14.334 ; 14.334 ;
; SW[13]     ; LEDR[9]     ; 14.511 ; 14.511 ; 14.511 ; 14.511 ;
; SW[13]     ; LEDR[10]    ; 15.030 ; 15.030 ; 15.030 ; 15.030 ;
; SW[13]     ; LEDR[11]    ; 15.241 ; 15.241 ; 15.241 ; 15.241 ;
; SW[13]     ; LEDR[12]    ; 15.295 ; 15.295 ; 15.295 ; 15.295 ;
; SW[13]     ; LEDR[13]    ; 15.940 ; 15.940 ; 15.940 ; 15.940 ;
; SW[13]     ; LEDR[14]    ; 15.060 ; 15.060 ; 15.060 ; 15.060 ;
; SW[13]     ; LEDR[15]    ; 14.627 ; 14.627 ; 14.627 ; 14.627 ;
; SW[14]     ; LEDR[8]     ; 14.301 ; 14.301 ; 14.301 ; 14.301 ;
; SW[14]     ; LEDR[9]     ; 14.478 ; 14.478 ; 14.478 ; 14.478 ;
; SW[14]     ; LEDR[10]    ; 14.997 ; 14.997 ; 14.997 ; 14.997 ;
; SW[14]     ; LEDR[11]    ; 15.208 ; 15.208 ; 15.208 ; 15.208 ;
; SW[14]     ; LEDR[12]    ; 15.262 ; 15.262 ; 15.262 ; 15.262 ;
; SW[14]     ; LEDR[13]    ; 15.907 ; 15.907 ; 15.907 ; 15.907 ;
; SW[14]     ; LEDR[14]    ; 15.027 ; 15.027 ; 15.027 ; 15.027 ;
; SW[14]     ; LEDR[15]    ; 14.594 ; 14.594 ; 14.594 ; 14.594 ;
; SW[15]     ; LEDR[8]     ; 14.918 ; 14.918 ; 14.918 ; 14.918 ;
; SW[15]     ; LEDR[9]     ; 15.095 ; 15.095 ; 15.095 ; 15.095 ;
; SW[15]     ; LEDR[10]    ; 15.614 ; 15.614 ; 15.614 ; 15.614 ;
; SW[15]     ; LEDR[11]    ; 15.825 ; 15.825 ; 15.825 ; 15.825 ;
; SW[15]     ; LEDR[12]    ; 15.879 ; 15.879 ; 15.879 ; 15.879 ;
; SW[15]     ; LEDR[13]    ; 16.524 ; 16.524 ; 16.524 ; 16.524 ;
; SW[15]     ; LEDR[14]    ; 15.644 ; 15.644 ; 15.644 ; 15.644 ;
; SW[15]     ; LEDR[15]    ; 15.211 ; 15.211 ; 15.211 ; 15.211 ;
; SW[16]     ; LEDR[8]     ; 14.523 ; 14.523 ; 14.523 ; 14.523 ;
; SW[16]     ; LEDR[9]     ; 14.700 ; 14.700 ; 14.700 ; 14.700 ;
; SW[16]     ; LEDR[10]    ; 15.219 ; 15.219 ; 15.219 ; 15.219 ;
; SW[16]     ; LEDR[11]    ; 15.430 ; 15.430 ; 15.430 ; 15.430 ;
; SW[16]     ; LEDR[12]    ; 15.484 ; 15.484 ; 15.484 ; 15.484 ;
; SW[16]     ; LEDR[13]    ; 16.129 ; 16.129 ; 16.129 ; 16.129 ;
; SW[16]     ; LEDR[14]    ; 15.249 ; 15.249 ; 15.249 ; 15.249 ;
; SW[16]     ; LEDR[15]    ; 14.816 ; 14.816 ; 14.816 ; 14.816 ;
+------------+-------------+--------+--------+--------+--------+


+--------------------------------------------------------------+
; Minimum Propagation Delay                                    ;
+------------+-------------+--------+--------+--------+--------+
; Input Port ; Output Port ; RR     ; RF     ; FR     ; FF     ;
+------------+-------------+--------+--------+--------+--------+
; SW[0]      ; LEDR[0]     ; 4.985  ;        ;        ; 4.985  ;
; SW[0]      ; LEDR[8]     ; 8.261  ; 8.261  ; 8.261  ; 8.261  ;
; SW[0]      ; LEDR[9]     ; 7.768  ; 7.768  ; 7.768  ; 7.768  ;
; SW[0]      ; LEDR[10]    ; 7.484  ; 7.484  ; 7.484  ; 7.484  ;
; SW[0]      ; LEDR[11]    ; 7.693  ; 7.693  ; 7.693  ; 7.693  ;
; SW[0]      ; LEDR[12]    ; 9.692  ; 9.692  ; 9.692  ; 9.692  ;
; SW[0]      ; LEDR[13]    ; 8.912  ; 8.912  ; 8.912  ; 8.912  ;
; SW[0]      ; LEDR[14]    ; 9.457  ; 9.457  ; 9.457  ; 9.457  ;
; SW[0]      ; LEDR[15]    ; 8.548  ; 8.548  ; 8.548  ; 8.548  ;
; SW[1]      ; LEDR[1]     ; 4.968  ;        ;        ; 4.968  ;
; SW[1]      ; LEDR[8]     ; 9.449  ; 9.449  ; 9.449  ; 9.449  ;
; SW[1]      ; LEDR[9]     ; 8.436  ; 8.436  ; 8.436  ; 8.436  ;
; SW[1]      ; LEDR[10]    ; 8.150  ; 8.150  ; 8.150  ; 8.150  ;
; SW[1]      ; LEDR[11]    ; 8.359  ; 8.359  ; 8.359  ; 8.359  ;
; SW[1]      ; LEDR[12]    ; 8.125  ; 8.125  ; 8.125  ; 8.125  ;
; SW[1]      ; LEDR[13]    ; 7.884  ; 7.884  ; 7.884  ; 7.884  ;
; SW[1]      ; LEDR[14]    ; 8.586  ; 8.586  ; 8.586  ; 8.586  ;
; SW[1]      ; LEDR[15]    ; 9.214  ; 9.214  ; 9.214  ; 9.214  ;
; SW[2]      ; LEDR[2]     ; 8.591  ;        ;        ; 8.591  ;
; SW[2]      ; LEDR[8]     ; 12.222 ; 12.222 ; 12.222 ; 12.222 ;
; SW[2]      ; LEDR[9]     ; 12.396 ; 12.396 ; 12.396 ; 12.396 ;
; SW[2]      ; LEDR[10]    ; 11.227 ; 11.227 ; 11.227 ; 11.227 ;
; SW[2]      ; LEDR[11]    ; 11.271 ; 11.271 ; 11.271 ; 11.271 ;
; SW[2]      ; LEDR[12]    ; 10.731 ; 10.731 ; 10.731 ; 10.731 ;
; SW[2]      ; LEDR[13]    ; 10.490 ; 10.490 ; 10.490 ; 10.490 ;
; SW[2]      ; LEDR[14]    ; 10.515 ; 10.515 ; 10.515 ; 10.515 ;
; SW[2]      ; LEDR[15]    ; 11.598 ; 11.598 ; 11.598 ; 11.598 ;
; SW[3]      ; LEDR[3]     ; 7.983  ;        ;        ; 7.983  ;
; SW[3]      ; LEDR[8]     ; 12.893 ; 12.893 ; 12.893 ; 12.893 ;
; SW[3]      ; LEDR[9]     ; 13.067 ; 13.067 ; 13.067 ; 13.067 ;
; SW[3]      ; LEDR[10]    ; 13.603 ; 13.603 ; 13.603 ; 13.603 ;
; SW[3]      ; LEDR[11]    ; 11.760 ; 11.760 ; 11.760 ; 11.760 ;
; SW[3]      ; LEDR[12]    ; 11.355 ; 11.355 ; 11.355 ; 11.355 ;
; SW[3]      ; LEDR[13]    ; 11.116 ; 11.116 ; 11.116 ; 11.116 ;
; SW[3]      ; LEDR[14]    ; 11.394 ; 11.394 ; 11.394 ; 11.394 ;
; SW[3]      ; LEDR[15]    ; 12.474 ; 12.474 ; 12.474 ; 12.474 ;
; SW[4]      ; LEDR[4]     ; 8.819  ;        ;        ; 8.819  ;
; SW[4]      ; LEDR[8]     ; 11.857 ; 11.857 ; 11.857 ; 11.857 ;
; SW[4]      ; LEDR[9]     ; 12.034 ; 12.034 ; 12.034 ; 12.034 ;
; SW[4]      ; LEDR[10]    ; 12.553 ; 12.553 ; 12.553 ; 12.553 ;
; SW[4]      ; LEDR[11]    ; 12.764 ; 12.764 ; 12.764 ; 12.764 ;
; SW[4]      ; LEDR[12]    ; 11.472 ; 11.472 ; 11.472 ; 11.472 ;
; SW[4]      ; LEDR[13]    ; 10.727 ; 10.727 ; 10.727 ; 10.727 ;
; SW[4]      ; LEDR[14]    ; 10.900 ; 10.900 ; 10.900 ; 10.900 ;
; SW[4]      ; LEDR[15]    ; 10.934 ; 10.934 ; 10.934 ; 10.934 ;
; SW[5]      ; LEDR[5]     ; 8.889  ;        ;        ; 8.889  ;
; SW[5]      ; LEDR[8]     ; 12.042 ; 12.042 ; 12.042 ; 12.042 ;
; SW[5]      ; LEDR[9]     ; 12.219 ; 12.219 ; 12.219 ; 12.219 ;
; SW[5]      ; LEDR[10]    ; 12.440 ; 12.440 ; 12.440 ; 12.440 ;
; SW[5]      ; LEDR[11]    ; 12.949 ; 12.949 ; 12.949 ; 12.949 ;
; SW[5]      ; LEDR[12]    ; 13.003 ; 13.003 ; 13.003 ; 13.003 ;
; SW[5]      ; LEDR[13]    ; 11.157 ; 11.157 ; 11.157 ; 11.157 ;
; SW[5]      ; LEDR[14]    ; 11.194 ; 11.194 ; 11.194 ; 11.194 ;
; SW[5]      ; LEDR[15]    ; 11.119 ; 11.119 ; 11.119 ; 11.119 ;
; SW[6]      ; LEDR[6]     ; 8.547  ;        ;        ; 8.547  ;
; SW[6]      ; LEDR[8]     ; 11.686 ; 11.686 ; 11.686 ; 11.686 ;
; SW[6]      ; LEDR[9]     ; 10.922 ; 10.922 ; 10.922 ; 10.922 ;
; SW[6]      ; LEDR[10]    ; 11.507 ; 11.507 ; 11.507 ; 11.507 ;
; SW[6]      ; LEDR[11]    ; 12.237 ; 12.237 ; 12.237 ; 12.237 ;
; SW[6]      ; LEDR[12]    ; 13.085 ; 13.085 ; 13.085 ; 13.085 ;
; SW[6]      ; LEDR[13]    ; 13.175 ; 13.175 ; 13.175 ; 13.175 ;
; SW[6]      ; LEDR[14]    ; 12.686 ; 12.686 ; 12.686 ; 12.686 ;
; SW[6]      ; LEDR[15]    ; 11.875 ; 11.875 ; 11.875 ; 11.875 ;
; SW[7]      ; LEDR[7]     ; 8.889  ;        ;        ; 8.889  ;
; SW[7]      ; LEDR[8]     ; 11.030 ; 11.030 ; 11.030 ; 11.030 ;
; SW[7]      ; LEDR[9]     ; 10.702 ; 10.702 ; 10.702 ; 10.702 ;
; SW[7]      ; LEDR[10]    ; 10.986 ; 10.986 ; 10.986 ; 10.986 ;
; SW[7]      ; LEDR[11]    ; 11.386 ; 11.386 ; 11.386 ; 11.386 ;
; SW[7]      ; LEDR[12]    ; 12.568 ; 12.568 ; 12.568 ; 12.568 ;
; SW[7]      ; LEDR[13]    ; 12.654 ; 12.654 ; 12.654 ; 12.654 ;
; SW[7]      ; LEDR[14]    ; 12.333 ; 12.333 ; 12.333 ; 12.333 ;
; SW[7]      ; LEDR[15]    ; 11.358 ; 11.358 ; 11.358 ; 11.358 ;
; SW[8]      ; LEDR[8]     ; 10.455 ; 10.455 ; 10.455 ; 10.455 ;
; SW[8]      ; LEDR[9]     ; 10.127 ; 10.127 ; 10.127 ; 10.127 ;
; SW[8]      ; LEDR[10]    ; 10.411 ; 10.411 ; 10.411 ; 10.411 ;
; SW[8]      ; LEDR[11]    ; 10.810 ; 10.810 ; 10.810 ; 10.810 ;
; SW[8]      ; LEDR[12]    ; 11.257 ; 11.257 ; 11.257 ; 11.257 ;
; SW[8]      ; LEDR[13]    ; 11.018 ; 11.018 ; 11.018 ; 11.018 ;
; SW[8]      ; LEDR[14]    ; 11.296 ; 11.296 ; 11.296 ; 11.296 ;
; SW[8]      ; LEDR[15]    ; 10.783 ; 10.783 ; 10.783 ; 10.783 ;
; SW[9]      ; LEDR[8]     ; 12.040 ; 12.040 ; 12.040 ; 12.040 ;
; SW[9]      ; LEDR[9]     ; 11.618 ; 11.618 ; 11.618 ; 11.618 ;
; SW[9]      ; LEDR[10]    ; 11.322 ; 11.322 ; 11.322 ; 11.322 ;
; SW[9]      ; LEDR[11]    ; 11.531 ; 11.531 ; 11.531 ; 11.531 ;
; SW[9]      ; LEDR[12]    ; 11.659 ; 11.659 ; 11.659 ; 11.659 ;
; SW[9]      ; LEDR[13]    ; 10.914 ; 10.914 ; 10.914 ; 10.914 ;
; SW[9]      ; LEDR[14]    ; 11.087 ; 11.087 ; 11.087 ; 11.087 ;
; SW[9]      ; LEDR[15]    ; 11.117 ; 11.117 ; 11.117 ; 11.117 ;
; SW[10]     ; LEDR[8]     ; 11.656 ; 11.656 ; 11.656 ; 11.656 ;
; SW[10]     ; LEDR[9]     ; 11.479 ; 11.479 ; 11.479 ; 11.479 ;
; SW[10]     ; LEDR[10]    ; 11.193 ; 11.193 ; 11.193 ; 11.193 ;
; SW[10]     ; LEDR[11]    ; 11.402 ; 11.402 ; 11.402 ; 11.402 ;
; SW[10]     ; LEDR[12]    ; 11.199 ; 11.199 ; 11.199 ; 11.199 ;
; SW[10]     ; LEDR[13]    ; 10.774 ; 10.774 ; 10.774 ; 10.774 ;
; SW[10]     ; LEDR[14]    ; 10.808 ; 10.808 ; 10.808 ; 10.808 ;
; SW[10]     ; LEDR[15]    ; 10.733 ; 10.733 ; 10.733 ; 10.733 ;
; SW[11]     ; LEDR[8]     ; 11.229 ; 11.229 ; 11.229 ; 11.229 ;
; SW[11]     ; LEDR[9]     ; 10.465 ; 10.465 ; 10.465 ; 10.465 ;
; SW[11]     ; LEDR[10]    ; 10.719 ; 10.719 ; 10.719 ; 10.719 ;
; SW[11]     ; LEDR[11]    ; 10.763 ; 10.763 ; 10.763 ; 10.763 ;
; SW[11]     ; LEDR[12]    ; 10.788 ; 10.788 ; 10.788 ; 10.788 ;
; SW[11]     ; LEDR[13]    ; 10.547 ; 10.547 ; 10.547 ; 10.547 ;
; SW[11]     ; LEDR[14]    ; 10.571 ; 10.571 ; 10.571 ; 10.571 ;
; SW[11]     ; LEDR[15]    ; 11.418 ; 11.418 ; 11.418 ; 11.418 ;
; SW[12]     ; LEDR[8]     ; 10.985 ; 10.985 ; 10.985 ; 10.985 ;
; SW[12]     ; LEDR[9]     ; 11.162 ; 11.162 ; 11.162 ; 11.162 ;
; SW[12]     ; LEDR[10]    ; 11.343 ; 11.343 ; 11.343 ; 11.343 ;
; SW[12]     ; LEDR[11]    ; 11.918 ; 11.918 ; 11.918 ; 11.918 ;
; SW[12]     ; LEDR[12]    ; 10.505 ; 10.505 ; 10.505 ; 10.505 ;
; SW[12]     ; LEDR[13]    ; 10.264 ; 10.264 ; 10.264 ; 10.264 ;
; SW[12]     ; LEDR[14]    ; 10.748 ; 10.748 ; 10.748 ; 10.748 ;
; SW[12]     ; LEDR[15]    ; 10.653 ; 10.653 ; 10.653 ; 10.653 ;
; SW[13]     ; LEDR[8]     ; 12.038 ; 12.038 ; 12.038 ; 12.038 ;
; SW[13]     ; LEDR[9]     ; 11.609 ; 11.609 ; 11.609 ; 11.609 ;
; SW[13]     ; LEDR[10]    ; 11.324 ; 11.324 ; 11.324 ; 11.324 ;
; SW[13]     ; LEDR[11]    ; 11.533 ; 11.533 ; 11.533 ; 11.533 ;
; SW[13]     ; LEDR[12]    ; 11.648 ; 11.648 ; 11.648 ; 11.648 ;
; SW[13]     ; LEDR[13]    ; 10.900 ; 10.900 ; 10.900 ; 10.900 ;
; SW[13]     ; LEDR[14]    ; 11.073 ; 11.073 ; 11.073 ; 11.073 ;
; SW[13]     ; LEDR[15]    ; 11.115 ; 11.115 ; 11.115 ; 11.115 ;
; SW[14]     ; LEDR[8]     ; 11.750 ; 11.750 ; 11.750 ; 11.750 ;
; SW[14]     ; LEDR[9]     ; 11.865 ; 11.865 ; 11.865 ; 11.865 ;
; SW[14]     ; LEDR[10]    ; 11.579 ; 11.579 ; 11.579 ; 11.579 ;
; SW[14]     ; LEDR[11]    ; 11.788 ; 11.788 ; 11.788 ; 11.788 ;
; SW[14]     ; LEDR[12]    ; 11.574 ; 11.574 ; 11.574 ; 11.574 ;
; SW[14]     ; LEDR[13]    ; 11.298 ; 11.298 ; 11.298 ; 11.298 ;
; SW[14]     ; LEDR[14]    ; 11.335 ; 11.335 ; 11.335 ; 11.335 ;
; SW[14]     ; LEDR[15]    ; 10.827 ; 10.827 ; 10.827 ; 10.827 ;
; SW[15]     ; LEDR[8]     ; 11.127 ; 11.127 ; 11.127 ; 11.127 ;
; SW[15]     ; LEDR[9]     ; 10.363 ; 10.363 ; 10.363 ; 10.363 ;
; SW[15]     ; LEDR[10]    ; 10.859 ; 10.859 ; 10.859 ; 10.859 ;
; SW[15]     ; LEDR[11]    ; 10.903 ; 10.903 ; 10.903 ; 10.903 ;
; SW[15]     ; LEDR[12]    ; 10.681 ; 10.681 ; 10.681 ; 10.681 ;
; SW[15]     ; LEDR[13]    ; 10.440 ; 10.440 ; 10.440 ; 10.440 ;
; SW[15]     ; LEDR[14]    ; 10.466 ; 10.466 ; 10.466 ; 10.466 ;
; SW[15]     ; LEDR[15]    ; 11.316 ; 11.316 ; 11.316 ; 11.316 ;
; SW[16]     ; LEDR[8]     ; 10.788 ; 10.788 ; 10.788 ; 10.788 ;
; SW[16]     ; LEDR[9]     ; 10.460 ; 10.460 ; 10.460 ; 10.460 ;
; SW[16]     ; LEDR[10]    ; 10.744 ; 10.744 ; 10.744 ; 10.744 ;
; SW[16]     ; LEDR[11]    ; 11.157 ; 11.157 ; 11.157 ; 11.157 ;
; SW[16]     ; LEDR[12]    ; 11.319 ; 11.319 ; 11.319 ; 11.319 ;
; SW[16]     ; LEDR[13]    ; 11.080 ; 11.080 ; 11.080 ; 11.080 ;
; SW[16]     ; LEDR[14]    ; 11.358 ; 11.358 ; 11.358 ; 11.358 ;
; SW[16]     ; LEDR[15]    ; 11.116 ; 11.116 ; 11.116 ; 11.116 ;
+------------+-------------+--------+--------+--------+--------+


----------------------------
; Fast Model Setup Summary ;
----------------------------
No paths to report.


---------------------------
; Fast Model Hold Summary ;
---------------------------
No paths to report.


-------------------------------
; Fast Model Recovery Summary ;
-------------------------------
No paths to report.


------------------------------
; Fast Model Removal Summary ;
------------------------------
No paths to report.


------------------------------------------
; Fast Model Minimum Pulse Width Summary ;
------------------------------------------
No paths to report.


+----------------------------------------------------------+
; Propagation Delay                                        ;
+------------+-------------+-------+-------+-------+-------+
; Input Port ; Output Port ; RR    ; RF    ; FR    ; FF    ;
+------------+-------------+-------+-------+-------+-------+
; SW[0]      ; LEDR[0]     ; 2.677 ;       ;       ; 2.677 ;
; SW[0]      ; LEDR[8]     ; 5.061 ; 5.061 ; 5.061 ; 5.061 ;
; SW[0]      ; LEDR[9]     ; 5.122 ; 5.122 ; 5.122 ; 5.122 ;
; SW[0]      ; LEDR[10]    ; 5.373 ; 5.373 ; 5.373 ; 5.373 ;
; SW[0]      ; LEDR[11]    ; 5.462 ; 5.462 ; 5.462 ; 5.462 ;
; SW[0]      ; LEDR[12]    ; 5.477 ; 5.477 ; 5.477 ; 5.477 ;
; SW[0]      ; LEDR[13]    ; 5.752 ; 5.752 ; 5.752 ; 5.752 ;
; SW[0]      ; LEDR[14]    ; 5.366 ; 5.366 ; 5.366 ; 5.366 ;
; SW[0]      ; LEDR[15]    ; 5.183 ; 5.183 ; 5.183 ; 5.183 ;
; SW[1]      ; LEDR[1]     ; 2.672 ;       ;       ; 2.672 ;
; SW[1]      ; LEDR[8]     ; 5.123 ; 5.123 ; 5.123 ; 5.123 ;
; SW[1]      ; LEDR[9]     ; 5.184 ; 5.184 ; 5.184 ; 5.184 ;
; SW[1]      ; LEDR[10]    ; 5.435 ; 5.435 ; 5.435 ; 5.435 ;
; SW[1]      ; LEDR[11]    ; 5.524 ; 5.524 ; 5.524 ; 5.524 ;
; SW[1]      ; LEDR[12]    ; 5.539 ; 5.539 ; 5.539 ; 5.539 ;
; SW[1]      ; LEDR[13]    ; 5.814 ; 5.814 ; 5.814 ; 5.814 ;
; SW[1]      ; LEDR[14]    ; 5.428 ; 5.428 ; 5.428 ; 5.428 ;
; SW[1]      ; LEDR[15]    ; 5.245 ; 5.245 ; 5.245 ; 5.245 ;
; SW[2]      ; LEDR[2]     ; 4.919 ;       ;       ; 4.919 ;
; SW[2]      ; LEDR[8]     ; 7.136 ; 7.136 ; 7.136 ; 7.136 ;
; SW[2]      ; LEDR[9]     ; 7.197 ; 7.197 ; 7.197 ; 7.197 ;
; SW[2]      ; LEDR[10]    ; 7.448 ; 7.448 ; 7.448 ; 7.448 ;
; SW[2]      ; LEDR[11]    ; 7.537 ; 7.537 ; 7.537 ; 7.537 ;
; SW[2]      ; LEDR[12]    ; 7.552 ; 7.552 ; 7.552 ; 7.552 ;
; SW[2]      ; LEDR[13]    ; 7.827 ; 7.827 ; 7.827 ; 7.827 ;
; SW[2]      ; LEDR[14]    ; 7.441 ; 7.441 ; 7.441 ; 7.441 ;
; SW[2]      ; LEDR[15]    ; 7.258 ; 7.258 ; 7.258 ; 7.258 ;
; SW[3]      ; LEDR[3]     ; 4.627 ;       ;       ; 4.627 ;
; SW[3]      ; LEDR[8]     ; 7.565 ; 7.565 ; 7.565 ; 7.565 ;
; SW[3]      ; LEDR[9]     ; 7.626 ; 7.626 ; 7.626 ; 7.626 ;
; SW[3]      ; LEDR[10]    ; 7.877 ; 7.877 ; 7.877 ; 7.877 ;
; SW[3]      ; LEDR[11]    ; 7.966 ; 7.966 ; 7.966 ; 7.966 ;
; SW[3]      ; LEDR[12]    ; 7.981 ; 7.981 ; 7.981 ; 7.981 ;
; SW[3]      ; LEDR[13]    ; 8.256 ; 8.256 ; 8.256 ; 8.256 ;
; SW[3]      ; LEDR[14]    ; 7.870 ; 7.870 ; 7.870 ; 7.870 ;
; SW[3]      ; LEDR[15]    ; 7.687 ; 7.687 ; 7.687 ; 7.687 ;
; SW[4]      ; LEDR[4]     ; 5.008 ;       ;       ; 5.008 ;
; SW[4]      ; LEDR[8]     ; 7.198 ; 7.198 ; 7.198 ; 7.198 ;
; SW[4]      ; LEDR[9]     ; 7.259 ; 7.259 ; 7.259 ; 7.259 ;
; SW[4]      ; LEDR[10]    ; 7.510 ; 7.510 ; 7.510 ; 7.510 ;
; SW[4]      ; LEDR[11]    ; 7.599 ; 7.599 ; 7.599 ; 7.599 ;
; SW[4]      ; LEDR[12]    ; 7.614 ; 7.614 ; 7.614 ; 7.614 ;
; SW[4]      ; LEDR[13]    ; 7.889 ; 7.889 ; 7.889 ; 7.889 ;
; SW[4]      ; LEDR[14]    ; 7.503 ; 7.503 ; 7.503 ; 7.503 ;
; SW[4]      ; LEDR[15]    ; 7.320 ; 7.320 ; 7.320 ; 7.320 ;
; SW[5]      ; LEDR[5]     ; 5.075 ;       ;       ; 5.075 ;
; SW[5]      ; LEDR[8]     ; 7.312 ; 7.312 ; 7.312 ; 7.312 ;
; SW[5]      ; LEDR[9]     ; 7.373 ; 7.373 ; 7.373 ; 7.373 ;
; SW[5]      ; LEDR[10]    ; 7.624 ; 7.624 ; 7.624 ; 7.624 ;
; SW[5]      ; LEDR[11]    ; 7.713 ; 7.713 ; 7.713 ; 7.713 ;
; SW[5]      ; LEDR[12]    ; 7.728 ; 7.728 ; 7.728 ; 7.728 ;
; SW[5]      ; LEDR[13]    ; 8.003 ; 8.003 ; 8.003 ; 8.003 ;
; SW[5]      ; LEDR[14]    ; 7.617 ; 7.617 ; 7.617 ; 7.617 ;
; SW[5]      ; LEDR[15]    ; 7.434 ; 7.434 ; 7.434 ; 7.434 ;
; SW[6]      ; LEDR[6]     ; 4.878 ;       ;       ; 4.878 ;
; SW[6]      ; LEDR[8]     ; 7.883 ; 7.883 ; 7.883 ; 7.883 ;
; SW[6]      ; LEDR[9]     ; 7.944 ; 7.944 ; 7.944 ; 7.944 ;
; SW[6]      ; LEDR[10]    ; 8.195 ; 8.195 ; 8.195 ; 8.195 ;
; SW[6]      ; LEDR[11]    ; 8.284 ; 8.284 ; 8.284 ; 8.284 ;
; SW[6]      ; LEDR[12]    ; 8.299 ; 8.299 ; 8.299 ; 8.299 ;
; SW[6]      ; LEDR[13]    ; 8.574 ; 8.574 ; 8.574 ; 8.574 ;
; SW[6]      ; LEDR[14]    ; 8.188 ; 8.188 ; 8.188 ; 8.188 ;
; SW[6]      ; LEDR[15]    ; 8.005 ; 8.005 ; 8.005 ; 8.005 ;
; SW[7]      ; LEDR[7]     ; 5.057 ;       ;       ; 5.057 ;
; SW[7]      ; LEDR[8]     ; 7.321 ; 7.321 ; 7.321 ; 7.321 ;
; SW[7]      ; LEDR[9]     ; 7.382 ; 7.382 ; 7.382 ; 7.382 ;
; SW[7]      ; LEDR[10]    ; 7.633 ; 7.633 ; 7.633 ; 7.633 ;
; SW[7]      ; LEDR[11]    ; 7.722 ; 7.722 ; 7.722 ; 7.722 ;
; SW[7]      ; LEDR[12]    ; 7.737 ; 7.737 ; 7.737 ; 7.737 ;
; SW[7]      ; LEDR[13]    ; 8.012 ; 8.012 ; 8.012 ; 8.012 ;
; SW[7]      ; LEDR[14]    ; 7.626 ; 7.626 ; 7.626 ; 7.626 ;
; SW[7]      ; LEDR[15]    ; 7.443 ; 7.443 ; 7.443 ; 7.443 ;
; SW[8]      ; LEDR[8]     ; 7.433 ; 7.433 ; 7.433 ; 7.433 ;
; SW[8]      ; LEDR[9]     ; 7.494 ; 7.494 ; 7.494 ; 7.494 ;
; SW[8]      ; LEDR[10]    ; 7.745 ; 7.745 ; 7.745 ; 7.745 ;
; SW[8]      ; LEDR[11]    ; 7.834 ; 7.834 ; 7.834 ; 7.834 ;
; SW[8]      ; LEDR[12]    ; 7.849 ; 7.849 ; 7.849 ; 7.849 ;
; SW[8]      ; LEDR[13]    ; 8.124 ; 8.124 ; 8.124 ; 8.124 ;
; SW[8]      ; LEDR[14]    ; 7.738 ; 7.738 ; 7.738 ; 7.738 ;
; SW[8]      ; LEDR[15]    ; 7.555 ; 7.555 ; 7.555 ; 7.555 ;
; SW[9]      ; LEDR[8]     ; 7.401 ; 7.401 ; 7.401 ; 7.401 ;
; SW[9]      ; LEDR[9]     ; 7.462 ; 7.462 ; 7.462 ; 7.462 ;
; SW[9]      ; LEDR[10]    ; 7.713 ; 7.713 ; 7.713 ; 7.713 ;
; SW[9]      ; LEDR[11]    ; 7.802 ; 7.802 ; 7.802 ; 7.802 ;
; SW[9]      ; LEDR[12]    ; 7.817 ; 7.817 ; 7.817 ; 7.817 ;
; SW[9]      ; LEDR[13]    ; 8.092 ; 8.092 ; 8.092 ; 8.092 ;
; SW[9]      ; LEDR[14]    ; 7.706 ; 7.706 ; 7.706 ; 7.706 ;
; SW[9]      ; LEDR[15]    ; 7.523 ; 7.523 ; 7.523 ; 7.523 ;
; SW[10]     ; LEDR[8]     ; 7.131 ; 7.131 ; 7.131 ; 7.131 ;
; SW[10]     ; LEDR[9]     ; 7.192 ; 7.192 ; 7.192 ; 7.192 ;
; SW[10]     ; LEDR[10]    ; 7.443 ; 7.443 ; 7.443 ; 7.443 ;
; SW[10]     ; LEDR[11]    ; 7.532 ; 7.532 ; 7.532 ; 7.532 ;
; SW[10]     ; LEDR[12]    ; 7.547 ; 7.547 ; 7.547 ; 7.547 ;
; SW[10]     ; LEDR[13]    ; 7.822 ; 7.822 ; 7.822 ; 7.822 ;
; SW[10]     ; LEDR[14]    ; 7.436 ; 7.436 ; 7.436 ; 7.436 ;
; SW[10]     ; LEDR[15]    ; 7.253 ; 7.253 ; 7.253 ; 7.253 ;
; SW[11]     ; LEDR[8]     ; 7.703 ; 7.703 ; 7.703 ; 7.703 ;
; SW[11]     ; LEDR[9]     ; 7.764 ; 7.764 ; 7.764 ; 7.764 ;
; SW[11]     ; LEDR[10]    ; 8.015 ; 8.015 ; 8.015 ; 8.015 ;
; SW[11]     ; LEDR[11]    ; 8.104 ; 8.104 ; 8.104 ; 8.104 ;
; SW[11]     ; LEDR[12]    ; 8.119 ; 8.119 ; 8.119 ; 8.119 ;
; SW[11]     ; LEDR[13]    ; 8.394 ; 8.394 ; 8.394 ; 8.394 ;
; SW[11]     ; LEDR[14]    ; 8.008 ; 8.008 ; 8.008 ; 8.008 ;
; SW[11]     ; LEDR[15]    ; 7.825 ; 7.825 ; 7.825 ; 7.825 ;
; SW[12]     ; LEDR[8]     ; 7.153 ; 7.153 ; 7.153 ; 7.153 ;
; SW[12]     ; LEDR[9]     ; 7.214 ; 7.214 ; 7.214 ; 7.214 ;
; SW[12]     ; LEDR[10]    ; 7.465 ; 7.465 ; 7.465 ; 7.465 ;
; SW[12]     ; LEDR[11]    ; 7.554 ; 7.554 ; 7.554 ; 7.554 ;
; SW[12]     ; LEDR[12]    ; 7.569 ; 7.569 ; 7.569 ; 7.569 ;
; SW[12]     ; LEDR[13]    ; 7.844 ; 7.844 ; 7.844 ; 7.844 ;
; SW[12]     ; LEDR[14]    ; 7.458 ; 7.458 ; 7.458 ; 7.458 ;
; SW[12]     ; LEDR[15]    ; 7.275 ; 7.275 ; 7.275 ; 7.275 ;
; SW[13]     ; LEDR[8]     ; 7.407 ; 7.407 ; 7.407 ; 7.407 ;
; SW[13]     ; LEDR[9]     ; 7.468 ; 7.468 ; 7.468 ; 7.468 ;
; SW[13]     ; LEDR[10]    ; 7.719 ; 7.719 ; 7.719 ; 7.719 ;
; SW[13]     ; LEDR[11]    ; 7.808 ; 7.808 ; 7.808 ; 7.808 ;
; SW[13]     ; LEDR[12]    ; 7.823 ; 7.823 ; 7.823 ; 7.823 ;
; SW[13]     ; LEDR[13]    ; 8.098 ; 8.098 ; 8.098 ; 8.098 ;
; SW[13]     ; LEDR[14]    ; 7.712 ; 7.712 ; 7.712 ; 7.712 ;
; SW[13]     ; LEDR[15]    ; 7.529 ; 7.529 ; 7.529 ; 7.529 ;
; SW[14]     ; LEDR[8]     ; 7.372 ; 7.372 ; 7.372 ; 7.372 ;
; SW[14]     ; LEDR[9]     ; 7.433 ; 7.433 ; 7.433 ; 7.433 ;
; SW[14]     ; LEDR[10]    ; 7.684 ; 7.684 ; 7.684 ; 7.684 ;
; SW[14]     ; LEDR[11]    ; 7.773 ; 7.773 ; 7.773 ; 7.773 ;
; SW[14]     ; LEDR[12]    ; 7.788 ; 7.788 ; 7.788 ; 7.788 ;
; SW[14]     ; LEDR[13]    ; 8.063 ; 8.063 ; 8.063 ; 8.063 ;
; SW[14]     ; LEDR[14]    ; 7.677 ; 7.677 ; 7.677 ; 7.677 ;
; SW[14]     ; LEDR[15]    ; 7.494 ; 7.494 ; 7.494 ; 7.494 ;
; SW[15]     ; LEDR[8]     ; 7.646 ; 7.646 ; 7.646 ; 7.646 ;
; SW[15]     ; LEDR[9]     ; 7.707 ; 7.707 ; 7.707 ; 7.707 ;
; SW[15]     ; LEDR[10]    ; 7.958 ; 7.958 ; 7.958 ; 7.958 ;
; SW[15]     ; LEDR[11]    ; 8.047 ; 8.047 ; 8.047 ; 8.047 ;
; SW[15]     ; LEDR[12]    ; 8.062 ; 8.062 ; 8.062 ; 8.062 ;
; SW[15]     ; LEDR[13]    ; 8.337 ; 8.337 ; 8.337 ; 8.337 ;
; SW[15]     ; LEDR[14]    ; 7.951 ; 7.951 ; 7.951 ; 7.951 ;
; SW[15]     ; LEDR[15]    ; 7.768 ; 7.768 ; 7.768 ; 7.768 ;
; SW[16]     ; LEDR[8]     ; 7.469 ; 7.469 ; 7.469 ; 7.469 ;
; SW[16]     ; LEDR[9]     ; 7.530 ; 7.530 ; 7.530 ; 7.530 ;
; SW[16]     ; LEDR[10]    ; 7.781 ; 7.781 ; 7.781 ; 7.781 ;
; SW[16]     ; LEDR[11]    ; 7.870 ; 7.870 ; 7.870 ; 7.870 ;
; SW[16]     ; LEDR[12]    ; 7.885 ; 7.885 ; 7.885 ; 7.885 ;
; SW[16]     ; LEDR[13]    ; 8.160 ; 8.160 ; 8.160 ; 8.160 ;
; SW[16]     ; LEDR[14]    ; 7.774 ; 7.774 ; 7.774 ; 7.774 ;
; SW[16]     ; LEDR[15]    ; 7.591 ; 7.591 ; 7.591 ; 7.591 ;
+------------+-------------+-------+-------+-------+-------+


+----------------------------------------------------------+
; Minimum Propagation Delay                                ;
+------------+-------------+-------+-------+-------+-------+
; Input Port ; Output Port ; RR    ; RF    ; FR    ; FF    ;
+------------+-------------+-------+-------+-------+-------+
; SW[0]      ; LEDR[0]     ; 2.677 ;       ;       ; 2.677 ;
; SW[0]      ; LEDR[8]     ; 4.093 ; 4.093 ; 4.093 ; 4.093 ;
; SW[0]      ; LEDR[9]     ; 3.875 ; 3.875 ; 3.875 ; 3.875 ;
; SW[0]      ; LEDR[10]    ; 3.775 ; 3.775 ; 3.775 ; 3.775 ;
; SW[0]      ; LEDR[11]    ; 3.858 ; 3.858 ; 3.858 ; 3.858 ;
; SW[0]      ; LEDR[12]    ; 4.715 ; 4.715 ; 4.715 ; 4.715 ;
; SW[0]      ; LEDR[13]    ; 4.373 ; 4.373 ; 4.373 ; 4.373 ;
; SW[0]      ; LEDR[14]    ; 4.604 ; 4.604 ; 4.604 ; 4.604 ;
; SW[0]      ; LEDR[15]    ; 4.219 ; 4.219 ; 4.219 ; 4.219 ;
; SW[1]      ; LEDR[1]     ; 2.672 ;       ;       ; 2.672 ;
; SW[1]      ; LEDR[8]     ; 4.635 ; 4.635 ; 4.635 ; 4.635 ;
; SW[1]      ; LEDR[9]     ; 4.153 ; 4.153 ; 4.153 ; 4.153 ;
; SW[1]      ; LEDR[10]    ; 4.071 ; 4.071 ; 4.071 ; 4.071 ;
; SW[1]      ; LEDR[11]    ; 4.154 ; 4.154 ; 4.154 ; 4.154 ;
; SW[1]      ; LEDR[12]    ; 4.058 ; 4.058 ; 4.058 ; 4.058 ;
; SW[1]      ; LEDR[13]    ; 3.941 ; 3.941 ; 3.941 ; 3.941 ;
; SW[1]      ; LEDR[14]    ; 4.250 ; 4.250 ; 4.250 ; 4.250 ;
; SW[1]      ; LEDR[15]    ; 4.525 ; 4.525 ; 4.525 ; 4.525 ;
; SW[2]      ; LEDR[2]     ; 4.919 ;       ;       ; 4.919 ;
; SW[2]      ; LEDR[8]     ; 6.499 ; 6.499 ; 6.499 ; 6.499 ;
; SW[2]      ; LEDR[9]     ; 6.566 ; 6.566 ; 6.566 ; 6.566 ;
; SW[2]      ; LEDR[10]    ; 6.063 ; 6.063 ; 6.063 ; 6.063 ;
; SW[2]      ; LEDR[11]    ; 6.064 ; 6.064 ; 6.064 ; 6.064 ;
; SW[2]      ; LEDR[12]    ; 5.861 ; 5.861 ; 5.861 ; 5.861 ;
; SW[2]      ; LEDR[13]    ; 5.744 ; 5.744 ; 5.744 ; 5.744 ;
; SW[2]      ; LEDR[14]    ; 5.764 ; 5.764 ; 5.764 ; 5.764 ;
; SW[2]      ; LEDR[15]    ; 6.222 ; 6.222 ; 6.222 ; 6.222 ;
; SW[3]      ; LEDR[3]     ; 4.627 ;       ;       ; 4.627 ;
; SW[3]      ; LEDR[8]     ; 6.851 ; 6.851 ; 6.851 ; 6.851 ;
; SW[3]      ; LEDR[9]     ; 6.918 ; 6.918 ; 6.918 ; 6.918 ;
; SW[3]      ; LEDR[10]    ; 7.159 ; 7.159 ; 7.159 ; 7.159 ;
; SW[3]      ; LEDR[11]    ; 6.352 ; 6.352 ; 6.352 ; 6.352 ;
; SW[3]      ; LEDR[12]    ; 6.194 ; 6.194 ; 6.194 ; 6.194 ;
; SW[3]      ; LEDR[13]    ; 6.076 ; 6.076 ; 6.076 ; 6.076 ;
; SW[3]      ; LEDR[14]    ; 6.193 ; 6.193 ; 6.193 ; 6.193 ;
; SW[3]      ; LEDR[15]    ; 6.653 ; 6.653 ; 6.653 ; 6.653 ;
; SW[4]      ; LEDR[4]     ; 5.008 ;       ;       ; 5.008 ;
; SW[4]      ; LEDR[8]     ; 6.312 ; 6.312 ; 6.312 ; 6.312 ;
; SW[4]      ; LEDR[9]     ; 6.373 ; 6.373 ; 6.373 ; 6.373 ;
; SW[4]      ; LEDR[10]    ; 6.624 ; 6.624 ; 6.624 ; 6.624 ;
; SW[4]      ; LEDR[11]    ; 6.713 ; 6.713 ; 6.713 ; 6.713 ;
; SW[4]      ; LEDR[12]    ; 6.157 ; 6.157 ; 6.157 ; 6.157 ;
; SW[4]      ; LEDR[13]    ; 5.815 ; 5.815 ; 5.815 ; 5.815 ;
; SW[4]      ; LEDR[14]    ; 5.906 ; 5.906 ; 5.906 ; 5.906 ;
; SW[4]      ; LEDR[15]    ; 5.906 ; 5.906 ; 5.906 ; 5.906 ;
; SW[5]      ; LEDR[5]     ; 5.075 ;       ;       ; 5.075 ;
; SW[5]      ; LEDR[8]     ; 6.419 ; 6.419 ; 6.419 ; 6.419 ;
; SW[5]      ; LEDR[9]     ; 6.480 ; 6.480 ; 6.480 ; 6.480 ;
; SW[5]      ; LEDR[10]    ; 6.593 ; 6.593 ; 6.593 ; 6.593 ;
; SW[5]      ; LEDR[11]    ; 6.820 ; 6.820 ; 6.820 ; 6.820 ;
; SW[5]      ; LEDR[12]    ; 6.835 ; 6.835 ; 6.835 ; 6.835 ;
; SW[5]      ; LEDR[13]    ; 6.017 ; 6.017 ; 6.017 ; 6.017 ;
; SW[5]      ; LEDR[14]    ; 6.053 ; 6.053 ; 6.053 ; 6.053 ;
; SW[5]      ; LEDR[15]    ; 6.013 ; 6.013 ; 6.013 ; 6.013 ;
; SW[6]      ; LEDR[6]     ; 4.878 ;       ;       ; 4.878 ;
; SW[6]      ; LEDR[8]     ; 6.248 ; 6.248 ; 6.248 ; 6.248 ;
; SW[6]      ; LEDR[9]     ; 5.909 ; 5.909 ; 5.909 ; 5.909 ;
; SW[6]      ; LEDR[10]    ; 6.176 ; 6.176 ; 6.176 ; 6.176 ;
; SW[6]      ; LEDR[11]    ; 6.473 ; 6.473 ; 6.473 ; 6.473 ;
; SW[6]      ; LEDR[12]    ; 6.847 ; 6.847 ; 6.847 ; 6.847 ;
; SW[6]      ; LEDR[13]    ; 6.873 ; 6.873 ; 6.873 ; 6.873 ;
; SW[6]      ; LEDR[14]    ; 6.670 ; 6.670 ; 6.670 ; 6.670 ;
; SW[6]      ; LEDR[15]    ; 6.304 ; 6.304 ; 6.304 ; 6.304 ;
; SW[7]      ; LEDR[7]     ; 5.057 ;       ;       ; 5.057 ;
; SW[7]      ; LEDR[8]     ; 5.960 ; 5.960 ; 5.960 ; 5.960 ;
; SW[7]      ; LEDR[9]     ; 5.810 ; 5.810 ; 5.810 ; 5.810 ;
; SW[7]      ; LEDR[10]    ; 5.954 ; 5.954 ; 5.954 ; 5.954 ;
; SW[7]      ; LEDR[11]    ; 6.099 ; 6.099 ; 6.099 ; 6.099 ;
; SW[7]      ; LEDR[12]    ; 6.629 ; 6.629 ; 6.629 ; 6.629 ;
; SW[7]      ; LEDR[13]    ; 6.651 ; 6.651 ; 6.651 ; 6.651 ;
; SW[7]      ; LEDR[14]    ; 6.518 ; 6.518 ; 6.518 ; 6.518 ;
; SW[7]      ; LEDR[15]    ; 6.086 ; 6.086 ; 6.086 ; 6.086 ;
; SW[8]      ; LEDR[8]     ; 5.707 ; 5.707 ; 5.707 ; 5.707 ;
; SW[8]      ; LEDR[9]     ; 5.557 ; 5.557 ; 5.557 ; 5.557 ;
; SW[8]      ; LEDR[10]    ; 5.701 ; 5.701 ; 5.701 ; 5.701 ;
; SW[8]      ; LEDR[11]    ; 5.847 ; 5.847 ; 5.847 ; 5.847 ;
; SW[8]      ; LEDR[12]    ; 6.075 ; 6.075 ; 6.075 ; 6.075 ;
; SW[8]      ; LEDR[13]    ; 5.957 ; 5.957 ; 5.957 ; 5.957 ;
; SW[8]      ; LEDR[14]    ; 6.074 ; 6.074 ; 6.074 ; 6.074 ;
; SW[8]      ; LEDR[15]    ; 5.833 ; 5.833 ; 5.833 ; 5.833 ;
; SW[9]      ; LEDR[8]     ; 6.402 ; 6.402 ; 6.402 ; 6.402 ;
; SW[9]      ; LEDR[9]     ; 6.218 ; 6.218 ; 6.218 ; 6.218 ;
; SW[9]      ; LEDR[10]    ; 6.106 ; 6.106 ; 6.106 ; 6.106 ;
; SW[9]      ; LEDR[11]    ; 6.189 ; 6.189 ; 6.189 ; 6.189 ;
; SW[9]      ; LEDR[12]    ; 6.245 ; 6.245 ; 6.245 ; 6.245 ;
; SW[9]      ; LEDR[13]    ; 5.903 ; 5.903 ; 5.903 ; 5.903 ;
; SW[9]      ; LEDR[14]    ; 5.994 ; 5.994 ; 5.994 ; 5.994 ;
; SW[9]      ; LEDR[15]    ; 5.996 ; 5.996 ; 5.996 ; 5.996 ;
; SW[10]     ; LEDR[8]     ; 6.234 ; 6.234 ; 6.234 ; 6.234 ;
; SW[10]     ; LEDR[9]     ; 6.150 ; 6.150 ; 6.150 ; 6.150 ;
; SW[10]     ; LEDR[10]    ; 6.068 ; 6.068 ; 6.068 ; 6.068 ;
; SW[10]     ; LEDR[11]    ; 6.151 ; 6.151 ; 6.151 ; 6.151 ;
; SW[10]     ; LEDR[12]    ; 6.060 ; 6.060 ; 6.060 ; 6.060 ;
; SW[10]     ; LEDR[13]    ; 5.836 ; 5.836 ; 5.836 ; 5.836 ;
; SW[10]     ; LEDR[14]    ; 5.868 ; 5.868 ; 5.868 ; 5.868 ;
; SW[10]     ; LEDR[15]    ; 5.828 ; 5.828 ; 5.828 ; 5.828 ;
; SW[11]     ; LEDR[8]     ; 6.054 ; 6.054 ; 6.054 ; 6.054 ;
; SW[11]     ; LEDR[9]     ; 5.715 ; 5.715 ; 5.715 ; 5.715 ;
; SW[11]     ; LEDR[10]    ; 5.842 ; 5.842 ; 5.842 ; 5.842 ;
; SW[11]     ; LEDR[11]    ; 5.843 ; 5.843 ; 5.843 ; 5.843 ;
; SW[11]     ; LEDR[12]    ; 5.873 ; 5.873 ; 5.873 ; 5.873 ;
; SW[11]     ; LEDR[13]    ; 5.756 ; 5.756 ; 5.756 ; 5.756 ;
; SW[11]     ; LEDR[14]    ; 5.775 ; 5.775 ; 5.775 ; 5.775 ;
; SW[11]     ; LEDR[15]    ; 6.110 ; 6.110 ; 6.110 ; 6.110 ;
; SW[12]     ; LEDR[8]     ; 5.961 ; 5.961 ; 5.961 ; 5.961 ;
; SW[12]     ; LEDR[9]     ; 6.029 ; 6.029 ; 6.029 ; 6.029 ;
; SW[12]     ; LEDR[10]    ; 6.125 ; 6.125 ; 6.125 ; 6.125 ;
; SW[12]     ; LEDR[11]    ; 6.369 ; 6.369 ; 6.369 ; 6.369 ;
; SW[12]     ; LEDR[12]    ; 5.769 ; 5.769 ; 5.769 ; 5.769 ;
; SW[12]     ; LEDR[13]    ; 5.652 ; 5.652 ; 5.652 ; 5.652 ;
; SW[12]     ; LEDR[14]    ; 5.846 ; 5.846 ; 5.846 ; 5.846 ;
; SW[12]     ; LEDR[15]    ; 5.803 ; 5.803 ; 5.803 ; 5.803 ;
; SW[13]     ; LEDR[8]     ; 6.408 ; 6.408 ; 6.408 ; 6.408 ;
; SW[13]     ; LEDR[9]     ; 6.221 ; 6.221 ; 6.221 ; 6.221 ;
; SW[13]     ; LEDR[10]    ; 6.125 ; 6.125 ; 6.125 ; 6.125 ;
; SW[13]     ; LEDR[11]    ; 6.208 ; 6.208 ; 6.208 ; 6.208 ;
; SW[13]     ; LEDR[12]    ; 6.249 ; 6.249 ; 6.249 ; 6.249 ;
; SW[13]     ; LEDR[13]    ; 5.907 ; 5.907 ; 5.907 ; 5.907 ;
; SW[13]     ; LEDR[14]    ; 5.998 ; 5.998 ; 5.998 ; 5.998 ;
; SW[13]     ; LEDR[15]    ; 6.002 ; 6.002 ; 6.002 ; 6.002 ;
; SW[14]     ; LEDR[8]     ; 6.286 ; 6.286 ; 6.286 ; 6.286 ;
; SW[14]     ; LEDR[9]     ; 6.326 ; 6.326 ; 6.326 ; 6.326 ;
; SW[14]     ; LEDR[10]    ; 6.244 ; 6.244 ; 6.244 ; 6.244 ;
; SW[14]     ; LEDR[11]    ; 6.327 ; 6.327 ; 6.327 ; 6.327 ;
; SW[14]     ; LEDR[12]    ; 6.231 ; 6.231 ; 6.231 ; 6.231 ;
; SW[14]     ; LEDR[13]    ; 6.077 ; 6.077 ; 6.077 ; 6.077 ;
; SW[14]     ; LEDR[14]    ; 6.114 ; 6.114 ; 6.114 ; 6.114 ;
; SW[14]     ; LEDR[15]    ; 5.880 ; 5.880 ; 5.880 ; 5.880 ;
; SW[15]     ; LEDR[8]     ; 6.017 ; 6.017 ; 6.017 ; 6.017 ;
; SW[15]     ; LEDR[9]     ; 5.678 ; 5.678 ; 5.678 ; 5.678 ;
; SW[15]     ; LEDR[10]    ; 5.901 ; 5.901 ; 5.901 ; 5.901 ;
; SW[15]     ; LEDR[11]    ; 5.902 ; 5.902 ; 5.902 ; 5.902 ;
; SW[15]     ; LEDR[12]    ; 5.836 ; 5.836 ; 5.836 ; 5.836 ;
; SW[15]     ; LEDR[13]    ; 5.719 ; 5.719 ; 5.719 ; 5.719 ;
; SW[15]     ; LEDR[14]    ; 5.740 ; 5.740 ; 5.740 ; 5.740 ;
; SW[15]     ; LEDR[15]    ; 6.073 ; 6.073 ; 6.073 ; 6.073 ;
; SW[16]     ; LEDR[8]     ; 5.847 ; 5.847 ; 5.847 ; 5.847 ;
; SW[16]     ; LEDR[9]     ; 5.697 ; 5.697 ; 5.697 ; 5.697 ;
; SW[16]     ; LEDR[10]    ; 5.841 ; 5.841 ; 5.841 ; 5.841 ;
; SW[16]     ; LEDR[11]    ; 6.000 ; 6.000 ; 6.000 ; 6.000 ;
; SW[16]     ; LEDR[12]    ; 6.102 ; 6.102 ; 6.102 ; 6.102 ;
; SW[16]     ; LEDR[13]    ; 5.984 ; 5.984 ; 5.984 ; 5.984 ;
; SW[16]     ; LEDR[14]    ; 6.101 ; 6.101 ; 6.101 ; 6.101 ;
; SW[16]     ; LEDR[15]    ; 5.973 ; 5.973 ; 5.973 ; 5.973 ;
+------------+-------------+-------+-------+-------+-------+


+----------------------------------------------------------------------------+
; Multicorner Timing Analysis Summary                                        ;
+------------------+-------+------+----------+---------+---------------------+
; Clock            ; Setup ; Hold ; Recovery ; Removal ; Minimum Pulse Width ;
+------------------+-------+------+----------+---------+---------------------+
; Worst-case Slack ; N/A   ; N/A  ; N/A      ; N/A     ; N/A                 ;
; Design-wide TNS  ; 0.0   ; 0.0  ; 0.0      ; 0.0     ; 0.0                 ;
+------------------+-------+------+----------+---------+---------------------+


+--------------------------------------------------------------+
; Progagation Delay                                            ;
+------------+-------------+--------+--------+--------+--------+
; Input Port ; Output Port ; RR     ; RF     ; FR     ; FF     ;
+------------+-------------+--------+--------+--------+--------+
; SW[0]      ; LEDR[0]     ; 4.985  ;        ;        ; 4.985  ;
; SW[0]      ; LEDR[8]     ; 10.497 ; 10.497 ; 10.497 ; 10.497 ;
; SW[0]      ; LEDR[9]     ; 10.674 ; 10.674 ; 10.674 ; 10.674 ;
; SW[0]      ; LEDR[10]    ; 11.193 ; 11.193 ; 11.193 ; 11.193 ;
; SW[0]      ; LEDR[11]    ; 11.404 ; 11.404 ; 11.404 ; 11.404 ;
; SW[0]      ; LEDR[12]    ; 11.458 ; 11.458 ; 11.458 ; 11.458 ;
; SW[0]      ; LEDR[13]    ; 12.103 ; 12.103 ; 12.103 ; 12.103 ;
; SW[0]      ; LEDR[14]    ; 11.223 ; 11.223 ; 11.223 ; 11.223 ;
; SW[0]      ; LEDR[15]    ; 10.790 ; 10.790 ; 10.790 ; 10.790 ;
; SW[1]      ; LEDR[1]     ; 4.968  ;        ;        ; 4.968  ;
; SW[1]      ; LEDR[8]     ; 10.599 ; 10.599 ; 10.599 ; 10.599 ;
; SW[1]      ; LEDR[9]     ; 10.776 ; 10.776 ; 10.776 ; 10.776 ;
; SW[1]      ; LEDR[10]    ; 11.295 ; 11.295 ; 11.295 ; 11.295 ;
; SW[1]      ; LEDR[11]    ; 11.506 ; 11.506 ; 11.506 ; 11.506 ;
; SW[1]      ; LEDR[12]    ; 11.560 ; 11.560 ; 11.560 ; 11.560 ;
; SW[1]      ; LEDR[13]    ; 12.205 ; 12.205 ; 12.205 ; 12.205 ;
; SW[1]      ; LEDR[14]    ; 11.325 ; 11.325 ; 11.325 ; 11.325 ;
; SW[1]      ; LEDR[15]    ; 10.892 ; 10.892 ; 10.892 ; 10.892 ;
; SW[2]      ; LEDR[2]     ; 8.591  ;        ;        ; 8.591  ;
; SW[2]      ; LEDR[8]     ; 13.748 ; 13.748 ; 13.748 ; 13.748 ;
; SW[2]      ; LEDR[9]     ; 13.925 ; 13.925 ; 13.925 ; 13.925 ;
; SW[2]      ; LEDR[10]    ; 14.444 ; 14.444 ; 14.444 ; 14.444 ;
; SW[2]      ; LEDR[11]    ; 14.655 ; 14.655 ; 14.655 ; 14.655 ;
; SW[2]      ; LEDR[12]    ; 14.709 ; 14.709 ; 14.709 ; 14.709 ;
; SW[2]      ; LEDR[13]    ; 15.354 ; 15.354 ; 15.354 ; 15.354 ;
; SW[2]      ; LEDR[14]    ; 14.474 ; 14.474 ; 14.474 ; 14.474 ;
; SW[2]      ; LEDR[15]    ; 14.041 ; 14.041 ; 14.041 ; 14.041 ;
; SW[3]      ; LEDR[3]     ; 7.983  ;        ;        ; 7.983  ;
; SW[3]      ; LEDR[8]     ; 14.554 ; 14.554 ; 14.554 ; 14.554 ;
; SW[3]      ; LEDR[9]     ; 14.731 ; 14.731 ; 14.731 ; 14.731 ;
; SW[3]      ; LEDR[10]    ; 15.250 ; 15.250 ; 15.250 ; 15.250 ;
; SW[3]      ; LEDR[11]    ; 15.461 ; 15.461 ; 15.461 ; 15.461 ;
; SW[3]      ; LEDR[12]    ; 15.515 ; 15.515 ; 15.515 ; 15.515 ;
; SW[3]      ; LEDR[13]    ; 16.160 ; 16.160 ; 16.160 ; 16.160 ;
; SW[3]      ; LEDR[14]    ; 15.280 ; 15.280 ; 15.280 ; 15.280 ;
; SW[3]      ; LEDR[15]    ; 14.847 ; 14.847 ; 14.847 ; 14.847 ;
; SW[4]      ; LEDR[4]     ; 8.819  ;        ;        ; 8.819  ;
; SW[4]      ; LEDR[8]     ; 13.855 ; 13.855 ; 13.855 ; 13.855 ;
; SW[4]      ; LEDR[9]     ; 14.032 ; 14.032 ; 14.032 ; 14.032 ;
; SW[4]      ; LEDR[10]    ; 14.551 ; 14.551 ; 14.551 ; 14.551 ;
; SW[4]      ; LEDR[11]    ; 14.762 ; 14.762 ; 14.762 ; 14.762 ;
; SW[4]      ; LEDR[12]    ; 14.816 ; 14.816 ; 14.816 ; 14.816 ;
; SW[4]      ; LEDR[13]    ; 15.461 ; 15.461 ; 15.461 ; 15.461 ;
; SW[4]      ; LEDR[14]    ; 14.581 ; 14.581 ; 14.581 ; 14.581 ;
; SW[4]      ; LEDR[15]    ; 14.148 ; 14.148 ; 14.148 ; 14.148 ;
; SW[5]      ; LEDR[5]     ; 8.889  ;        ;        ; 8.889  ;
; SW[5]      ; LEDR[8]     ; 14.160 ; 14.160 ; 14.160 ; 14.160 ;
; SW[5]      ; LEDR[9]     ; 14.337 ; 14.337 ; 14.337 ; 14.337 ;
; SW[5]      ; LEDR[10]    ; 14.856 ; 14.856 ; 14.856 ; 14.856 ;
; SW[5]      ; LEDR[11]    ; 15.067 ; 15.067 ; 15.067 ; 15.067 ;
; SW[5]      ; LEDR[12]    ; 15.121 ; 15.121 ; 15.121 ; 15.121 ;
; SW[5]      ; LEDR[13]    ; 15.766 ; 15.766 ; 15.766 ; 15.766 ;
; SW[5]      ; LEDR[14]    ; 14.886 ; 14.886 ; 14.886 ; 14.886 ;
; SW[5]      ; LEDR[15]    ; 14.453 ; 14.453 ; 14.453 ; 14.453 ;
; SW[6]      ; LEDR[6]     ; 8.547  ;        ;        ; 8.547  ;
; SW[6]      ; LEDR[8]     ; 15.488 ; 15.488 ; 15.488 ; 15.488 ;
; SW[6]      ; LEDR[9]     ; 15.665 ; 15.665 ; 15.665 ; 15.665 ;
; SW[6]      ; LEDR[10]    ; 16.184 ; 16.184 ; 16.184 ; 16.184 ;
; SW[6]      ; LEDR[11]    ; 16.395 ; 16.395 ; 16.395 ; 16.395 ;
; SW[6]      ; LEDR[12]    ; 16.449 ; 16.449 ; 16.449 ; 16.449 ;
; SW[6]      ; LEDR[13]    ; 17.094 ; 17.094 ; 17.094 ; 17.094 ;
; SW[6]      ; LEDR[14]    ; 16.214 ; 16.214 ; 16.214 ; 16.214 ;
; SW[6]      ; LEDR[15]    ; 15.781 ; 15.781 ; 15.781 ; 15.781 ;
; SW[7]      ; LEDR[7]     ; 8.889  ;        ;        ; 8.889  ;
; SW[7]      ; LEDR[8]     ; 14.240 ; 14.240 ; 14.240 ; 14.240 ;
; SW[7]      ; LEDR[9]     ; 14.417 ; 14.417 ; 14.417 ; 14.417 ;
; SW[7]      ; LEDR[10]    ; 14.936 ; 14.936 ; 14.936 ; 14.936 ;
; SW[7]      ; LEDR[11]    ; 15.147 ; 15.147 ; 15.147 ; 15.147 ;
; SW[7]      ; LEDR[12]    ; 15.201 ; 15.201 ; 15.201 ; 15.201 ;
; SW[7]      ; LEDR[13]    ; 15.846 ; 15.846 ; 15.846 ; 15.846 ;
; SW[7]      ; LEDR[14]    ; 14.966 ; 14.966 ; 14.966 ; 14.966 ;
; SW[7]      ; LEDR[15]    ; 14.533 ; 14.533 ; 14.533 ; 14.533 ;
; SW[8]      ; LEDR[8]     ; 14.446 ; 14.446 ; 14.446 ; 14.446 ;
; SW[8]      ; LEDR[9]     ; 14.623 ; 14.623 ; 14.623 ; 14.623 ;
; SW[8]      ; LEDR[10]    ; 15.142 ; 15.142 ; 15.142 ; 15.142 ;
; SW[8]      ; LEDR[11]    ; 15.353 ; 15.353 ; 15.353 ; 15.353 ;
; SW[8]      ; LEDR[12]    ; 15.407 ; 15.407 ; 15.407 ; 15.407 ;
; SW[8]      ; LEDR[13]    ; 16.052 ; 16.052 ; 16.052 ; 16.052 ;
; SW[8]      ; LEDR[14]    ; 15.172 ; 15.172 ; 15.172 ; 15.172 ;
; SW[8]      ; LEDR[15]    ; 14.739 ; 14.739 ; 14.739 ; 14.739 ;
; SW[9]      ; LEDR[8]     ; 14.344 ; 14.344 ; 14.344 ; 14.344 ;
; SW[9]      ; LEDR[9]     ; 14.521 ; 14.521 ; 14.521 ; 14.521 ;
; SW[9]      ; LEDR[10]    ; 15.040 ; 15.040 ; 15.040 ; 15.040 ;
; SW[9]      ; LEDR[11]    ; 15.251 ; 15.251 ; 15.251 ; 15.251 ;
; SW[9]      ; LEDR[12]    ; 15.305 ; 15.305 ; 15.305 ; 15.305 ;
; SW[9]      ; LEDR[13]    ; 15.950 ; 15.950 ; 15.950 ; 15.950 ;
; SW[9]      ; LEDR[14]    ; 15.070 ; 15.070 ; 15.070 ; 15.070 ;
; SW[9]      ; LEDR[15]    ; 14.637 ; 14.637 ; 14.637 ; 14.637 ;
; SW[10]     ; LEDR[8]     ; 13.777 ; 13.777 ; 13.777 ; 13.777 ;
; SW[10]     ; LEDR[9]     ; 13.954 ; 13.954 ; 13.954 ; 13.954 ;
; SW[10]     ; LEDR[10]    ; 14.473 ; 14.473 ; 14.473 ; 14.473 ;
; SW[10]     ; LEDR[11]    ; 14.684 ; 14.684 ; 14.684 ; 14.684 ;
; SW[10]     ; LEDR[12]    ; 14.738 ; 14.738 ; 14.738 ; 14.738 ;
; SW[10]     ; LEDR[13]    ; 15.383 ; 15.383 ; 15.383 ; 15.383 ;
; SW[10]     ; LEDR[14]    ; 14.503 ; 14.503 ; 14.503 ; 14.503 ;
; SW[10]     ; LEDR[15]    ; 14.070 ; 14.070 ; 14.070 ; 14.070 ;
; SW[11]     ; LEDR[8]     ; 15.047 ; 15.047 ; 15.047 ; 15.047 ;
; SW[11]     ; LEDR[9]     ; 15.224 ; 15.224 ; 15.224 ; 15.224 ;
; SW[11]     ; LEDR[10]    ; 15.743 ; 15.743 ; 15.743 ; 15.743 ;
; SW[11]     ; LEDR[11]    ; 15.954 ; 15.954 ; 15.954 ; 15.954 ;
; SW[11]     ; LEDR[12]    ; 16.008 ; 16.008 ; 16.008 ; 16.008 ;
; SW[11]     ; LEDR[13]    ; 16.653 ; 16.653 ; 16.653 ; 16.653 ;
; SW[11]     ; LEDR[14]    ; 15.773 ; 15.773 ; 15.773 ; 15.773 ;
; SW[11]     ; LEDR[15]    ; 15.340 ; 15.340 ; 15.340 ; 15.340 ;
; SW[12]     ; LEDR[8]     ; 13.759 ; 13.759 ; 13.759 ; 13.759 ;
; SW[12]     ; LEDR[9]     ; 13.936 ; 13.936 ; 13.936 ; 13.936 ;
; SW[12]     ; LEDR[10]    ; 14.455 ; 14.455 ; 14.455 ; 14.455 ;
; SW[12]     ; LEDR[11]    ; 14.666 ; 14.666 ; 14.666 ; 14.666 ;
; SW[12]     ; LEDR[12]    ; 14.720 ; 14.720 ; 14.720 ; 14.720 ;
; SW[12]     ; LEDR[13]    ; 15.365 ; 15.365 ; 15.365 ; 15.365 ;
; SW[12]     ; LEDR[14]    ; 14.485 ; 14.485 ; 14.485 ; 14.485 ;
; SW[12]     ; LEDR[15]    ; 14.052 ; 14.052 ; 14.052 ; 14.052 ;
; SW[13]     ; LEDR[8]     ; 14.334 ; 14.334 ; 14.334 ; 14.334 ;
; SW[13]     ; LEDR[9]     ; 14.511 ; 14.511 ; 14.511 ; 14.511 ;
; SW[13]     ; LEDR[10]    ; 15.030 ; 15.030 ; 15.030 ; 15.030 ;
; SW[13]     ; LEDR[11]    ; 15.241 ; 15.241 ; 15.241 ; 15.241 ;
; SW[13]     ; LEDR[12]    ; 15.295 ; 15.295 ; 15.295 ; 15.295 ;
; SW[13]     ; LEDR[13]    ; 15.940 ; 15.940 ; 15.940 ; 15.940 ;
; SW[13]     ; LEDR[14]    ; 15.060 ; 15.060 ; 15.060 ; 15.060 ;
; SW[13]     ; LEDR[15]    ; 14.627 ; 14.627 ; 14.627 ; 14.627 ;
; SW[14]     ; LEDR[8]     ; 14.301 ; 14.301 ; 14.301 ; 14.301 ;
; SW[14]     ; LEDR[9]     ; 14.478 ; 14.478 ; 14.478 ; 14.478 ;
; SW[14]     ; LEDR[10]    ; 14.997 ; 14.997 ; 14.997 ; 14.997 ;
; SW[14]     ; LEDR[11]    ; 15.208 ; 15.208 ; 15.208 ; 15.208 ;
; SW[14]     ; LEDR[12]    ; 15.262 ; 15.262 ; 15.262 ; 15.262 ;
; SW[14]     ; LEDR[13]    ; 15.907 ; 15.907 ; 15.907 ; 15.907 ;
; SW[14]     ; LEDR[14]    ; 15.027 ; 15.027 ; 15.027 ; 15.027 ;
; SW[14]     ; LEDR[15]    ; 14.594 ; 14.594 ; 14.594 ; 14.594 ;
; SW[15]     ; LEDR[8]     ; 14.918 ; 14.918 ; 14.918 ; 14.918 ;
; SW[15]     ; LEDR[9]     ; 15.095 ; 15.095 ; 15.095 ; 15.095 ;
; SW[15]     ; LEDR[10]    ; 15.614 ; 15.614 ; 15.614 ; 15.614 ;
; SW[15]     ; LEDR[11]    ; 15.825 ; 15.825 ; 15.825 ; 15.825 ;
; SW[15]     ; LEDR[12]    ; 15.879 ; 15.879 ; 15.879 ; 15.879 ;
; SW[15]     ; LEDR[13]    ; 16.524 ; 16.524 ; 16.524 ; 16.524 ;
; SW[15]     ; LEDR[14]    ; 15.644 ; 15.644 ; 15.644 ; 15.644 ;
; SW[15]     ; LEDR[15]    ; 15.211 ; 15.211 ; 15.211 ; 15.211 ;
; SW[16]     ; LEDR[8]     ; 14.523 ; 14.523 ; 14.523 ; 14.523 ;
; SW[16]     ; LEDR[9]     ; 14.700 ; 14.700 ; 14.700 ; 14.700 ;
; SW[16]     ; LEDR[10]    ; 15.219 ; 15.219 ; 15.219 ; 15.219 ;
; SW[16]     ; LEDR[11]    ; 15.430 ; 15.430 ; 15.430 ; 15.430 ;
; SW[16]     ; LEDR[12]    ; 15.484 ; 15.484 ; 15.484 ; 15.484 ;
; SW[16]     ; LEDR[13]    ; 16.129 ; 16.129 ; 16.129 ; 16.129 ;
; SW[16]     ; LEDR[14]    ; 15.249 ; 15.249 ; 15.249 ; 15.249 ;
; SW[16]     ; LEDR[15]    ; 14.816 ; 14.816 ; 14.816 ; 14.816 ;
+------------+-------------+--------+--------+--------+--------+


+----------------------------------------------------------+
; Minimum Progagation Delay                                ;
+------------+-------------+-------+-------+-------+-------+
; Input Port ; Output Port ; RR    ; RF    ; FR    ; FF    ;
+------------+-------------+-------+-------+-------+-------+
; SW[0]      ; LEDR[0]     ; 2.677 ;       ;       ; 2.677 ;
; SW[0]      ; LEDR[8]     ; 4.093 ; 4.093 ; 4.093 ; 4.093 ;
; SW[0]      ; LEDR[9]     ; 3.875 ; 3.875 ; 3.875 ; 3.875 ;
; SW[0]      ; LEDR[10]    ; 3.775 ; 3.775 ; 3.775 ; 3.775 ;
; SW[0]      ; LEDR[11]    ; 3.858 ; 3.858 ; 3.858 ; 3.858 ;
; SW[0]      ; LEDR[12]    ; 4.715 ; 4.715 ; 4.715 ; 4.715 ;
; SW[0]      ; LEDR[13]    ; 4.373 ; 4.373 ; 4.373 ; 4.373 ;
; SW[0]      ; LEDR[14]    ; 4.604 ; 4.604 ; 4.604 ; 4.604 ;
; SW[0]      ; LEDR[15]    ; 4.219 ; 4.219 ; 4.219 ; 4.219 ;
; SW[1]      ; LEDR[1]     ; 2.672 ;       ;       ; 2.672 ;
; SW[1]      ; LEDR[8]     ; 4.635 ; 4.635 ; 4.635 ; 4.635 ;
; SW[1]      ; LEDR[9]     ; 4.153 ; 4.153 ; 4.153 ; 4.153 ;
; SW[1]      ; LEDR[10]    ; 4.071 ; 4.071 ; 4.071 ; 4.071 ;
; SW[1]      ; LEDR[11]    ; 4.154 ; 4.154 ; 4.154 ; 4.154 ;
; SW[1]      ; LEDR[12]    ; 4.058 ; 4.058 ; 4.058 ; 4.058 ;
; SW[1]      ; LEDR[13]    ; 3.941 ; 3.941 ; 3.941 ; 3.941 ;
; SW[1]      ; LEDR[14]    ; 4.250 ; 4.250 ; 4.250 ; 4.250 ;
; SW[1]      ; LEDR[15]    ; 4.525 ; 4.525 ; 4.525 ; 4.525 ;
; SW[2]      ; LEDR[2]     ; 4.919 ;       ;       ; 4.919 ;
; SW[2]      ; LEDR[8]     ; 6.499 ; 6.499 ; 6.499 ; 6.499 ;
; SW[2]      ; LEDR[9]     ; 6.566 ; 6.566 ; 6.566 ; 6.566 ;
; SW[2]      ; LEDR[10]    ; 6.063 ; 6.063 ; 6.063 ; 6.063 ;
; SW[2]      ; LEDR[11]    ; 6.064 ; 6.064 ; 6.064 ; 6.064 ;
; SW[2]      ; LEDR[12]    ; 5.861 ; 5.861 ; 5.861 ; 5.861 ;
; SW[2]      ; LEDR[13]    ; 5.744 ; 5.744 ; 5.744 ; 5.744 ;
; SW[2]      ; LEDR[14]    ; 5.764 ; 5.764 ; 5.764 ; 5.764 ;
; SW[2]      ; LEDR[15]    ; 6.222 ; 6.222 ; 6.222 ; 6.222 ;
; SW[3]      ; LEDR[3]     ; 4.627 ;       ;       ; 4.627 ;
; SW[3]      ; LEDR[8]     ; 6.851 ; 6.851 ; 6.851 ; 6.851 ;
; SW[3]      ; LEDR[9]     ; 6.918 ; 6.918 ; 6.918 ; 6.918 ;
; SW[3]      ; LEDR[10]    ; 7.159 ; 7.159 ; 7.159 ; 7.159 ;
; SW[3]      ; LEDR[11]    ; 6.352 ; 6.352 ; 6.352 ; 6.352 ;
; SW[3]      ; LEDR[12]    ; 6.194 ; 6.194 ; 6.194 ; 6.194 ;
; SW[3]      ; LEDR[13]    ; 6.076 ; 6.076 ; 6.076 ; 6.076 ;
; SW[3]      ; LEDR[14]    ; 6.193 ; 6.193 ; 6.193 ; 6.193 ;
; SW[3]      ; LEDR[15]    ; 6.653 ; 6.653 ; 6.653 ; 6.653 ;
; SW[4]      ; LEDR[4]     ; 5.008 ;       ;       ; 5.008 ;
; SW[4]      ; LEDR[8]     ; 6.312 ; 6.312 ; 6.312 ; 6.312 ;
; SW[4]      ; LEDR[9]     ; 6.373 ; 6.373 ; 6.373 ; 6.373 ;
; SW[4]      ; LEDR[10]    ; 6.624 ; 6.624 ; 6.624 ; 6.624 ;
; SW[4]      ; LEDR[11]    ; 6.713 ; 6.713 ; 6.713 ; 6.713 ;
; SW[4]      ; LEDR[12]    ; 6.157 ; 6.157 ; 6.157 ; 6.157 ;
; SW[4]      ; LEDR[13]    ; 5.815 ; 5.815 ; 5.815 ; 5.815 ;
; SW[4]      ; LEDR[14]    ; 5.906 ; 5.906 ; 5.906 ; 5.906 ;
; SW[4]      ; LEDR[15]    ; 5.906 ; 5.906 ; 5.906 ; 5.906 ;
; SW[5]      ; LEDR[5]     ; 5.075 ;       ;       ; 5.075 ;
; SW[5]      ; LEDR[8]     ; 6.419 ; 6.419 ; 6.419 ; 6.419 ;
; SW[5]      ; LEDR[9]     ; 6.480 ; 6.480 ; 6.480 ; 6.480 ;
; SW[5]      ; LEDR[10]    ; 6.593 ; 6.593 ; 6.593 ; 6.593 ;
; SW[5]      ; LEDR[11]    ; 6.820 ; 6.820 ; 6.820 ; 6.820 ;
; SW[5]      ; LEDR[12]    ; 6.835 ; 6.835 ; 6.835 ; 6.835 ;
; SW[5]      ; LEDR[13]    ; 6.017 ; 6.017 ; 6.017 ; 6.017 ;
; SW[5]      ; LEDR[14]    ; 6.053 ; 6.053 ; 6.053 ; 6.053 ;
; SW[5]      ; LEDR[15]    ; 6.013 ; 6.013 ; 6.013 ; 6.013 ;
; SW[6]      ; LEDR[6]     ; 4.878 ;       ;       ; 4.878 ;
; SW[6]      ; LEDR[8]     ; 6.248 ; 6.248 ; 6.248 ; 6.248 ;
; SW[6]      ; LEDR[9]     ; 5.909 ; 5.909 ; 5.909 ; 5.909 ;
; SW[6]      ; LEDR[10]    ; 6.176 ; 6.176 ; 6.176 ; 6.176 ;
; SW[6]      ; LEDR[11]    ; 6.473 ; 6.473 ; 6.473 ; 6.473 ;
; SW[6]      ; LEDR[12]    ; 6.847 ; 6.847 ; 6.847 ; 6.847 ;
; SW[6]      ; LEDR[13]    ; 6.873 ; 6.873 ; 6.873 ; 6.873 ;
; SW[6]      ; LEDR[14]    ; 6.670 ; 6.670 ; 6.670 ; 6.670 ;
; SW[6]      ; LEDR[15]    ; 6.304 ; 6.304 ; 6.304 ; 6.304 ;
; SW[7]      ; LEDR[7]     ; 5.057 ;       ;       ; 5.057 ;
; SW[7]      ; LEDR[8]     ; 5.960 ; 5.960 ; 5.960 ; 5.960 ;
; SW[7]      ; LEDR[9]     ; 5.810 ; 5.810 ; 5.810 ; 5.810 ;
; SW[7]      ; LEDR[10]    ; 5.954 ; 5.954 ; 5.954 ; 5.954 ;
; SW[7]      ; LEDR[11]    ; 6.099 ; 6.099 ; 6.099 ; 6.099 ;
; SW[7]      ; LEDR[12]    ; 6.629 ; 6.629 ; 6.629 ; 6.629 ;
; SW[7]      ; LEDR[13]    ; 6.651 ; 6.651 ; 6.651 ; 6.651 ;
; SW[7]      ; LEDR[14]    ; 6.518 ; 6.518 ; 6.518 ; 6.518 ;
; SW[7]      ; LEDR[15]    ; 6.086 ; 6.086 ; 6.086 ; 6.086 ;
; SW[8]      ; LEDR[8]     ; 5.707 ; 5.707 ; 5.707 ; 5.707 ;
; SW[8]      ; LEDR[9]     ; 5.557 ; 5.557 ; 5.557 ; 5.557 ;
; SW[8]      ; LEDR[10]    ; 5.701 ; 5.701 ; 5.701 ; 5.701 ;
; SW[8]      ; LEDR[11]    ; 5.847 ; 5.847 ; 5.847 ; 5.847 ;
; SW[8]      ; LEDR[12]    ; 6.075 ; 6.075 ; 6.075 ; 6.075 ;
; SW[8]      ; LEDR[13]    ; 5.957 ; 5.957 ; 5.957 ; 5.957 ;
; SW[8]      ; LEDR[14]    ; 6.074 ; 6.074 ; 6.074 ; 6.074 ;
; SW[8]      ; LEDR[15]    ; 5.833 ; 5.833 ; 5.833 ; 5.833 ;
; SW[9]      ; LEDR[8]     ; 6.402 ; 6.402 ; 6.402 ; 6.402 ;
; SW[9]      ; LEDR[9]     ; 6.218 ; 6.218 ; 6.218 ; 6.218 ;
; SW[9]      ; LEDR[10]    ; 6.106 ; 6.106 ; 6.106 ; 6.106 ;
; SW[9]      ; LEDR[11]    ; 6.189 ; 6.189 ; 6.189 ; 6.189 ;
; SW[9]      ; LEDR[12]    ; 6.245 ; 6.245 ; 6.245 ; 6.245 ;
; SW[9]      ; LEDR[13]    ; 5.903 ; 5.903 ; 5.903 ; 5.903 ;
; SW[9]      ; LEDR[14]    ; 5.994 ; 5.994 ; 5.994 ; 5.994 ;
; SW[9]      ; LEDR[15]    ; 5.996 ; 5.996 ; 5.996 ; 5.996 ;
; SW[10]     ; LEDR[8]     ; 6.234 ; 6.234 ; 6.234 ; 6.234 ;
; SW[10]     ; LEDR[9]     ; 6.150 ; 6.150 ; 6.150 ; 6.150 ;
; SW[10]     ; LEDR[10]    ; 6.068 ; 6.068 ; 6.068 ; 6.068 ;
; SW[10]     ; LEDR[11]    ; 6.151 ; 6.151 ; 6.151 ; 6.151 ;
; SW[10]     ; LEDR[12]    ; 6.060 ; 6.060 ; 6.060 ; 6.060 ;
; SW[10]     ; LEDR[13]    ; 5.836 ; 5.836 ; 5.836 ; 5.836 ;
; SW[10]     ; LEDR[14]    ; 5.868 ; 5.868 ; 5.868 ; 5.868 ;
; SW[10]     ; LEDR[15]    ; 5.828 ; 5.828 ; 5.828 ; 5.828 ;
; SW[11]     ; LEDR[8]     ; 6.054 ; 6.054 ; 6.054 ; 6.054 ;
; SW[11]     ; LEDR[9]     ; 5.715 ; 5.715 ; 5.715 ; 5.715 ;
; SW[11]     ; LEDR[10]    ; 5.842 ; 5.842 ; 5.842 ; 5.842 ;
; SW[11]     ; LEDR[11]    ; 5.843 ; 5.843 ; 5.843 ; 5.843 ;
; SW[11]     ; LEDR[12]    ; 5.873 ; 5.873 ; 5.873 ; 5.873 ;
; SW[11]     ; LEDR[13]    ; 5.756 ; 5.756 ; 5.756 ; 5.756 ;
; SW[11]     ; LEDR[14]    ; 5.775 ; 5.775 ; 5.775 ; 5.775 ;
; SW[11]     ; LEDR[15]    ; 6.110 ; 6.110 ; 6.110 ; 6.110 ;
; SW[12]     ; LEDR[8]     ; 5.961 ; 5.961 ; 5.961 ; 5.961 ;
; SW[12]     ; LEDR[9]     ; 6.029 ; 6.029 ; 6.029 ; 6.029 ;
; SW[12]     ; LEDR[10]    ; 6.125 ; 6.125 ; 6.125 ; 6.125 ;
; SW[12]     ; LEDR[11]    ; 6.369 ; 6.369 ; 6.369 ; 6.369 ;
; SW[12]     ; LEDR[12]    ; 5.769 ; 5.769 ; 5.769 ; 5.769 ;
; SW[12]     ; LEDR[13]    ; 5.652 ; 5.652 ; 5.652 ; 5.652 ;
; SW[12]     ; LEDR[14]    ; 5.846 ; 5.846 ; 5.846 ; 5.846 ;
; SW[12]     ; LEDR[15]    ; 5.803 ; 5.803 ; 5.803 ; 5.803 ;
; SW[13]     ; LEDR[8]     ; 6.408 ; 6.408 ; 6.408 ; 6.408 ;
; SW[13]     ; LEDR[9]     ; 6.221 ; 6.221 ; 6.221 ; 6.221 ;
; SW[13]     ; LEDR[10]    ; 6.125 ; 6.125 ; 6.125 ; 6.125 ;
; SW[13]     ; LEDR[11]    ; 6.208 ; 6.208 ; 6.208 ; 6.208 ;
; SW[13]     ; LEDR[12]    ; 6.249 ; 6.249 ; 6.249 ; 6.249 ;
; SW[13]     ; LEDR[13]    ; 5.907 ; 5.907 ; 5.907 ; 5.907 ;
; SW[13]     ; LEDR[14]    ; 5.998 ; 5.998 ; 5.998 ; 5.998 ;
; SW[13]     ; LEDR[15]    ; 6.002 ; 6.002 ; 6.002 ; 6.002 ;
; SW[14]     ; LEDR[8]     ; 6.286 ; 6.286 ; 6.286 ; 6.286 ;
; SW[14]     ; LEDR[9]     ; 6.326 ; 6.326 ; 6.326 ; 6.326 ;
; SW[14]     ; LEDR[10]    ; 6.244 ; 6.244 ; 6.244 ; 6.244 ;
; SW[14]     ; LEDR[11]    ; 6.327 ; 6.327 ; 6.327 ; 6.327 ;
; SW[14]     ; LEDR[12]    ; 6.231 ; 6.231 ; 6.231 ; 6.231 ;
; SW[14]     ; LEDR[13]    ; 6.077 ; 6.077 ; 6.077 ; 6.077 ;
; SW[14]     ; LEDR[14]    ; 6.114 ; 6.114 ; 6.114 ; 6.114 ;
; SW[14]     ; LEDR[15]    ; 5.880 ; 5.880 ; 5.880 ; 5.880 ;
; SW[15]     ; LEDR[8]     ; 6.017 ; 6.017 ; 6.017 ; 6.017 ;
; SW[15]     ; LEDR[9]     ; 5.678 ; 5.678 ; 5.678 ; 5.678 ;
; SW[15]     ; LEDR[10]    ; 5.901 ; 5.901 ; 5.901 ; 5.901 ;
; SW[15]     ; LEDR[11]    ; 5.902 ; 5.902 ; 5.902 ; 5.902 ;
; SW[15]     ; LEDR[12]    ; 5.836 ; 5.836 ; 5.836 ; 5.836 ;
; SW[15]     ; LEDR[13]    ; 5.719 ; 5.719 ; 5.719 ; 5.719 ;
; SW[15]     ; LEDR[14]    ; 5.740 ; 5.740 ; 5.740 ; 5.740 ;
; SW[15]     ; LEDR[15]    ; 6.073 ; 6.073 ; 6.073 ; 6.073 ;
; SW[16]     ; LEDR[8]     ; 5.847 ; 5.847 ; 5.847 ; 5.847 ;
; SW[16]     ; LEDR[9]     ; 5.697 ; 5.697 ; 5.697 ; 5.697 ;
; SW[16]     ; LEDR[10]    ; 5.841 ; 5.841 ; 5.841 ; 5.841 ;
; SW[16]     ; LEDR[11]    ; 6.000 ; 6.000 ; 6.000 ; 6.000 ;
; SW[16]     ; LEDR[12]    ; 6.102 ; 6.102 ; 6.102 ; 6.102 ;
; SW[16]     ; LEDR[13]    ; 5.984 ; 5.984 ; 5.984 ; 5.984 ;
; SW[16]     ; LEDR[14]    ; 6.101 ; 6.101 ; 6.101 ; 6.101 ;
; SW[16]     ; LEDR[15]    ; 5.973 ; 5.973 ; 5.973 ; 5.973 ;
+------------+-------------+-------+-------+-------+-------+


-------------------
; Clock Transfers ;
-------------------
Nothing to report.


---------------
; Report TCCS ;
---------------
No dedicated SERDES Transmitter circuitry present in device or used in design


---------------
; Report RSKM ;
---------------
No dedicated SERDES Receiver circuitry present in device or used in design


+------------------------------------------------+
; Unconstrained Paths                            ;
+---------------------------------+-------+------+
; Property                        ; Setup ; Hold ;
+---------------------------------+-------+------+
; Illegal Clocks                  ; 0     ; 0    ;
; Unconstrained Clocks            ; 0     ; 0    ;
; Unconstrained Input Ports       ; 17    ; 17   ;
; Unconstrained Input Port Paths  ; 144   ; 144  ;
; Unconstrained Output Ports      ; 16    ; 16   ;
; Unconstrained Output Port Paths ; 144   ; 144  ;
+---------------------------------+-------+------+


+------------------------------------+
; TimeQuest Timing Analyzer Messages ;
+------------------------------------+
Info: *******************************************************************
Info: Running Quartus II 64-Bit TimeQuest Timing Analyzer
    Info: Version 13.0.1 Build 232 06/12/2013 Service Pack 1 SJ Web Edition
    Info: Processing started: Wed Apr 06 11:13:35 2016
Info: Command: quartus_sta traditionalSystem_RNStoBin -c traditionalSystem_RNStoBin
Info: qsta_default_script.tcl version: #1
Warning (20028): Parallel compilation is not licensed and has been disabled
Info (21077): Low junction temperature is 0 degrees C
Info (21077): High junction temperature is 85 degrees C
Critical Warning (332012): Synopsys Design Constraints File file not found: 'traditionalSystem_RNStoBin.sdc'. A Synopsys Design Constraints File is required by the TimeQuest Timing Analyzer to get proper timing constraints. Without it, the Compiler will not properly optimize the design.
Info (332142): No user constrained base clocks found in the design. Calling "derive_clocks -period 1.0"
Info (332096): The command derive_clocks did not find any clocks to derive.  No clocks were created or changed.
Warning (332068): No clocks defined in design.
Info: Found TIMEQUEST_REPORT_SCRIPT_INCLUDE_DEFAULT_ANALYSIS = ON
Info (332159): No clocks to report
Info: Analyzing Slow Model
Info (332140): No fmax paths to report
Info (332140): No Setup paths to report
Info (332140): No Hold paths to report
Info (332140): No Recovery paths to report
Info (332140): No Removal paths to report
Info (332140): No Minimum Pulse Width paths to report
Info (332001): The selected device family is not supported by the report_metastability command.
Info: Analyzing Fast Model
Info (332142): No user constrained base clocks found in the design. Calling "derive_clocks -period 1.0"
Info (332096): The command derive_clocks did not find any clocks to derive.  No clocks were created or changed.
Warning (332068): No clocks defined in design.
Info (332140): No Setup paths to report
Info (332140): No Hold paths to report
Info (332140): No Recovery paths to report
Info (332140): No Removal paths to report
Info (332140): No Minimum Pulse Width paths to report
Info (332001): The selected device family is not supported by the report_metastability command.
Info (332102): Design is not fully constrained for setup requirements
Info (332102): Design is not fully constrained for hold requirements
Info: Quartus II 64-Bit TimeQuest Timing Analyzer was successful. 0 errors, 4 warnings
    Info: Peak virtual memory: 390 megabytes
    Info: Processing ended: Wed Apr 06 11:13:36 2016
    Info: Elapsed time: 00:00:01
    Info: Total CPU time (on all processors): 00:00:01


