Analysis & Synthesis report for traditionalSystem_RNStoBin
Sun Sep 08 16:27:49 2019
Quartus II 64-Bit Version 13.0.1 Build 232 06/12/2013 Service Pack 1 SJ Full Version


---------------------
; Table of Contents ;
---------------------
  1. Legal Notice
  2. Analysis & Synthesis Summary
  3. Analysis & Synthesis Settings
  4. Parallel Compilation
  5. Analysis & Synthesis Source Files Read
  6. Analysis & Synthesis Resource Usage Summary
  7. Analysis & Synthesis Resource Utilization by Entity
  8. General Register Statistics
  9. Parameter Settings for User Entity Instance: Top-level Entity: |traditionalSystem_RNStoBin
 10. Parameter Settings for User Entity Instance: CSA_2n_mp_1:\converter:comp0_2n_m1
 11. Parameter Settings for User Entity Instance: CSA_2n_mp_1:\converter:comp1_2n_m1
 12. Parameter Settings for User Entity Instance: adder_2n_mp_1:\converter:add_2n_m1
 13. Port Connectivity Checks: "adder_2n_mp_1:\converter:add_2n_m1"
 14. Port Connectivity Checks: "CSA_2n_mp_1:\converter:comp1_2n_m1"
 15. Port Connectivity Checks: "CSA_2n_mp_1:\converter:comp0_2n_m1"
 16. Elapsed Time Per Partition
 17. Analysis & Synthesis Messages



----------------
; Legal Notice ;
----------------
Copyright (C) 1991-2013 Altera Corporation
Your use of Altera Corporation's design tools, logic functions 
and other software and tools, and its AMPP partner logic 
functions, and any output files from any of the foregoing 
(including device programming or simulation files), and any 
associated documentation or information are expressly subject 
to the terms and conditions of the Altera Program License 
Subscription Agreement, Altera MegaCore Function License 
Agreement, or other applicable license agreement, including, 
without limitation, that your use is for the sole purpose of 
programming logic devices manufactured by Altera and sold by 
Altera or its authorized distributors.  Please refer to the 
applicable agreement for further details.



+---------------------------------------------------------------------------------------+
; Analysis & Synthesis Summary                                                          ;
+------------------------------------+--------------------------------------------------+
; Analysis & Synthesis Status        ; Successful - Sun Sep 08 16:27:49 2019            ;
; Quartus II 64-Bit Version          ; 13.0.1 Build 232 06/12/2013 SP 1 SJ Full Version ;
; Revision Name                      ; traditionalSystem_RNStoBin                       ;
; Top-level Entity Name              ; traditionalSystem_RNStoBin                       ;
; Family                             ; Cyclone II                                       ;
; Total logic elements               ; 58                                               ;
;     Total combinational functions  ; 58                                               ;
;     Dedicated logic registers      ; 0                                                ;
; Total registers                    ; 0                                                ;
; Total pins                         ; 33                                               ;
; Total virtual pins                 ; 0                                                ;
; Total memory bits                  ; 0                                                ;
; Embedded Multiplier 9-bit elements ; 0                                                ;
; Total PLLs                         ; 0                                                ;
+------------------------------------+--------------------------------------------------+


+--------------------------------------------------------------------------------------------------------------------------------------+
; Analysis & Synthesis Settings                                                                                                        ;
+----------------------------------------------------------------------------+----------------------------+----------------------------+
; Option                                                                     ; Setting                    ; Default Value              ;
+----------------------------------------------------------------------------+----------------------------+----------------------------+
; Device                                                                     ; EP2C35F672C6               ;                            ;
; Top-level entity name                                                      ; traditionalSystem_RNStoBin ; traditionalSystem_RNStoBin ;
; Family name                                                                ; Cyclone II                 ; Cyclone IV GX              ;
; Use smart compilation                                                      ; Off                        ; Off                        ;
; Enable parallel Assembler and TimeQuest Timing Analyzer during compilation ; On                         ; On                         ;
; Enable compact report table                                                ; Off                        ; Off                        ;
; Restructure Multiplexers                                                   ; Auto                       ; Auto                       ;
; Create Debugging Nodes for IP Cores                                        ; Off                        ; Off                        ;
; Preserve fewer node names                                                  ; On                         ; On                         ;
; Disable OpenCore Plus hardware evaluation                                  ; Off                        ; Off                        ;
; Verilog Version                                                            ; Verilog_2001               ; Verilog_2001               ;
; VHDL Version                                                               ; VHDL_1993                  ; VHDL_1993                  ;
; State Machine Processing                                                   ; Auto                       ; Auto                       ;
; Safe State Machine                                                         ; Off                        ; Off                        ;
; Extract Verilog State Machines                                             ; On                         ; On                         ;
; Extract VHDL State Machines                                                ; On                         ; On                         ;
; Ignore Verilog initial constructs                                          ; Off                        ; Off                        ;
; Iteration limit for constant Verilog loops                                 ; 5000                       ; 5000                       ;
; Iteration limit for non-constant Verilog loops                             ; 250                        ; 250                        ;
; Add Pass-Through Logic to Inferred RAMs                                    ; On                         ; On                         ;
; Infer RAMs from Raw Logic                                                  ; On                         ; On                         ;
; Parallel Synthesis                                                         ; On                         ; On                         ;
; DSP Block Balancing                                                        ; Auto                       ; Auto                       ;
; NOT Gate Push-Back                                                         ; On                         ; On                         ;
; Power-Up Don't Care                                                        ; On                         ; On                         ;
; Remove Redundant Logic Cells                                               ; Off                        ; Off                        ;
; Remove Duplicate Registers                                                 ; On                         ; On                         ;
; Ignore CARRY Buffers                                                       ; Off                        ; Off                        ;
; Ignore CASCADE Buffers                                                     ; Off                        ; Off                        ;
; Ignore GLOBAL Buffers                                                      ; Off                        ; Off                        ;
; Ignore ROW GLOBAL Buffers                                                  ; Off                        ; Off                        ;
; Ignore LCELL Buffers                                                       ; Off                        ; Off                        ;
; Ignore SOFT Buffers                                                        ; On                         ; On                         ;
; Limit AHDL Integers to 32 Bits                                             ; Off                        ; Off                        ;
; Optimization Technique                                                     ; Balanced                   ; Balanced                   ;
; Carry Chain Length                                                         ; 70                         ; 70                         ;
; Auto Carry Chains                                                          ; On                         ; On                         ;
; Auto Open-Drain Pins                                                       ; On                         ; On                         ;
; Perform WYSIWYG Primitive Resynthesis                                      ; Off                        ; Off                        ;
; Auto ROM Replacement                                                       ; On                         ; On                         ;
; Auto RAM Replacement                                                       ; On                         ; On                         ;
; Auto Shift Register Replacement                                            ; Auto                       ; Auto                       ;
; Allow Shift Register Merging across Hierarchies                            ; Auto                       ; Auto                       ;
; Auto Clock Enable Replacement                                              ; On                         ; On                         ;
; Strict RAM Replacement                                                     ; Off                        ; Off                        ;
; Allow Synchronous Control Signals                                          ; On                         ; On                         ;
; Force Use of Synchronous Clear Signals                                     ; Off                        ; Off                        ;
; Auto RAM to Logic Cell Conversion                                          ; Off                        ; Off                        ;
; Auto Resource Sharing                                                      ; Off                        ; Off                        ;
; Allow Any RAM Size For Recognition                                         ; Off                        ; Off                        ;
; Allow Any ROM Size For Recognition                                         ; Off                        ; Off                        ;
; Allow Any Shift Register Size For Recognition                              ; Off                        ; Off                        ;
; Use LogicLock Constraints during Resource Balancing                        ; On                         ; On                         ;
; Ignore translate_off and synthesis_off directives                          ; Off                        ; Off                        ;
; Timing-Driven Synthesis                                                    ; Off                        ; Off                        ;
; Report Parameter Settings                                                  ; On                         ; On                         ;
; Report Source Assignments                                                  ; On                         ; On                         ;
; Report Connectivity Checks                                                 ; On                         ; On                         ;
; Ignore Maximum Fan-Out Assignments                                         ; Off                        ; Off                        ;
; Synchronization Register Chain Length                                      ; 2                          ; 2                          ;
; PowerPlay Power Optimization                                               ; Normal compilation         ; Normal compilation         ;
; HDL message level                                                          ; Level2                     ; Level2                     ;
; Suppress Register Optimization Related Messages                            ; Off                        ; Off                        ;
; Number of Removed Registers Reported in Synthesis Report                   ; 5000                       ; 5000                       ;
; Number of Swept Nodes Reported in Synthesis Report                         ; 5000                       ; 5000                       ;
; Number of Inverted Registers Reported in Synthesis Report                  ; 100                        ; 100                        ;
; Clock MUX Protection                                                       ; On                         ; On                         ;
; Auto Gated Clock Conversion                                                ; Off                        ; Off                        ;
; Block Design Naming                                                        ; Auto                       ; Auto                       ;
; SDC constraint protection                                                  ; Off                        ; Off                        ;
; Synthesis Effort                                                           ; Auto                       ; Auto                       ;
; Shift Register Replacement - Allow Asynchronous Clear Signal               ; On                         ; On                         ;
; Pre-Mapping Resynthesis Optimization                                       ; Off                        ; Off                        ;
; Analysis & Synthesis Message Level                                         ; Medium                     ; Medium                     ;
; Disable Register Merging Across Hierarchies                                ; Auto                       ; Auto                       ;
; Resource Aware Inference For Block RAM                                     ; On                         ; On                         ;
; Synthesis Seed                                                             ; 1                          ; 1                          ;
+----------------------------------------------------------------------------+----------------------------+----------------------------+


+------------------------------------------+
; Parallel Compilation                     ;
+----------------------------+-------------+
; Processors                 ; Number      ;
+----------------------------+-------------+
; Number detected on machine ; 4           ;
; Maximum allowed            ; 4           ;
;                            ;             ;
; Average used               ; 1.00        ;
; Maximum used               ; 1           ;
;                            ;             ;
; Usage by Processor         ; % Time Used ;
;     Processor 1            ; 100.0%      ;
;     Processors 2-4         ;   0.0%      ;
+----------------------------+-------------+


+-----------------------------------------------------------------------------------------------------------------------------------------------------------------------------------+
; Analysis & Synthesis Source Files Read                                                                                                                                            ;
+----------------------------------+-----------------+-----------------------+--------------------------------------------------------------------------------------------+---------+
; File Name with User-Entered Path ; Used in Netlist ; File Type             ; File Name with Absolute Path                                                               ; Library ;
+----------------------------------+-----------------+-----------------------+--------------------------------------------------------------------------------------------+---------+
; fulladder.vhd                    ; yes             ; User VHDL File        ; C:/Users/gusta/Documents/GitHub/EEL7123/Codigos/LAB1b/LAB1b/fulladder.vhd                  ;         ;
; fuctions.vhd                     ; yes             ; User VHDL File        ; C:/Users/gusta/Documents/GitHub/EEL7123/Codigos/LAB1b/LAB1b/fuctions.vhd                   ;         ;
; CSA_2n_mp_1.vhd                  ; yes             ; User VHDL File        ; C:/Users/gusta/Documents/GitHub/EEL7123/Codigos/LAB1b/LAB1b/CSA_2n_mp_1.vhd                ;         ;
; adder_2n_mp_1.vhd                ; yes             ; User VHDL File        ; C:/Users/gusta/Documents/GitHub/EEL7123/Codigos/LAB1b/LAB1b/adder_2n_mp_1.vhd              ;         ;
; traditionalsystem_rnstobin.vhd   ; yes             ; Auto-Found VHDL File  ; C:/Users/gusta/Documents/GitHub/EEL7123/Codigos/LAB1b/LAB1b/traditionalsystem_rnstobin.vhd ;         ;
+----------------------------------+-----------------+-----------------------+--------------------------------------------------------------------------------------------+---------+


+------------------------------------------------------+
; Analysis & Synthesis Resource Usage Summary          ;
+---------------------------------------------+--------+
; Resource                                    ; Usage  ;
+---------------------------------------------+--------+
; Estimated Total logic elements              ; 58     ;
;                                             ;        ;
; Total combinational functions               ; 58     ;
; Logic element usage by number of LUT inputs ;        ;
;     -- 4 input functions                    ; 33     ;
;     -- 3 input functions                    ; 20     ;
;     -- <=2 input functions                  ; 5      ;
;                                             ;        ;
; Logic elements by mode                      ;        ;
;     -- normal mode                          ; 58     ;
;     -- arithmetic mode                      ; 0      ;
;                                             ;        ;
; Total registers                             ; 0      ;
;     -- Dedicated logic registers            ; 0      ;
;     -- I/O registers                        ; 0      ;
;                                             ;        ;
; I/O pins                                    ; 33     ;
; Embedded Multiplier 9-bit elements          ; 0      ;
; Maximum fan-out node                        ; SW[11] ;
; Maximum fan-out                             ; 8      ;
; Total fan-out                               ; 218    ;
; Average fan-out                             ; 2.40   ;
+---------------------------------------------+--------+


+------------------------------------------------------------------------------------------------------------------------------------------------------------------------------------------------------------------------------------------------------------+
; Analysis & Synthesis Resource Utilization by Entity                                                                                                                                                                                                        ;
+-----------------------------------------+-------------------+--------------+-------------+--------------+---------+-----------+------+--------------+---------------------------------------------------------------------------------------+--------------+
; Compilation Hierarchy Node              ; LC Combinationals ; LC Registers ; Memory Bits ; DSP Elements ; DSP 9x9 ; DSP 18x18 ; Pins ; Virtual Pins ; Full Hierarchy Name                                                                   ; Library Name ;
+-----------------------------------------+-------------------+--------------+-------------+--------------+---------+-----------+------+--------------+---------------------------------------------------------------------------------------+--------------+
; |traditionalSystem_RNStoBin             ; 58 (0)            ; 0 (0)        ; 0           ; 0            ; 0       ; 0         ; 33   ; 0            ; |traditionalSystem_RNStoBin                                                           ; work         ;
;    |CSA_2n_mp_1:\converter:comp0_2n_m1| ; 11 (0)            ; 0 (0)        ; 0           ; 0            ; 0       ; 0         ; 0    ; 0            ; |traditionalSystem_RNStoBin|CSA_2n_mp_1:\converter:comp0_2n_m1                        ; work         ;
;       |fulladder:\ciclo:0:add|          ; 2 (2)             ; 0 (0)        ; 0           ; 0            ; 0       ; 0         ; 0    ; 0            ; |traditionalSystem_RNStoBin|CSA_2n_mp_1:\converter:comp0_2n_m1|fulladder:\ciclo:0:add ; work         ;
;       |fulladder:\ciclo:1:add|          ; 1 (1)             ; 0 (0)        ; 0           ; 0            ; 0       ; 0         ; 0    ; 0            ; |traditionalSystem_RNStoBin|CSA_2n_mp_1:\converter:comp0_2n_m1|fulladder:\ciclo:1:add ; work         ;
;       |fulladder:\ciclo:2:add|          ; 2 (2)             ; 0 (0)        ; 0           ; 0            ; 0       ; 0         ; 0    ; 0            ; |traditionalSystem_RNStoBin|CSA_2n_mp_1:\converter:comp0_2n_m1|fulladder:\ciclo:2:add ; work         ;
;       |fulladder:\ciclo:3:add|          ; 2 (2)             ; 0 (0)        ; 0           ; 0            ; 0       ; 0         ; 0    ; 0            ; |traditionalSystem_RNStoBin|CSA_2n_mp_1:\converter:comp0_2n_m1|fulladder:\ciclo:3:add ; work         ;
;       |fulladder:\ciclo:4:add|          ; 1 (1)             ; 0 (0)        ; 0           ; 0            ; 0       ; 0         ; 0    ; 0            ; |traditionalSystem_RNStoBin|CSA_2n_mp_1:\converter:comp0_2n_m1|fulladder:\ciclo:4:add ; work         ;
;       |fulladder:\ciclo:5:add|          ; 1 (1)             ; 0 (0)        ; 0           ; 0            ; 0       ; 0         ; 0    ; 0            ; |traditionalSystem_RNStoBin|CSA_2n_mp_1:\converter:comp0_2n_m1|fulladder:\ciclo:5:add ; work         ;
;       |fulladder:\ciclo:7:add|          ; 2 (2)             ; 0 (0)        ; 0           ; 0            ; 0       ; 0         ; 0    ; 0            ; |traditionalSystem_RNStoBin|CSA_2n_mp_1:\converter:comp0_2n_m1|fulladder:\ciclo:7:add ; work         ;
;    |CSA_2n_mp_1:\converter:comp1_2n_m1| ; 15 (0)            ; 0 (0)        ; 0           ; 0            ; 0       ; 0         ; 0    ; 0            ; |traditionalSystem_RNStoBin|CSA_2n_mp_1:\converter:comp1_2n_m1                        ; work         ;
;       |fulladder:\ciclo:0:add|          ; 1 (1)             ; 0 (0)        ; 0           ; 0            ; 0       ; 0         ; 0    ; 0            ; |traditionalSystem_RNStoBin|CSA_2n_mp_1:\converter:comp1_2n_m1|fulladder:\ciclo:0:add ; work         ;
;       |fulladder:\ciclo:1:add|          ; 2 (2)             ; 0 (0)        ; 0           ; 0            ; 0       ; 0         ; 0    ; 0            ; |traditionalSystem_RNStoBin|CSA_2n_mp_1:\converter:comp1_2n_m1|fulladder:\ciclo:1:add ; work         ;
;       |fulladder:\ciclo:2:add|          ; 1 (1)             ; 0 (0)        ; 0           ; 0            ; 0       ; 0         ; 0    ; 0            ; |traditionalSystem_RNStoBin|CSA_2n_mp_1:\converter:comp1_2n_m1|fulladder:\ciclo:2:add ; work         ;
;       |fulladder:\ciclo:3:add|          ; 2 (2)             ; 0 (0)        ; 0           ; 0            ; 0       ; 0         ; 0    ; 0            ; |traditionalSystem_RNStoBin|CSA_2n_mp_1:\converter:comp1_2n_m1|fulladder:\ciclo:3:add ; work         ;
;       |fulladder:\ciclo:4:add|          ; 2 (2)             ; 0 (0)        ; 0           ; 0            ; 0       ; 0         ; 0    ; 0            ; |traditionalSystem_RNStoBin|CSA_2n_mp_1:\converter:comp1_2n_m1|fulladder:\ciclo:4:add ; work         ;
;       |fulladder:\ciclo:5:add|          ; 2 (2)             ; 0 (0)        ; 0           ; 0            ; 0       ; 0         ; 0    ; 0            ; |traditionalSystem_RNStoBin|CSA_2n_mp_1:\converter:comp1_2n_m1|fulladder:\ciclo:5:add ; work         ;
;       |fulladder:\ciclo:6:add|          ; 3 (3)             ; 0 (0)        ; 0           ; 0            ; 0       ; 0         ; 0    ; 0            ; |traditionalSystem_RNStoBin|CSA_2n_mp_1:\converter:comp1_2n_m1|fulladder:\ciclo:6:add ; work         ;
;       |fulladder:\ciclo:7:add|          ; 2 (2)             ; 0 (0)        ; 0           ; 0            ; 0       ; 0         ; 0    ; 0            ; |traditionalSystem_RNStoBin|CSA_2n_mp_1:\converter:comp1_2n_m1|fulladder:\ciclo:7:add ; work         ;
;    |adder_2n_mp_1:\converter:add_2n_m1| ; 32 (32)           ; 0 (0)        ; 0           ; 0            ; 0       ; 0         ; 0    ; 0            ; |traditionalSystem_RNStoBin|adder_2n_mp_1:\converter:add_2n_m1                        ; work         ;
+-----------------------------------------+-------------------+--------------+-------------+--------------+---------+-----------+------+--------------+---------------------------------------------------------------------------------------+--------------+
Note: For table entries with two numbers listed, the numbers in parentheses indicate the number of resources of the given type used by the specific entity alone. The numbers listed outside of parentheses indicate the total resources of the given type used by the specific entity and all of its sub-entities in the hierarchy.


+------------------------------------------------------+
; General Register Statistics                          ;
+----------------------------------------------+-------+
; Statistic                                    ; Value ;
+----------------------------------------------+-------+
; Total registers                              ; 0     ;
; Number of registers using Synchronous Clear  ; 0     ;
; Number of registers using Synchronous Load   ; 0     ;
; Number of registers using Asynchronous Clear ; 0     ;
; Number of registers using Asynchronous Load  ; 0     ;
; Number of registers using Clock Enable       ; 0     ;
; Number of registers using Preset             ; 0     ;
+----------------------------------------------+-------+


+--------------------------------------------------------------------------------------------+
; Parameter Settings for User Entity Instance: Top-level Entity: |traditionalSystem_RNStoBin ;
+----------------+-------+-------------------------------------------------------------------+
; Parameter Name ; Value ; Type                                                              ;
+----------------+-------+-------------------------------------------------------------------+
; n              ; 4     ; Signed Integer                                                    ;
+----------------+-------+-------------------------------------------------------------------+
Note: In order to hide this table in the UI and the text report file, please set the "Show Parameter Settings in Synthesis Report" option in "Analysis and Synthesis Settings -> More Settings" to "Off".


+---------------------------------------------------------------------------------+
; Parameter Settings for User Entity Instance: CSA_2n_mp_1:\converter:comp0_2n_m1 ;
+----------------+-------+--------------------------------------------------------+
; Parameter Name ; Value ; Type                                                   ;
+----------------+-------+--------------------------------------------------------+
; n              ; 8     ; Signed Integer                                         ;
; modo           ; 0     ; Signed Integer                                         ;
+----------------+-------+--------------------------------------------------------+
Note: In order to hide this table in the UI and the text report file, please set the "Show Parameter Settings in Synthesis Report" option in "Analysis and Synthesis Settings -> More Settings" to "Off".


+---------------------------------------------------------------------------------+
; Parameter Settings for User Entity Instance: CSA_2n_mp_1:\converter:comp1_2n_m1 ;
+----------------+-------+--------------------------------------------------------+
; Parameter Name ; Value ; Type                                                   ;
+----------------+-------+--------------------------------------------------------+
; n              ; 8     ; Signed Integer                                         ;
; modo           ; 0     ; Signed Integer                                         ;
+----------------+-------+--------------------------------------------------------+
Note: In order to hide this table in the UI and the text report file, please set the "Show Parameter Settings in Synthesis Report" option in "Analysis and Synthesis Settings -> More Settings" to "Off".


+---------------------------------------------------------------------------------+
; Parameter Settings for User Entity Instance: adder_2n_mp_1:\converter:add_2n_m1 ;
+----------------+-------+--------------------------------------------------------+
; Parameter Name ; Value ; Type                                                   ;
+----------------+-------+--------------------------------------------------------+
; n              ; 8     ; Signed Integer                                         ;
; modo           ; 0     ; Signed Integer                                         ;
+----------------+-------+--------------------------------------------------------+
Note: In order to hide this table in the UI and the text report file, please set the "Show Parameter Settings in Synthesis Report" option in "Analysis and Synthesis Settings -> More Settings" to "Off".


+----------------------------------------------------------------------------------------------------------------+
; Port Connectivity Checks: "adder_2n_mp_1:\converter:add_2n_m1"                                                 ;
+------+--------+----------+-------------------------------------------------------------------------------------+
; Port ; Type   ; Severity ; Details                                                                             ;
+------+--------+----------+-------------------------------------------------------------------------------------+
; cout ; Output ; Info     ; Connected to dangling logic. Logic that only feeds a dangling port will be removed. ;
+------+--------+----------+-------------------------------------------------------------------------------------+


+----------------------------------------------------------------+
; Port Connectivity Checks: "CSA_2n_mp_1:\converter:comp1_2n_m1" ;
+----------+-------+----------+----------------------------------+
; Port     ; Type  ; Severity ; Details                          ;
+----------+-------+----------+----------------------------------+
; i2[2..0] ; Input ; Info     ; Stuck at VCC                     ;
+----------+-------+----------+----------------------------------+


+----------------------------------------------------------------+
; Port Connectivity Checks: "CSA_2n_mp_1:\converter:comp0_2n_m1" ;
+----------+-------+----------+----------------------------------+
; Port     ; Type  ; Severity ; Details                          ;
+----------+-------+----------+----------------------------------+
; i2[6..4] ; Input ; Info     ; Stuck at GND                     ;
+----------+-------+----------+----------------------------------+


+-------------------------------+
; Elapsed Time Per Partition    ;
+----------------+--------------+
; Partition Name ; Elapsed Time ;
+----------------+--------------+
; Top            ; 00:00:01     ;
+----------------+--------------+


+-------------------------------+
; Analysis & Synthesis Messages ;
+-------------------------------+
Info: *******************************************************************
Info: Running Quartus II 64-Bit Analysis & Synthesis
    Info: Version 13.0.1 Build 232 06/12/2013 Service Pack 1 SJ Full Version
    Info: Processing started: Sun Sep 08 16:27:45 2019
Info: Command: quartus_map --read_settings_files=on --write_settings_files=off traditionalSystem_RNStoBin -c traditionalSystem_RNStoBin
Info (20030): Parallel compilation is enabled and will use 4 of the 4 processors detected
Info (12021): Found 2 design units, including 1 entities, in source file fulladder.vhd
    Info (12022): Found design unit 1: fulladder-structural
    Info (12023): Found entity 1: fulladder
Info (12021): Found 2 design units, including 0 entities, in source file fuctions.vhd
    Info (12022): Found design unit 1: fuctions
    Info (12022): Found design unit 2: fuctions-body
Info (12021): Found 2 design units, including 1 entities, in source file decod7seg.vhd
    Info (12022): Found design unit 1: Decod7seg-decod_bhv
    Info (12023): Found entity 1: Decod7seg
Info (12021): Found 2 design units, including 1 entities, in source file csa_2n_mp_1.vhd
    Info (12022): Found design unit 1: CSA_2n_mp_1-Structural
    Info (12023): Found entity 1: CSA_2n_mp_1
Info (12021): Found 2 design units, including 1 entities, in source file adder_2n_mp_1.vhd
    Info (12022): Found design unit 1: adder_2n_mp_1-Structural
    Info (12023): Found entity 1: adder_2n_mp_1
Warning (12019): Can't analyze file -- file traditionalSystem_RNStoBin_mod.vhd is missing
Warning (12125): Using design file traditionalsystem_rnstobin.vhd, which is not specified as a design file for the current project, but contains definitions for 2 design units and 1 entities in project
    Info (12022): Found design unit 1: traditionalSystem_RNStoBin-Structural
    Info (12023): Found entity 1: traditionalSystem_RNStoBin
Info (12127): Elaborating entity "traditionalSystem_RNStoBin" for the top level hierarchy
Info (12128): Elaborating entity "CSA_2n_mp_1" for hierarchy "CSA_2n_mp_1:\converter:comp0_2n_m1"
Warning (10036): Verilog HDL or VHDL warning at CSA_2n_mp_1.vhd(29): object "modo_b" assigned a value but never read
Info (12128): Elaborating entity "fulladder" for hierarchy "CSA_2n_mp_1:\converter:comp0_2n_m1|fulladder:\ciclo:0:add"
Info (12128): Elaborating entity "adder_2n_mp_1" for hierarchy "adder_2n_mp_1:\converter:add_2n_m1"
Info (16010): Generating hard_block partition "hard_block:auto_generated_inst"
    Info (16011): Adding 0 node(s), including 0 DDIO, 0 PLL, 0 transceiver and 0 LCELL
Info (21057): Implemented 91 device resources after synthesis - the final resource count might be different
    Info (21058): Implemented 17 input pins
    Info (21059): Implemented 16 output pins
    Info (21061): Implemented 58 logic cells
Info: Quartus II 64-Bit Analysis & Synthesis was successful. 0 errors, 3 warnings
    Info: Peak virtual memory: 4644 megabytes
    Info: Processing ended: Sun Sep 08 16:27:49 2019
    Info: Elapsed time: 00:00:04
    Info: Total CPU time (on all processors): 00:00:02


