============================================================
  Generated by:           Genus(TM) Synthesis Solution 16.24-s065_1
  Generated on:           Nov 21 2019  06:45:47 pm
  Module:                 DivideConquer_2b_C1
  Technology libraries:   PnomV180T025_STD_CELL_7RF 
                          physical_cells 
  Operating conditions:   _nominal_ 
  Interconnect mode:      global
  Area mode:              physical library
============================================================

               Pin                        Type      Fanout  Load Slew Delay Arrival   
                                                            (fF) (ps)  (ps)   (ps)    
--------------------------------------------------------------------------------------
(clock clk)                              launch                                   0 R 
(DivideConquer_2b_C1._line_11_19_1)      ext delay                     +100     100 R 
X[0]                                     in port        11 140.6    0    +0     100 R 
g5022__1237/B                                                            +0     100   
g5022__1237/Z                            NOR2_E          2  33.5   89   +80     180 F 
g5010__1279/A                                                            +0     180   
g5010__1279/Z                            NAND2_F         2  34.3  118   +87     266 R 
g5000__2007/A                                                            +0     266   
g5000__2007/Z                            NOR2_E          2  29.4  100   +82     349 F 
g4978__7557/A1                                                           +0     349   
g4978__7557/Z                            OAI21_C         2  33.2  268  +159     508 R 
g4975__1122/A                                                            +0     508   
g4975__1122/Z                            NAND2_F         3  43.2  136   +82     590 F 
g4966__2833/A                                                            +0     590   
g4966__2833/Z                            NOR2_E          3  48.6  216  +135     725 R 
g4960__3779/B                                                            +0     725   
g4960__3779/Z                            AOI21_C         2  29.8  226  +182     907 F 
g4929__2006/B                                                            +0     907   
g4929__2006/Z                            XNOR2_C         2  25.6  188  +139    1046 F 
g4905__9867/A1                                                           +0    1046   
g4905__9867/Z                            OAI22_B         4  56.1  614  +326    1372 R 
g4880__9719/A2                                                           +0    1372   
g4880__9719/Z                            AOI22_C         2  25.7  217  +114    1487 F 
g4860__6179/A2                                                           +0    1487   
g4860__6179/Z                            OAI22_B         2  29.3  371  +209    1696 R 
g4845__7765/A2                                                           +0    1696   
g4845__7765/Z                            AOI22_C         2  33.2  220  +122    1818 F 
g4829__7557/A                                                            +0    1818   
g4829__7557/Z                            NOR2_E          2  31.3  182  +120    1938 R 
g4812__9719/A                                                            +0    1938   
g4812__9719/Z                            XNOR2_C         1  16.9  188  +137    2075 R 
g5049/B                                                                  +0    2075   
g5049/COUT                               ADDF_E          1  19.8  108  +268    2343 R 
g5048/CIN                                                                +0    2343   
g5048/COUT                               ADDF_E          1  19.8  109  +152    2495 R 
g5047/CIN                                                                +0    2495   
g5047/SUM                                ADDF_E          1  10.8   75  +146    2642 F 
g5046/A                                                                  +0    2642   
g5046/Z                                  INVERT_A        2  26.5  554  +295    2937 R 
g4727__6789/A                                                            +0    2937   
g4727__6789/Z                            XNOR2_C         2  25.6  259  +172    3109 F 
g4703__8867/A1                                                           +0    3109   
g4703__8867/Z                            OAI22_B         2  29.3  371  +228    3337 R 
g4692__9719/A2                                                           +0    3337   
g4692__9719/Z                            AOI22_C         2  27.6  203  +110    3446 F 
g4685__1377/B1                                                           +0    3446   
g4685__1377/Z                            OAI22_B         2  29.3  369  +228    3675 R 
g4680__6179/A2                                                           +0    3675   
g4680__6179/Z                            AOI22_C         2  27.6  206  +110    3784 F 
g4675__1122/B1                                                           +0    3784   
g4675__1122/Z                            OAI22_B         2  29.3  368  +229    4014 R 
g4670__9719/B2                                                           +0    4014   
g4670__9719/Z                            AOI22_C         2  27.6  201  +135    4149 F 
g4665__2833/B1                                                           +0    4149   
g4665__2833/Z                            OAI22_B         2  29.3  367  +228    4376 R 
g4659__4599/B2                                                           +0    4376   
g4659__4599/Z                            AOI22_C         2  27.6  201  +135    4512 F 
g4654__7557/B1                                                           +0    4512   
g4654__7557/Z                            OAI22_B         2  29.3  367  +228    4739 R 
g4649__9771/A2                                                           +0    4739   
g4649__9771/Z                            AOI22_C         2  27.3  202  +109    4848 F 
g4644__6789/A1                                                           +0    4848   
g4644__6789/Z                            OAI22_B         2  29.3  371  +212    5061 R 
g4639__3377/B2                                                           +0    5061   
g4639__3377/Z                            AOI22_C         2  27.6  202  +136    5196 F 
g4634__1237/B1                                                           +0    5196   
g4634__1237/Z                            OAI22_B         2  29.3  368  +228    5424 R 
g4629__1377/B2                                                           +0    5424   
g4629__1377/Z                            AOI22_C         2  25.9  196  +132    5556 F 
g4624__6179/B1                                                           +0    5556   
g4624__6179/Z                            OAI22_B         2  29.3  366  +226    5782 R 
g4621__2005/B2                                                           +0    5782   
g4621__2005/Z                            AOI22_C         2  25.9  196  +132    5914 F 
g4618__2001/B1                                                           +0    5914   
g4618__2001/Z                            OAI22_B         1  19.8  283  +184    6098 R 
g5043/CIN                                                                +0    6098   
g5043/COUT                               ADDF_E          2  32.5  158  +190    6288 R 
g4614__9719/A1                                                           +0    6288   
g4614__9719/Z                            AO22_H          2  32.5   90  +123    6411 R 
g4612__9867/A1                                                           +0    6411   
g4612__9867/Z                            AO22_H          2  32.5   89  +116    6528 R 
g4610__7547/A1                                                           +0    6528   
g4610__7547/Z                            AO22_H          2  32.5   90  +116    6644 R 
g4608__2006/A1                                                           +0    6644   
g4608__2006/Z                            AO22_H          2  32.5   89  +116    6760 R 
g4606__1237/A1                                                           +0    6760   
g4606__1237/Z                            AO22_H          2  32.5   90  +116    6877 R 
g4604__3779/A1                                                           +0    6877   
g4604__3779/Z                            AO22_H          2  32.5   89  +116    6993 R 
g4602__3717/A1                                                           +0    6993   
g4602__3717/Z                            AO22_H          2  31.3   87  +115    7108 R 
g4600__8867/A1                                                           +0    7108   
g4600__8867/Z                            AOI22_C         1  20.4  169   +80    7189 F 
g4599__7557/B                                                            +0    7189   
g4599__7557/Z                            XNOR2_C         1  16.5  140  +115    7304 F 
g4598__7837/A                                                            +0    7304   
g4598__7837/Z                            XOR2_C          1   8.8  113  +111    7415 F 
S[39]                               <<<  out port                        +0    7415 F 
(DivideConquer_2b_C1._line_12)           ext delay                     +200    7615 F 
- - - - - - - - - - - - - - - - - - - - - - - - - - - - - - - - - - - - - - - - - - - 
(clock clk)                              capture                              20000 R 
--------------------------------------------------------------------------------------
Cost Group   : 'clk' (path_group 'clk')
Timing slack :   12385ps 
Start-point  : X[0]
End-point    : S[39]
