============================================================
  Generated by:           Genus(TM) Synthesis Solution 16.24-s065_1
  Generated on:           Nov 21 2019  05:27:35 pm
  Module:                 DivideConquer_2b_C1
  Technology libraries:   PnomV180T025_STD_CELL_7RF 
                          physical_cells 
  Operating conditions:   _nominal_ 
  Interconnect mode:      global
  Area mode:              physical library
============================================================

               Pin                         Type       Fanout  Load Slew Delay Arrival   
                                                              (fF) (ps)  (ps)   (ps)    
----------------------------------------------------------------------------------------
(clock clk)                              launch                                     0 R 
(DivideConquer_2b_C1._line_11_14_1)      ext delay                       +100     100 R 
X[5]                                     in port           7 104.3    0    +0     100 R 
g2946__6789/A                                                              +0     100   
g2946__6789/Z                            NAND2_F           2  41.2   72   +62     162 F 
g2945/A                                                                    +0     162   
g2945/Z                                  INVERTBAL_H       1  19.9   60   +46     208 R 
g2927__7557/B                                                              +0     208   
g2927__7557/Z                            AOI21_C           2  33.5  204  +151     360 F 
g2925/A                                                                    +0     360   
g2925/Z                                  INVERT_H          1  21.6   96   +75     435 R 
g2916__6789/A                                                              +0     435   
g2916__6789/Z                            NAND2_F           1  19.1   63   +46     481 F 
g2910__7547/A                                                              +0     481   
g2910__7547/Z                            NAND3_E           1  19.8  116   +78     559 R 
g2908__2006/CIN                                                            +0     559   
g2908__2006/COUT                         ADDF_E            1  19.8  109  +153     712 R 
g2906__1237/CIN                                                            +0     712   
g2906__1237/COUT                         ADDF_E            1  19.8  109  +152     864 R 
g2905__2007/CIN                                                            +0     864   
g2905__2007/COUT                         ADDF_E            2  35.6  167  +182    1046 R 
g2902__3717/A                                                              +0    1046   
g2902__3717/Z                            NAND2_F           2  30.6   95   +62    1108 F 
g2899__7654/A                                                              +0    1108   
g2899__7654/Z                            OR2_I             2  32.8   65  +130    1238 F 
g2891__1122/B                                                              +0    1238   
g2891__1122/Z                            XNOR2_C           2  30.8  182  +116    1354 F 
g2882__7547/B                                                              +0    1354   
g2882__7547/Z                            XOR2_C            2  31.3  252  +188    1541 R 
g2879__1297/A1                                                             +0    1541   
g2879__1297/Z                            AOI22_C           2  29.5  194  +118    1659 F 
g2874__3717/A1                                                             +0    1659   
g2874__3717/Z                            OAI22_B           2  35.6  405  +238    1897 R 
g2873__1377/A                                                              +0    1897   
g2873__1377/Z                            NAND2_F           2  28.4  139   +67    1964 F 
g2872/A                                                                    +0    1964   
g2872/Z                                  INVERT_E          1  21.6  130   +96    2060 R 
g2867__6179/A                                                              +0    2060   
g2867__6179/Z                            NAND2_F           2  38.9   99   +68    2128 F 
g2866/A                                                                    +0    2128   
g2866/Z                                  INVERT_H          1  21.6   77   +59    2186 R 
g2864__3457/A                                                              +0    2186   
g2864__3457/Z                            NAND2_F           2  36.9   95   +63    2250 F 
g2863/A                                                                    +0    2250   
g2863/Z                                  INVERT_F          1  21.6   89   +69    2318 R 
g2858__5927/A                                                              +0    2318   
g2858__5927/Z                            NAND2_F           2  36.9   95   +64    2382 F 
g2857/A                                                                    +0    2382   
g2857/Z                                  INVERT_F          1  21.6   89   +69    2451 R 
g2854__9719/A                                                              +0    2451   
g2854__9719/Z                            NAND2_F           2  35.4   93   +62    2513 F 
g2849__2833/A                                                              +0    2513   
g2849__2833/Z                            NOR2_E            1  19.8  120   +79    2592 R 
g2985/CIN                                                                  +0    2592   
g2985/COUT                               ADDF_E            1  19.8  109  +153    2745 R 
g2983/CIN                                                                  +0    2745   
g2983/COUT                               ADDF_E            1  19.8  109  +152    2898 R 
g2981/CIN                                                                  +0    2898   
g2981/SUM                                ADDF_E            1  10.8   75  +146    3044 F 
g2980/A                                                                    +0    3044   
g2980/Z                                  INVERT_A          2  28.4  592  +313    3357 R 
g2830__2001/B                                                              +0    3357   
g2830__2001/Z                            XOR2_C            2  25.8  237  +162    3520 R 
g2806__6179/A2                                                             +0    3520   
g2806__6179/Z                            OAI22_B           1  19.5  269  +157    3676 F 
g2977/CIN                                                                  +0    3676   
g2977/COUT                               ADDF_E            1  19.5  140  +171    3847 F 
g2976/CIN                                                                  +0    3847   
g2976/COUT                               ADDF_E            1  19.5  140  +152    3999 F 
g2975/CIN                                                                  +0    3999   
g2975/COUT                               ADDF_E            1  19.5  141  +152    4151 F 
g2974/CIN                                                                  +0    4151   
g2974/COUT                               ADDF_E            2  30.7  154  +171    4322 F 
g2796__9719/A1                                                             +0    4322   
g2796__9719/Z                            AOI22_C           2  36.4  227  +142    4463 R 
g2795__3377/A                                                              +0    4463   
g2795__3377/Z                            NOR2_E            2  35.2  140  +105    4569 F 
g2792__7765/A                                                              +0    4569   
g2792__7765/Z                            NAND2_F           2  36.4  138  +100    4669 R 
g2790__7547/A                                                              +0    4669   
g2790__7547/Z                            NOR2_E            2  32.0  111   +89    4757 F 
g2787__1297/A1                                                             +0    4757   
g2787__1297/Z                            AO22_H            2  32.0   62  +115    4872 F 
g2785__2007/A1                                                             +0    4872   
g2785__2007/Z                            AO22_H            2  32.0   62  +106    4978 F 
g2783__4599/A1                                                             +0    4978   
g2783__4599/Z                            AO22_H            2  32.0   62  +106    5084 F 
g2781__1377/A1                                                             +0    5084   
g2781__1377/Z                            AO22_H            2  31.1   61  +106    5190 F 
g2779__7654/A1                                                             +0    5190   
g2779__7654/Z                            AO22_F            2  30.7   63  +106    5296 F 
g2777__7837/A1                                                             +0    5296   
g2777__7837/Z                            AOI22_C           2  36.4  221  +122    5417 R 
g2776__6179/A                                                              +0    5417   
g2776__6179/Z                            NOR2_E            2  35.2  138  +105    5522 F 
g2773__3457/A                                                              +0    5522   
g2773__3457/Z                            NAND2_F           1  20.6  100   +79    5601 R 
g2771__9771/B                                                              +0    5601   
g2771__9771/Z                            XNOR2_C           1   8.8  110  +111    5712 R 
S[39]                               <<<  out port                          +0    5712 R 
(DivideConquer_2b_C1._line_12)           ext delay                       +200    5912 R 
- - - - - - - - - - - - - - - - - - - - - - - - - - - - - - - - - - - - - - - - - - - - 
(clock clk)                              capture                                20000 R 
----------------------------------------------------------------------------------------
Cost Group   : 'clk' (path_group 'clk')
Timing slack :   14088ps 
Start-point  : X[5]
End-point    : S[39]
