============================================================
  Generated by:           Genus(TM) Synthesis Solution 16.24-s065_1
  Generated on:           Nov 21 2019  05:47:23 pm
  Module:                 DivideConquer_2b_C1
  Technology libraries:   PnomV180T025_STD_CELL_7RF 
                          physical_cells 
  Operating conditions:   _nominal_ 
  Interconnect mode:      global
  Area mode:              physical library
============================================================

               Pin                         Type       Fanout  Load Slew Delay Arrival   
                                                              (fF) (ps)  (ps)   (ps)    
----------------------------------------------------------------------------------------
(clock clk)                              launch                                     0 R 
(DivideConquer_2b_C1._line_11_19_1)      ext delay                       +100     100 R 
X[0]                                     in port          11 158.7    0    +0     100 R 
const_mul_73_14/A[0] 
  g1307/A                                                                  +0     100   
  g1307/Z                                INVERTBAL_H       3  41.8   60   +56     156 F 
  g1300__2007/B                                                            +0     156   
  g1300__2007/Z                          NOR2_E            2  28.6  137   +91     247 R 
  g1283__6789/CIN                                                          +0     247   
  g1283__6789/COUT                       ADDF_E            1  19.8  109  +154     401 R 
  g1281__9719/CIN                                                          +0     401   
  g1281__9719/COUT                       ADDF_E            1  19.8  109  +152     553 R 
  g1280__3377/CIN                                                          +0     553   
  g1280__3377/COUT                       ADDF_E            1  19.8  109  +152     705 R 
  g1279__9867/CIN                                                          +0     705   
  g1279__9867/COUT                       ADDF_E            1  19.8  109  +152     858 R 
  g1278__7765/CIN                                                          +0     858   
  g1278__7765/COUT                       ADDF_E            1  19.8  109  +152    1010 R 
  g1277__7547/CIN                                                          +0    1010   
  g1277__7547/COUT                       ADDF_E            1  19.8  109  +152    1162 R 
  g1276__2833/CIN                                                          +0    1162   
  g1276__2833/COUT                       ADDF_E            1  19.8  109  +152    1314 R 
  g1275__2006/CIN                                                          +0    1314   
  g1275__2006/COUT                       ADDF_E            1  19.8  109  +152    1466 R 
  g1274__1297/CIN                                                          +0    1466   
  g1274__1297/COUT                       ADDF_E            1  19.8  109  +152    1619 R 
  g1273__1237/CIN                                                          +0    1619   
  g1273__1237/COUT                       ADDF_E            1  19.8  109  +152    1771 R 
  g1272__2007/CIN                                                          +0    1771   
  g1272__2007/COUT                       ADDF_E            1  19.8  109  +152    1923 R 
  g1271__3779/CIN                                                          +0    1923   
  g1271__3779/COUT                       ADDF_E            1  19.8  109  +152    2075 R 
  g1270__4599/CIN                                                          +0    2075   
  g1270__4599/COUT                       ADDF_E            1  19.8  109  +152    2227 R 
  g1269__3717/CIN                                                          +0    2227   
  g1269__3717/COUT                       ADDF_E            1  19.8  109  +152    2380 R 
  g1268__1377/CIN                                                          +0    2380   
  g1268__1377/COUT                       ADDF_E            2  35.6  167  +182    2562 R 
  g1266__7654/B                                                            +0    2562   
  g1266__7654/Z                          XOR2_C            1  16.9  173  +109    2671 R 
const_mul_73_14/Z[17] 
g1902/B                                                                    +0    2671   
g1902/COUT                               ADDF_E            1  19.8  109  +266    2937 R 
g1900/CIN                                                                  +0    2937   
g1900/COUT                               ADDF_E            1  19.8  109  +152    3089 R 
g1898/CIN                                                                  +0    3089   
g1898/COUT                               ADDF_E            1  19.8  109  +152    3241 R 
g1896/CIN                                                                  +0    3241   
g1896/SUM                                ADDF_E            1  10.8   75  +146    3388 F 
g3/A                                                                       +0    3388   
g3/Z                                     INVERT_A          2  28.4  592  +313    3701 R 
g1797__7765/B                                                              +0    3701   
g1797__7765/Z                            XOR2_C            2  25.7  246   +97    3798 F 
g1790__3779/A2                                                             +0    3798   
g1790__3779/Z                            OAI22_B           1  19.8  288  +170    3968 R 
g1891/CIN                                                                  +0    3968   
g1891/COUT                               ADDF_E            1  19.8  111  +166    4135 R 
g1889/CIN                                                                  +0    4135   
g1889/COUT                               ADDF_E            1  19.8  109  +152    4287 R 
g1887/CIN                                                                  +0    4287   
g1887/COUT                               ADDF_E            1  19.8  109  +152    4439 R 
g1885/CIN                                                                  +0    4439   
g1885/COUT                               ADDF_E            1  19.8  109  +152    4592 R 
g1883/CIN                                                                  +0    4592   
g1883/COUT                               ADDF_E            1  19.8  109  +152    4744 R 
g1881/CIN                                                                  +0    4744   
g1881/COUT                               ADDF_E            1  19.8  109  +152    4896 R 
g1879/CIN                                                                  +0    4896   
g1879/COUT                               ADDF_E            1  19.8  109  +152    5048 R 
g1878/CIN                                                                  +0    5048   
g1878/COUT                               ADDF_E            1  19.8  109  +152    5200 R 
g1877/CIN                                                                  +0    5200   
g1877/COUT                               ADDF_E            1  19.8  109  +152    5352 R 
g2/CIN                                                                     +0    5352   
g2/COUT                                  ADDF_E            2  32.5  156  +176    5529 R 
g1744__9719/A1                                                             +0    5529   
g1744__9719/Z                            AO22_H            2  32.5   87  +123    5652 R 
g1742__9867/A1                                                             +0    5652   
g1742__9867/Z                            AO22_H            2  32.5   87  +116    5768 R 
g1740__7547/A1                                                             +0    5768   
g1740__7547/Z                            AO22_H            2  32.5   87  +116    5884 R 
g1738__2006/A1                                                             +0    5884   
g1738__2006/Z                            AO22_H            2  32.5   87  +116    6000 R 
g1736__1237/A1                                                             +0    6000   
g1736__1237/Z                            AO22_H            2  32.5   87  +116    6116 R 
g1734__3779/A1                                                             +0    6116   
g1734__3779/Z                            AO22_H            2  32.5   87  +116    6232 R 
g1732__3717/A1                                                             +0    6232   
g1732__3717/Z                            AO22_H            2  31.3   85  +115    6347 R 
g1730__8867/A1                                                             +0    6347   
g1730__8867/Z                            AOI22_C           1  18.2  138   +76    6423 F 
g1729__7654/B                                                              +0    6423   
g1729__7654/Z                            XOR2_C            1   8.8  142  +113    6537 R 
S[39]                               <<<  out port                          +0    6537 R 
(DivideConquer_2b_C1._line_12)           ext delay                       +200    6737 R 
- - - - - - - - - - - - - - - - - - - - - - - - - - - - - - - - - - - - - - - - - - - - 
(clock clk)                              capture                                20000 R 
----------------------------------------------------------------------------------------
Cost Group   : 'clk' (path_group 'clk')
Timing slack :   13263ps 
Start-point  : X[0]
End-point    : S[39]
