============================================================
  Generated by:           Genus(TM) Synthesis Solution 16.24-s065_1
  Generated on:           Nov 21 2019  06:08:11 pm
  Module:                 DivideConquer_2b_C1
  Technology libraries:   PnomV180T025_STD_CELL_7RF 
                          physical_cells 
  Operating conditions:   _nominal_ 
  Interconnect mode:      global
  Area mode:              physical library
============================================================

               Pin                         Type       Fanout  Load Slew Delay Arrival   
                                                              (fF) (ps)  (ps)   (ps)    
----------------------------------------------------------------------------------------
(clock clk)                              launch                                     0 R 
(DivideConquer_2b_C1._line_11_19_1)      ext delay                       +100     100 R 
X[0]                                     in port          13 173.4    0    +0     100 R 
const_mul_73_14/A[0] 
  g1035__2833/B                                                            +0     100   
  g1035__2833/Z                          NOR2_E            2  32.6   88   +79     179 F 
  g1017__1122/A                                                            +0     179   
  g1017__1122/Z                          AND2_I            2  32.6   57  +110     289 F 
  g1015__5927/A                                                            +0     289   
  g1015__5927/Z                          AND2_I            1  19.5   45   +95     384 F 
  g1012__9719/CIN                                                          +0     384   
  g1012__9719/COUT                       ADDF_E            1  19.5  133  +138     521 F 
  g1011__3377/CIN                                                          +0     521   
  g1011__3377/COUT                       ADDF_E            1  19.5  136  +151     672 F 
  g1010__9867/CIN                                                          +0     672   
  g1010__9867/COUT                       ADDF_E            1  19.5  136  +151     823 F 
  g1009__7765/CIN                                                          +0     823   
  g1009__7765/COUT                       ADDF_E            1  19.5  136  +151     974 F 
  g1008__7547/CIN                                                          +0     974   
  g1008__7547/COUT                       ADDF_E            1  19.5  136  +151    1126 F 
  g1007__2833/CIN                                                          +0    1126   
  g1007__2833/COUT                       ADDF_E            1  19.5  136  +151    1277 F 
  g1006__2006/CIN                                                          +0    1277   
  g1006__2006/COUT                       ADDF_E            1  19.5  138  +151    1428 F 
  g1005__1297/CIN                                                          +0    1428   
  g1005__1297/COUT                       ADDF_E            1  19.5  137  +152    1580 F 
  g1004__1237/CIN                                                          +0    1580   
  g1004__1237/COUT                       ADDF_E            1  19.5  137  +151    1731 F 
  g1003__2007/CIN                                                          +0    1731   
  g1003__2007/COUT                       ADDF_E            1  19.5  137  +151    1882 F 
  g1002__3779/CIN                                                          +0    1882   
  g1002__3779/COUT                       ADDF_E            3  42.0  166  +188    2070 F 
  g999__1377/A                                                             +0    2070   
  g999__1377/Z                           NOR3_B            3  50.0  683  +354    2424 R 
  g998__8867/B                                                             +0    2424   
  g998__8867/Z                           AO21_I            1  16.9   74  +250    2674 R 
const_mul_73_14/Z[17] 
g1867/B                                                                    +0    2674   
g1867/COUT                               ADDF_E            1  19.8  109  +249    2923 R 
g1865/CIN                                                                  +0    2923   
g1865/COUT                               ADDF_E            1  19.8  109  +152    3075 R 
g1863/CIN                                                                  +0    3075   
g1863/COUT                               ADDF_E            1  19.8  109  +152    3228 R 
g1861/CIN                                                                  +0    3228   
g1861/SUM                                ADDF_E            1  10.8   75  +146    3374 F 
g3/A                                                                       +0    3374   
g3/Z                                     INVERT_A          2  28.4  592  +313    3687 R 
g1767__7547/B                                                              +0    3687   
g1767__7547/Z                            XOR2_C            2  25.7  246   +97    3784 F 
g1760__4599/A2                                                             +0    3784   
g1760__4599/Z                            OAI22_B           1  19.8  288  +170    3955 R 
g1856/CIN                                                                  +0    3955   
g1856/COUT                               ADDF_E            1  19.8  111  +166    4121 R 
g1854/CIN                                                                  +0    4121   
g1854/COUT                               ADDF_E            1  19.8  109  +152    4273 R 
g1852/CIN                                                                  +0    4273   
g1852/COUT                               ADDF_E            1  19.8  109  +152    4426 R 
g1850/CIN                                                                  +0    4426   
g1850/COUT                               ADDF_E            1  19.8  109  +152    4578 R 
g1848/CIN                                                                  +0    4578   
g1848/COUT                               ADDF_E            1  19.8  109  +152    4730 R 
g1846/CIN                                                                  +0    4730   
g1846/COUT                               ADDF_E            2  31.1  150  +174    4904 R 
g1724__6179/A2                                                             +0    4904   
g1724__6179/Z                            AOI22_C           2  40.2  204  +117    5021 F 
g1722/A                                                                    +0    5021   
g1722/Z                                  INVERTBAL_H       1  18.0   82   +58    5079 R 
g1719__2005/A2                                                             +0    5079   
g1719__2005/Z                            AO22_H            1  19.8   66  +100    5179 R 
g1844/CIN                                                                  +0    5179   
g1844/COUT                               ADDF_E            1  19.8  108  +149    5328 R 
g2/CIN                                                                     +0    5328   
g2/COUT                                  ADDF_E            2  32.5  156  +176    5504 R 
g1712__9719/A1                                                             +0    5504   
g1712__9719/Z                            AO22_H            2  32.5   87  +123    5627 R 
g1710__9867/A1                                                             +0    5627   
g1710__9867/Z                            AO22_H            2  32.5   87  +116    5743 R 
g1708__7547/A1                                                             +0    5743   
g1708__7547/Z                            AO22_H            2  32.5   87  +116    5859 R 
g1706__2006/A1                                                             +0    5859   
g1706__2006/Z                            AO22_H            2  32.5   87  +116    5975 R 
g1704__1237/A1                                                             +0    5975   
g1704__1237/Z                            AO22_H            2  32.5   87  +116    6092 R 
g1702__3779/A1                                                             +0    6092   
g1702__3779/Z                            AO22_H            2  32.5   87  +116    6208 R 
g1700__3717/A1                                                             +0    6208   
g1700__3717/Z                            AO22_H            2  31.3   85  +115    6322 R 
g1698__8867/A1                                                             +0    6322   
g1698__8867/Z                            AOI22_C           1  18.2  160   +76    6398 F 
g1697__7654/B                                                              +0    6398   
g1697__7654/Z                            XOR2_C            1   8.8  142  +118    6516 R 
S[39]                               <<<  out port                          +0    6516 R 
(DivideConquer_2b_C1._line_12)           ext delay                       +200    6716 R 
- - - - - - - - - - - - - - - - - - - - - - - - - - - - - - - - - - - - - - - - - - - - 
(clock clk)                              capture                                20000 R 
----------------------------------------------------------------------------------------
Cost Group   : 'clk' (path_group 'clk')
Timing slack :   13284ps 
Start-point  : X[0]
End-point    : S[39]
