TimeQuest Timing Analyzer report for cap8
Thu Oct 10 14:17:50 2019
Quartus II 64-Bit Version 13.0.0 Build 156 04/24/2013 SJ Web Edition


---------------------
; Table of Contents ;
---------------------
  1. Legal Notice
  2. TimeQuest Timing Analyzer Summary
  3. Parallel Compilation
  4. Clocks
  5. Slow Model Fmax Summary
  6. Slow Model Setup Summary
  7. Slow Model Hold Summary
  8. Slow Model Recovery Summary
  9. Slow Model Removal Summary
 10. Slow Model Minimum Pulse Width Summary
 11. Propagation Delay
 12. Minimum Propagation Delay
 13. Fast Model Setup Summary
 14. Fast Model Hold Summary
 15. Fast Model Recovery Summary
 16. Fast Model Removal Summary
 17. Fast Model Minimum Pulse Width Summary
 18. Propagation Delay
 19. Minimum Propagation Delay
 20. Multicorner Timing Analysis Summary
 21. Progagation Delay
 22. Minimum Progagation Delay
 23. Clock Transfers
 24. Report TCCS
 25. Report RSKM
 26. Unconstrained Paths
 27. TimeQuest Timing Analyzer Messages



----------------
; Legal Notice ;
----------------
Copyright (C) 1991-2013 Altera Corporation
Your use of Altera Corporation's design tools, logic functions 
and other software and tools, and its AMPP partner logic 
functions, and any output files from any of the foregoing 
(including device programming or simulation files), and any 
associated documentation or information are expressly subject 
to the terms and conditions of the Altera Program License 
Subscription Agreement, Altera MegaCore Function License 
Agreement, or other applicable license agreement, including, 
without limitation, that your use is for the sole purpose of 
programming logic devices manufactured by Altera and sold by 
Altera or its authorized distributors.  Please refer to the 
applicable agreement for further details.



+-------------------------------------------------------------------------+
; TimeQuest Timing Analyzer Summary                                       ;
+--------------------+----------------------------------------------------+
; Quartus II Version ; Version 13.0.0 Build 156 04/24/2013 SJ Web Edition ;
; Revision Name      ; cap8                                               ;
; Device Family      ; Cyclone II                                         ;
; Device Name        ; EP2C5T144C6                                        ;
; Timing Models      ; Final                                              ;
; Delay Model        ; Combined                                           ;
; Rise/Fall Delays   ; Unavailable                                        ;
+--------------------+----------------------------------------------------+


Parallel compilation was disabled, but you have multiple processors available. Enable parallel compilation to reduce compilation time.
+-------------------------------------+
; Parallel Compilation                ;
+----------------------------+--------+
; Processors                 ; Number ;
+----------------------------+--------+
; Number detected on machine ; 6      ;
; Maximum allowed            ; 1      ;
+----------------------------+--------+


----------
; Clocks ;
----------
No clocks to report.


---------------------------
; Slow Model Fmax Summary ;
---------------------------
No paths to report.


----------------------------
; Slow Model Setup Summary ;
----------------------------
No paths to report.


---------------------------
; Slow Model Hold Summary ;
---------------------------
No paths to report.


-------------------------------
; Slow Model Recovery Summary ;
-------------------------------
No paths to report.


------------------------------
; Slow Model Removal Summary ;
------------------------------
No paths to report.


------------------------------------------
; Slow Model Minimum Pulse Width Summary ;
------------------------------------------
No paths to report.


+--------------------------------------------------------------+
; Propagation Delay                                            ;
+------------+-------------+--------+--------+--------+--------+
; Input Port ; Output Port ; RR     ; RF     ; FR     ; FF     ;
+------------+-------------+--------+--------+--------+--------+
; SW[0]      ; LEDR[2]     ; 10.440 ; 10.440 ; 10.440 ; 10.440 ;
; SW[0]      ; LEDR[3]     ; 12.280 ; 12.280 ; 12.280 ; 12.280 ;
; SW[0]      ; LEDR[4]     ; 12.572 ; 12.572 ; 12.572 ; 12.572 ;
; SW[0]      ; LEDR[5]     ; 14.037 ; 14.037 ; 14.037 ; 14.037 ;
; SW[0]      ; LEDR[6]     ; 15.157 ; 15.157 ; 15.157 ; 15.157 ;
; SW[0]      ; LEDR[7]     ; 16.005 ; 16.005 ; 16.005 ; 16.005 ;
; SW[0]      ; LEDR[8]     ; 16.541 ; 16.541 ; 16.541 ; 16.541 ;
; SW[0]      ; LEDR[9]     ; 17.576 ; 17.576 ; 17.576 ; 17.576 ;
; SW[0]      ; LEDR[10]    ; 18.511 ; 18.511 ; 18.511 ; 18.511 ;
; SW[0]      ; LEDR[11]    ; 19.231 ; 19.231 ; 19.231 ; 19.231 ;
; SW[0]      ; LEDR[12]    ; 19.656 ; 19.656 ; 19.656 ; 19.656 ;
; SW[0]      ; LEDR[13]    ; 19.630 ; 19.630 ; 19.630 ; 19.630 ;
; SW[1]      ; LEDR[3]     ; 11.890 ; 11.890 ; 11.890 ; 11.890 ;
; SW[1]      ; LEDR[4]     ; 12.703 ; 12.703 ; 12.703 ; 12.703 ;
; SW[1]      ; LEDR[5]     ; 13.848 ; 13.848 ; 13.848 ; 13.848 ;
; SW[1]      ; LEDR[6]     ; 14.968 ; 14.968 ; 14.968 ; 14.968 ;
; SW[1]      ; LEDR[7]     ; 15.816 ; 15.816 ; 15.816 ; 15.816 ;
; SW[1]      ; LEDR[8]     ; 16.352 ; 16.352 ; 16.352 ; 16.352 ;
; SW[1]      ; LEDR[9]     ; 17.387 ; 17.387 ; 17.387 ; 17.387 ;
; SW[1]      ; LEDR[10]    ; 18.322 ; 18.322 ; 18.322 ; 18.322 ;
; SW[1]      ; LEDR[11]    ; 19.042 ; 19.042 ; 19.042 ; 19.042 ;
; SW[1]      ; LEDR[12]    ; 19.467 ; 19.467 ; 19.467 ; 19.467 ;
; SW[1]      ; LEDR[13]    ; 19.441 ; 19.441 ; 19.441 ; 19.441 ;
; SW[2]      ; LEDR[4]     ; 12.933 ; 12.933 ; 12.933 ; 12.933 ;
; SW[2]      ; LEDR[5]     ; 14.381 ; 14.381 ; 14.381 ; 14.381 ;
; SW[2]      ; LEDR[6]     ; 15.501 ; 15.501 ; 15.501 ; 15.501 ;
; SW[2]      ; LEDR[7]     ; 16.349 ; 16.349 ; 16.349 ; 16.349 ;
; SW[2]      ; LEDR[8]     ; 16.885 ; 16.885 ; 16.885 ; 16.885 ;
; SW[2]      ; LEDR[9]     ; 17.920 ; 17.920 ; 17.920 ; 17.920 ;
; SW[2]      ; LEDR[10]    ; 18.855 ; 18.855 ; 18.855 ; 18.855 ;
; SW[2]      ; LEDR[11]    ; 19.575 ; 19.575 ; 19.575 ; 19.575 ;
; SW[2]      ; LEDR[12]    ; 20.000 ; 20.000 ; 20.000 ; 20.000 ;
; SW[2]      ; LEDR[13]    ; 19.974 ; 19.974 ; 19.974 ; 19.974 ;
; SW[3]      ; LEDR[5]     ; 13.278 ; 13.278 ; 13.278 ; 13.278 ;
; SW[3]      ; LEDR[6]     ; 14.398 ; 14.398 ; 14.398 ; 14.398 ;
; SW[3]      ; LEDR[7]     ; 15.246 ; 15.246 ; 15.246 ; 15.246 ;
; SW[3]      ; LEDR[8]     ; 15.782 ; 15.782 ; 15.782 ; 15.782 ;
; SW[3]      ; LEDR[9]     ; 16.817 ; 16.817 ; 16.817 ; 16.817 ;
; SW[3]      ; LEDR[10]    ; 17.752 ; 17.752 ; 17.752 ; 17.752 ;
; SW[3]      ; LEDR[11]    ; 18.472 ; 18.472 ; 18.472 ; 18.472 ;
; SW[3]      ; LEDR[12]    ; 18.897 ; 18.897 ; 18.897 ; 18.897 ;
; SW[3]      ; LEDR[13]    ; 18.871 ; 18.871 ; 18.871 ; 18.871 ;
; SW[4]      ; LEDR[2]     ; 10.175 ; 10.175 ; 10.175 ; 10.175 ;
; SW[4]      ; LEDR[3]     ; 11.836 ; 11.836 ; 11.836 ; 11.836 ;
; SW[4]      ; LEDR[4]     ; 12.388 ; 12.388 ; 12.388 ; 12.388 ;
; SW[4]      ; LEDR[5]     ; 13.533 ; 13.533 ; 13.533 ; 13.533 ;
; SW[4]      ; LEDR[6]     ; 14.653 ; 14.653 ; 14.653 ; 14.653 ;
; SW[4]      ; LEDR[7]     ; 15.501 ; 15.501 ; 15.501 ; 15.501 ;
; SW[4]      ; LEDR[8]     ; 16.037 ; 16.037 ; 16.037 ; 16.037 ;
; SW[4]      ; LEDR[9]     ; 17.072 ; 17.072 ; 17.072 ; 17.072 ;
; SW[4]      ; LEDR[10]    ; 18.007 ; 18.007 ; 18.007 ; 18.007 ;
; SW[4]      ; LEDR[11]    ; 18.727 ; 18.727 ; 18.727 ; 18.727 ;
; SW[4]      ; LEDR[12]    ; 19.152 ; 19.152 ; 19.152 ; 19.152 ;
; SW[4]      ; LEDR[13]    ; 19.126 ; 19.126 ; 19.126 ; 19.126 ;
; SW[5]      ; LEDR[3]     ; 11.585 ; 11.585 ; 11.585 ; 11.585 ;
; SW[5]      ; LEDR[4]     ; 12.585 ; 12.585 ; 12.585 ; 12.585 ;
; SW[5]      ; LEDR[5]     ; 14.020 ; 14.020 ; 14.020 ; 14.020 ;
; SW[5]      ; LEDR[6]     ; 15.140 ; 15.140 ; 15.140 ; 15.140 ;
; SW[5]      ; LEDR[7]     ; 15.988 ; 15.988 ; 15.988 ; 15.988 ;
; SW[5]      ; LEDR[8]     ; 16.524 ; 16.524 ; 16.524 ; 16.524 ;
; SW[5]      ; LEDR[9]     ; 17.559 ; 17.559 ; 17.559 ; 17.559 ;
; SW[5]      ; LEDR[10]    ; 18.494 ; 18.494 ; 18.494 ; 18.494 ;
; SW[5]      ; LEDR[11]    ; 19.214 ; 19.214 ; 19.214 ; 19.214 ;
; SW[5]      ; LEDR[12]    ; 19.639 ; 19.639 ; 19.639 ; 19.639 ;
; SW[5]      ; LEDR[13]    ; 19.613 ; 19.613 ; 19.613 ; 19.613 ;
; SW[6]      ; LEDR[4]     ; 12.758 ; 12.758 ; 12.758 ; 12.758 ;
; SW[6]      ; LEDR[5]     ; 14.351 ; 14.351 ; 14.351 ; 14.351 ;
; SW[6]      ; LEDR[6]     ; 15.471 ; 15.471 ; 15.471 ; 15.471 ;
; SW[6]      ; LEDR[7]     ; 16.319 ; 16.319 ; 16.319 ; 16.319 ;
; SW[6]      ; LEDR[8]     ; 16.855 ; 16.855 ; 16.855 ; 16.855 ;
; SW[6]      ; LEDR[9]     ; 17.890 ; 17.890 ; 17.890 ; 17.890 ;
; SW[6]      ; LEDR[10]    ; 18.825 ; 18.825 ; 18.825 ; 18.825 ;
; SW[6]      ; LEDR[11]    ; 19.545 ; 19.545 ; 19.545 ; 19.545 ;
; SW[6]      ; LEDR[12]    ; 19.970 ; 19.970 ; 19.970 ; 19.970 ;
; SW[6]      ; LEDR[13]    ; 19.944 ; 19.944 ; 19.944 ; 19.944 ;
; SW[7]      ; LEDR[5]     ; 13.015 ; 13.015 ; 13.015 ; 13.015 ;
; SW[7]      ; LEDR[6]     ; 14.135 ; 14.135 ; 14.135 ; 14.135 ;
; SW[7]      ; LEDR[7]     ; 14.983 ; 14.983 ; 14.983 ; 14.983 ;
; SW[7]      ; LEDR[8]     ; 15.519 ; 15.519 ; 15.519 ; 15.519 ;
; SW[7]      ; LEDR[9]     ; 16.554 ; 16.554 ; 16.554 ; 16.554 ;
; SW[7]      ; LEDR[10]    ; 17.489 ; 17.489 ; 17.489 ; 17.489 ;
; SW[7]      ; LEDR[11]    ; 18.209 ; 18.209 ; 18.209 ; 18.209 ;
; SW[7]      ; LEDR[12]    ; 18.634 ; 18.634 ; 18.634 ; 18.634 ;
; SW[7]      ; LEDR[13]    ; 18.608 ; 18.608 ; 18.608 ; 18.608 ;
; SW[8]      ; LEDR[2]     ; 9.891  ; 9.891  ; 9.891  ; 9.891  ;
; SW[8]      ; LEDR[3]     ; 11.728 ; 11.728 ; 11.728 ; 11.728 ;
; SW[8]      ; LEDR[4]     ; 12.020 ; 12.020 ; 12.020 ; 12.020 ;
; SW[8]      ; LEDR[5]     ; 12.597 ; 12.597 ; 12.597 ; 12.597 ;
; SW[8]      ; LEDR[6]     ; 13.716 ; 13.716 ; 13.716 ; 13.716 ;
; SW[8]      ; LEDR[7]     ; 14.564 ; 14.564 ; 14.564 ; 14.564 ;
; SW[8]      ; LEDR[8]     ; 15.100 ; 15.100 ; 15.100 ; 15.100 ;
; SW[8]      ; LEDR[9]     ; 16.135 ; 16.135 ; 16.135 ; 16.135 ;
; SW[8]      ; LEDR[10]    ; 17.070 ; 17.070 ; 17.070 ; 17.070 ;
; SW[8]      ; LEDR[11]    ; 17.790 ; 17.790 ; 17.790 ; 17.790 ;
; SW[8]      ; LEDR[12]    ; 18.215 ; 18.215 ; 18.215 ; 18.215 ;
; SW[8]      ; LEDR[13]    ; 18.189 ; 18.189 ; 18.189 ; 18.189 ;
; SW[9]      ; LEDR[3]     ; 10.549 ; 10.549 ; 10.549 ; 10.549 ;
; SW[9]      ; LEDR[4]     ; 12.971 ; 12.971 ; 12.971 ; 12.971 ;
; SW[9]      ; LEDR[5]     ; 14.114 ; 14.114 ; 14.114 ; 14.114 ;
; SW[9]      ; LEDR[6]     ; 15.234 ; 15.234 ; 15.234 ; 15.234 ;
; SW[9]      ; LEDR[7]     ; 16.082 ; 16.082 ; 16.082 ; 16.082 ;
; SW[9]      ; LEDR[8]     ; 16.618 ; 16.618 ; 16.618 ; 16.618 ;
; SW[9]      ; LEDR[9]     ; 17.653 ; 17.653 ; 17.653 ; 17.653 ;
; SW[9]      ; LEDR[10]    ; 18.588 ; 18.588 ; 18.588 ; 18.588 ;
; SW[9]      ; LEDR[11]    ; 19.308 ; 19.308 ; 19.308 ; 19.308 ;
; SW[9]      ; LEDR[12]    ; 19.733 ; 19.733 ; 19.733 ; 19.733 ;
; SW[9]      ; LEDR[13]    ; 19.707 ; 19.707 ; 19.707 ; 19.707 ;
; SW[10]     ; LEDR[4]     ; 10.754 ; 10.754 ; 10.754 ; 10.754 ;
; SW[10]     ; LEDR[5]     ; 13.851 ; 13.851 ; 13.851 ; 13.851 ;
; SW[10]     ; LEDR[6]     ; 14.971 ; 14.971 ; 14.971 ; 14.971 ;
; SW[10]     ; LEDR[7]     ; 15.819 ; 15.819 ; 15.819 ; 15.819 ;
; SW[10]     ; LEDR[8]     ; 16.355 ; 16.355 ; 16.355 ; 16.355 ;
; SW[10]     ; LEDR[9]     ; 17.390 ; 17.390 ; 17.390 ; 17.390 ;
; SW[10]     ; LEDR[10]    ; 18.325 ; 18.325 ; 18.325 ; 18.325 ;
; SW[10]     ; LEDR[11]    ; 19.045 ; 19.045 ; 19.045 ; 19.045 ;
; SW[10]     ; LEDR[12]    ; 19.470 ; 19.470 ; 19.470 ; 19.470 ;
; SW[10]     ; LEDR[13]    ; 19.444 ; 19.444 ; 19.444 ; 19.444 ;
; SW[11]     ; LEDR[5]     ; 11.562 ; 11.562 ; 11.562 ; 11.562 ;
; SW[11]     ; LEDR[6]     ; 13.502 ; 13.502 ; 13.502 ; 13.502 ;
; SW[11]     ; LEDR[7]     ; 14.350 ; 14.350 ; 14.350 ; 14.350 ;
; SW[11]     ; LEDR[8]     ; 14.886 ; 14.886 ; 14.886 ; 14.886 ;
; SW[11]     ; LEDR[9]     ; 15.921 ; 15.921 ; 15.921 ; 15.921 ;
; SW[11]     ; LEDR[10]    ; 16.856 ; 16.856 ; 16.856 ; 16.856 ;
; SW[11]     ; LEDR[11]    ; 17.576 ; 17.576 ; 17.576 ; 17.576 ;
; SW[11]     ; LEDR[12]    ; 18.001 ; 18.001 ; 18.001 ; 18.001 ;
; SW[11]     ; LEDR[13]    ; 17.975 ; 17.975 ; 17.975 ; 17.975 ;
; SW[12]     ; LEDR[2]     ; 10.299 ; 10.299 ; 10.299 ; 10.299 ;
; SW[12]     ; LEDR[3]     ; 11.742 ; 11.742 ; 11.742 ; 11.742 ;
; SW[12]     ; LEDR[4]     ; 12.035 ; 12.035 ; 12.035 ; 12.035 ;
; SW[12]     ; LEDR[5]     ; 13.564 ; 13.564 ; 13.564 ; 13.564 ;
; SW[12]     ; LEDR[6]     ; 14.684 ; 14.684 ; 14.684 ; 14.684 ;
; SW[12]     ; LEDR[7]     ; 15.532 ; 15.532 ; 15.532 ; 15.532 ;
; SW[12]     ; LEDR[8]     ; 16.068 ; 16.068 ; 16.068 ; 16.068 ;
; SW[12]     ; LEDR[9]     ; 17.103 ; 17.103 ; 17.103 ; 17.103 ;
; SW[12]     ; LEDR[10]    ; 18.038 ; 18.038 ; 18.038 ; 18.038 ;
; SW[12]     ; LEDR[11]    ; 18.758 ; 18.758 ; 18.758 ; 18.758 ;
; SW[12]     ; LEDR[12]    ; 19.183 ; 19.183 ; 19.183 ; 19.183 ;
; SW[12]     ; LEDR[13]    ; 19.157 ; 19.157 ; 19.157 ; 19.157 ;
; SW[13]     ; LEDR[3]     ; 10.980 ; 10.980 ; 10.980 ; 10.980 ;
; SW[13]     ; LEDR[4]     ; 12.686 ; 12.686 ; 12.686 ; 12.686 ;
; SW[13]     ; LEDR[5]     ; 13.829 ; 13.829 ; 13.829 ; 13.829 ;
; SW[13]     ; LEDR[6]     ; 14.949 ; 14.949 ; 14.949 ; 14.949 ;
; SW[13]     ; LEDR[7]     ; 15.797 ; 15.797 ; 15.797 ; 15.797 ;
; SW[13]     ; LEDR[8]     ; 16.333 ; 16.333 ; 16.333 ; 16.333 ;
; SW[13]     ; LEDR[9]     ; 17.368 ; 17.368 ; 17.368 ; 17.368 ;
; SW[13]     ; LEDR[10]    ; 18.303 ; 18.303 ; 18.303 ; 18.303 ;
; SW[13]     ; LEDR[11]    ; 19.023 ; 19.023 ; 19.023 ; 19.023 ;
; SW[13]     ; LEDR[12]    ; 19.448 ; 19.448 ; 19.448 ; 19.448 ;
; SW[13]     ; LEDR[13]    ; 19.422 ; 19.422 ; 19.422 ; 19.422 ;
; SW[14]     ; LEDR[4]     ; 12.340 ; 12.340 ; 12.340 ; 12.340 ;
; SW[14]     ; LEDR[5]     ; 13.483 ; 13.483 ; 13.483 ; 13.483 ;
; SW[14]     ; LEDR[6]     ; 14.603 ; 14.603 ; 14.603 ; 14.603 ;
; SW[14]     ; LEDR[7]     ; 15.451 ; 15.451 ; 15.451 ; 15.451 ;
; SW[14]     ; LEDR[8]     ; 15.987 ; 15.987 ; 15.987 ; 15.987 ;
; SW[14]     ; LEDR[9]     ; 17.022 ; 17.022 ; 17.022 ; 17.022 ;
; SW[14]     ; LEDR[10]    ; 17.957 ; 17.957 ; 17.957 ; 17.957 ;
; SW[14]     ; LEDR[11]    ; 18.677 ; 18.677 ; 18.677 ; 18.677 ;
; SW[14]     ; LEDR[12]    ; 19.102 ; 19.102 ; 19.102 ; 19.102 ;
; SW[14]     ; LEDR[13]    ; 19.076 ; 19.076 ; 19.076 ; 19.076 ;
; SW[15]     ; LEDR[5]     ; 14.228 ; 14.228 ; 14.228 ; 14.228 ;
; SW[15]     ; LEDR[6]     ; 15.348 ; 15.348 ; 15.348 ; 15.348 ;
; SW[15]     ; LEDR[7]     ; 16.196 ; 16.196 ; 16.196 ; 16.196 ;
; SW[15]     ; LEDR[8]     ; 16.732 ; 16.732 ; 16.732 ; 16.732 ;
; SW[15]     ; LEDR[9]     ; 17.767 ; 17.767 ; 17.767 ; 17.767 ;
; SW[15]     ; LEDR[10]    ; 18.702 ; 18.702 ; 18.702 ; 18.702 ;
; SW[15]     ; LEDR[11]    ; 19.422 ; 19.422 ; 19.422 ; 19.422 ;
; SW[15]     ; LEDR[12]    ; 19.847 ; 19.847 ; 19.847 ; 19.847 ;
; SW[15]     ; LEDR[13]    ; 19.821 ; 19.821 ; 19.821 ; 19.821 ;
+------------+-------------+--------+--------+--------+--------+


+--------------------------------------------------------------+
; Minimum Propagation Delay                                    ;
+------------+-------------+--------+--------+--------+--------+
; Input Port ; Output Port ; RR     ; RF     ; FR     ; FF     ;
+------------+-------------+--------+--------+--------+--------+
; SW[0]      ; LEDR[2]     ; 10.440 ; 10.440 ; 10.440 ; 10.440 ;
; SW[0]      ; LEDR[3]     ; 11.420 ; 11.420 ; 11.420 ; 11.420 ;
; SW[0]      ; LEDR[4]     ; 11.369 ; 11.369 ; 11.369 ; 11.369 ;
; SW[0]      ; LEDR[5]     ; 11.946 ; 11.946 ; 11.946 ; 11.946 ;
; SW[0]      ; LEDR[6]     ; 12.978 ; 12.978 ; 12.978 ; 12.978 ;
; SW[0]      ; LEDR[7]     ; 12.984 ; 12.984 ; 12.984 ; 12.984 ;
; SW[0]      ; LEDR[8]     ; 12.138 ; 12.138 ; 12.138 ; 12.138 ;
; SW[0]      ; LEDR[9]     ; 13.172 ; 13.172 ; 13.172 ; 13.172 ;
; SW[0]      ; LEDR[10]    ; 14.107 ; 14.107 ; 14.107 ; 14.107 ;
; SW[0]      ; LEDR[11]    ; 14.827 ; 14.827 ; 14.827 ; 14.827 ;
; SW[0]      ; LEDR[12]    ; 15.252 ; 15.252 ; 15.252 ; 15.252 ;
; SW[0]      ; LEDR[13]    ; 15.226 ; 15.226 ; 15.226 ; 15.226 ;
; SW[1]      ; LEDR[3]     ; 11.890 ; 11.890 ; 11.890 ; 11.890 ;
; SW[1]      ; LEDR[4]     ; 11.193 ; 11.193 ; 11.193 ; 11.193 ;
; SW[1]      ; LEDR[5]     ; 11.771 ; 11.771 ; 11.771 ; 11.771 ;
; SW[1]      ; LEDR[6]     ; 12.571 ; 12.571 ; 12.571 ; 12.571 ;
; SW[1]      ; LEDR[7]     ; 12.577 ; 12.577 ; 12.577 ; 12.577 ;
; SW[1]      ; LEDR[8]     ; 11.732 ; 11.732 ; 11.732 ; 11.732 ;
; SW[1]      ; LEDR[9]     ; 12.766 ; 12.766 ; 12.766 ; 12.766 ;
; SW[1]      ; LEDR[10]    ; 13.701 ; 13.701 ; 13.701 ; 13.701 ;
; SW[1]      ; LEDR[11]    ; 14.421 ; 14.421 ; 14.421 ; 14.421 ;
; SW[1]      ; LEDR[12]    ; 14.846 ; 14.846 ; 14.846 ; 14.846 ;
; SW[1]      ; LEDR[13]    ; 14.820 ; 14.820 ; 14.820 ; 14.820 ;
; SW[2]      ; LEDR[4]     ; 12.933 ; 12.933 ; 12.933 ; 12.933 ;
; SW[2]      ; LEDR[5]     ; 13.002 ; 13.002 ; 13.002 ; 13.002 ;
; SW[2]      ; LEDR[6]     ; 13.636 ; 13.636 ; 13.636 ; 13.636 ;
; SW[2]      ; LEDR[7]     ; 13.646 ; 13.646 ; 13.646 ; 13.646 ;
; SW[2]      ; LEDR[8]     ; 12.712 ; 12.712 ; 12.712 ; 12.712 ;
; SW[2]      ; LEDR[9]     ; 12.256 ; 12.256 ; 12.256 ; 12.256 ;
; SW[2]      ; LEDR[10]    ; 12.705 ; 12.705 ; 12.705 ; 12.705 ;
; SW[2]      ; LEDR[11]    ; 13.079 ; 13.079 ; 13.079 ; 13.079 ;
; SW[2]      ; LEDR[12]    ; 13.503 ; 13.503 ; 13.503 ; 13.503 ;
; SW[2]      ; LEDR[13]    ; 13.477 ; 13.824 ; 13.824 ; 13.477 ;
; SW[3]      ; LEDR[5]     ; 13.278 ; 13.278 ; 13.278 ; 13.278 ;
; SW[3]      ; LEDR[6]     ; 12.911 ; 12.911 ; 12.911 ; 12.911 ;
; SW[3]      ; LEDR[7]     ; 12.917 ; 12.917 ; 12.917 ; 12.917 ;
; SW[3]      ; LEDR[8]     ; 12.071 ; 12.071 ; 12.071 ; 12.071 ;
; SW[3]      ; LEDR[9]     ; 10.704 ; 10.704 ; 10.704 ; 10.704 ;
; SW[3]      ; LEDR[10]    ; 11.759 ; 11.759 ; 11.759 ; 11.759 ;
; SW[3]      ; LEDR[11]    ; 11.961 ; 11.961 ; 11.961 ; 11.961 ;
; SW[3]      ; LEDR[12]    ; 11.702 ; 11.702 ; 11.702 ; 11.702 ;
; SW[3]      ; LEDR[13]    ; 11.675 ; 12.357 ; 12.357 ; 11.675 ;
; SW[4]      ; LEDR[2]     ; 10.175 ; 10.175 ; 10.175 ; 10.175 ;
; SW[4]      ; LEDR[3]     ; 11.157 ; 11.157 ; 11.157 ; 11.157 ;
; SW[4]      ; LEDR[4]     ; 10.766 ; 10.766 ; 10.766 ; 10.766 ;
; SW[4]      ; LEDR[5]     ; 10.911 ; 10.911 ; 10.911 ; 10.911 ;
; SW[4]      ; LEDR[6]     ; 11.822 ; 11.822 ; 11.822 ; 11.822 ;
; SW[4]      ; LEDR[7]     ; 11.970 ; 11.970 ; 11.970 ; 11.970 ;
; SW[4]      ; LEDR[8]     ; 11.960 ; 11.960 ; 11.960 ; 11.960 ;
; SW[4]      ; LEDR[9]     ; 12.995 ; 12.995 ; 12.995 ; 12.995 ;
; SW[4]      ; LEDR[10]    ; 13.930 ; 13.930 ; 13.930 ; 13.930 ;
; SW[4]      ; LEDR[11]    ; 14.650 ; 14.650 ; 14.650 ; 14.650 ;
; SW[4]      ; LEDR[12]    ; 15.075 ; 15.075 ; 15.075 ; 15.075 ;
; SW[4]      ; LEDR[13]    ; 15.049 ; 15.049 ; 15.049 ; 15.049 ;
; SW[5]      ; LEDR[3]     ; 11.585 ; 11.585 ; 11.585 ; 11.585 ;
; SW[5]      ; LEDR[4]     ; 10.888 ; 10.888 ; 10.888 ; 10.888 ;
; SW[5]      ; LEDR[5]     ; 11.466 ; 11.466 ; 11.466 ; 11.466 ;
; SW[5]      ; LEDR[6]     ; 12.037 ; 12.037 ; 12.037 ; 12.037 ;
; SW[5]      ; LEDR[7]     ; 12.043 ; 12.043 ; 12.043 ; 12.043 ;
; SW[5]      ; LEDR[8]     ; 11.196 ; 11.196 ; 11.196 ; 11.196 ;
; SW[5]      ; LEDR[9]     ; 12.230 ; 12.230 ; 12.230 ; 12.230 ;
; SW[5]      ; LEDR[10]    ; 13.165 ; 13.165 ; 13.165 ; 13.165 ;
; SW[5]      ; LEDR[11]    ; 13.885 ; 13.885 ; 13.885 ; 13.885 ;
; SW[5]      ; LEDR[12]    ; 14.310 ; 14.310 ; 14.310 ; 14.310 ;
; SW[5]      ; LEDR[13]    ; 14.284 ; 14.284 ; 14.284 ; 14.284 ;
; SW[6]      ; LEDR[4]     ; 12.758 ; 12.758 ; 12.758 ; 12.758 ;
; SW[6]      ; LEDR[5]     ; 11.291 ; 11.291 ; 11.291 ; 11.291 ;
; SW[6]      ; LEDR[6]     ; 12.073 ; 12.073 ; 12.073 ; 12.073 ;
; SW[6]      ; LEDR[7]     ; 12.079 ; 12.079 ; 12.079 ; 12.079 ;
; SW[6]      ; LEDR[8]     ; 12.069 ; 12.069 ; 12.069 ; 12.069 ;
; SW[6]      ; LEDR[9]     ; 12.236 ; 12.236 ; 12.236 ; 12.236 ;
; SW[6]      ; LEDR[10]    ; 12.685 ; 12.685 ; 12.685 ; 12.685 ;
; SW[6]      ; LEDR[11]    ; 13.059 ; 13.059 ; 13.059 ; 13.059 ;
; SW[6]      ; LEDR[12]    ; 13.483 ; 13.483 ; 13.483 ; 13.483 ;
; SW[6]      ; LEDR[13]    ; 13.457 ; 13.804 ; 13.804 ; 13.457 ;
; SW[7]      ; LEDR[5]     ; 13.015 ; 13.015 ; 13.015 ; 13.015 ;
; SW[7]      ; LEDR[6]     ; 12.913 ; 12.913 ; 12.913 ; 12.913 ;
; SW[7]      ; LEDR[7]     ; 12.919 ; 12.919 ; 12.919 ; 12.919 ;
; SW[7]      ; LEDR[8]     ; 12.074 ; 12.074 ; 12.074 ; 12.074 ;
; SW[7]      ; LEDR[9]     ; 10.571 ; 10.571 ; 10.571 ; 10.571 ;
; SW[7]      ; LEDR[10]    ; 11.626 ; 11.626 ; 11.626 ; 11.626 ;
; SW[7]      ; LEDR[11]    ; 11.828 ; 11.828 ; 11.828 ; 11.828 ;
; SW[7]      ; LEDR[12]    ; 11.569 ; 11.569 ; 11.569 ; 11.569 ;
; SW[7]      ; LEDR[13]    ; 11.542 ; 12.224 ; 12.224 ; 11.542 ;
; SW[8]      ; LEDR[2]     ; 9.891  ; 9.891  ; 9.891  ; 9.891  ;
; SW[8]      ; LEDR[3]     ; 10.870 ; 10.870 ; 10.870 ; 10.870 ;
; SW[8]      ; LEDR[4]     ; 10.819 ; 10.819 ; 10.819 ; 10.819 ;
; SW[8]      ; LEDR[5]     ; 10.809 ; 10.809 ; 10.809 ; 10.809 ;
; SW[8]      ; LEDR[6]     ; 11.319 ; 11.319 ; 11.319 ; 11.319 ;
; SW[8]      ; LEDR[7]     ; 11.237 ; 11.237 ; 11.237 ; 11.237 ;
; SW[8]      ; LEDR[8]     ; 10.303 ; 10.303 ; 10.303 ; 10.303 ;
; SW[8]      ; LEDR[9]     ; 11.337 ; 11.337 ; 11.337 ; 11.337 ;
; SW[8]      ; LEDR[10]    ; 12.272 ; 12.272 ; 12.272 ; 12.272 ;
; SW[8]      ; LEDR[11]    ; 12.992 ; 12.992 ; 12.992 ; 12.992 ;
; SW[8]      ; LEDR[12]    ; 13.417 ; 13.417 ; 13.417 ; 13.417 ;
; SW[8]      ; LEDR[13]    ; 13.391 ; 13.391 ; 13.391 ; 13.391 ;
; SW[9]      ; LEDR[3]     ; 10.549 ; 10.549 ; 10.549 ; 10.549 ;
; SW[9]      ; LEDR[4]     ; 10.758 ; 10.758 ; 10.758 ; 10.758 ;
; SW[9]      ; LEDR[5]     ; 11.321 ; 11.321 ; 11.321 ; 11.321 ;
; SW[9]      ; LEDR[6]     ; 11.065 ; 11.065 ; 11.065 ; 11.065 ;
; SW[9]      ; LEDR[7]     ; 11.173 ; 11.173 ; 11.173 ; 11.173 ;
; SW[9]      ; LEDR[8]     ; 11.601 ; 11.601 ; 11.601 ; 11.601 ;
; SW[9]      ; LEDR[9]     ; 11.669 ; 11.669 ; 11.669 ; 11.669 ;
; SW[9]      ; LEDR[10]    ; 11.913 ; 11.913 ; 11.913 ; 11.913 ;
; SW[9]      ; LEDR[11]    ; 12.492 ; 12.492 ; 12.492 ; 12.492 ;
; SW[9]      ; LEDR[12]    ; 12.916 ; 12.916 ; 12.916 ; 12.916 ;
; SW[9]      ; LEDR[13]    ; 12.890 ; 13.033 ; 13.033 ; 12.890 ;
; SW[10]     ; LEDR[4]     ; 10.754 ; 10.754 ; 10.754 ; 10.754 ;
; SW[10]     ; LEDR[5]     ; 10.823 ; 10.823 ; 10.823 ; 10.823 ;
; SW[10]     ; LEDR[6]     ; 11.947 ; 11.947 ; 11.947 ; 11.947 ;
; SW[10]     ; LEDR[7]     ; 12.646 ; 12.646 ; 12.646 ; 12.646 ;
; SW[10]     ; LEDR[8]     ; 11.712 ; 11.712 ; 11.712 ; 11.712 ;
; SW[10]     ; LEDR[9]     ; 11.048 ; 11.048 ; 11.048 ; 11.048 ;
; SW[10]     ; LEDR[10]    ; 10.856 ; 10.856 ; 10.856 ; 10.856 ;
; SW[10]     ; LEDR[11]    ; 11.061 ; 11.061 ; 11.061 ; 11.061 ;
; SW[10]     ; LEDR[12]    ; 10.802 ; 10.802 ; 10.802 ; 10.802 ;
; SW[10]     ; LEDR[13]    ; 10.775 ; 11.457 ; 11.457 ; 10.775 ;
; SW[11]     ; LEDR[5]     ; 11.562 ; 11.562 ; 11.562 ; 11.562 ;
; SW[11]     ; LEDR[6]     ; 12.473 ; 12.473 ; 12.473 ; 12.473 ;
; SW[11]     ; LEDR[7]     ; 12.622 ; 12.622 ; 12.622 ; 12.622 ;
; SW[11]     ; LEDR[8]     ; 12.097 ; 12.097 ; 12.097 ; 12.097 ;
; SW[11]     ; LEDR[9]     ; 12.290 ; 12.290 ; 12.290 ; 12.290 ;
; SW[11]     ; LEDR[10]    ; 12.013 ; 12.013 ; 12.013 ; 12.013 ;
; SW[11]     ; LEDR[11]    ; 12.256 ; 12.256 ; 12.256 ; 12.256 ;
; SW[11]     ; LEDR[12]    ; 11.997 ; 11.997 ; 11.997 ; 11.997 ;
; SW[11]     ; LEDR[13]    ; 11.970 ; 12.652 ; 12.652 ; 11.970 ;
; SW[12]     ; LEDR[2]     ; 10.299 ; 10.299 ; 10.299 ; 10.299 ;
; SW[12]     ; LEDR[3]     ; 11.279 ; 11.279 ; 11.279 ; 11.279 ;
; SW[12]     ; LEDR[4]     ; 11.045 ; 11.045 ; 11.045 ; 11.045 ;
; SW[12]     ; LEDR[5]     ; 11.623 ; 11.623 ; 11.623 ; 11.623 ;
; SW[12]     ; LEDR[6]     ; 12.739 ; 12.739 ; 12.739 ; 12.739 ;
; SW[12]     ; LEDR[7]     ; 13.312 ; 13.312 ; 13.312 ; 13.312 ;
; SW[12]     ; LEDR[8]     ; 13.581 ; 13.581 ; 13.581 ; 13.581 ;
; SW[12]     ; LEDR[9]     ; 11.057 ; 11.057 ; 11.057 ; 11.057 ;
; SW[12]     ; LEDR[10]    ; 11.236 ; 11.236 ; 11.236 ; 11.236 ;
; SW[12]     ; LEDR[11]    ; 11.610 ; 11.610 ; 11.610 ; 11.610 ;
; SW[12]     ; LEDR[12]    ; 12.034 ; 12.034 ; 12.034 ; 12.034 ;
; SW[12]     ; LEDR[13]    ; 12.008 ; 12.355 ; 12.355 ; 12.008 ;
; SW[13]     ; LEDR[3]     ; 10.980 ; 10.980 ; 10.980 ; 10.980 ;
; SW[13]     ; LEDR[4]     ; 10.919 ; 10.919 ; 10.919 ; 10.919 ;
; SW[13]     ; LEDR[5]     ; 11.497 ; 11.497 ; 11.497 ; 11.497 ;
; SW[13]     ; LEDR[6]     ; 11.226 ; 11.226 ; 11.226 ; 11.226 ;
; SW[13]     ; LEDR[7]     ; 11.325 ; 11.325 ; 11.325 ; 11.325 ;
; SW[13]     ; LEDR[8]     ; 11.762 ; 11.762 ; 11.762 ; 11.762 ;
; SW[13]     ; LEDR[9]     ; 12.796 ; 12.796 ; 12.796 ; 12.796 ;
; SW[13]     ; LEDR[10]    ; 11.273 ; 11.273 ; 11.273 ; 11.273 ;
; SW[13]     ; LEDR[11]    ; 11.472 ; 11.472 ; 11.472 ; 11.472 ;
; SW[13]     ; LEDR[12]    ; 11.213 ; 11.213 ; 11.213 ; 11.213 ;
; SW[13]     ; LEDR[13]    ; 11.186 ; 11.868 ; 11.868 ; 11.186 ;
; SW[14]     ; LEDR[4]     ; 11.308 ; 11.308 ; 11.308 ; 11.308 ;
; SW[14]     ; LEDR[5]     ; 10.816 ; 10.816 ; 10.816 ; 10.816 ;
; SW[14]     ; LEDR[6]     ; 11.344 ; 11.344 ; 11.344 ; 11.344 ;
; SW[14]     ; LEDR[7]     ; 10.009 ; 10.009 ; 10.009 ; 10.009 ;
; SW[14]     ; LEDR[8]     ; 10.546 ; 10.546 ; 10.546 ; 10.546 ;
; SW[14]     ; LEDR[9]     ; 11.581 ; 11.581 ; 11.581 ; 11.581 ;
; SW[14]     ; LEDR[10]    ; 12.516 ; 12.516 ; 12.516 ; 12.516 ;
; SW[14]     ; LEDR[11]    ; 10.645 ; 10.645 ; 10.645 ; 10.645 ;
; SW[14]     ; LEDR[12]    ; 10.383 ; 10.383 ; 10.383 ; 10.383 ;
; SW[14]     ; LEDR[13]    ; 10.352 ; 11.043 ; 11.043 ; 10.352 ;
; SW[15]     ; LEDR[5]     ; 13.519 ; 13.519 ; 13.519 ; 13.519 ;
; SW[15]     ; LEDR[6]     ; 13.708 ; 13.708 ; 13.708 ; 13.708 ;
; SW[15]     ; LEDR[7]     ; 13.977 ; 13.977 ; 13.977 ; 13.977 ;
; SW[15]     ; LEDR[8]     ; 12.733 ; 12.733 ; 12.733 ; 12.733 ;
; SW[15]     ; LEDR[9]     ; 11.525 ; 11.525 ; 11.525 ; 11.525 ;
; SW[15]     ; LEDR[10]    ; 12.424 ; 12.424 ; 12.424 ; 12.424 ;
; SW[15]     ; LEDR[11]    ; 12.782 ; 12.782 ; 12.782 ; 12.782 ;
; SW[15]     ; LEDR[12]    ; 10.679 ; 10.679 ; 10.679 ; 10.679 ;
; SW[15]     ; LEDR[13]    ; 10.653 ; 13.178 ; 13.178 ; 10.653 ;
+------------+-------------+--------+--------+--------+--------+


----------------------------
; Fast Model Setup Summary ;
----------------------------
No paths to report.


---------------------------
; Fast Model Hold Summary ;
---------------------------
No paths to report.


-------------------------------
; Fast Model Recovery Summary ;
-------------------------------
No paths to report.


------------------------------
; Fast Model Removal Summary ;
------------------------------
No paths to report.


------------------------------------------
; Fast Model Minimum Pulse Width Summary ;
------------------------------------------
No paths to report.


+----------------------------------------------------------+
; Propagation Delay                                        ;
+------------+-------------+-------+-------+-------+-------+
; Input Port ; Output Port ; RR    ; RF    ; FR    ; FF    ;
+------------+-------------+-------+-------+-------+-------+
; SW[0]      ; LEDR[2]     ; 5.779 ; 5.779 ; 5.779 ; 5.779 ;
; SW[0]      ; LEDR[3]     ; 6.510 ; 6.510 ; 6.510 ; 6.510 ;
; SW[0]      ; LEDR[4]     ; 6.689 ; 6.689 ; 6.689 ; 6.689 ;
; SW[0]      ; LEDR[5]     ; 7.331 ; 7.331 ; 7.331 ; 7.331 ;
; SW[0]      ; LEDR[6]     ; 7.808 ; 7.808 ; 7.808 ; 7.808 ;
; SW[0]      ; LEDR[7]     ; 8.171 ; 8.171 ; 8.171 ; 8.171 ;
; SW[0]      ; LEDR[8]     ; 8.389 ; 8.389 ; 8.389 ; 8.389 ;
; SW[0]      ; LEDR[9]     ; 8.895 ; 8.895 ; 8.895 ; 8.895 ;
; SW[0]      ; LEDR[10]    ; 9.301 ; 9.301 ; 9.301 ; 9.301 ;
; SW[0]      ; LEDR[11]    ; 9.620 ; 9.620 ; 9.620 ; 9.620 ;
; SW[0]      ; LEDR[12]    ; 9.777 ; 9.777 ; 9.777 ; 9.777 ;
; SW[0]      ; LEDR[13]    ; 9.769 ; 9.769 ; 9.769 ; 9.769 ;
; SW[1]      ; LEDR[3]     ; 6.333 ; 6.333 ; 6.333 ; 6.333 ;
; SW[1]      ; LEDR[4]     ; 6.727 ; 6.727 ; 6.727 ; 6.727 ;
; SW[1]      ; LEDR[5]     ; 7.177 ; 7.177 ; 7.177 ; 7.177 ;
; SW[1]      ; LEDR[6]     ; 7.654 ; 7.654 ; 7.654 ; 7.654 ;
; SW[1]      ; LEDR[7]     ; 8.017 ; 8.017 ; 8.017 ; 8.017 ;
; SW[1]      ; LEDR[8]     ; 8.235 ; 8.235 ; 8.235 ; 8.235 ;
; SW[1]      ; LEDR[9]     ; 8.741 ; 8.741 ; 8.741 ; 8.741 ;
; SW[1]      ; LEDR[10]    ; 9.147 ; 9.147 ; 9.147 ; 9.147 ;
; SW[1]      ; LEDR[11]    ; 9.466 ; 9.466 ; 9.466 ; 9.466 ;
; SW[1]      ; LEDR[12]    ; 9.623 ; 9.623 ; 9.623 ; 9.623 ;
; SW[1]      ; LEDR[13]    ; 9.615 ; 9.615 ; 9.615 ; 9.615 ;
; SW[2]      ; LEDR[4]     ; 6.840 ; 6.840 ; 6.840 ; 6.840 ;
; SW[2]      ; LEDR[5]     ; 7.405 ; 7.405 ; 7.405 ; 7.405 ;
; SW[2]      ; LEDR[6]     ; 7.882 ; 7.882 ; 7.882 ; 7.882 ;
; SW[2]      ; LEDR[7]     ; 8.245 ; 8.245 ; 8.245 ; 8.245 ;
; SW[2]      ; LEDR[8]     ; 8.463 ; 8.463 ; 8.463 ; 8.463 ;
; SW[2]      ; LEDR[9]     ; 8.969 ; 8.969 ; 8.969 ; 8.969 ;
; SW[2]      ; LEDR[10]    ; 9.375 ; 9.375 ; 9.375 ; 9.375 ;
; SW[2]      ; LEDR[11]    ; 9.694 ; 9.694 ; 9.694 ; 9.694 ;
; SW[2]      ; LEDR[12]    ; 9.851 ; 9.851 ; 9.851 ; 9.851 ;
; SW[2]      ; LEDR[13]    ; 9.843 ; 9.843 ; 9.843 ; 9.843 ;
; SW[3]      ; LEDR[5]     ; 6.926 ; 6.926 ; 6.926 ; 6.926 ;
; SW[3]      ; LEDR[6]     ; 7.403 ; 7.403 ; 7.403 ; 7.403 ;
; SW[3]      ; LEDR[7]     ; 7.766 ; 7.766 ; 7.766 ; 7.766 ;
; SW[3]      ; LEDR[8]     ; 7.984 ; 7.984 ; 7.984 ; 7.984 ;
; SW[3]      ; LEDR[9]     ; 8.490 ; 8.490 ; 8.490 ; 8.490 ;
; SW[3]      ; LEDR[10]    ; 8.896 ; 8.896 ; 8.896 ; 8.896 ;
; SW[3]      ; LEDR[11]    ; 9.215 ; 9.215 ; 9.215 ; 9.215 ;
; SW[3]      ; LEDR[12]    ; 9.372 ; 9.372 ; 9.372 ; 9.372 ;
; SW[3]      ; LEDR[13]    ; 9.364 ; 9.364 ; 9.364 ; 9.364 ;
; SW[4]      ; LEDR[2]     ; 5.668 ; 5.668 ; 5.668 ; 5.668 ;
; SW[4]      ; LEDR[3]     ; 6.320 ; 6.320 ; 6.320 ; 6.320 ;
; SW[4]      ; LEDR[4]     ; 6.612 ; 6.612 ; 6.612 ; 6.612 ;
; SW[4]      ; LEDR[5]     ; 7.062 ; 7.062 ; 7.062 ; 7.062 ;
; SW[4]      ; LEDR[6]     ; 7.539 ; 7.539 ; 7.539 ; 7.539 ;
; SW[4]      ; LEDR[7]     ; 7.902 ; 7.902 ; 7.902 ; 7.902 ;
; SW[4]      ; LEDR[8]     ; 8.120 ; 8.120 ; 8.120 ; 8.120 ;
; SW[4]      ; LEDR[9]     ; 8.626 ; 8.626 ; 8.626 ; 8.626 ;
; SW[4]      ; LEDR[10]    ; 9.032 ; 9.032 ; 9.032 ; 9.032 ;
; SW[4]      ; LEDR[11]    ; 9.351 ; 9.351 ; 9.351 ; 9.351 ;
; SW[4]      ; LEDR[12]    ; 9.508 ; 9.508 ; 9.508 ; 9.508 ;
; SW[4]      ; LEDR[13]    ; 9.500 ; 9.500 ; 9.500 ; 9.500 ;
; SW[5]      ; LEDR[3]     ; 6.232 ; 6.232 ; 6.232 ; 6.232 ;
; SW[5]      ; LEDR[4]     ; 6.715 ; 6.715 ; 6.715 ; 6.715 ;
; SW[5]      ; LEDR[5]     ; 7.277 ; 7.277 ; 7.277 ; 7.277 ;
; SW[5]      ; LEDR[6]     ; 7.754 ; 7.754 ; 7.754 ; 7.754 ;
; SW[5]      ; LEDR[7]     ; 8.117 ; 8.117 ; 8.117 ; 8.117 ;
; SW[5]      ; LEDR[8]     ; 8.335 ; 8.335 ; 8.335 ; 8.335 ;
; SW[5]      ; LEDR[9]     ; 8.841 ; 8.841 ; 8.841 ; 8.841 ;
; SW[5]      ; LEDR[10]    ; 9.247 ; 9.247 ; 9.247 ; 9.247 ;
; SW[5]      ; LEDR[11]    ; 9.566 ; 9.566 ; 9.566 ; 9.566 ;
; SW[5]      ; LEDR[12]    ; 9.723 ; 9.723 ; 9.723 ; 9.723 ;
; SW[5]      ; LEDR[13]    ; 9.715 ; 9.715 ; 9.715 ; 9.715 ;
; SW[6]      ; LEDR[4]     ; 6.759 ; 6.759 ; 6.759 ; 6.759 ;
; SW[6]      ; LEDR[5]     ; 7.398 ; 7.398 ; 7.398 ; 7.398 ;
; SW[6]      ; LEDR[6]     ; 7.875 ; 7.875 ; 7.875 ; 7.875 ;
; SW[6]      ; LEDR[7]     ; 8.238 ; 8.238 ; 8.238 ; 8.238 ;
; SW[6]      ; LEDR[8]     ; 8.456 ; 8.456 ; 8.456 ; 8.456 ;
; SW[6]      ; LEDR[9]     ; 8.962 ; 8.962 ; 8.962 ; 8.962 ;
; SW[6]      ; LEDR[10]    ; 9.368 ; 9.368 ; 9.368 ; 9.368 ;
; SW[6]      ; LEDR[11]    ; 9.687 ; 9.687 ; 9.687 ; 9.687 ;
; SW[6]      ; LEDR[12]    ; 9.844 ; 9.844 ; 9.844 ; 9.844 ;
; SW[6]      ; LEDR[13]    ; 9.836 ; 9.836 ; 9.836 ; 9.836 ;
; SW[7]      ; LEDR[5]     ; 6.825 ; 6.825 ; 6.825 ; 6.825 ;
; SW[7]      ; LEDR[6]     ; 7.302 ; 7.302 ; 7.302 ; 7.302 ;
; SW[7]      ; LEDR[7]     ; 7.665 ; 7.665 ; 7.665 ; 7.665 ;
; SW[7]      ; LEDR[8]     ; 7.883 ; 7.883 ; 7.883 ; 7.883 ;
; SW[7]      ; LEDR[9]     ; 8.389 ; 8.389 ; 8.389 ; 8.389 ;
; SW[7]      ; LEDR[10]    ; 8.795 ; 8.795 ; 8.795 ; 8.795 ;
; SW[7]      ; LEDR[11]    ; 9.114 ; 9.114 ; 9.114 ; 9.114 ;
; SW[7]      ; LEDR[12]    ; 9.271 ; 9.271 ; 9.271 ; 9.271 ;
; SW[7]      ; LEDR[13]    ; 9.263 ; 9.263 ; 9.263 ; 9.263 ;
; SW[8]      ; LEDR[2]     ; 5.534 ; 5.534 ; 5.534 ; 5.534 ;
; SW[8]      ; LEDR[3]     ; 6.262 ; 6.262 ; 6.262 ; 6.262 ;
; SW[8]      ; LEDR[4]     ; 6.441 ; 6.441 ; 6.441 ; 6.441 ;
; SW[8]      ; LEDR[5]     ; 6.628 ; 6.628 ; 6.628 ; 6.628 ;
; SW[8]      ; LEDR[6]     ; 7.103 ; 7.103 ; 7.103 ; 7.103 ;
; SW[8]      ; LEDR[7]     ; 7.466 ; 7.466 ; 7.466 ; 7.466 ;
; SW[8]      ; LEDR[8]     ; 7.684 ; 7.684 ; 7.684 ; 7.684 ;
; SW[8]      ; LEDR[9]     ; 8.190 ; 8.190 ; 8.190 ; 8.190 ;
; SW[8]      ; LEDR[10]    ; 8.596 ; 8.596 ; 8.596 ; 8.596 ;
; SW[8]      ; LEDR[11]    ; 8.915 ; 8.915 ; 8.915 ; 8.915 ;
; SW[8]      ; LEDR[12]    ; 9.072 ; 9.072 ; 9.072 ; 9.072 ;
; SW[8]      ; LEDR[13]    ; 9.064 ; 9.064 ; 9.064 ; 9.064 ;
; SW[9]      ; LEDR[3]     ; 5.765 ; 5.765 ; 5.765 ; 5.765 ;
; SW[9]      ; LEDR[4]     ; 6.893 ; 6.893 ; 6.893 ; 6.893 ;
; SW[9]      ; LEDR[5]     ; 7.341 ; 7.341 ; 7.341 ; 7.341 ;
; SW[9]      ; LEDR[6]     ; 7.818 ; 7.818 ; 7.818 ; 7.818 ;
; SW[9]      ; LEDR[7]     ; 8.181 ; 8.181 ; 8.181 ; 8.181 ;
; SW[9]      ; LEDR[8]     ; 8.399 ; 8.399 ; 8.399 ; 8.399 ;
; SW[9]      ; LEDR[9]     ; 8.905 ; 8.905 ; 8.905 ; 8.905 ;
; SW[9]      ; LEDR[10]    ; 9.311 ; 9.311 ; 9.311 ; 9.311 ;
; SW[9]      ; LEDR[11]    ; 9.630 ; 9.630 ; 9.630 ; 9.630 ;
; SW[9]      ; LEDR[12]    ; 9.787 ; 9.787 ; 9.787 ; 9.787 ;
; SW[9]      ; LEDR[13]    ; 9.779 ; 9.779 ; 9.779 ; 9.779 ;
; SW[10]     ; LEDR[4]     ; 5.935 ; 5.935 ; 5.935 ; 5.935 ;
; SW[10]     ; LEDR[5]     ; 7.259 ; 7.259 ; 7.259 ; 7.259 ;
; SW[10]     ; LEDR[6]     ; 7.736 ; 7.736 ; 7.736 ; 7.736 ;
; SW[10]     ; LEDR[7]     ; 8.099 ; 8.099 ; 8.099 ; 8.099 ;
; SW[10]     ; LEDR[8]     ; 8.317 ; 8.317 ; 8.317 ; 8.317 ;
; SW[10]     ; LEDR[9]     ; 8.823 ; 8.823 ; 8.823 ; 8.823 ;
; SW[10]     ; LEDR[10]    ; 9.229 ; 9.229 ; 9.229 ; 9.229 ;
; SW[10]     ; LEDR[11]    ; 9.548 ; 9.548 ; 9.548 ; 9.548 ;
; SW[10]     ; LEDR[12]    ; 9.705 ; 9.705 ; 9.705 ; 9.705 ;
; SW[10]     ; LEDR[13]    ; 9.697 ; 9.697 ; 9.697 ; 9.697 ;
; SW[11]     ; LEDR[5]     ; 6.225 ; 6.225 ; 6.225 ; 6.225 ;
; SW[11]     ; LEDR[6]     ; 7.029 ; 7.029 ; 7.029 ; 7.029 ;
; SW[11]     ; LEDR[7]     ; 7.393 ; 7.393 ; 7.393 ; 7.393 ;
; SW[11]     ; LEDR[8]     ; 7.611 ; 7.611 ; 7.611 ; 7.611 ;
; SW[11]     ; LEDR[9]     ; 8.117 ; 8.117 ; 8.117 ; 8.117 ;
; SW[11]     ; LEDR[10]    ; 8.523 ; 8.523 ; 8.523 ; 8.523 ;
; SW[11]     ; LEDR[11]    ; 8.842 ; 8.842 ; 8.842 ; 8.842 ;
; SW[11]     ; LEDR[12]    ; 8.999 ; 8.999 ; 8.999 ; 8.999 ;
; SW[11]     ; LEDR[13]    ; 8.991 ; 8.991 ; 8.991 ; 8.991 ;
; SW[12]     ; LEDR[2]     ; 5.707 ; 5.707 ; 5.707 ; 5.707 ;
; SW[12]     ; LEDR[3]     ; 6.285 ; 6.285 ; 6.285 ; 6.285 ;
; SW[12]     ; LEDR[4]     ; 6.464 ; 6.464 ; 6.464 ; 6.464 ;
; SW[12]     ; LEDR[5]     ; 7.093 ; 7.093 ; 7.093 ; 7.093 ;
; SW[12]     ; LEDR[6]     ; 7.570 ; 7.570 ; 7.570 ; 7.570 ;
; SW[12]     ; LEDR[7]     ; 7.933 ; 7.933 ; 7.933 ; 7.933 ;
; SW[12]     ; LEDR[8]     ; 8.151 ; 8.151 ; 8.151 ; 8.151 ;
; SW[12]     ; LEDR[9]     ; 8.657 ; 8.657 ; 8.657 ; 8.657 ;
; SW[12]     ; LEDR[10]    ; 9.063 ; 9.063 ; 9.063 ; 9.063 ;
; SW[12]     ; LEDR[11]    ; 9.382 ; 9.382 ; 9.382 ; 9.382 ;
; SW[12]     ; LEDR[12]    ; 9.539 ; 9.539 ; 9.539 ; 9.539 ;
; SW[12]     ; LEDR[13]    ; 9.531 ; 9.531 ; 9.531 ; 9.531 ;
; SW[13]     ; LEDR[3]     ; 5.955 ; 5.955 ; 5.955 ; 5.955 ;
; SW[13]     ; LEDR[4]     ; 6.737 ; 6.737 ; 6.737 ; 6.737 ;
; SW[13]     ; LEDR[5]     ; 7.185 ; 7.185 ; 7.185 ; 7.185 ;
; SW[13]     ; LEDR[6]     ; 7.662 ; 7.662 ; 7.662 ; 7.662 ;
; SW[13]     ; LEDR[7]     ; 8.025 ; 8.025 ; 8.025 ; 8.025 ;
; SW[13]     ; LEDR[8]     ; 8.243 ; 8.243 ; 8.243 ; 8.243 ;
; SW[13]     ; LEDR[9]     ; 8.749 ; 8.749 ; 8.749 ; 8.749 ;
; SW[13]     ; LEDR[10]    ; 9.155 ; 9.155 ; 9.155 ; 9.155 ;
; SW[13]     ; LEDR[11]    ; 9.474 ; 9.474 ; 9.474 ; 9.474 ;
; SW[13]     ; LEDR[12]    ; 9.631 ; 9.631 ; 9.631 ; 9.631 ;
; SW[13]     ; LEDR[13]    ; 9.623 ; 9.623 ; 9.623 ; 9.623 ;
; SW[14]     ; LEDR[4]     ; 6.625 ; 6.625 ; 6.625 ; 6.625 ;
; SW[14]     ; LEDR[5]     ; 7.073 ; 7.073 ; 7.073 ; 7.073 ;
; SW[14]     ; LEDR[6]     ; 7.550 ; 7.550 ; 7.550 ; 7.550 ;
; SW[14]     ; LEDR[7]     ; 7.913 ; 7.913 ; 7.913 ; 7.913 ;
; SW[14]     ; LEDR[8]     ; 8.131 ; 8.131 ; 8.131 ; 8.131 ;
; SW[14]     ; LEDR[9]     ; 8.637 ; 8.637 ; 8.637 ; 8.637 ;
; SW[14]     ; LEDR[10]    ; 9.043 ; 9.043 ; 9.043 ; 9.043 ;
; SW[14]     ; LEDR[11]    ; 9.362 ; 9.362 ; 9.362 ; 9.362 ;
; SW[14]     ; LEDR[12]    ; 9.519 ; 9.519 ; 9.519 ; 9.519 ;
; SW[14]     ; LEDR[13]    ; 9.511 ; 9.511 ; 9.511 ; 9.511 ;
; SW[15]     ; LEDR[5]     ; 7.427 ; 7.427 ; 7.427 ; 7.427 ;
; SW[15]     ; LEDR[6]     ; 7.904 ; 7.904 ; 7.904 ; 7.904 ;
; SW[15]     ; LEDR[7]     ; 8.267 ; 8.267 ; 8.267 ; 8.267 ;
; SW[15]     ; LEDR[8]     ; 8.485 ; 8.485 ; 8.485 ; 8.485 ;
; SW[15]     ; LEDR[9]     ; 8.991 ; 8.991 ; 8.991 ; 8.991 ;
; SW[15]     ; LEDR[10]    ; 9.397 ; 9.397 ; 9.397 ; 9.397 ;
; SW[15]     ; LEDR[11]    ; 9.716 ; 9.716 ; 9.716 ; 9.716 ;
; SW[15]     ; LEDR[12]    ; 9.873 ; 9.873 ; 9.873 ; 9.873 ;
; SW[15]     ; LEDR[13]    ; 9.865 ; 9.865 ; 9.865 ; 9.865 ;
+------------+-------------+-------+-------+-------+-------+


+----------------------------------------------------------+
; Minimum Propagation Delay                                ;
+------------+-------------+-------+-------+-------+-------+
; Input Port ; Output Port ; RR    ; RF    ; FR    ; FF    ;
+------------+-------------+-------+-------+-------+-------+
; SW[0]      ; LEDR[2]     ; 5.779 ; 5.779 ; 5.779 ; 5.779 ;
; SW[0]      ; LEDR[3]     ; 6.160 ; 6.160 ; 6.160 ; 6.160 ;
; SW[0]      ; LEDR[4]     ; 6.179 ; 6.179 ; 6.179 ; 6.179 ;
; SW[0]      ; LEDR[5]     ; 6.361 ; 6.361 ; 6.361 ; 6.361 ;
; SW[0]      ; LEDR[6]     ; 6.783 ; 6.783 ; 6.783 ; 6.783 ;
; SW[0]      ; LEDR[7]     ; 6.790 ; 6.790 ; 6.790 ; 6.790 ;
; SW[0]      ; LEDR[8]     ; 6.454 ; 6.454 ; 6.454 ; 6.454 ;
; SW[0]      ; LEDR[9]     ; 6.960 ; 6.960 ; 6.960 ; 6.960 ;
; SW[0]      ; LEDR[10]    ; 7.366 ; 7.366 ; 7.366 ; 7.366 ;
; SW[0]      ; LEDR[11]    ; 7.685 ; 7.685 ; 7.685 ; 7.685 ;
; SW[0]      ; LEDR[12]    ; 7.842 ; 7.842 ; 7.842 ; 7.842 ;
; SW[0]      ; LEDR[13]    ; 7.834 ; 7.834 ; 7.834 ; 7.834 ;
; SW[1]      ; LEDR[3]     ; 6.333 ; 6.333 ; 6.333 ; 6.333 ;
; SW[1]      ; LEDR[4]     ; 6.081 ; 6.081 ; 6.081 ; 6.081 ;
; SW[1]      ; LEDR[5]     ; 6.263 ; 6.263 ; 6.263 ; 6.263 ;
; SW[1]      ; LEDR[6]     ; 6.595 ; 6.595 ; 6.595 ; 6.595 ;
; SW[1]      ; LEDR[7]     ; 6.602 ; 6.602 ; 6.602 ; 6.602 ;
; SW[1]      ; LEDR[8]     ; 6.265 ; 6.265 ; 6.265 ; 6.265 ;
; SW[1]      ; LEDR[9]     ; 6.771 ; 6.771 ; 6.771 ; 6.771 ;
; SW[1]      ; LEDR[10]    ; 7.177 ; 7.177 ; 7.177 ; 7.177 ;
; SW[1]      ; LEDR[11]    ; 7.496 ; 7.496 ; 7.496 ; 7.496 ;
; SW[1]      ; LEDR[12]    ; 7.653 ; 7.653 ; 7.653 ; 7.653 ;
; SW[1]      ; LEDR[13]    ; 7.645 ; 7.645 ; 7.645 ; 7.645 ;
; SW[2]      ; LEDR[4]     ; 6.840 ; 6.840 ; 6.840 ; 6.840 ;
; SW[2]      ; LEDR[5]     ; 6.808 ; 6.808 ; 6.808 ; 6.808 ;
; SW[2]      ; LEDR[6]     ; 7.076 ; 7.076 ; 7.076 ; 7.076 ;
; SW[2]      ; LEDR[7]     ; 7.066 ; 7.066 ; 7.066 ; 7.066 ;
; SW[2]      ; LEDR[8]     ; 6.669 ; 6.669 ; 6.669 ; 6.669 ;
; SW[2]      ; LEDR[9]     ; 6.529 ; 6.529 ; 6.529 ; 6.529 ;
; SW[2]      ; LEDR[10]    ; 6.753 ; 6.753 ; 6.753 ; 6.753 ;
; SW[2]      ; LEDR[11]    ; 6.922 ; 6.922 ; 6.922 ; 6.922 ;
; SW[2]      ; LEDR[12]    ; 7.080 ; 7.080 ; 7.080 ; 7.080 ;
; SW[2]      ; LEDR[13]    ; 7.072 ; 7.221 ; 7.221 ; 7.072 ;
; SW[3]      ; LEDR[5]     ; 6.926 ; 6.926 ; 6.926 ; 6.926 ;
; SW[3]      ; LEDR[6]     ; 6.734 ; 6.734 ; 6.734 ; 6.734 ;
; SW[3]      ; LEDR[7]     ; 6.741 ; 6.741 ; 6.741 ; 6.741 ;
; SW[3]      ; LEDR[8]     ; 6.405 ; 6.405 ; 6.405 ; 6.405 ;
; SW[3]      ; LEDR[9]     ; 5.887 ; 5.887 ; 5.887 ; 5.887 ;
; SW[3]      ; LEDR[10]    ; 6.343 ; 6.343 ; 6.343 ; 6.343 ;
; SW[3]      ; LEDR[11]    ; 6.446 ; 6.446 ; 6.446 ; 6.446 ;
; SW[3]      ; LEDR[12]    ; 6.315 ; 6.315 ; 6.315 ; 6.315 ;
; SW[3]      ; LEDR[13]    ; 6.304 ; 6.596 ; 6.596 ; 6.304 ;
; SW[4]      ; LEDR[2]     ; 5.668 ; 5.668 ; 5.668 ; 5.668 ;
; SW[4]      ; LEDR[3]     ; 6.049 ; 6.049 ; 6.049 ; 6.049 ;
; SW[4]      ; LEDR[4]     ; 5.912 ; 5.912 ; 5.912 ; 5.912 ;
; SW[4]      ; LEDR[5]     ; 5.920 ; 5.920 ; 5.920 ; 5.920 ;
; SW[4]      ; LEDR[6]     ; 6.313 ; 6.313 ; 6.313 ; 6.313 ;
; SW[4]      ; LEDR[7]     ; 6.353 ; 6.353 ; 6.353 ; 6.353 ;
; SW[4]      ; LEDR[8]     ; 6.349 ; 6.349 ; 6.349 ; 6.349 ;
; SW[4]      ; LEDR[9]     ; 6.854 ; 6.854 ; 6.854 ; 6.854 ;
; SW[4]      ; LEDR[10]    ; 7.260 ; 7.260 ; 7.260 ; 7.260 ;
; SW[4]      ; LEDR[11]    ; 7.579 ; 7.579 ; 7.579 ; 7.579 ;
; SW[4]      ; LEDR[12]    ; 7.736 ; 7.736 ; 7.736 ; 7.736 ;
; SW[4]      ; LEDR[13]    ; 7.728 ; 7.728 ; 7.728 ; 7.728 ;
; SW[5]      ; LEDR[3]     ; 6.232 ; 6.232 ; 6.232 ; 6.232 ;
; SW[5]      ; LEDR[4]     ; 5.980 ; 5.980 ; 5.980 ; 5.980 ;
; SW[5]      ; LEDR[5]     ; 6.162 ; 6.162 ; 6.162 ; 6.162 ;
; SW[5]      ; LEDR[6]     ; 6.402 ; 6.402 ; 6.402 ; 6.402 ;
; SW[5]      ; LEDR[7]     ; 6.409 ; 6.409 ; 6.409 ; 6.409 ;
; SW[5]      ; LEDR[8]     ; 6.071 ; 6.071 ; 6.071 ; 6.071 ;
; SW[5]      ; LEDR[9]     ; 6.577 ; 6.577 ; 6.577 ; 6.577 ;
; SW[5]      ; LEDR[10]    ; 6.983 ; 6.983 ; 6.983 ; 6.983 ;
; SW[5]      ; LEDR[11]    ; 7.302 ; 7.302 ; 7.302 ; 7.302 ;
; SW[5]      ; LEDR[12]    ; 7.459 ; 7.459 ; 7.459 ; 7.459 ;
; SW[5]      ; LEDR[13]    ; 7.451 ; 7.451 ; 7.451 ; 7.451 ;
; SW[6]      ; LEDR[4]     ; 6.759 ; 6.759 ; 6.759 ; 6.759 ;
; SW[6]      ; LEDR[5]     ; 6.070 ; 6.070 ; 6.070 ; 6.070 ;
; SW[6]      ; LEDR[6]     ; 6.379 ; 6.379 ; 6.379 ; 6.379 ;
; SW[6]      ; LEDR[7]     ; 6.386 ; 6.386 ; 6.386 ; 6.386 ;
; SW[6]      ; LEDR[8]     ; 6.382 ; 6.382 ; 6.382 ; 6.382 ;
; SW[6]      ; LEDR[9]     ; 6.524 ; 6.524 ; 6.524 ; 6.524 ;
; SW[6]      ; LEDR[10]    ; 6.748 ; 6.748 ; 6.748 ; 6.748 ;
; SW[6]      ; LEDR[11]    ; 6.917 ; 6.917 ; 6.917 ; 6.917 ;
; SW[6]      ; LEDR[12]    ; 7.075 ; 7.075 ; 7.075 ; 7.075 ;
; SW[6]      ; LEDR[13]    ; 7.067 ; 7.216 ; 7.216 ; 7.067 ;
; SW[7]      ; LEDR[5]     ; 6.825 ; 6.825 ; 6.825 ; 6.825 ;
; SW[7]      ; LEDR[6]     ; 6.738 ; 6.738 ; 6.738 ; 6.738 ;
; SW[7]      ; LEDR[7]     ; 6.745 ; 6.745 ; 6.745 ; 6.745 ;
; SW[7]      ; LEDR[8]     ; 6.408 ; 6.408 ; 6.408 ; 6.408 ;
; SW[7]      ; LEDR[9]     ; 5.833 ; 5.833 ; 5.833 ; 5.833 ;
; SW[7]      ; LEDR[10]    ; 6.289 ; 6.289 ; 6.289 ; 6.289 ;
; SW[7]      ; LEDR[11]    ; 6.392 ; 6.392 ; 6.392 ; 6.392 ;
; SW[7]      ; LEDR[12]    ; 6.261 ; 6.261 ; 6.261 ; 6.261 ;
; SW[7]      ; LEDR[13]    ; 6.250 ; 6.542 ; 6.542 ; 6.250 ;
; SW[8]      ; LEDR[2]     ; 5.534 ; 5.534 ; 5.534 ; 5.534 ;
; SW[8]      ; LEDR[3]     ; 5.911 ; 5.911 ; 5.911 ; 5.911 ;
; SW[8]      ; LEDR[4]     ; 5.930 ; 5.930 ; 5.930 ; 5.930 ;
; SW[8]      ; LEDR[5]     ; 5.873 ; 5.873 ; 5.873 ; 5.873 ;
; SW[8]      ; LEDR[6]     ; 6.071 ; 6.071 ; 6.071 ; 6.071 ;
; SW[8]      ; LEDR[7]     ; 6.038 ; 6.038 ; 6.038 ; 6.038 ;
; SW[8]      ; LEDR[8]     ; 5.642 ; 5.642 ; 5.642 ; 5.642 ;
; SW[8]      ; LEDR[9]     ; 6.148 ; 6.148 ; 6.148 ; 6.148 ;
; SW[8]      ; LEDR[10]    ; 6.554 ; 6.554 ; 6.554 ; 6.554 ;
; SW[8]      ; LEDR[11]    ; 6.873 ; 6.873 ; 6.873 ; 6.873 ;
; SW[8]      ; LEDR[12]    ; 7.030 ; 7.030 ; 7.030 ; 7.030 ;
; SW[8]      ; LEDR[13]    ; 7.022 ; 7.022 ; 7.022 ; 7.022 ;
; SW[9]      ; LEDR[3]     ; 5.765 ; 5.765 ; 5.765 ; 5.765 ;
; SW[9]      ; LEDR[4]     ; 5.893 ; 5.893 ; 5.893 ; 5.893 ;
; SW[9]      ; LEDR[5]     ; 6.075 ; 6.075 ; 6.075 ; 6.075 ;
; SW[9]      ; LEDR[6]     ; 5.964 ; 5.964 ; 5.964 ; 5.964 ;
; SW[9]      ; LEDR[7]     ; 6.011 ; 6.011 ; 6.011 ; 6.011 ;
; SW[9]      ; LEDR[8]     ; 6.194 ; 6.194 ; 6.194 ; 6.194 ;
; SW[9]      ; LEDR[9]     ; 6.316 ; 6.316 ; 6.316 ; 6.316 ;
; SW[9]      ; LEDR[10]    ; 6.435 ; 6.435 ; 6.435 ; 6.435 ;
; SW[9]      ; LEDR[11]    ; 6.709 ; 6.709 ; 6.709 ; 6.709 ;
; SW[9]      ; LEDR[12]    ; 6.867 ; 6.867 ; 6.867 ; 6.867 ;
; SW[9]      ; LEDR[13]    ; 6.859 ; 6.906 ; 6.906 ; 6.859 ;
; SW[10]     ; LEDR[4]     ; 5.935 ; 5.935 ; 5.935 ; 5.935 ;
; SW[10]     ; LEDR[5]     ; 5.929 ; 5.929 ; 5.929 ; 5.929 ;
; SW[10]     ; LEDR[6]     ; 6.409 ; 6.409 ; 6.409 ; 6.409 ;
; SW[10]     ; LEDR[7]     ; 6.681 ; 6.681 ; 6.681 ; 6.681 ;
; SW[10]     ; LEDR[8]     ; 6.284 ; 6.284 ; 6.284 ; 6.284 ;
; SW[10]     ; LEDR[9]     ; 6.069 ; 6.069 ; 6.069 ; 6.069 ;
; SW[10]     ; LEDR[10]    ; 5.998 ; 5.998 ; 5.998 ; 5.998 ;
; SW[10]     ; LEDR[11]    ; 6.100 ; 6.100 ; 6.100 ; 6.100 ;
; SW[10]     ; LEDR[12]    ; 5.969 ; 5.969 ; 5.969 ; 5.969 ;
; SW[10]     ; LEDR[13]    ; 5.958 ; 6.250 ; 6.250 ; 5.958 ;
; SW[11]     ; LEDR[5]     ; 6.225 ; 6.225 ; 6.225 ; 6.225 ;
; SW[11]     ; LEDR[6]     ; 6.618 ; 6.618 ; 6.618 ; 6.618 ;
; SW[11]     ; LEDR[7]     ; 6.657 ; 6.657 ; 6.657 ; 6.657 ;
; SW[11]     ; LEDR[8]     ; 6.478 ; 6.478 ; 6.478 ; 6.478 ;
; SW[11]     ; LEDR[9]     ; 6.611 ; 6.611 ; 6.611 ; 6.611 ;
; SW[11]     ; LEDR[10]    ; 6.509 ; 6.509 ; 6.509 ; 6.509 ;
; SW[11]     ; LEDR[11]    ; 6.619 ; 6.619 ; 6.619 ; 6.619 ;
; SW[11]     ; LEDR[12]    ; 6.488 ; 6.488 ; 6.488 ; 6.488 ;
; SW[11]     ; LEDR[13]    ; 6.477 ; 6.769 ; 6.769 ; 6.477 ;
; SW[12]     ; LEDR[2]     ; 5.707 ; 5.707 ; 5.707 ; 5.707 ;
; SW[12]     ; LEDR[3]     ; 6.087 ; 6.087 ; 6.087 ; 6.087 ;
; SW[12]     ; LEDR[4]     ; 6.033 ; 6.033 ; 6.033 ; 6.033 ;
; SW[12]     ; LEDR[5]     ; 6.215 ; 6.215 ; 6.215 ; 6.215 ;
; SW[12]     ; LEDR[6]     ; 6.690 ; 6.690 ; 6.690 ; 6.690 ;
; SW[12]     ; LEDR[7]     ; 6.981 ; 6.981 ; 6.981 ; 6.981 ;
; SW[12]     ; LEDR[8]     ; 7.102 ; 7.102 ; 7.102 ; 7.102 ;
; SW[12]     ; LEDR[9]     ; 6.063 ; 6.063 ; 6.063 ; 6.063 ;
; SW[12]     ; LEDR[10]    ; 6.171 ; 6.171 ; 6.171 ; 6.171 ;
; SW[12]     ; LEDR[11]    ; 6.340 ; 6.340 ; 6.340 ; 6.340 ;
; SW[12]     ; LEDR[12]    ; 6.498 ; 6.498 ; 6.498 ; 6.498 ;
; SW[12]     ; LEDR[13]    ; 6.490 ; 6.639 ; 6.639 ; 6.490 ;
; SW[13]     ; LEDR[3]     ; 5.955 ; 5.955 ; 5.955 ; 5.955 ;
; SW[13]     ; LEDR[4]     ; 5.967 ; 5.967 ; 5.967 ; 5.967 ;
; SW[13]     ; LEDR[5]     ; 6.149 ; 6.149 ; 6.149 ; 6.149 ;
; SW[13]     ; LEDR[6]     ; 6.038 ; 6.038 ; 6.038 ; 6.038 ;
; SW[13]     ; LEDR[7]     ; 6.077 ; 6.077 ; 6.077 ; 6.077 ;
; SW[13]     ; LEDR[8]     ; 6.268 ; 6.268 ; 6.268 ; 6.268 ;
; SW[13]     ; LEDR[9]     ; 6.774 ; 6.774 ; 6.774 ; 6.774 ;
; SW[13]     ; LEDR[10]    ; 6.141 ; 6.141 ; 6.141 ; 6.141 ;
; SW[13]     ; LEDR[11]    ; 6.263 ; 6.263 ; 6.263 ; 6.263 ;
; SW[13]     ; LEDR[12]    ; 6.132 ; 6.132 ; 6.132 ; 6.132 ;
; SW[13]     ; LEDR[13]    ; 6.121 ; 6.413 ; 6.413 ; 6.121 ;
; SW[14]     ; LEDR[4]     ; 6.184 ; 6.184 ; 6.184 ; 6.184 ;
; SW[14]     ; LEDR[5]     ; 5.911 ; 5.911 ; 5.911 ; 5.911 ;
; SW[14]     ; LEDR[6]     ; 6.131 ; 6.131 ; 6.131 ; 6.131 ;
; SW[14]     ; LEDR[7]     ; 5.572 ; 5.572 ; 5.572 ; 5.572 ;
; SW[14]     ; LEDR[8]     ; 5.790 ; 5.790 ; 5.790 ; 5.790 ;
; SW[14]     ; LEDR[9]     ; 6.296 ; 6.296 ; 6.296 ; 6.296 ;
; SW[14]     ; LEDR[10]    ; 6.702 ; 6.702 ; 6.702 ; 6.702 ;
; SW[14]     ; LEDR[11]    ; 5.957 ; 5.957 ; 5.957 ; 5.957 ;
; SW[14]     ; LEDR[12]    ; 5.822 ; 5.822 ; 5.822 ; 5.822 ;
; SW[14]     ; LEDR[13]    ; 5.804 ; 6.106 ; 6.106 ; 5.804 ;
; SW[15]     ; LEDR[5]     ; 7.134 ; 7.134 ; 7.134 ; 7.134 ;
; SW[15]     ; LEDR[6]     ; 7.209 ; 7.209 ; 7.209 ; 7.209 ;
; SW[15]     ; LEDR[7]     ; 7.322 ; 7.322 ; 7.322 ; 7.322 ;
; SW[15]     ; LEDR[8]     ; 6.788 ; 6.788 ; 6.788 ; 6.788 ;
; SW[15]     ; LEDR[9]     ; 6.332 ; 6.332 ; 6.332 ; 6.332 ;
; SW[15]     ; LEDR[10]    ; 6.740 ; 6.740 ; 6.740 ; 6.740 ;
; SW[15]     ; LEDR[11]    ; 6.891 ; 6.891 ; 6.891 ; 6.891 ;
; SW[15]     ; LEDR[12]    ; 5.918 ; 5.918 ; 5.918 ; 5.918 ;
; SW[15]     ; LEDR[13]    ; 5.905 ; 7.041 ; 7.041 ; 5.905 ;
+------------+-------------+-------+-------+-------+-------+


+----------------------------------------------------------------------------+
; Multicorner Timing Analysis Summary                                        ;
+------------------+-------+------+----------+---------+---------------------+
; Clock            ; Setup ; Hold ; Recovery ; Removal ; Minimum Pulse Width ;
+------------------+-------+------+----------+---------+---------------------+
; Worst-case Slack ; N/A   ; N/A  ; N/A      ; N/A     ; N/A                 ;
; Design-wide TNS  ; 0.0   ; 0.0  ; 0.0      ; 0.0     ; 0.0                 ;
+------------------+-------+------+----------+---------+---------------------+


+--------------------------------------------------------------+
; Progagation Delay                                            ;
+------------+-------------+--------+--------+--------+--------+
; Input Port ; Output Port ; RR     ; RF     ; FR     ; FF     ;
+------------+-------------+--------+--------+--------+--------+
; SW[0]      ; LEDR[2]     ; 10.440 ; 10.440 ; 10.440 ; 10.440 ;
; SW[0]      ; LEDR[3]     ; 12.280 ; 12.280 ; 12.280 ; 12.280 ;
; SW[0]      ; LEDR[4]     ; 12.572 ; 12.572 ; 12.572 ; 12.572 ;
; SW[0]      ; LEDR[5]     ; 14.037 ; 14.037 ; 14.037 ; 14.037 ;
; SW[0]      ; LEDR[6]     ; 15.157 ; 15.157 ; 15.157 ; 15.157 ;
; SW[0]      ; LEDR[7]     ; 16.005 ; 16.005 ; 16.005 ; 16.005 ;
; SW[0]      ; LEDR[8]     ; 16.541 ; 16.541 ; 16.541 ; 16.541 ;
; SW[0]      ; LEDR[9]     ; 17.576 ; 17.576 ; 17.576 ; 17.576 ;
; SW[0]      ; LEDR[10]    ; 18.511 ; 18.511 ; 18.511 ; 18.511 ;
; SW[0]      ; LEDR[11]    ; 19.231 ; 19.231 ; 19.231 ; 19.231 ;
; SW[0]      ; LEDR[12]    ; 19.656 ; 19.656 ; 19.656 ; 19.656 ;
; SW[0]      ; LEDR[13]    ; 19.630 ; 19.630 ; 19.630 ; 19.630 ;
; SW[1]      ; LEDR[3]     ; 11.890 ; 11.890 ; 11.890 ; 11.890 ;
; SW[1]      ; LEDR[4]     ; 12.703 ; 12.703 ; 12.703 ; 12.703 ;
; SW[1]      ; LEDR[5]     ; 13.848 ; 13.848 ; 13.848 ; 13.848 ;
; SW[1]      ; LEDR[6]     ; 14.968 ; 14.968 ; 14.968 ; 14.968 ;
; SW[1]      ; LEDR[7]     ; 15.816 ; 15.816 ; 15.816 ; 15.816 ;
; SW[1]      ; LEDR[8]     ; 16.352 ; 16.352 ; 16.352 ; 16.352 ;
; SW[1]      ; LEDR[9]     ; 17.387 ; 17.387 ; 17.387 ; 17.387 ;
; SW[1]      ; LEDR[10]    ; 18.322 ; 18.322 ; 18.322 ; 18.322 ;
; SW[1]      ; LEDR[11]    ; 19.042 ; 19.042 ; 19.042 ; 19.042 ;
; SW[1]      ; LEDR[12]    ; 19.467 ; 19.467 ; 19.467 ; 19.467 ;
; SW[1]      ; LEDR[13]    ; 19.441 ; 19.441 ; 19.441 ; 19.441 ;
; SW[2]      ; LEDR[4]     ; 12.933 ; 12.933 ; 12.933 ; 12.933 ;
; SW[2]      ; LEDR[5]     ; 14.381 ; 14.381 ; 14.381 ; 14.381 ;
; SW[2]      ; LEDR[6]     ; 15.501 ; 15.501 ; 15.501 ; 15.501 ;
; SW[2]      ; LEDR[7]     ; 16.349 ; 16.349 ; 16.349 ; 16.349 ;
; SW[2]      ; LEDR[8]     ; 16.885 ; 16.885 ; 16.885 ; 16.885 ;
; SW[2]      ; LEDR[9]     ; 17.920 ; 17.920 ; 17.920 ; 17.920 ;
; SW[2]      ; LEDR[10]    ; 18.855 ; 18.855 ; 18.855 ; 18.855 ;
; SW[2]      ; LEDR[11]    ; 19.575 ; 19.575 ; 19.575 ; 19.575 ;
; SW[2]      ; LEDR[12]    ; 20.000 ; 20.000 ; 20.000 ; 20.000 ;
; SW[2]      ; LEDR[13]    ; 19.974 ; 19.974 ; 19.974 ; 19.974 ;
; SW[3]      ; LEDR[5]     ; 13.278 ; 13.278 ; 13.278 ; 13.278 ;
; SW[3]      ; LEDR[6]     ; 14.398 ; 14.398 ; 14.398 ; 14.398 ;
; SW[3]      ; LEDR[7]     ; 15.246 ; 15.246 ; 15.246 ; 15.246 ;
; SW[3]      ; LEDR[8]     ; 15.782 ; 15.782 ; 15.782 ; 15.782 ;
; SW[3]      ; LEDR[9]     ; 16.817 ; 16.817 ; 16.817 ; 16.817 ;
; SW[3]      ; LEDR[10]    ; 17.752 ; 17.752 ; 17.752 ; 17.752 ;
; SW[3]      ; LEDR[11]    ; 18.472 ; 18.472 ; 18.472 ; 18.472 ;
; SW[3]      ; LEDR[12]    ; 18.897 ; 18.897 ; 18.897 ; 18.897 ;
; SW[3]      ; LEDR[13]    ; 18.871 ; 18.871 ; 18.871 ; 18.871 ;
; SW[4]      ; LEDR[2]     ; 10.175 ; 10.175 ; 10.175 ; 10.175 ;
; SW[4]      ; LEDR[3]     ; 11.836 ; 11.836 ; 11.836 ; 11.836 ;
; SW[4]      ; LEDR[4]     ; 12.388 ; 12.388 ; 12.388 ; 12.388 ;
; SW[4]      ; LEDR[5]     ; 13.533 ; 13.533 ; 13.533 ; 13.533 ;
; SW[4]      ; LEDR[6]     ; 14.653 ; 14.653 ; 14.653 ; 14.653 ;
; SW[4]      ; LEDR[7]     ; 15.501 ; 15.501 ; 15.501 ; 15.501 ;
; SW[4]      ; LEDR[8]     ; 16.037 ; 16.037 ; 16.037 ; 16.037 ;
; SW[4]      ; LEDR[9]     ; 17.072 ; 17.072 ; 17.072 ; 17.072 ;
; SW[4]      ; LEDR[10]    ; 18.007 ; 18.007 ; 18.007 ; 18.007 ;
; SW[4]      ; LEDR[11]    ; 18.727 ; 18.727 ; 18.727 ; 18.727 ;
; SW[4]      ; LEDR[12]    ; 19.152 ; 19.152 ; 19.152 ; 19.152 ;
; SW[4]      ; LEDR[13]    ; 19.126 ; 19.126 ; 19.126 ; 19.126 ;
; SW[5]      ; LEDR[3]     ; 11.585 ; 11.585 ; 11.585 ; 11.585 ;
; SW[5]      ; LEDR[4]     ; 12.585 ; 12.585 ; 12.585 ; 12.585 ;
; SW[5]      ; LEDR[5]     ; 14.020 ; 14.020 ; 14.020 ; 14.020 ;
; SW[5]      ; LEDR[6]     ; 15.140 ; 15.140 ; 15.140 ; 15.140 ;
; SW[5]      ; LEDR[7]     ; 15.988 ; 15.988 ; 15.988 ; 15.988 ;
; SW[5]      ; LEDR[8]     ; 16.524 ; 16.524 ; 16.524 ; 16.524 ;
; SW[5]      ; LEDR[9]     ; 17.559 ; 17.559 ; 17.559 ; 17.559 ;
; SW[5]      ; LEDR[10]    ; 18.494 ; 18.494 ; 18.494 ; 18.494 ;
; SW[5]      ; LEDR[11]    ; 19.214 ; 19.214 ; 19.214 ; 19.214 ;
; SW[5]      ; LEDR[12]    ; 19.639 ; 19.639 ; 19.639 ; 19.639 ;
; SW[5]      ; LEDR[13]    ; 19.613 ; 19.613 ; 19.613 ; 19.613 ;
; SW[6]      ; LEDR[4]     ; 12.758 ; 12.758 ; 12.758 ; 12.758 ;
; SW[6]      ; LEDR[5]     ; 14.351 ; 14.351 ; 14.351 ; 14.351 ;
; SW[6]      ; LEDR[6]     ; 15.471 ; 15.471 ; 15.471 ; 15.471 ;
; SW[6]      ; LEDR[7]     ; 16.319 ; 16.319 ; 16.319 ; 16.319 ;
; SW[6]      ; LEDR[8]     ; 16.855 ; 16.855 ; 16.855 ; 16.855 ;
; SW[6]      ; LEDR[9]     ; 17.890 ; 17.890 ; 17.890 ; 17.890 ;
; SW[6]      ; LEDR[10]    ; 18.825 ; 18.825 ; 18.825 ; 18.825 ;
; SW[6]      ; LEDR[11]    ; 19.545 ; 19.545 ; 19.545 ; 19.545 ;
; SW[6]      ; LEDR[12]    ; 19.970 ; 19.970 ; 19.970 ; 19.970 ;
; SW[6]      ; LEDR[13]    ; 19.944 ; 19.944 ; 19.944 ; 19.944 ;
; SW[7]      ; LEDR[5]     ; 13.015 ; 13.015 ; 13.015 ; 13.015 ;
; SW[7]      ; LEDR[6]     ; 14.135 ; 14.135 ; 14.135 ; 14.135 ;
; SW[7]      ; LEDR[7]     ; 14.983 ; 14.983 ; 14.983 ; 14.983 ;
; SW[7]      ; LEDR[8]     ; 15.519 ; 15.519 ; 15.519 ; 15.519 ;
; SW[7]      ; LEDR[9]     ; 16.554 ; 16.554 ; 16.554 ; 16.554 ;
; SW[7]      ; LEDR[10]    ; 17.489 ; 17.489 ; 17.489 ; 17.489 ;
; SW[7]      ; LEDR[11]    ; 18.209 ; 18.209 ; 18.209 ; 18.209 ;
; SW[7]      ; LEDR[12]    ; 18.634 ; 18.634 ; 18.634 ; 18.634 ;
; SW[7]      ; LEDR[13]    ; 18.608 ; 18.608 ; 18.608 ; 18.608 ;
; SW[8]      ; LEDR[2]     ; 9.891  ; 9.891  ; 9.891  ; 9.891  ;
; SW[8]      ; LEDR[3]     ; 11.728 ; 11.728 ; 11.728 ; 11.728 ;
; SW[8]      ; LEDR[4]     ; 12.020 ; 12.020 ; 12.020 ; 12.020 ;
; SW[8]      ; LEDR[5]     ; 12.597 ; 12.597 ; 12.597 ; 12.597 ;
; SW[8]      ; LEDR[6]     ; 13.716 ; 13.716 ; 13.716 ; 13.716 ;
; SW[8]      ; LEDR[7]     ; 14.564 ; 14.564 ; 14.564 ; 14.564 ;
; SW[8]      ; LEDR[8]     ; 15.100 ; 15.100 ; 15.100 ; 15.100 ;
; SW[8]      ; LEDR[9]     ; 16.135 ; 16.135 ; 16.135 ; 16.135 ;
; SW[8]      ; LEDR[10]    ; 17.070 ; 17.070 ; 17.070 ; 17.070 ;
; SW[8]      ; LEDR[11]    ; 17.790 ; 17.790 ; 17.790 ; 17.790 ;
; SW[8]      ; LEDR[12]    ; 18.215 ; 18.215 ; 18.215 ; 18.215 ;
; SW[8]      ; LEDR[13]    ; 18.189 ; 18.189 ; 18.189 ; 18.189 ;
; SW[9]      ; LEDR[3]     ; 10.549 ; 10.549 ; 10.549 ; 10.549 ;
; SW[9]      ; LEDR[4]     ; 12.971 ; 12.971 ; 12.971 ; 12.971 ;
; SW[9]      ; LEDR[5]     ; 14.114 ; 14.114 ; 14.114 ; 14.114 ;
; SW[9]      ; LEDR[6]     ; 15.234 ; 15.234 ; 15.234 ; 15.234 ;
; SW[9]      ; LEDR[7]     ; 16.082 ; 16.082 ; 16.082 ; 16.082 ;
; SW[9]      ; LEDR[8]     ; 16.618 ; 16.618 ; 16.618 ; 16.618 ;
; SW[9]      ; LEDR[9]     ; 17.653 ; 17.653 ; 17.653 ; 17.653 ;
; SW[9]      ; LEDR[10]    ; 18.588 ; 18.588 ; 18.588 ; 18.588 ;
; SW[9]      ; LEDR[11]    ; 19.308 ; 19.308 ; 19.308 ; 19.308 ;
; SW[9]      ; LEDR[12]    ; 19.733 ; 19.733 ; 19.733 ; 19.733 ;
; SW[9]      ; LEDR[13]    ; 19.707 ; 19.707 ; 19.707 ; 19.707 ;
; SW[10]     ; LEDR[4]     ; 10.754 ; 10.754 ; 10.754 ; 10.754 ;
; SW[10]     ; LEDR[5]     ; 13.851 ; 13.851 ; 13.851 ; 13.851 ;
; SW[10]     ; LEDR[6]     ; 14.971 ; 14.971 ; 14.971 ; 14.971 ;
; SW[10]     ; LEDR[7]     ; 15.819 ; 15.819 ; 15.819 ; 15.819 ;
; SW[10]     ; LEDR[8]     ; 16.355 ; 16.355 ; 16.355 ; 16.355 ;
; SW[10]     ; LEDR[9]     ; 17.390 ; 17.390 ; 17.390 ; 17.390 ;
; SW[10]     ; LEDR[10]    ; 18.325 ; 18.325 ; 18.325 ; 18.325 ;
; SW[10]     ; LEDR[11]    ; 19.045 ; 19.045 ; 19.045 ; 19.045 ;
; SW[10]     ; LEDR[12]    ; 19.470 ; 19.470 ; 19.470 ; 19.470 ;
; SW[10]     ; LEDR[13]    ; 19.444 ; 19.444 ; 19.444 ; 19.444 ;
; SW[11]     ; LEDR[5]     ; 11.562 ; 11.562 ; 11.562 ; 11.562 ;
; SW[11]     ; LEDR[6]     ; 13.502 ; 13.502 ; 13.502 ; 13.502 ;
; SW[11]     ; LEDR[7]     ; 14.350 ; 14.350 ; 14.350 ; 14.350 ;
; SW[11]     ; LEDR[8]     ; 14.886 ; 14.886 ; 14.886 ; 14.886 ;
; SW[11]     ; LEDR[9]     ; 15.921 ; 15.921 ; 15.921 ; 15.921 ;
; SW[11]     ; LEDR[10]    ; 16.856 ; 16.856 ; 16.856 ; 16.856 ;
; SW[11]     ; LEDR[11]    ; 17.576 ; 17.576 ; 17.576 ; 17.576 ;
; SW[11]     ; LEDR[12]    ; 18.001 ; 18.001 ; 18.001 ; 18.001 ;
; SW[11]     ; LEDR[13]    ; 17.975 ; 17.975 ; 17.975 ; 17.975 ;
; SW[12]     ; LEDR[2]     ; 10.299 ; 10.299 ; 10.299 ; 10.299 ;
; SW[12]     ; LEDR[3]     ; 11.742 ; 11.742 ; 11.742 ; 11.742 ;
; SW[12]     ; LEDR[4]     ; 12.035 ; 12.035 ; 12.035 ; 12.035 ;
; SW[12]     ; LEDR[5]     ; 13.564 ; 13.564 ; 13.564 ; 13.564 ;
; SW[12]     ; LEDR[6]     ; 14.684 ; 14.684 ; 14.684 ; 14.684 ;
; SW[12]     ; LEDR[7]     ; 15.532 ; 15.532 ; 15.532 ; 15.532 ;
; SW[12]     ; LEDR[8]     ; 16.068 ; 16.068 ; 16.068 ; 16.068 ;
; SW[12]     ; LEDR[9]     ; 17.103 ; 17.103 ; 17.103 ; 17.103 ;
; SW[12]     ; LEDR[10]    ; 18.038 ; 18.038 ; 18.038 ; 18.038 ;
; SW[12]     ; LEDR[11]    ; 18.758 ; 18.758 ; 18.758 ; 18.758 ;
; SW[12]     ; LEDR[12]    ; 19.183 ; 19.183 ; 19.183 ; 19.183 ;
; SW[12]     ; LEDR[13]    ; 19.157 ; 19.157 ; 19.157 ; 19.157 ;
; SW[13]     ; LEDR[3]     ; 10.980 ; 10.980 ; 10.980 ; 10.980 ;
; SW[13]     ; LEDR[4]     ; 12.686 ; 12.686 ; 12.686 ; 12.686 ;
; SW[13]     ; LEDR[5]     ; 13.829 ; 13.829 ; 13.829 ; 13.829 ;
; SW[13]     ; LEDR[6]     ; 14.949 ; 14.949 ; 14.949 ; 14.949 ;
; SW[13]     ; LEDR[7]     ; 15.797 ; 15.797 ; 15.797 ; 15.797 ;
; SW[13]     ; LEDR[8]     ; 16.333 ; 16.333 ; 16.333 ; 16.333 ;
; SW[13]     ; LEDR[9]     ; 17.368 ; 17.368 ; 17.368 ; 17.368 ;
; SW[13]     ; LEDR[10]    ; 18.303 ; 18.303 ; 18.303 ; 18.303 ;
; SW[13]     ; LEDR[11]    ; 19.023 ; 19.023 ; 19.023 ; 19.023 ;
; SW[13]     ; LEDR[12]    ; 19.448 ; 19.448 ; 19.448 ; 19.448 ;
; SW[13]     ; LEDR[13]    ; 19.422 ; 19.422 ; 19.422 ; 19.422 ;
; SW[14]     ; LEDR[4]     ; 12.340 ; 12.340 ; 12.340 ; 12.340 ;
; SW[14]     ; LEDR[5]     ; 13.483 ; 13.483 ; 13.483 ; 13.483 ;
; SW[14]     ; LEDR[6]     ; 14.603 ; 14.603 ; 14.603 ; 14.603 ;
; SW[14]     ; LEDR[7]     ; 15.451 ; 15.451 ; 15.451 ; 15.451 ;
; SW[14]     ; LEDR[8]     ; 15.987 ; 15.987 ; 15.987 ; 15.987 ;
; SW[14]     ; LEDR[9]     ; 17.022 ; 17.022 ; 17.022 ; 17.022 ;
; SW[14]     ; LEDR[10]    ; 17.957 ; 17.957 ; 17.957 ; 17.957 ;
; SW[14]     ; LEDR[11]    ; 18.677 ; 18.677 ; 18.677 ; 18.677 ;
; SW[14]     ; LEDR[12]    ; 19.102 ; 19.102 ; 19.102 ; 19.102 ;
; SW[14]     ; LEDR[13]    ; 19.076 ; 19.076 ; 19.076 ; 19.076 ;
; SW[15]     ; LEDR[5]     ; 14.228 ; 14.228 ; 14.228 ; 14.228 ;
; SW[15]     ; LEDR[6]     ; 15.348 ; 15.348 ; 15.348 ; 15.348 ;
; SW[15]     ; LEDR[7]     ; 16.196 ; 16.196 ; 16.196 ; 16.196 ;
; SW[15]     ; LEDR[8]     ; 16.732 ; 16.732 ; 16.732 ; 16.732 ;
; SW[15]     ; LEDR[9]     ; 17.767 ; 17.767 ; 17.767 ; 17.767 ;
; SW[15]     ; LEDR[10]    ; 18.702 ; 18.702 ; 18.702 ; 18.702 ;
; SW[15]     ; LEDR[11]    ; 19.422 ; 19.422 ; 19.422 ; 19.422 ;
; SW[15]     ; LEDR[12]    ; 19.847 ; 19.847 ; 19.847 ; 19.847 ;
; SW[15]     ; LEDR[13]    ; 19.821 ; 19.821 ; 19.821 ; 19.821 ;
+------------+-------------+--------+--------+--------+--------+


+----------------------------------------------------------+
; Minimum Progagation Delay                                ;
+------------+-------------+-------+-------+-------+-------+
; Input Port ; Output Port ; RR    ; RF    ; FR    ; FF    ;
+------------+-------------+-------+-------+-------+-------+
; SW[0]      ; LEDR[2]     ; 5.779 ; 5.779 ; 5.779 ; 5.779 ;
; SW[0]      ; LEDR[3]     ; 6.160 ; 6.160 ; 6.160 ; 6.160 ;
; SW[0]      ; LEDR[4]     ; 6.179 ; 6.179 ; 6.179 ; 6.179 ;
; SW[0]      ; LEDR[5]     ; 6.361 ; 6.361 ; 6.361 ; 6.361 ;
; SW[0]      ; LEDR[6]     ; 6.783 ; 6.783 ; 6.783 ; 6.783 ;
; SW[0]      ; LEDR[7]     ; 6.790 ; 6.790 ; 6.790 ; 6.790 ;
; SW[0]      ; LEDR[8]     ; 6.454 ; 6.454 ; 6.454 ; 6.454 ;
; SW[0]      ; LEDR[9]     ; 6.960 ; 6.960 ; 6.960 ; 6.960 ;
; SW[0]      ; LEDR[10]    ; 7.366 ; 7.366 ; 7.366 ; 7.366 ;
; SW[0]      ; LEDR[11]    ; 7.685 ; 7.685 ; 7.685 ; 7.685 ;
; SW[0]      ; LEDR[12]    ; 7.842 ; 7.842 ; 7.842 ; 7.842 ;
; SW[0]      ; LEDR[13]    ; 7.834 ; 7.834 ; 7.834 ; 7.834 ;
; SW[1]      ; LEDR[3]     ; 6.333 ; 6.333 ; 6.333 ; 6.333 ;
; SW[1]      ; LEDR[4]     ; 6.081 ; 6.081 ; 6.081 ; 6.081 ;
; SW[1]      ; LEDR[5]     ; 6.263 ; 6.263 ; 6.263 ; 6.263 ;
; SW[1]      ; LEDR[6]     ; 6.595 ; 6.595 ; 6.595 ; 6.595 ;
; SW[1]      ; LEDR[7]     ; 6.602 ; 6.602 ; 6.602 ; 6.602 ;
; SW[1]      ; LEDR[8]     ; 6.265 ; 6.265 ; 6.265 ; 6.265 ;
; SW[1]      ; LEDR[9]     ; 6.771 ; 6.771 ; 6.771 ; 6.771 ;
; SW[1]      ; LEDR[10]    ; 7.177 ; 7.177 ; 7.177 ; 7.177 ;
; SW[1]      ; LEDR[11]    ; 7.496 ; 7.496 ; 7.496 ; 7.496 ;
; SW[1]      ; LEDR[12]    ; 7.653 ; 7.653 ; 7.653 ; 7.653 ;
; SW[1]      ; LEDR[13]    ; 7.645 ; 7.645 ; 7.645 ; 7.645 ;
; SW[2]      ; LEDR[4]     ; 6.840 ; 6.840 ; 6.840 ; 6.840 ;
; SW[2]      ; LEDR[5]     ; 6.808 ; 6.808 ; 6.808 ; 6.808 ;
; SW[2]      ; LEDR[6]     ; 7.076 ; 7.076 ; 7.076 ; 7.076 ;
; SW[2]      ; LEDR[7]     ; 7.066 ; 7.066 ; 7.066 ; 7.066 ;
; SW[2]      ; LEDR[8]     ; 6.669 ; 6.669 ; 6.669 ; 6.669 ;
; SW[2]      ; LEDR[9]     ; 6.529 ; 6.529 ; 6.529 ; 6.529 ;
; SW[2]      ; LEDR[10]    ; 6.753 ; 6.753 ; 6.753 ; 6.753 ;
; SW[2]      ; LEDR[11]    ; 6.922 ; 6.922 ; 6.922 ; 6.922 ;
; SW[2]      ; LEDR[12]    ; 7.080 ; 7.080 ; 7.080 ; 7.080 ;
; SW[2]      ; LEDR[13]    ; 7.072 ; 7.221 ; 7.221 ; 7.072 ;
; SW[3]      ; LEDR[5]     ; 6.926 ; 6.926 ; 6.926 ; 6.926 ;
; SW[3]      ; LEDR[6]     ; 6.734 ; 6.734 ; 6.734 ; 6.734 ;
; SW[3]      ; LEDR[7]     ; 6.741 ; 6.741 ; 6.741 ; 6.741 ;
; SW[3]      ; LEDR[8]     ; 6.405 ; 6.405 ; 6.405 ; 6.405 ;
; SW[3]      ; LEDR[9]     ; 5.887 ; 5.887 ; 5.887 ; 5.887 ;
; SW[3]      ; LEDR[10]    ; 6.343 ; 6.343 ; 6.343 ; 6.343 ;
; SW[3]      ; LEDR[11]    ; 6.446 ; 6.446 ; 6.446 ; 6.446 ;
; SW[3]      ; LEDR[12]    ; 6.315 ; 6.315 ; 6.315 ; 6.315 ;
; SW[3]      ; LEDR[13]    ; 6.304 ; 6.596 ; 6.596 ; 6.304 ;
; SW[4]      ; LEDR[2]     ; 5.668 ; 5.668 ; 5.668 ; 5.668 ;
; SW[4]      ; LEDR[3]     ; 6.049 ; 6.049 ; 6.049 ; 6.049 ;
; SW[4]      ; LEDR[4]     ; 5.912 ; 5.912 ; 5.912 ; 5.912 ;
; SW[4]      ; LEDR[5]     ; 5.920 ; 5.920 ; 5.920 ; 5.920 ;
; SW[4]      ; LEDR[6]     ; 6.313 ; 6.313 ; 6.313 ; 6.313 ;
; SW[4]      ; LEDR[7]     ; 6.353 ; 6.353 ; 6.353 ; 6.353 ;
; SW[4]      ; LEDR[8]     ; 6.349 ; 6.349 ; 6.349 ; 6.349 ;
; SW[4]      ; LEDR[9]     ; 6.854 ; 6.854 ; 6.854 ; 6.854 ;
; SW[4]      ; LEDR[10]    ; 7.260 ; 7.260 ; 7.260 ; 7.260 ;
; SW[4]      ; LEDR[11]    ; 7.579 ; 7.579 ; 7.579 ; 7.579 ;
; SW[4]      ; LEDR[12]    ; 7.736 ; 7.736 ; 7.736 ; 7.736 ;
; SW[4]      ; LEDR[13]    ; 7.728 ; 7.728 ; 7.728 ; 7.728 ;
; SW[5]      ; LEDR[3]     ; 6.232 ; 6.232 ; 6.232 ; 6.232 ;
; SW[5]      ; LEDR[4]     ; 5.980 ; 5.980 ; 5.980 ; 5.980 ;
; SW[5]      ; LEDR[5]     ; 6.162 ; 6.162 ; 6.162 ; 6.162 ;
; SW[5]      ; LEDR[6]     ; 6.402 ; 6.402 ; 6.402 ; 6.402 ;
; SW[5]      ; LEDR[7]     ; 6.409 ; 6.409 ; 6.409 ; 6.409 ;
; SW[5]      ; LEDR[8]     ; 6.071 ; 6.071 ; 6.071 ; 6.071 ;
; SW[5]      ; LEDR[9]     ; 6.577 ; 6.577 ; 6.577 ; 6.577 ;
; SW[5]      ; LEDR[10]    ; 6.983 ; 6.983 ; 6.983 ; 6.983 ;
; SW[5]      ; LEDR[11]    ; 7.302 ; 7.302 ; 7.302 ; 7.302 ;
; SW[5]      ; LEDR[12]    ; 7.459 ; 7.459 ; 7.459 ; 7.459 ;
; SW[5]      ; LEDR[13]    ; 7.451 ; 7.451 ; 7.451 ; 7.451 ;
; SW[6]      ; LEDR[4]     ; 6.759 ; 6.759 ; 6.759 ; 6.759 ;
; SW[6]      ; LEDR[5]     ; 6.070 ; 6.070 ; 6.070 ; 6.070 ;
; SW[6]      ; LEDR[6]     ; 6.379 ; 6.379 ; 6.379 ; 6.379 ;
; SW[6]      ; LEDR[7]     ; 6.386 ; 6.386 ; 6.386 ; 6.386 ;
; SW[6]      ; LEDR[8]     ; 6.382 ; 6.382 ; 6.382 ; 6.382 ;
; SW[6]      ; LEDR[9]     ; 6.524 ; 6.524 ; 6.524 ; 6.524 ;
; SW[6]      ; LEDR[10]    ; 6.748 ; 6.748 ; 6.748 ; 6.748 ;
; SW[6]      ; LEDR[11]    ; 6.917 ; 6.917 ; 6.917 ; 6.917 ;
; SW[6]      ; LEDR[12]    ; 7.075 ; 7.075 ; 7.075 ; 7.075 ;
; SW[6]      ; LEDR[13]    ; 7.067 ; 7.216 ; 7.216 ; 7.067 ;
; SW[7]      ; LEDR[5]     ; 6.825 ; 6.825 ; 6.825 ; 6.825 ;
; SW[7]      ; LEDR[6]     ; 6.738 ; 6.738 ; 6.738 ; 6.738 ;
; SW[7]      ; LEDR[7]     ; 6.745 ; 6.745 ; 6.745 ; 6.745 ;
; SW[7]      ; LEDR[8]     ; 6.408 ; 6.408 ; 6.408 ; 6.408 ;
; SW[7]      ; LEDR[9]     ; 5.833 ; 5.833 ; 5.833 ; 5.833 ;
; SW[7]      ; LEDR[10]    ; 6.289 ; 6.289 ; 6.289 ; 6.289 ;
; SW[7]      ; LEDR[11]    ; 6.392 ; 6.392 ; 6.392 ; 6.392 ;
; SW[7]      ; LEDR[12]    ; 6.261 ; 6.261 ; 6.261 ; 6.261 ;
; SW[7]      ; LEDR[13]    ; 6.250 ; 6.542 ; 6.542 ; 6.250 ;
; SW[8]      ; LEDR[2]     ; 5.534 ; 5.534 ; 5.534 ; 5.534 ;
; SW[8]      ; LEDR[3]     ; 5.911 ; 5.911 ; 5.911 ; 5.911 ;
; SW[8]      ; LEDR[4]     ; 5.930 ; 5.930 ; 5.930 ; 5.930 ;
; SW[8]      ; LEDR[5]     ; 5.873 ; 5.873 ; 5.873 ; 5.873 ;
; SW[8]      ; LEDR[6]     ; 6.071 ; 6.071 ; 6.071 ; 6.071 ;
; SW[8]      ; LEDR[7]     ; 6.038 ; 6.038 ; 6.038 ; 6.038 ;
; SW[8]      ; LEDR[8]     ; 5.642 ; 5.642 ; 5.642 ; 5.642 ;
; SW[8]      ; LEDR[9]     ; 6.148 ; 6.148 ; 6.148 ; 6.148 ;
; SW[8]      ; LEDR[10]    ; 6.554 ; 6.554 ; 6.554 ; 6.554 ;
; SW[8]      ; LEDR[11]    ; 6.873 ; 6.873 ; 6.873 ; 6.873 ;
; SW[8]      ; LEDR[12]    ; 7.030 ; 7.030 ; 7.030 ; 7.030 ;
; SW[8]      ; LEDR[13]    ; 7.022 ; 7.022 ; 7.022 ; 7.022 ;
; SW[9]      ; LEDR[3]     ; 5.765 ; 5.765 ; 5.765 ; 5.765 ;
; SW[9]      ; LEDR[4]     ; 5.893 ; 5.893 ; 5.893 ; 5.893 ;
; SW[9]      ; LEDR[5]     ; 6.075 ; 6.075 ; 6.075 ; 6.075 ;
; SW[9]      ; LEDR[6]     ; 5.964 ; 5.964 ; 5.964 ; 5.964 ;
; SW[9]      ; LEDR[7]     ; 6.011 ; 6.011 ; 6.011 ; 6.011 ;
; SW[9]      ; LEDR[8]     ; 6.194 ; 6.194 ; 6.194 ; 6.194 ;
; SW[9]      ; LEDR[9]     ; 6.316 ; 6.316 ; 6.316 ; 6.316 ;
; SW[9]      ; LEDR[10]    ; 6.435 ; 6.435 ; 6.435 ; 6.435 ;
; SW[9]      ; LEDR[11]    ; 6.709 ; 6.709 ; 6.709 ; 6.709 ;
; SW[9]      ; LEDR[12]    ; 6.867 ; 6.867 ; 6.867 ; 6.867 ;
; SW[9]      ; LEDR[13]    ; 6.859 ; 6.906 ; 6.906 ; 6.859 ;
; SW[10]     ; LEDR[4]     ; 5.935 ; 5.935 ; 5.935 ; 5.935 ;
; SW[10]     ; LEDR[5]     ; 5.929 ; 5.929 ; 5.929 ; 5.929 ;
; SW[10]     ; LEDR[6]     ; 6.409 ; 6.409 ; 6.409 ; 6.409 ;
; SW[10]     ; LEDR[7]     ; 6.681 ; 6.681 ; 6.681 ; 6.681 ;
; SW[10]     ; LEDR[8]     ; 6.284 ; 6.284 ; 6.284 ; 6.284 ;
; SW[10]     ; LEDR[9]     ; 6.069 ; 6.069 ; 6.069 ; 6.069 ;
; SW[10]     ; LEDR[10]    ; 5.998 ; 5.998 ; 5.998 ; 5.998 ;
; SW[10]     ; LEDR[11]    ; 6.100 ; 6.100 ; 6.100 ; 6.100 ;
; SW[10]     ; LEDR[12]    ; 5.969 ; 5.969 ; 5.969 ; 5.969 ;
; SW[10]     ; LEDR[13]    ; 5.958 ; 6.250 ; 6.250 ; 5.958 ;
; SW[11]     ; LEDR[5]     ; 6.225 ; 6.225 ; 6.225 ; 6.225 ;
; SW[11]     ; LEDR[6]     ; 6.618 ; 6.618 ; 6.618 ; 6.618 ;
; SW[11]     ; LEDR[7]     ; 6.657 ; 6.657 ; 6.657 ; 6.657 ;
; SW[11]     ; LEDR[8]     ; 6.478 ; 6.478 ; 6.478 ; 6.478 ;
; SW[11]     ; LEDR[9]     ; 6.611 ; 6.611 ; 6.611 ; 6.611 ;
; SW[11]     ; LEDR[10]    ; 6.509 ; 6.509 ; 6.509 ; 6.509 ;
; SW[11]     ; LEDR[11]    ; 6.619 ; 6.619 ; 6.619 ; 6.619 ;
; SW[11]     ; LEDR[12]    ; 6.488 ; 6.488 ; 6.488 ; 6.488 ;
; SW[11]     ; LEDR[13]    ; 6.477 ; 6.769 ; 6.769 ; 6.477 ;
; SW[12]     ; LEDR[2]     ; 5.707 ; 5.707 ; 5.707 ; 5.707 ;
; SW[12]     ; LEDR[3]     ; 6.087 ; 6.087 ; 6.087 ; 6.087 ;
; SW[12]     ; LEDR[4]     ; 6.033 ; 6.033 ; 6.033 ; 6.033 ;
; SW[12]     ; LEDR[5]     ; 6.215 ; 6.215 ; 6.215 ; 6.215 ;
; SW[12]     ; LEDR[6]     ; 6.690 ; 6.690 ; 6.690 ; 6.690 ;
; SW[12]     ; LEDR[7]     ; 6.981 ; 6.981 ; 6.981 ; 6.981 ;
; SW[12]     ; LEDR[8]     ; 7.102 ; 7.102 ; 7.102 ; 7.102 ;
; SW[12]     ; LEDR[9]     ; 6.063 ; 6.063 ; 6.063 ; 6.063 ;
; SW[12]     ; LEDR[10]    ; 6.171 ; 6.171 ; 6.171 ; 6.171 ;
; SW[12]     ; LEDR[11]    ; 6.340 ; 6.340 ; 6.340 ; 6.340 ;
; SW[12]     ; LEDR[12]    ; 6.498 ; 6.498 ; 6.498 ; 6.498 ;
; SW[12]     ; LEDR[13]    ; 6.490 ; 6.639 ; 6.639 ; 6.490 ;
; SW[13]     ; LEDR[3]     ; 5.955 ; 5.955 ; 5.955 ; 5.955 ;
; SW[13]     ; LEDR[4]     ; 5.967 ; 5.967 ; 5.967 ; 5.967 ;
; SW[13]     ; LEDR[5]     ; 6.149 ; 6.149 ; 6.149 ; 6.149 ;
; SW[13]     ; LEDR[6]     ; 6.038 ; 6.038 ; 6.038 ; 6.038 ;
; SW[13]     ; LEDR[7]     ; 6.077 ; 6.077 ; 6.077 ; 6.077 ;
; SW[13]     ; LEDR[8]     ; 6.268 ; 6.268 ; 6.268 ; 6.268 ;
; SW[13]     ; LEDR[9]     ; 6.774 ; 6.774 ; 6.774 ; 6.774 ;
; SW[13]     ; LEDR[10]    ; 6.141 ; 6.141 ; 6.141 ; 6.141 ;
; SW[13]     ; LEDR[11]    ; 6.263 ; 6.263 ; 6.263 ; 6.263 ;
; SW[13]     ; LEDR[12]    ; 6.132 ; 6.132 ; 6.132 ; 6.132 ;
; SW[13]     ; LEDR[13]    ; 6.121 ; 6.413 ; 6.413 ; 6.121 ;
; SW[14]     ; LEDR[4]     ; 6.184 ; 6.184 ; 6.184 ; 6.184 ;
; SW[14]     ; LEDR[5]     ; 5.911 ; 5.911 ; 5.911 ; 5.911 ;
; SW[14]     ; LEDR[6]     ; 6.131 ; 6.131 ; 6.131 ; 6.131 ;
; SW[14]     ; LEDR[7]     ; 5.572 ; 5.572 ; 5.572 ; 5.572 ;
; SW[14]     ; LEDR[8]     ; 5.790 ; 5.790 ; 5.790 ; 5.790 ;
; SW[14]     ; LEDR[9]     ; 6.296 ; 6.296 ; 6.296 ; 6.296 ;
; SW[14]     ; LEDR[10]    ; 6.702 ; 6.702 ; 6.702 ; 6.702 ;
; SW[14]     ; LEDR[11]    ; 5.957 ; 5.957 ; 5.957 ; 5.957 ;
; SW[14]     ; LEDR[12]    ; 5.822 ; 5.822 ; 5.822 ; 5.822 ;
; SW[14]     ; LEDR[13]    ; 5.804 ; 6.106 ; 6.106 ; 5.804 ;
; SW[15]     ; LEDR[5]     ; 7.134 ; 7.134 ; 7.134 ; 7.134 ;
; SW[15]     ; LEDR[6]     ; 7.209 ; 7.209 ; 7.209 ; 7.209 ;
; SW[15]     ; LEDR[7]     ; 7.322 ; 7.322 ; 7.322 ; 7.322 ;
; SW[15]     ; LEDR[8]     ; 6.788 ; 6.788 ; 6.788 ; 6.788 ;
; SW[15]     ; LEDR[9]     ; 6.332 ; 6.332 ; 6.332 ; 6.332 ;
; SW[15]     ; LEDR[10]    ; 6.740 ; 6.740 ; 6.740 ; 6.740 ;
; SW[15]     ; LEDR[11]    ; 6.891 ; 6.891 ; 6.891 ; 6.891 ;
; SW[15]     ; LEDR[12]    ; 5.918 ; 5.918 ; 5.918 ; 5.918 ;
; SW[15]     ; LEDR[13]    ; 5.905 ; 7.041 ; 7.041 ; 5.905 ;
+------------+-------------+-------+-------+-------+-------+


-------------------
; Clock Transfers ;
-------------------
Nothing to report.


---------------
; Report TCCS ;
---------------
No dedicated SERDES Transmitter circuitry present in device or used in design


---------------
; Report RSKM ;
---------------
No dedicated SERDES Receiver circuitry present in device or used in design


+------------------------------------------------+
; Unconstrained Paths                            ;
+---------------------------------+-------+------+
; Property                        ; Setup ; Hold ;
+---------------------------------+-------+------+
; Illegal Clocks                  ; 0     ; 0    ;
; Unconstrained Clocks            ; 0     ; 0    ;
; Unconstrained Input Ports       ; 16    ; 16   ;
; Unconstrained Input Port Paths  ; 168   ; 168  ;
; Unconstrained Output Ports      ; 12    ; 12   ;
; Unconstrained Output Port Paths ; 168   ; 168  ;
+---------------------------------+-------+------+


+------------------------------------+
; TimeQuest Timing Analyzer Messages ;
+------------------------------------+
Info: *******************************************************************
Info: Running Quartus II 64-Bit TimeQuest Timing Analyzer
    Info: Version 13.0.0 Build 156 04/24/2013 SJ Web Edition
    Info: Processing started: Thu Oct 10 14:17:50 2019
Info: Command: quartus_sta cap8 -c cap8
Info: qsta_default_script.tcl version: #1
Warning (20028): Parallel compilation is not licensed and has been disabled
Critical Warning (332012): Synopsys Design Constraints File file not found: 'cap8.sdc'. A Synopsys Design Constraints File is required by the TimeQuest Timing Analyzer to get proper timing constraints. Without it, the Compiler will not properly optimize the design.
Info (332142): No user constrained base clocks found in the design. Calling "derive_clocks -period 1.0"
Info (332096): The command derive_clocks did not find any clocks to derive.  No clocks were created or changed.
Warning (332068): No clocks defined in design.
Info: Found TIMEQUEST_REPORT_SCRIPT_INCLUDE_DEFAULT_ANALYSIS = ON
Info (332159): No clocks to report
Info: Analyzing Slow Model
Info (332140): No fmax paths to report
Info (332140): No Setup paths to report
Info (332140): No Hold paths to report
Info (332140): No Recovery paths to report
Info (332140): No Removal paths to report
Info (332140): No Minimum Pulse Width paths to report
Info (332001): The selected device family is not supported by the report_metastability command.
Info: Analyzing Fast Model
Info (332142): No user constrained base clocks found in the design. Calling "derive_clocks -period 1.0"
Info (332096): The command derive_clocks did not find any clocks to derive.  No clocks were created or changed.
Warning (332068): No clocks defined in design.
Info (332140): No Setup paths to report
Info (332140): No Hold paths to report
Info (332140): No Recovery paths to report
Info (332140): No Removal paths to report
Info (332140): No Minimum Pulse Width paths to report
Info (332001): The selected device family is not supported by the report_metastability command.
Info (332102): Design is not fully constrained for setup requirements
Info (332102): Design is not fully constrained for hold requirements
Info: Quartus II 64-Bit TimeQuest Timing Analyzer was successful. 0 errors, 4 warnings
    Info: Peak virtual memory: 4538 megabytes
    Info: Processing ended: Thu Oct 10 14:17:50 2019
    Info: Elapsed time: 00:00:00
    Info: Total CPU time (on all processors): 00:00:00


