Analysis & Synthesis report for traditionalSystem_BinToRNS
Wed Apr 06 10:52:39 2016
Quartus II 64-Bit Version 13.0.1 Build 232 06/12/2013 Service Pack 1 SJ Web Edition


---------------------
; Table of Contents ;
---------------------
  1. Legal Notice
  2. Analysis & Synthesis Summary
  3. Analysis & Synthesis Settings
  4. Parallel Compilation
  5. Analysis & Synthesis Source Files Read
  6. Analysis & Synthesis Resource Usage Summary
  7. Analysis & Synthesis Resource Utilization by Entity
  8. General Register Statistics
  9. Parameter Settings for User Entity Instance: Top-level Entity: |traditionalSystem_BinToRNS
 10. Parameter Settings for User Entity Instance: CSA_2n_mp_1:\converter:comp0_2n_m1
 11. Parameter Settings for User Entity Instance: CSA_2n_mp_1:\converter:comp1_2n_m1
 12. Parameter Settings for User Entity Instance: adder_2n_mp_1:\converter:add_2n_m1
 13. Parameter Settings for User Entity Instance: CSA_2n_mp_1:\converter:comp0_2n_p1
 14. Parameter Settings for User Entity Instance: CSA_2n_mp_1:\converter:comp1_2n_p1
 15. Parameter Settings for User Entity Instance: CSA_2n_mp_1:\converter:comp2_2n_p1
 16. Parameter Settings for User Entity Instance: adder_2n_mp_1:\converter:add_2n_p1
 17. Port Connectivity Checks: "CSA_2n_mp_1:\converter:comp2_2n_p1"
 18. Port Connectivity Checks: "adder_2n_mp_1:\converter:add_2n_m1"
 19. Elapsed Time Per Partition
 20. Analysis & Synthesis Messages



----------------
; Legal Notice ;
----------------
Copyright (C) 1991-2013 Altera Corporation
Your use of Altera Corporation's design tools, logic functions 
and other software and tools, and its AMPP partner logic 
functions, and any output files from any of the foregoing 
(including device programming or simulation files), and any 
associated documentation or information are expressly subject 
to the terms and conditions of the Altera Program License 
Subscription Agreement, Altera MegaCore Function License 
Agreement, or other applicable license agreement, including, 
without limitation, that your use is for the sole purpose of 
programming logic devices manufactured by Altera and sold by 
Altera or its authorized distributors.  Please refer to the 
applicable agreement for further details.



+--------------------------------------------------------------------------------------+
; Analysis & Synthesis Summary                                                         ;
+------------------------------------+-------------------------------------------------+
; Analysis & Synthesis Status        ; Successful - Wed Apr 06 10:52:38 2016           ;
; Quartus II 64-Bit Version          ; 13.0.1 Build 232 06/12/2013 SP 1 SJ Web Edition ;
; Revision Name                      ; traditionalSystem_BinToRNS                      ;
; Top-level Entity Name              ; traditionalSystem_BinToRNS                      ;
; Family                             ; Cyclone II                                      ;
; Total logic elements               ; 66                                              ;
;     Total combinational functions  ; 66                                              ;
;     Dedicated logic registers      ; 0                                               ;
; Total registers                    ; 0                                               ;
; Total pins                         ; 33                                              ;
; Total virtual pins                 ; 0                                               ;
; Total memory bits                  ; 0                                               ;
; Embedded Multiplier 9-bit elements ; 0                                               ;
; Total PLLs                         ; 0                                               ;
+------------------------------------+-------------------------------------------------+


+--------------------------------------------------------------------------------------------------------------------------------------+
; Analysis & Synthesis Settings                                                                                                        ;
+----------------------------------------------------------------------------+----------------------------+----------------------------+
; Option                                                                     ; Setting                    ; Default Value              ;
+----------------------------------------------------------------------------+----------------------------+----------------------------+
; Device                                                                     ; EP2C35F672C6               ;                            ;
; Top-level entity name                                                      ; traditionalSystem_BinToRNS ; traditionalSystem_BinToRNS ;
; Family name                                                                ; Cyclone II                 ; Cyclone IV GX              ;
; Use smart compilation                                                      ; Off                        ; Off                        ;
; Enable parallel Assembler and TimeQuest Timing Analyzer during compilation ; On                         ; On                         ;
; Enable compact report table                                                ; Off                        ; Off                        ;
; Restructure Multiplexers                                                   ; Auto                       ; Auto                       ;
; Create Debugging Nodes for IP Cores                                        ; Off                        ; Off                        ;
; Preserve fewer node names                                                  ; On                         ; On                         ;
; Disable OpenCore Plus hardware evaluation                                  ; Off                        ; Off                        ;
; Verilog Version                                                            ; Verilog_2001               ; Verilog_2001               ;
; VHDL Version                                                               ; VHDL_1993                  ; VHDL_1993                  ;
; State Machine Processing                                                   ; Auto                       ; Auto                       ;
; Safe State Machine                                                         ; Off                        ; Off                        ;
; Extract Verilog State Machines                                             ; On                         ; On                         ;
; Extract VHDL State Machines                                                ; On                         ; On                         ;
; Ignore Verilog initial constructs                                          ; Off                        ; Off                        ;
; Iteration limit for constant Verilog loops                                 ; 5000                       ; 5000                       ;
; Iteration limit for non-constant Verilog loops                             ; 250                        ; 250                        ;
; Add Pass-Through Logic to Inferred RAMs                                    ; On                         ; On                         ;
; Infer RAMs from Raw Logic                                                  ; On                         ; On                         ;
; Parallel Synthesis                                                         ; On                         ; On                         ;
; DSP Block Balancing                                                        ; Auto                       ; Auto                       ;
; NOT Gate Push-Back                                                         ; On                         ; On                         ;
; Power-Up Don't Care                                                        ; On                         ; On                         ;
; Remove Redundant Logic Cells                                               ; Off                        ; Off                        ;
; Remove Duplicate Registers                                                 ; On                         ; On                         ;
; Ignore CARRY Buffers                                                       ; Off                        ; Off                        ;
; Ignore CASCADE Buffers                                                     ; Off                        ; Off                        ;
; Ignore GLOBAL Buffers                                                      ; Off                        ; Off                        ;
; Ignore ROW GLOBAL Buffers                                                  ; Off                        ; Off                        ;
; Ignore LCELL Buffers                                                       ; Off                        ; Off                        ;
; Ignore SOFT Buffers                                                        ; On                         ; On                         ;
; Limit AHDL Integers to 32 Bits                                             ; Off                        ; Off                        ;
; Optimization Technique                                                     ; Balanced                   ; Balanced                   ;
; Carry Chain Length                                                         ; 70                         ; 70                         ;
; Auto Carry Chains                                                          ; On                         ; On                         ;
; Auto Open-Drain Pins                                                       ; On                         ; On                         ;
; Perform WYSIWYG Primitive Resynthesis                                      ; Off                        ; Off                        ;
; Auto ROM Replacement                                                       ; On                         ; On                         ;
; Auto RAM Replacement                                                       ; On                         ; On                         ;
; Auto Shift Register Replacement                                            ; Auto                       ; Auto                       ;
; Allow Shift Register Merging across Hierarchies                            ; Auto                       ; Auto                       ;
; Auto Clock Enable Replacement                                              ; On                         ; On                         ;
; Strict RAM Replacement                                                     ; Off                        ; Off                        ;
; Allow Synchronous Control Signals                                          ; On                         ; On                         ;
; Force Use of Synchronous Clear Signals                                     ; Off                        ; Off                        ;
; Auto RAM to Logic Cell Conversion                                          ; Off                        ; Off                        ;
; Auto Resource Sharing                                                      ; Off                        ; Off                        ;
; Allow Any RAM Size For Recognition                                         ; Off                        ; Off                        ;
; Allow Any ROM Size For Recognition                                         ; Off                        ; Off                        ;
; Allow Any Shift Register Size For Recognition                              ; Off                        ; Off                        ;
; Use LogicLock Constraints during Resource Balancing                        ; On                         ; On                         ;
; Ignore translate_off and synthesis_off directives                          ; Off                        ; Off                        ;
; Timing-Driven Synthesis                                                    ; Off                        ; Off                        ;
; Report Parameter Settings                                                  ; On                         ; On                         ;
; Report Source Assignments                                                  ; On                         ; On                         ;
; Report Connectivity Checks                                                 ; On                         ; On                         ;
; Ignore Maximum Fan-Out Assignments                                         ; Off                        ; Off                        ;
; Synchronization Register Chain Length                                      ; 2                          ; 2                          ;
; PowerPlay Power Optimization                                               ; Normal compilation         ; Normal compilation         ;
; HDL message level                                                          ; Level2                     ; Level2                     ;
; Suppress Register Optimization Related Messages                            ; Off                        ; Off                        ;
; Number of Removed Registers Reported in Synthesis Report                   ; 5000                       ; 5000                       ;
; Number of Swept Nodes Reported in Synthesis Report                         ; 5000                       ; 5000                       ;
; Number of Inverted Registers Reported in Synthesis Report                  ; 100                        ; 100                        ;
; Clock MUX Protection                                                       ; On                         ; On                         ;
; Auto Gated Clock Conversion                                                ; Off                        ; Off                        ;
; Block Design Naming                                                        ; Auto                       ; Auto                       ;
; SDC constraint protection                                                  ; Off                        ; Off                        ;
; Synthesis Effort                                                           ; Auto                       ; Auto                       ;
; Shift Register Replacement - Allow Asynchronous Clear Signal               ; On                         ; On                         ;
; Pre-Mapping Resynthesis Optimization                                       ; Off                        ; Off                        ;
; Analysis & Synthesis Message Level                                         ; Medium                     ; Medium                     ;
; Disable Register Merging Across Hierarchies                                ; Auto                       ; Auto                       ;
; Resource Aware Inference For Block RAM                                     ; On                         ; On                         ;
; Synthesis Seed                                                             ; 1                          ; 1                          ;
+----------------------------------------------------------------------------+----------------------------+----------------------------+


Parallel compilation was disabled, but you have multiple processors available. Enable parallel compilation to reduce compilation time.
+-------------------------------------+
; Parallel Compilation                ;
+----------------------------+--------+
; Processors                 ; Number ;
+----------------------------+--------+
; Number detected on machine ; 2      ;
; Maximum allowed            ; 1      ;
+----------------------------+--------+


+-----------------------------------------------------------------------------------------------------------------------------------------------+
; Analysis & Synthesis Source Files Read                                                                                                        ;
+----------------------------------+-----------------+-----------------------+--------------------------------------------------------+---------+
; File Name with User-Entered Path ; Used in Netlist ; File Type             ; File Name with Absolute Path                           ; Library ;
+----------------------------------+-----------------+-----------------------+--------------------------------------------------------+---------+
; traditionalsystem_bintorns.vhd   ; yes             ; Auto-Found VHDL File  ; F:/VHDL/EEL510269/LAB1a/traditionalsystem_bintorns.vhd ;         ;
; csa_2n_mp_1.vhd                  ; yes             ; Auto-Found VHDL File  ; F:/VHDL/EEL510269/LAB1a/csa_2n_mp_1.vhd                ;         ;
; fulladder.vhd                    ; yes             ; Auto-Found VHDL File  ; F:/VHDL/EEL510269/LAB1a/fulladder.vhd                  ;         ;
; adder_2n_mp_1.vhd                ; yes             ; Auto-Found VHDL File  ; F:/VHDL/EEL510269/LAB1a/adder_2n_mp_1.vhd              ;         ;
+----------------------------------+-----------------+-----------------------+--------------------------------------------------------+---------+


+-----------------------------------------------------------------------------------------------------------+
; Analysis & Synthesis Resource Usage Summary                                                               ;
+---------------------------------------------+-------------------------------------------------------------+
; Resource                                    ; Usage                                                       ;
+---------------------------------------------+-------------------------------------------------------------+
; Estimated Total logic elements              ; 66                                                          ;
;                                             ;                                                             ;
; Total combinational functions               ; 66                                                          ;
; Logic element usage by number of LUT inputs ;                                                             ;
;     -- 4 input functions                    ; 36                                                          ;
;     -- 3 input functions                    ; 23                                                          ;
;     -- <=2 input functions                  ; 7                                                           ;
;                                             ;                                                             ;
; Logic elements by mode                      ;                                                             ;
;     -- normal mode                          ; 66                                                          ;
;     -- arithmetic mode                      ; 0                                                           ;
;                                             ;                                                             ;
; Total registers                             ; 0                                                           ;
;     -- Dedicated logic registers            ; 0                                                           ;
;     -- I/O registers                        ; 0                                                           ;
;                                             ;                                                             ;
; I/O pins                                    ; 33                                                          ;
; Embedded Multiplier 9-bit elements          ; 0                                                           ;
; Maximum fan-out node                        ; CSA_2n_mp_1:\converter:comp1_2n_p1|fulladder:\ciclo:0:add|S ;
; Maximum fan-out                             ; 7                                                           ;
; Total fan-out                               ; 244                                                         ;
; Average fan-out                             ; 2.46                                                        ;
+---------------------------------------------+-------------------------------------------------------------+


+------------------------------------------------------------------------------------------------------------------------------------------------------------------------------------------------------------------------------------------------------------+
; Analysis & Synthesis Resource Utilization by Entity                                                                                                                                                                                                        ;
+-----------------------------------------+-------------------+--------------+-------------+--------------+---------+-----------+------+--------------+---------------------------------------------------------------------------------------+--------------+
; Compilation Hierarchy Node              ; LC Combinationals ; LC Registers ; Memory Bits ; DSP Elements ; DSP 9x9 ; DSP 18x18 ; Pins ; Virtual Pins ; Full Hierarchy Name                                                                   ; Library Name ;
+-----------------------------------------+-------------------+--------------+-------------+--------------+---------+-----------+------+--------------+---------------------------------------------------------------------------------------+--------------+
; |traditionalSystem_BinToRNS             ; 66 (0)            ; 0 (0)        ; 0           ; 0            ; 0       ; 0         ; 33   ; 0            ; |traditionalSystem_BinToRNS                                                           ; work         ;
;    |CSA_2n_mp_1:\converter:comp0_2n_m1| ; 8 (0)             ; 0 (0)        ; 0           ; 0            ; 0       ; 0         ; 0    ; 0            ; |traditionalSystem_BinToRNS|CSA_2n_mp_1:\converter:comp0_2n_m1                        ; work         ;
;       |fulladder:\ciclo:0:add|          ; 2 (2)             ; 0 (0)        ; 0           ; 0            ; 0       ; 0         ; 0    ; 0            ; |traditionalSystem_BinToRNS|CSA_2n_mp_1:\converter:comp0_2n_m1|fulladder:\ciclo:0:add ; work         ;
;       |fulladder:\ciclo:1:add|          ; 2 (2)             ; 0 (0)        ; 0           ; 0            ; 0       ; 0         ; 0    ; 0            ; |traditionalSystem_BinToRNS|CSA_2n_mp_1:\converter:comp0_2n_m1|fulladder:\ciclo:1:add ; work         ;
;       |fulladder:\ciclo:2:add|          ; 2 (2)             ; 0 (0)        ; 0           ; 0            ; 0       ; 0         ; 0    ; 0            ; |traditionalSystem_BinToRNS|CSA_2n_mp_1:\converter:comp0_2n_m1|fulladder:\ciclo:2:add ; work         ;
;       |fulladder:\ciclo:3:add|          ; 2 (2)             ; 0 (0)        ; 0           ; 0            ; 0       ; 0         ; 0    ; 0            ; |traditionalSystem_BinToRNS|CSA_2n_mp_1:\converter:comp0_2n_m1|fulladder:\ciclo:3:add ; work         ;
;    |CSA_2n_mp_1:\converter:comp0_2n_p1| ; 6 (0)             ; 0 (0)        ; 0           ; 0            ; 0       ; 0         ; 0    ; 0            ; |traditionalSystem_BinToRNS|CSA_2n_mp_1:\converter:comp0_2n_p1                        ; work         ;
;       |fulladder:\ciclo:0:add|          ; 1 (1)             ; 0 (0)        ; 0           ; 0            ; 0       ; 0         ; 0    ; 0            ; |traditionalSystem_BinToRNS|CSA_2n_mp_1:\converter:comp0_2n_p1|fulladder:\ciclo:0:add ; work         ;
;       |fulladder:\ciclo:1:add|          ; 2 (2)             ; 0 (0)        ; 0           ; 0            ; 0       ; 0         ; 0    ; 0            ; |traditionalSystem_BinToRNS|CSA_2n_mp_1:\converter:comp0_2n_p1|fulladder:\ciclo:1:add ; work         ;
;       |fulladder:\ciclo:2:add|          ; 1 (1)             ; 0 (0)        ; 0           ; 0            ; 0       ; 0         ; 0    ; 0            ; |traditionalSystem_BinToRNS|CSA_2n_mp_1:\converter:comp0_2n_p1|fulladder:\ciclo:2:add ; work         ;
;       |fulladder:\ciclo:3:add|          ; 2 (2)             ; 0 (0)        ; 0           ; 0            ; 0       ; 0         ; 0    ; 0            ; |traditionalSystem_BinToRNS|CSA_2n_mp_1:\converter:comp0_2n_p1|fulladder:\ciclo:3:add ; work         ;
;    |CSA_2n_mp_1:\converter:comp1_2n_m1| ; 9 (0)             ; 0 (0)        ; 0           ; 0            ; 0       ; 0         ; 0    ; 0            ; |traditionalSystem_BinToRNS|CSA_2n_mp_1:\converter:comp1_2n_m1                        ; work         ;
;       |fulladder:\ciclo:0:add|          ; 2 (2)             ; 0 (0)        ; 0           ; 0            ; 0       ; 0         ; 0    ; 0            ; |traditionalSystem_BinToRNS|CSA_2n_mp_1:\converter:comp1_2n_m1|fulladder:\ciclo:0:add ; work         ;
;       |fulladder:\ciclo:1:add|          ; 2 (2)             ; 0 (0)        ; 0           ; 0            ; 0       ; 0         ; 0    ; 0            ; |traditionalSystem_BinToRNS|CSA_2n_mp_1:\converter:comp1_2n_m1|fulladder:\ciclo:1:add ; work         ;
;       |fulladder:\ciclo:2:add|          ; 3 (3)             ; 0 (0)        ; 0           ; 0            ; 0       ; 0         ; 0    ; 0            ; |traditionalSystem_BinToRNS|CSA_2n_mp_1:\converter:comp1_2n_m1|fulladder:\ciclo:2:add ; work         ;
;       |fulladder:\ciclo:3:add|          ; 2 (2)             ; 0 (0)        ; 0           ; 0            ; 0       ; 0         ; 0    ; 0            ; |traditionalSystem_BinToRNS|CSA_2n_mp_1:\converter:comp1_2n_m1|fulladder:\ciclo:3:add ; work         ;
;    |CSA_2n_mp_1:\converter:comp1_2n_p1| ; 6 (0)             ; 0 (0)        ; 0           ; 0            ; 0       ; 0         ; 0    ; 0            ; |traditionalSystem_BinToRNS|CSA_2n_mp_1:\converter:comp1_2n_p1                        ; work         ;
;       |fulladder:\ciclo:0:add|          ; 2 (2)             ; 0 (0)        ; 0           ; 0            ; 0       ; 0         ; 0    ; 0            ; |traditionalSystem_BinToRNS|CSA_2n_mp_1:\converter:comp1_2n_p1|fulladder:\ciclo:0:add ; work         ;
;       |fulladder:\ciclo:1:add|          ; 1 (1)             ; 0 (0)        ; 0           ; 0            ; 0       ; 0         ; 0    ; 0            ; |traditionalSystem_BinToRNS|CSA_2n_mp_1:\converter:comp1_2n_p1|fulladder:\ciclo:1:add ; work         ;
;       |fulladder:\ciclo:2:add|          ; 2 (2)             ; 0 (0)        ; 0           ; 0            ; 0       ; 0         ; 0    ; 0            ; |traditionalSystem_BinToRNS|CSA_2n_mp_1:\converter:comp1_2n_p1|fulladder:\ciclo:2:add ; work         ;
;       |fulladder:\ciclo:3:add|          ; 1 (1)             ; 0 (0)        ; 0           ; 0            ; 0       ; 0         ; 0    ; 0            ; |traditionalSystem_BinToRNS|CSA_2n_mp_1:\converter:comp1_2n_p1|fulladder:\ciclo:3:add ; work         ;
;    |CSA_2n_mp_1:\converter:comp2_2n_p1| ; 4 (0)             ; 0 (0)        ; 0           ; 0            ; 0       ; 0         ; 0    ; 0            ; |traditionalSystem_BinToRNS|CSA_2n_mp_1:\converter:comp2_2n_p1                        ; work         ;
;       |fulladder:\ciclo:1:add|          ; 2 (2)             ; 0 (0)        ; 0           ; 0            ; 0       ; 0         ; 0    ; 0            ; |traditionalSystem_BinToRNS|CSA_2n_mp_1:\converter:comp2_2n_p1|fulladder:\ciclo:1:add ; work         ;
;       |fulladder:\ciclo:3:add|          ; 2 (2)             ; 0 (0)        ; 0           ; 0            ; 0       ; 0         ; 0    ; 0            ; |traditionalSystem_BinToRNS|CSA_2n_mp_1:\converter:comp2_2n_p1|fulladder:\ciclo:3:add ; work         ;
;    |adder_2n_mp_1:\converter:add_2n_m1| ; 15 (15)           ; 0 (0)        ; 0           ; 0            ; 0       ; 0         ; 0    ; 0            ; |traditionalSystem_BinToRNS|adder_2n_mp_1:\converter:add_2n_m1                        ; work         ;
;    |adder_2n_mp_1:\converter:add_2n_p1| ; 18 (18)           ; 0 (0)        ; 0           ; 0            ; 0       ; 0         ; 0    ; 0            ; |traditionalSystem_BinToRNS|adder_2n_mp_1:\converter:add_2n_p1                        ; work         ;
+-----------------------------------------+-------------------+--------------+-------------+--------------+---------+-----------+------+--------------+---------------------------------------------------------------------------------------+--------------+
Note: For table entries with two numbers listed, the numbers in parentheses indicate the number of resources of the given type used by the specific entity alone. The numbers listed outside of parentheses indicate the total resources of the given type used by the specific entity and all of its sub-entities in the hierarchy.


+------------------------------------------------------+
; General Register Statistics                          ;
+----------------------------------------------+-------+
; Statistic                                    ; Value ;
+----------------------------------------------+-------+
; Total registers                              ; 0     ;
; Number of registers using Synchronous Clear  ; 0     ;
; Number of registers using Synchronous Load   ; 0     ;
; Number of registers using Asynchronous Clear ; 0     ;
; Number of registers using Asynchronous Load  ; 0     ;
; Number of registers using Clock Enable       ; 0     ;
; Number of registers using Preset             ; 0     ;
+----------------------------------------------+-------+


+--------------------------------------------------------------------------------------------+
; Parameter Settings for User Entity Instance: Top-level Entity: |traditionalSystem_BinToRNS ;
+----------------+-------+-------------------------------------------------------------------+
; Parameter Name ; Value ; Type                                                              ;
+----------------+-------+-------------------------------------------------------------------+
; n              ; 4     ; Signed Integer                                                    ;
+----------------+-------+-------------------------------------------------------------------+
Note: In order to hide this table in the UI and the text report file, please set the "Show Parameter Settings in Synthesis Report" option in "Analysis and Synthesis Settings -> More Settings" to "Off".


+---------------------------------------------------------------------------------+
; Parameter Settings for User Entity Instance: CSA_2n_mp_1:\converter:comp0_2n_m1 ;
+----------------+-------+--------------------------------------------------------+
; Parameter Name ; Value ; Type                                                   ;
+----------------+-------+--------------------------------------------------------+
; n              ; 4     ; Signed Integer                                         ;
; modo           ; 0     ; Signed Integer                                         ;
+----------------+-------+--------------------------------------------------------+
Note: In order to hide this table in the UI and the text report file, please set the "Show Parameter Settings in Synthesis Report" option in "Analysis and Synthesis Settings -> More Settings" to "Off".


+---------------------------------------------------------------------------------+
; Parameter Settings for User Entity Instance: CSA_2n_mp_1:\converter:comp1_2n_m1 ;
+----------------+-------+--------------------------------------------------------+
; Parameter Name ; Value ; Type                                                   ;
+----------------+-------+--------------------------------------------------------+
; n              ; 4     ; Signed Integer                                         ;
; modo           ; 0     ; Signed Integer                                         ;
+----------------+-------+--------------------------------------------------------+
Note: In order to hide this table in the UI and the text report file, please set the "Show Parameter Settings in Synthesis Report" option in "Analysis and Synthesis Settings -> More Settings" to "Off".


+---------------------------------------------------------------------------------+
; Parameter Settings for User Entity Instance: adder_2n_mp_1:\converter:add_2n_m1 ;
+----------------+-------+--------------------------------------------------------+
; Parameter Name ; Value ; Type                                                   ;
+----------------+-------+--------------------------------------------------------+
; n              ; 4     ; Signed Integer                                         ;
; modo           ; 0     ; Signed Integer                                         ;
+----------------+-------+--------------------------------------------------------+
Note: In order to hide this table in the UI and the text report file, please set the "Show Parameter Settings in Synthesis Report" option in "Analysis and Synthesis Settings -> More Settings" to "Off".


+---------------------------------------------------------------------------------+
; Parameter Settings for User Entity Instance: CSA_2n_mp_1:\converter:comp0_2n_p1 ;
+----------------+-------+--------------------------------------------------------+
; Parameter Name ; Value ; Type                                                   ;
+----------------+-------+--------------------------------------------------------+
; n              ; 4     ; Signed Integer                                         ;
; modo           ; 1     ; Signed Integer                                         ;
+----------------+-------+--------------------------------------------------------+
Note: In order to hide this table in the UI and the text report file, please set the "Show Parameter Settings in Synthesis Report" option in "Analysis and Synthesis Settings -> More Settings" to "Off".


+---------------------------------------------------------------------------------+
; Parameter Settings for User Entity Instance: CSA_2n_mp_1:\converter:comp1_2n_p1 ;
+----------------+-------+--------------------------------------------------------+
; Parameter Name ; Value ; Type                                                   ;
+----------------+-------+--------------------------------------------------------+
; n              ; 4     ; Signed Integer                                         ;
; modo           ; 1     ; Signed Integer                                         ;
+----------------+-------+--------------------------------------------------------+
Note: In order to hide this table in the UI and the text report file, please set the "Show Parameter Settings in Synthesis Report" option in "Analysis and Synthesis Settings -> More Settings" to "Off".


+---------------------------------------------------------------------------------+
; Parameter Settings for User Entity Instance: CSA_2n_mp_1:\converter:comp2_2n_p1 ;
+----------------+-------+--------------------------------------------------------+
; Parameter Name ; Value ; Type                                                   ;
+----------------+-------+--------------------------------------------------------+
; n              ; 4     ; Signed Integer                                         ;
; modo           ; 1     ; Signed Integer                                         ;
+----------------+-------+--------------------------------------------------------+
Note: In order to hide this table in the UI and the text report file, please set the "Show Parameter Settings in Synthesis Report" option in "Analysis and Synthesis Settings -> More Settings" to "Off".


+---------------------------------------------------------------------------------+
; Parameter Settings for User Entity Instance: adder_2n_mp_1:\converter:add_2n_p1 ;
+----------------+-------+--------------------------------------------------------+
; Parameter Name ; Value ; Type                                                   ;
+----------------+-------+--------------------------------------------------------+
; n              ; 4     ; Signed Integer                                         ;
; modo           ; 1     ; Signed Integer                                         ;
+----------------+-------+--------------------------------------------------------+
Note: In order to hide this table in the UI and the text report file, please set the "Show Parameter Settings in Synthesis Report" option in "Analysis and Synthesis Settings -> More Settings" to "Off".


+----------------------------------------------------------------+
; Port Connectivity Checks: "CSA_2n_mp_1:\converter:comp2_2n_p1" ;
+------+-------+----------+--------------------------------------+
; Port ; Type  ; Severity ; Details                              ;
+------+-------+----------+--------------------------------------+
; i0   ; Input ; Info     ; Stuck at GND                         ;
+------+-------+----------+--------------------------------------+


+----------------------------------------------------------------------------------------------------------------+
; Port Connectivity Checks: "adder_2n_mp_1:\converter:add_2n_m1"                                                 ;
+------+--------+----------+-------------------------------------------------------------------------------------+
; Port ; Type   ; Severity ; Details                                                                             ;
+------+--------+----------+-------------------------------------------------------------------------------------+
; cout ; Output ; Info     ; Connected to dangling logic. Logic that only feeds a dangling port will be removed. ;
+------+--------+----------+-------------------------------------------------------------------------------------+


+-------------------------------+
; Elapsed Time Per Partition    ;
+----------------+--------------+
; Partition Name ; Elapsed Time ;
+----------------+--------------+
; Top            ; 00:00:02     ;
+----------------+--------------+


+-------------------------------+
; Analysis & Synthesis Messages ;
+-------------------------------+
Info: *******************************************************************
Info: Running Quartus II 64-Bit Analysis & Synthesis
    Info: Version 13.0.1 Build 232 06/12/2013 Service Pack 1 SJ Web Edition
    Info: Processing started: Wed Apr 06 10:52:32 2016
Info: Command: quartus_map --read_settings_files=on --write_settings_files=off traditionalSystem_BinToRNS -c traditionalSystem_BinToRNS
Warning (20028): Parallel compilation is not licensed and has been disabled
Warning (12125): Using design file traditionalsystem_bintorns.vhd, which is not specified as a design file for the current project, but contains definitions for 2 design units and 1 entities in project
    Info (12022): Found design unit 1: traditionalSystem_BinToRNS-Structural
    Info (12023): Found entity 1: traditionalSystem_BinToRNS
Info (12127): Elaborating entity "traditionalSystem_BinToRNS" for the top level hierarchy
Warning (12125): Using design file csa_2n_mp_1.vhd, which is not specified as a design file for the current project, but contains definitions for 2 design units and 1 entities in project
    Info (12022): Found design unit 1: CSA_2n_mp_1-Structural
    Info (12023): Found entity 1: CSA_2n_mp_1
Info (12128): Elaborating entity "CSA_2n_mp_1" for hierarchy "CSA_2n_mp_1:\converter:comp0_2n_m1"
Warning (10036): Verilog HDL or VHDL warning at csa_2n_mp_1.vhd(29): object "modo_b" assigned a value but never read
Warning (12125): Using design file fulladder.vhd, which is not specified as a design file for the current project, but contains definitions for 2 design units and 1 entities in project
    Info (12022): Found design unit 1: fulladder-structural
    Info (12023): Found entity 1: fulladder
Info (12128): Elaborating entity "fulladder" for hierarchy "CSA_2n_mp_1:\converter:comp0_2n_m1|fulladder:\ciclo:0:add"
Warning (12125): Using design file adder_2n_mp_1.vhd, which is not specified as a design file for the current project, but contains definitions for 2 design units and 1 entities in project
    Info (12022): Found design unit 1: adder_2n_mp_1-Structural
    Info (12023): Found entity 1: adder_2n_mp_1
Info (12128): Elaborating entity "adder_2n_mp_1" for hierarchy "adder_2n_mp_1:\converter:add_2n_m1"
Info (12128): Elaborating entity "CSA_2n_mp_1" for hierarchy "CSA_2n_mp_1:\converter:comp0_2n_p1"
Warning (10036): Verilog HDL or VHDL warning at csa_2n_mp_1.vhd(29): object "modo_b" assigned a value but never read
Info (12128): Elaborating entity "adder_2n_mp_1" for hierarchy "adder_2n_mp_1:\converter:add_2n_p1"
Info (16010): Generating hard_block partition "hard_block:auto_generated_inst"
    Info (16011): Adding 0 node(s), including 0 DDIO, 0 PLL, 0 transceiver and 0 LCELL
Info (21057): Implemented 99 device resources after synthesis - the final resource count might be different
    Info (21058): Implemented 16 input pins
    Info (21059): Implemented 17 output pins
    Info (21061): Implemented 66 logic cells
Info: Quartus II 64-Bit Analysis & Synthesis was successful. 0 errors, 7 warnings
    Info: Peak virtual memory: 481 megabytes
    Info: Processing ended: Wed Apr 06 10:52:39 2016
    Info: Elapsed time: 00:00:07
    Info: Total CPU time (on all processors): 00:00:03


