TimeQuest Timing Analyzer report for traditionalSystem_BinToRNS
Wed Sep 04 15:12:39 2019
Quartus II 64-Bit Version 13.0.1 Build 232 06/12/2013 Service Pack 1 SJ Full Version


---------------------
; Table of Contents ;
---------------------
  1. Legal Notice
  2. TimeQuest Timing Analyzer Summary
  3. Parallel Compilation
  4. Clocks
  5. Slow Model Fmax Summary
  6. Slow Model Setup Summary
  7. Slow Model Hold Summary
  8. Slow Model Recovery Summary
  9. Slow Model Removal Summary
 10. Slow Model Minimum Pulse Width Summary
 11. Propagation Delay
 12. Minimum Propagation Delay
 13. Fast Model Setup Summary
 14. Fast Model Hold Summary
 15. Fast Model Recovery Summary
 16. Fast Model Removal Summary
 17. Fast Model Minimum Pulse Width Summary
 18. Propagation Delay
 19. Minimum Propagation Delay
 20. Multicorner Timing Analysis Summary
 21. Progagation Delay
 22. Minimum Progagation Delay
 23. Clock Transfers
 24. Report TCCS
 25. Report RSKM
 26. Unconstrained Paths
 27. TimeQuest Timing Analyzer Messages



----------------
; Legal Notice ;
----------------
Copyright (C) 1991-2013 Altera Corporation
Your use of Altera Corporation's design tools, logic functions 
and other software and tools, and its AMPP partner logic 
functions, and any output files from any of the foregoing 
(including device programming or simulation files), and any 
associated documentation or information are expressly subject 
to the terms and conditions of the Altera Program License 
Subscription Agreement, Altera MegaCore Function License 
Agreement, or other applicable license agreement, including, 
without limitation, that your use is for the sole purpose of 
programming logic devices manufactured by Altera and sold by 
Altera or its authorized distributors.  Please refer to the 
applicable agreement for further details.



+-----------------------------------------------------------------------------------------+
; TimeQuest Timing Analyzer Summary                                                       ;
+--------------------+--------------------------------------------------------------------+
; Quartus II Version ; Version 13.0.1 Build 232 06/12/2013 Service Pack 1 SJ Full Version ;
; Revision Name      ; traditionalSystem_BinToRNS                                         ;
; Device Family      ; Cyclone II                                                         ;
; Device Name        ; EP2C35F672C6                                                       ;
; Timing Models      ; Final                                                              ;
; Delay Model        ; Combined                                                           ;
; Rise/Fall Delays   ; Unavailable                                                        ;
+--------------------+--------------------------------------------------------------------+


+------------------------------------------+
; Parallel Compilation                     ;
+----------------------------+-------------+
; Processors                 ; Number      ;
+----------------------------+-------------+
; Number detected on machine ; 6           ;
; Maximum allowed            ; 6           ;
;                            ;             ;
; Average used               ; 1.00        ;
; Maximum used               ; 1           ;
;                            ;             ;
; Usage by Processor         ; % Time Used ;
;     Processor 1            ; 100.0%      ;
;     Processors 2-6         ;   0.0%      ;
+----------------------------+-------------+


----------
; Clocks ;
----------
No clocks to report.


---------------------------
; Slow Model Fmax Summary ;
---------------------------
No paths to report.


----------------------------
; Slow Model Setup Summary ;
----------------------------
No paths to report.


---------------------------
; Slow Model Hold Summary ;
---------------------------
No paths to report.


-------------------------------
; Slow Model Recovery Summary ;
-------------------------------
No paths to report.


------------------------------
; Slow Model Removal Summary ;
------------------------------
No paths to report.


------------------------------------------
; Slow Model Minimum Pulse Width Summary ;
------------------------------------------
No paths to report.


+--------------------------------------------------------------+
; Propagation Delay                                            ;
+------------+-------------+--------+--------+--------+--------+
; Input Port ; Output Port ; RR     ; RF     ; FR     ; FF     ;
+------------+-------------+--------+--------+--------+--------+
; SW[0]      ; LEDR[0]     ; 5.897  ;        ;        ; 5.897  ;
; SW[0]      ; LEDR[8]     ; 10.310 ; 10.310 ; 10.310 ; 10.310 ;
; SW[0]      ; LEDR[9]     ; 10.722 ; 10.722 ; 10.722 ; 10.722 ;
; SW[0]      ; LEDR[10]    ; 10.342 ; 10.342 ; 10.342 ; 10.342 ;
; SW[0]      ; LEDR[11]    ; 10.592 ; 10.592 ; 10.592 ; 10.592 ;
; SW[0]      ; LEDR[12]    ; 9.748  ; 9.748  ; 9.748  ; 9.748  ;
; SW[0]      ; LEDR[13]    ; 10.264 ; 10.264 ; 10.264 ; 10.264 ;
; SW[0]      ; LEDR[14]    ; 10.039 ; 10.039 ; 10.039 ; 10.039 ;
; SW[0]      ; LEDR[15]    ; 10.316 ; 10.316 ; 10.316 ; 10.316 ;
; SW[0]      ; LEDR[16]    ; 10.715 ; 10.715 ; 10.715 ; 10.715 ;
; SW[1]      ; LEDR[1]     ; 5.976  ;        ;        ; 5.976  ;
; SW[1]      ; LEDR[8]     ; 10.590 ; 10.590 ; 10.590 ; 10.590 ;
; SW[1]      ; LEDR[9]     ; 11.002 ; 11.002 ; 11.002 ; 11.002 ;
; SW[1]      ; LEDR[10]    ; 10.628 ; 10.628 ; 10.628 ; 10.628 ;
; SW[1]      ; LEDR[11]    ; 10.878 ; 10.878 ; 10.878 ; 10.878 ;
; SW[1]      ; LEDR[12]    ; 11.345 ; 11.345 ; 11.345 ; 11.345 ;
; SW[1]      ; LEDR[13]    ; 11.837 ; 11.837 ; 11.837 ; 11.837 ;
; SW[1]      ; LEDR[14]    ; 11.612 ; 11.612 ; 11.612 ; 11.612 ;
; SW[1]      ; LEDR[15]    ; 11.889 ; 11.889 ; 11.889 ; 11.889 ;
; SW[1]      ; LEDR[16]    ; 12.288 ; 12.288 ; 12.288 ; 12.288 ;
; SW[2]      ; LEDR[2]     ; 5.135  ;        ;        ; 5.135  ;
; SW[2]      ; LEDR[8]     ; 10.171 ; 10.171 ; 10.171 ; 10.171 ;
; SW[2]      ; LEDR[9]     ; 10.575 ; 10.575 ; 10.575 ; 10.575 ;
; SW[2]      ; LEDR[10]    ; 10.134 ; 10.134 ; 10.134 ; 10.134 ;
; SW[2]      ; LEDR[11]    ; 10.384 ; 10.384 ; 10.384 ; 10.384 ;
; SW[2]      ; LEDR[12]    ; 10.364 ; 10.364 ; 10.364 ; 10.364 ;
; SW[2]      ; LEDR[13]    ; 10.856 ; 10.856 ; 10.856 ; 10.856 ;
; SW[2]      ; LEDR[14]    ; 10.631 ; 10.631 ; 10.631 ; 10.631 ;
; SW[2]      ; LEDR[15]    ; 10.908 ; 10.908 ; 10.908 ; 10.908 ;
; SW[2]      ; LEDR[16]    ; 11.307 ; 11.307 ; 11.307 ; 11.307 ;
; SW[3]      ; LEDR[3]     ; 5.425  ;        ;        ; 5.425  ;
; SW[3]      ; LEDR[8]     ; 9.031  ; 9.031  ; 9.031  ; 9.031  ;
; SW[3]      ; LEDR[9]     ; 9.435  ; 9.435  ; 9.435  ; 9.435  ;
; SW[3]      ; LEDR[10]    ; 8.994  ; 8.994  ; 8.994  ; 8.994  ;
; SW[3]      ; LEDR[11]    ; 9.244  ; 9.244  ; 9.244  ; 9.244  ;
; SW[3]      ; LEDR[12]    ; 8.943  ; 8.943  ; 8.943  ; 8.943  ;
; SW[3]      ; LEDR[13]    ; 9.536  ; 9.536  ; 9.536  ; 9.536  ;
; SW[3]      ; LEDR[14]    ; 9.311  ; 9.311  ; 9.311  ; 9.311  ;
; SW[3]      ; LEDR[15]    ; 9.588  ; 9.588  ; 9.588  ; 9.588  ;
; SW[3]      ; LEDR[16]    ; 9.987  ; 9.987  ; 9.987  ; 9.987  ;
; SW[4]      ; LEDR[4]     ; 5.280  ;        ;        ; 5.280  ;
; SW[4]      ; LEDR[8]     ; 9.061  ; 9.061  ; 9.061  ; 9.061  ;
; SW[4]      ; LEDR[9]     ; 9.473  ; 9.473  ; 9.473  ; 9.473  ;
; SW[4]      ; LEDR[10]    ; 9.093  ; 9.093  ; 9.093  ; 9.093  ;
; SW[4]      ; LEDR[11]    ; 9.343  ; 9.343  ; 9.343  ; 9.343  ;
; SW[4]      ; LEDR[12]    ; 8.486  ; 8.486  ; 8.486  ; 8.486  ;
; SW[4]      ; LEDR[13]    ; 9.016  ; 9.016  ; 9.016  ; 9.016  ;
; SW[4]      ; LEDR[14]    ; 8.791  ; 8.791  ; 8.791  ; 8.791  ;
; SW[4]      ; LEDR[15]    ; 9.068  ; 9.068  ; 9.068  ; 9.068  ;
; SW[4]      ; LEDR[16]    ; 9.467  ; 9.467  ; 9.467  ; 9.467  ;
; SW[5]      ; LEDR[5]     ; 5.702  ;        ;        ; 5.702  ;
; SW[5]      ; LEDR[8]     ; 9.004  ; 9.004  ; 9.004  ; 9.004  ;
; SW[5]      ; LEDR[9]     ; 9.416  ; 9.416  ; 9.416  ; 9.416  ;
; SW[5]      ; LEDR[10]    ; 9.042  ; 9.042  ; 9.042  ; 9.042  ;
; SW[5]      ; LEDR[11]    ; 9.292  ; 9.292  ; 9.292  ; 9.292  ;
; SW[5]      ; LEDR[12]    ; 9.734  ; 9.734  ; 9.734  ; 9.734  ;
; SW[5]      ; LEDR[13]    ; 10.226 ; 10.226 ; 10.226 ; 10.226 ;
; SW[5]      ; LEDR[14]    ; 10.001 ; 10.001 ; 10.001 ; 10.001 ;
; SW[5]      ; LEDR[15]    ; 10.278 ; 10.278 ; 10.278 ; 10.278 ;
; SW[5]      ; LEDR[16]    ; 10.677 ; 10.677 ; 10.677 ; 10.677 ;
; SW[6]      ; LEDR[6]     ; 5.338  ;        ;        ; 5.338  ;
; SW[6]      ; LEDR[8]     ; 8.958  ; 8.958  ; 8.958  ; 8.958  ;
; SW[6]      ; LEDR[9]     ; 9.362  ; 9.362  ; 9.362  ; 9.362  ;
; SW[6]      ; LEDR[10]    ; 8.921  ; 8.921  ; 8.921  ; 8.921  ;
; SW[6]      ; LEDR[11]    ; 9.171  ; 9.171  ; 9.171  ; 9.171  ;
; SW[6]      ; LEDR[12]    ; 8.976  ; 8.976  ; 8.976  ; 8.976  ;
; SW[6]      ; LEDR[13]    ; 9.468  ; 9.468  ; 9.468  ; 9.468  ;
; SW[6]      ; LEDR[14]    ; 9.243  ; 9.243  ; 9.243  ; 9.243  ;
; SW[6]      ; LEDR[15]    ; 9.520  ; 9.520  ; 9.520  ; 9.520  ;
; SW[6]      ; LEDR[16]    ; 9.919  ; 9.919  ; 9.919  ; 9.919  ;
; SW[7]      ; LEDR[7]     ; 6.300  ;        ;        ; 6.300  ;
; SW[7]      ; LEDR[8]     ; 10.441 ; 10.441 ; 10.441 ; 10.441 ;
; SW[7]      ; LEDR[9]     ; 10.845 ; 10.845 ; 10.845 ; 10.845 ;
; SW[7]      ; LEDR[10]    ; 10.404 ; 10.404 ; 10.404 ; 10.404 ;
; SW[7]      ; LEDR[11]    ; 10.654 ; 10.654 ; 10.654 ; 10.654 ;
; SW[7]      ; LEDR[12]    ; 10.355 ; 10.355 ; 10.355 ; 10.355 ;
; SW[7]      ; LEDR[13]    ; 10.948 ; 10.948 ; 10.948 ; 10.948 ;
; SW[7]      ; LEDR[14]    ; 10.723 ; 10.723 ; 10.723 ; 10.723 ;
; SW[7]      ; LEDR[15]    ; 11.000 ; 11.000 ; 11.000 ; 11.000 ;
; SW[7]      ; LEDR[16]    ; 11.399 ; 11.399 ; 11.399 ; 11.399 ;
; SW[8]      ; LEDR[8]     ; 10.701 ; 10.701 ; 10.701 ; 10.701 ;
; SW[8]      ; LEDR[9]     ; 11.113 ; 11.113 ; 11.113 ; 11.113 ;
; SW[8]      ; LEDR[10]    ; 10.733 ; 10.733 ; 10.733 ; 10.733 ;
; SW[8]      ; LEDR[11]    ; 10.983 ; 10.983 ; 10.983 ; 10.983 ;
; SW[8]      ; LEDR[12]    ; 10.153 ; 10.153 ; 10.153 ; 10.153 ;
; SW[8]      ; LEDR[13]    ; 10.545 ; 10.545 ; 10.545 ; 10.545 ;
; SW[8]      ; LEDR[14]    ; 10.320 ; 10.320 ; 10.320 ; 10.320 ;
; SW[8]      ; LEDR[15]    ; 10.597 ; 10.597 ; 10.597 ; 10.597 ;
; SW[8]      ; LEDR[16]    ; 10.996 ; 10.996 ; 10.996 ; 10.996 ;
; SW[9]      ; LEDR[8]     ; 10.654 ; 10.654 ; 10.654 ; 10.654 ;
; SW[9]      ; LEDR[9]     ; 11.066 ; 11.066 ; 11.066 ; 11.066 ;
; SW[9]      ; LEDR[10]    ; 10.692 ; 10.692 ; 10.692 ; 10.692 ;
; SW[9]      ; LEDR[11]    ; 10.942 ; 10.942 ; 10.942 ; 10.942 ;
; SW[9]      ; LEDR[12]    ; 11.408 ; 11.408 ; 11.408 ; 11.408 ;
; SW[9]      ; LEDR[13]    ; 11.900 ; 11.900 ; 11.900 ; 11.900 ;
; SW[9]      ; LEDR[14]    ; 11.675 ; 11.675 ; 11.675 ; 11.675 ;
; SW[9]      ; LEDR[15]    ; 11.952 ; 11.952 ; 11.952 ; 11.952 ;
; SW[9]      ; LEDR[16]    ; 12.351 ; 12.351 ; 12.351 ; 12.351 ;
; SW[10]     ; LEDR[8]     ; 10.150 ; 10.150 ; 10.150 ; 10.150 ;
; SW[10]     ; LEDR[9]     ; 10.554 ; 10.554 ; 10.554 ; 10.554 ;
; SW[10]     ; LEDR[10]    ; 10.113 ; 10.113 ; 10.113 ; 10.113 ;
; SW[10]     ; LEDR[11]    ; 10.363 ; 10.363 ; 10.363 ; 10.363 ;
; SW[10]     ; LEDR[12]    ; 9.929  ; 9.929  ; 9.929  ; 9.929  ;
; SW[10]     ; LEDR[13]    ; 10.421 ; 10.421 ; 10.421 ; 10.421 ;
; SW[10]     ; LEDR[14]    ; 10.196 ; 10.196 ; 10.196 ; 10.196 ;
; SW[10]     ; LEDR[15]    ; 10.473 ; 10.473 ; 10.473 ; 10.473 ;
; SW[10]     ; LEDR[16]    ; 10.872 ; 10.872 ; 10.872 ; 10.872 ;
; SW[11]     ; LEDR[8]     ; 9.929  ; 9.929  ; 9.929  ; 9.929  ;
; SW[11]     ; LEDR[9]     ; 10.333 ; 10.333 ; 10.333 ; 10.333 ;
; SW[11]     ; LEDR[10]    ; 9.892  ; 9.892  ; 9.892  ; 9.892  ;
; SW[11]     ; LEDR[11]    ; 10.142 ; 10.142 ; 10.142 ; 10.142 ;
; SW[11]     ; LEDR[12]    ; 9.842  ; 9.842  ; 9.842  ; 9.842  ;
; SW[11]     ; LEDR[13]    ; 10.435 ; 10.435 ; 10.435 ; 10.435 ;
; SW[11]     ; LEDR[14]    ; 10.210 ; 10.210 ; 10.210 ; 10.210 ;
; SW[11]     ; LEDR[15]    ; 10.487 ; 10.487 ; 10.487 ; 10.487 ;
; SW[11]     ; LEDR[16]    ; 10.886 ; 10.886 ; 10.886 ; 10.886 ;
; SW[12]     ; LEDR[8]     ; 9.213  ; 9.213  ; 9.213  ; 9.213  ;
; SW[12]     ; LEDR[9]     ; 9.617  ; 9.617  ; 9.617  ; 9.617  ;
; SW[12]     ; LEDR[10]    ; 9.176  ; 9.176  ; 9.176  ; 9.176  ;
; SW[12]     ; LEDR[11]    ; 9.426  ; 9.426  ; 9.426  ; 9.426  ;
; SW[12]     ; LEDR[12]    ; 8.943  ; 8.943  ; 8.943  ; 8.943  ;
; SW[12]     ; LEDR[13]    ; 9.536  ; 9.536  ; 9.536  ; 9.536  ;
; SW[12]     ; LEDR[14]    ; 9.311  ; 9.311  ; 9.311  ; 9.311  ;
; SW[12]     ; LEDR[15]    ; 9.588  ; 9.588  ; 9.588  ; 9.588  ;
; SW[12]     ; LEDR[16]    ; 9.987  ; 9.987  ; 9.987  ; 9.987  ;
; SW[13]     ; LEDR[8]     ; 13.334 ; 13.334 ; 13.334 ; 13.334 ;
; SW[13]     ; LEDR[9]     ; 13.746 ; 13.746 ; 13.746 ; 13.746 ;
; SW[13]     ; LEDR[10]    ; 13.366 ; 13.366 ; 13.366 ; 13.366 ;
; SW[13]     ; LEDR[11]    ; 13.616 ; 13.616 ; 13.616 ; 13.616 ;
; SW[13]     ; LEDR[12]    ; 12.818 ; 12.818 ; 12.818 ; 12.818 ;
; SW[13]     ; LEDR[13]    ; 13.437 ; 13.437 ; 13.437 ; 13.437 ;
; SW[13]     ; LEDR[14]    ; 13.212 ; 13.212 ; 13.212 ; 13.212 ;
; SW[13]     ; LEDR[15]    ; 13.489 ; 13.489 ; 13.489 ; 13.489 ;
; SW[13]     ; LEDR[16]    ; 13.888 ; 13.888 ; 13.888 ; 13.888 ;
; SW[14]     ; LEDR[8]     ; 13.484 ; 13.484 ; 13.484 ; 13.484 ;
; SW[14]     ; LEDR[9]     ; 13.896 ; 13.896 ; 13.896 ; 13.896 ;
; SW[14]     ; LEDR[10]    ; 13.522 ; 13.522 ; 13.522 ; 13.522 ;
; SW[14]     ; LEDR[11]    ; 13.772 ; 13.772 ; 13.772 ; 13.772 ;
; SW[14]     ; LEDR[12]    ; 14.244 ; 14.244 ; 14.244 ; 14.244 ;
; SW[14]     ; LEDR[13]    ; 14.736 ; 14.736 ; 14.736 ; 14.736 ;
; SW[14]     ; LEDR[14]    ; 14.511 ; 14.511 ; 14.511 ; 14.511 ;
; SW[14]     ; LEDR[15]    ; 14.788 ; 14.788 ; 14.788 ; 14.788 ;
; SW[14]     ; LEDR[16]    ; 15.187 ; 15.187 ; 15.187 ; 15.187 ;
; SW[15]     ; LEDR[8]     ; 13.164 ; 13.164 ; 13.164 ; 13.164 ;
; SW[15]     ; LEDR[9]     ; 13.568 ; 13.568 ; 13.568 ; 13.568 ;
; SW[15]     ; LEDR[10]    ; 13.127 ; 13.127 ; 13.127 ; 13.127 ;
; SW[15]     ; LEDR[11]    ; 13.377 ; 13.377 ; 13.377 ; 13.377 ;
; SW[15]     ; LEDR[12]    ; 12.627 ; 12.627 ; 12.627 ; 12.627 ;
; SW[15]     ; LEDR[13]    ; 13.272 ; 13.272 ; 13.272 ; 13.272 ;
; SW[15]     ; LEDR[14]    ; 13.047 ; 13.047 ; 13.047 ; 13.047 ;
; SW[15]     ; LEDR[15]    ; 13.324 ; 13.324 ; 13.324 ; 13.324 ;
; SW[15]     ; LEDR[16]    ; 13.723 ; 13.723 ; 13.723 ; 13.723 ;
+------------+-------------+--------+--------+--------+--------+


+--------------------------------------------------------------+
; Minimum Propagation Delay                                    ;
+------------+-------------+--------+--------+--------+--------+
; Input Port ; Output Port ; RR     ; RF     ; FR     ; FF     ;
+------------+-------------+--------+--------+--------+--------+
; SW[0]      ; LEDR[0]     ; 5.897  ;        ;        ; 5.897  ;
; SW[0]      ; LEDR[8]     ; 8.689  ; 8.689  ; 8.689  ; 8.689  ;
; SW[0]      ; LEDR[9]     ; 8.508  ; 8.508  ; 8.508  ; 8.508  ;
; SW[0]      ; LEDR[10]    ; 8.789  ; 8.789  ; 8.789  ; 8.789  ;
; SW[0]      ; LEDR[11]    ; 9.482  ; 9.482  ; 9.482  ; 9.482  ;
; SW[0]      ; LEDR[12]    ; 9.343  ; 9.343  ; 9.343  ; 9.343  ;
; SW[0]      ; LEDR[13]    ; 8.772  ; 8.772  ; 8.772  ; 8.772  ;
; SW[0]      ; LEDR[14]    ; 8.923  ; 8.923  ; 8.923  ; 8.923  ;
; SW[0]      ; LEDR[15]    ; 8.948  ; 8.948  ; 8.948  ; 8.948  ;
; SW[0]      ; LEDR[16]    ; 9.126  ; 9.126  ; 9.126  ; 9.126  ;
; SW[1]      ; LEDR[1]     ; 5.976  ;        ;        ; 5.976  ;
; SW[1]      ; LEDR[8]     ; 10.100 ; 10.100 ; 10.100 ; 10.100 ;
; SW[1]      ; LEDR[9]     ; 9.113  ; 9.113  ; 9.113  ; 9.113  ;
; SW[1]      ; LEDR[10]    ; 8.966  ; 8.966  ; 8.966  ; 8.966  ;
; SW[1]      ; LEDR[11]    ; 9.237  ; 9.237  ; 9.237  ; 9.237  ;
; SW[1]      ; LEDR[12]    ; 9.571  ; 9.571  ; 9.571  ; 9.571  ;
; SW[1]      ; LEDR[13]    ; 9.805  ; 9.805  ; 9.805  ; 9.805  ;
; SW[1]      ; LEDR[14]    ; 9.299  ; 9.299  ; 9.299  ; 9.299  ;
; SW[1]      ; LEDR[15]    ; 9.181  ; 9.181  ; 9.181  ; 9.181  ;
; SW[1]      ; LEDR[16]    ; 9.324  ; 9.324  ; 9.324  ; 9.324  ;
; SW[2]      ; LEDR[2]     ; 5.135  ;        ;        ; 5.135  ;
; SW[2]      ; LEDR[8]     ; 8.603  ; 8.603  ; 8.603  ; 8.603  ;
; SW[2]      ; LEDR[9]     ; 9.009  ; 9.009  ; 9.009  ; 9.009  ;
; SW[2]      ; LEDR[10]    ; 8.293  ; 8.293  ; 8.293  ; 8.293  ;
; SW[2]      ; LEDR[11]    ; 8.249  ; 8.249  ; 8.249  ; 8.249  ;
; SW[2]      ; LEDR[12]    ; 8.953  ; 8.953  ; 8.953  ; 8.953  ;
; SW[2]      ; LEDR[13]    ; 8.816  ; 8.816  ; 8.816  ; 8.816  ;
; SW[2]      ; LEDR[14]    ; 8.765  ; 8.765  ; 8.765  ; 8.765  ;
; SW[2]      ; LEDR[15]    ; 8.556  ; 8.556  ; 8.556  ; 8.556  ;
; SW[2]      ; LEDR[16]    ; 8.558  ; 8.558  ; 8.558  ; 8.558  ;
; SW[3]      ; LEDR[3]     ; 5.425  ;        ;        ; 5.425  ;
; SW[3]      ; LEDR[8]     ; 7.314  ; 7.314  ; 7.314  ; 7.314  ;
; SW[3]      ; LEDR[9]     ; 7.720  ; 7.720  ; 7.720  ; 7.720  ;
; SW[3]      ; LEDR[10]    ; 8.036  ; 8.036  ; 8.036  ; 8.036  ;
; SW[3]      ; LEDR[11]    ; 7.572  ; 7.572  ; 7.572  ; 7.572  ;
; SW[3]      ; LEDR[12]    ; 8.188  ; 8.188  ; 8.188  ; 8.188  ;
; SW[3]      ; LEDR[13]    ; 7.598  ; 7.598  ; 7.598  ; 7.598  ;
; SW[3]      ; LEDR[14]    ; 7.547  ; 7.547  ; 7.547  ; 7.547  ;
; SW[3]      ; LEDR[15]    ; 7.799  ; 7.799  ; 7.799  ; 7.799  ;
; SW[3]      ; LEDR[16]    ; 8.186  ; 8.186  ; 8.186  ; 8.186  ;
; SW[4]      ; LEDR[4]     ; 5.280  ;        ;        ; 5.280  ;
; SW[4]      ; LEDR[8]     ; 7.441  ; 7.441  ; 7.441  ; 7.441  ;
; SW[4]      ; LEDR[9]     ; 7.260  ; 7.260  ; 7.260  ; 7.260  ;
; SW[4]      ; LEDR[10]    ; 7.540  ; 7.540  ; 7.540  ; 7.540  ;
; SW[4]      ; LEDR[11]    ; 8.233  ; 8.233  ; 8.233  ; 8.233  ;
; SW[4]      ; LEDR[12]    ; 8.095  ; 8.095  ; 8.095  ; 8.095  ;
; SW[4]      ; LEDR[13]    ; 7.524  ; 7.524  ; 7.524  ; 7.524  ;
; SW[4]      ; LEDR[14]    ; 7.675  ; 7.675  ; 7.675  ; 7.675  ;
; SW[4]      ; LEDR[15]    ; 7.700  ; 7.700  ; 7.700  ; 7.700  ;
; SW[4]      ; LEDR[16]    ; 7.864  ; 7.864  ; 7.864  ; 7.864  ;
; SW[5]      ; LEDR[5]     ; 5.702  ;        ;        ; 5.702  ;
; SW[5]      ; LEDR[8]     ; 8.514  ; 8.514  ; 8.514  ; 8.514  ;
; SW[5]      ; LEDR[9]     ; 7.520  ; 7.520  ; 7.520  ; 7.520  ;
; SW[5]      ; LEDR[10]    ; 7.373  ; 7.373  ; 7.373  ; 7.373  ;
; SW[5]      ; LEDR[11]    ; 7.651  ; 7.651  ; 7.651  ; 7.651  ;
; SW[5]      ; LEDR[12]    ; 7.980  ; 7.980  ; 7.980  ; 7.980  ;
; SW[5]      ; LEDR[13]    ; 8.214  ; 8.214  ; 8.214  ; 8.214  ;
; SW[5]      ; LEDR[14]    ; 7.708  ; 7.708  ; 7.708  ; 7.708  ;
; SW[5]      ; LEDR[15]    ; 7.590  ; 7.590  ; 7.590  ; 7.590  ;
; SW[5]      ; LEDR[16]    ; 7.733  ; 7.733  ; 7.733  ; 7.733  ;
; SW[6]      ; LEDR[6]     ; 5.338  ;        ;        ; 5.338  ;
; SW[6]      ; LEDR[8]     ; 7.390  ; 7.390  ; 7.390  ; 7.390  ;
; SW[6]      ; LEDR[9]     ; 7.796  ; 7.796  ; 7.796  ; 7.796  ;
; SW[6]      ; LEDR[10]    ; 6.905  ; 6.905  ; 6.905  ; 6.905  ;
; SW[6]      ; LEDR[11]    ; 6.861  ; 6.861  ; 6.861  ; 6.861  ;
; SW[6]      ; LEDR[12]    ; 7.565  ; 7.565  ; 7.565  ; 7.565  ;
; SW[6]      ; LEDR[13]    ; 7.577  ; 7.577  ; 7.577  ; 7.577  ;
; SW[6]      ; LEDR[14]    ; 7.526  ; 7.526  ; 7.526  ; 7.526  ;
; SW[6]      ; LEDR[15]    ; 7.168  ; 7.168  ; 7.168  ; 7.168  ;
; SW[6]      ; LEDR[16]    ; 7.170  ; 7.170  ; 7.170  ; 7.170  ;
; SW[7]      ; LEDR[7]     ; 6.300  ;        ;        ; 6.300  ;
; SW[7]      ; LEDR[8]     ; 8.867  ; 8.867  ; 8.867  ; 8.867  ;
; SW[7]      ; LEDR[9]     ; 9.186  ; 9.186  ; 9.186  ; 9.186  ;
; SW[7]      ; LEDR[10]    ; 9.481  ; 9.481  ; 9.481  ; 9.481  ;
; SW[7]      ; LEDR[11]    ; 9.125  ; 9.125  ; 9.125  ; 9.125  ;
; SW[7]      ; LEDR[12]    ; 9.602  ; 9.602  ; 9.602  ; 9.602  ;
; SW[7]      ; LEDR[13]    ; 9.012  ; 9.012  ; 9.012  ; 9.012  ;
; SW[7]      ; LEDR[14]    ; 8.961  ; 8.961  ; 8.961  ; 8.961  ;
; SW[7]      ; LEDR[15]    ; 9.213  ; 9.213  ; 9.213  ; 9.213  ;
; SW[7]      ; LEDR[16]    ; 9.600  ; 9.600  ; 9.600  ; 9.600  ;
; SW[8]      ; LEDR[8]     ; 8.657  ; 8.657  ; 8.657  ; 8.657  ;
; SW[8]      ; LEDR[9]     ; 8.476  ; 8.476  ; 8.476  ; 8.476  ;
; SW[8]      ; LEDR[10]    ; 8.769  ; 8.769  ; 8.769  ; 8.769  ;
; SW[8]      ; LEDR[11]    ; 9.790  ; 9.790  ; 9.790  ; 9.790  ;
; SW[8]      ; LEDR[12]    ; 9.454  ; 9.454  ; 9.454  ; 9.454  ;
; SW[8]      ; LEDR[13]    ; 8.883  ; 8.883  ; 8.883  ; 8.883  ;
; SW[8]      ; LEDR[14]    ; 9.034  ; 9.034  ; 9.034  ; 9.034  ;
; SW[8]      ; LEDR[15]    ; 9.059  ; 9.059  ; 9.059  ; 9.059  ;
; SW[8]      ; LEDR[16]    ; 9.383  ; 9.383  ; 9.383  ; 9.383  ;
; SW[9]      ; LEDR[8]     ; 9.851  ; 9.851  ; 9.851  ; 9.851  ;
; SW[9]      ; LEDR[9]     ; 8.777  ; 8.777  ; 8.777  ; 8.777  ;
; SW[9]      ; LEDR[10]    ; 8.631  ; 8.631  ; 8.631  ; 8.631  ;
; SW[9]      ; LEDR[11]    ; 9.301  ; 9.301  ; 9.301  ; 9.301  ;
; SW[9]      ; LEDR[12]    ; 9.580  ; 9.580  ; 9.580  ; 9.580  ;
; SW[9]      ; LEDR[13]    ; 9.823  ; 9.823  ; 9.823  ; 9.823  ;
; SW[9]      ; LEDR[14]    ; 9.361  ; 9.361  ; 9.361  ; 9.361  ;
; SW[9]      ; LEDR[15]    ; 9.169  ; 9.169  ; 9.169  ; 9.169  ;
; SW[9]      ; LEDR[16]    ; 9.044  ; 9.044  ; 9.044  ; 9.044  ;
; SW[10]     ; LEDR[8]     ; 8.582  ; 8.582  ; 8.582  ; 8.582  ;
; SW[10]     ; LEDR[9]     ; 8.988  ; 8.988  ; 8.988  ; 8.988  ;
; SW[10]     ; LEDR[10]    ; 7.856  ; 7.856  ; 7.856  ; 7.856  ;
; SW[10]     ; LEDR[11]    ; 7.813  ; 7.813  ; 7.813  ; 7.813  ;
; SW[10]     ; LEDR[12]    ; 8.517  ; 8.517  ; 8.517  ; 8.517  ;
; SW[10]     ; LEDR[13]    ; 8.764  ; 8.764  ; 8.764  ; 8.764  ;
; SW[10]     ; LEDR[14]    ; 8.539  ; 8.539  ; 8.539  ; 8.539  ;
; SW[10]     ; LEDR[15]    ; 8.120  ; 8.120  ; 8.120  ; 8.120  ;
; SW[10]     ; LEDR[16]    ; 8.122  ; 8.122  ; 8.122  ; 8.122  ;
; SW[11]     ; LEDR[8]     ; 7.780  ; 7.780  ; 7.780  ; 7.780  ;
; SW[11]     ; LEDR[9]     ; 8.186  ; 8.186  ; 8.186  ; 8.186  ;
; SW[11]     ; LEDR[10]    ; 8.502  ; 8.502  ; 8.502  ; 8.502  ;
; SW[11]     ; LEDR[11]    ; 8.044  ; 8.044  ; 8.044  ; 8.044  ;
; SW[11]     ; LEDR[12]    ; 8.721  ; 8.721  ; 8.721  ; 8.721  ;
; SW[11]     ; LEDR[13]    ; 8.151  ; 8.151  ; 8.151  ; 8.151  ;
; SW[11]     ; LEDR[14]    ; 8.449  ; 8.449  ; 8.449  ; 8.449  ;
; SW[11]     ; LEDR[15]    ; 8.325  ; 8.325  ; 8.325  ; 8.325  ;
; SW[11]     ; LEDR[16]    ; 8.745  ; 8.745  ; 8.745  ; 8.745  ;
; SW[12]     ; LEDR[8]     ; 8.141  ; 8.141  ; 8.141  ; 8.141  ;
; SW[12]     ; LEDR[9]     ; 7.958  ; 7.958  ; 7.958  ; 7.958  ;
; SW[12]     ; LEDR[10]    ; 8.253  ; 8.253  ; 8.253  ; 8.253  ;
; SW[12]     ; LEDR[11]    ; 9.274  ; 9.274  ; 9.274  ; 9.274  ;
; SW[12]     ; LEDR[12]    ; 8.616  ; 8.616  ; 8.616  ; 8.616  ;
; SW[12]     ; LEDR[13]    ; 8.045  ; 8.045  ; 8.045  ; 8.045  ;
; SW[12]     ; LEDR[14]    ; 8.196  ; 8.196  ; 8.196  ; 8.196  ;
; SW[12]     ; LEDR[15]    ; 8.221  ; 8.221  ; 8.221  ; 8.221  ;
; SW[12]     ; LEDR[16]    ; 8.547  ; 8.547  ; 8.547  ; 8.547  ;
; SW[13]     ; LEDR[8]     ; 13.035 ; 13.035 ; 13.035 ; 13.035 ;
; SW[13]     ; LEDR[9]     ; 11.961 ; 11.961 ; 11.961 ; 11.961 ;
; SW[13]     ; LEDR[10]    ; 11.813 ; 11.813 ; 11.813 ; 11.813 ;
; SW[13]     ; LEDR[11]    ; 12.506 ; 12.506 ; 12.506 ; 12.506 ;
; SW[13]     ; LEDR[12]    ; 12.694 ; 12.694 ; 12.694 ; 12.694 ;
; SW[13]     ; LEDR[13]    ; 12.928 ; 12.928 ; 12.928 ; 12.928 ;
; SW[13]     ; LEDR[14]    ; 12.422 ; 12.422 ; 12.422 ; 12.422 ;
; SW[13]     ; LEDR[15]    ; 12.304 ; 12.304 ; 12.304 ; 12.304 ;
; SW[13]     ; LEDR[16]    ; 12.236 ; 12.236 ; 12.236 ; 12.236 ;
; SW[14]     ; LEDR[8]     ; 12.994 ; 12.994 ; 12.994 ; 12.994 ;
; SW[14]     ; LEDR[9]     ; 13.398 ; 13.398 ; 13.398 ; 13.398 ;
; SW[14]     ; LEDR[10]    ; 12.174 ; 12.174 ; 12.174 ; 12.174 ;
; SW[14]     ; LEDR[11]    ; 11.816 ; 11.816 ; 11.816 ; 11.816 ;
; SW[14]     ; LEDR[12]    ; 12.835 ; 12.835 ; 12.835 ; 12.835 ;
; SW[14]     ; LEDR[13]    ; 13.082 ; 13.082 ; 13.082 ; 13.082 ;
; SW[14]     ; LEDR[14]    ; 12.857 ; 12.857 ; 12.857 ; 12.857 ;
; SW[14]     ; LEDR[15]    ; 12.438 ; 12.438 ; 12.438 ; 12.438 ;
; SW[14]     ; LEDR[16]    ; 12.440 ; 12.440 ; 12.440 ; 12.440 ;
; SW[15]     ; LEDR[8]     ; 11.596 ; 11.596 ; 11.596 ; 11.596 ;
; SW[15]     ; LEDR[9]     ; 12.002 ; 12.002 ; 12.002 ; 12.002 ;
; SW[15]     ; LEDR[10]    ; 12.318 ; 12.318 ; 12.318 ; 12.318 ;
; SW[15]     ; LEDR[11]    ; 11.859 ; 11.859 ; 11.859 ; 11.859 ;
; SW[15]     ; LEDR[12]    ; 12.374 ; 12.374 ; 12.374 ; 12.374 ;
; SW[15]     ; LEDR[13]    ; 11.784 ; 11.784 ; 11.784 ; 11.784 ;
; SW[15]     ; LEDR[14]    ; 11.733 ; 11.733 ; 11.733 ; 11.733 ;
; SW[15]     ; LEDR[15]    ; 11.985 ; 11.985 ; 11.985 ; 11.985 ;
; SW[15]     ; LEDR[16]    ; 12.372 ; 12.372 ; 12.372 ; 12.372 ;
+------------+-------------+--------+--------+--------+--------+


----------------------------
; Fast Model Setup Summary ;
----------------------------
No paths to report.


---------------------------
; Fast Model Hold Summary ;
---------------------------
No paths to report.


-------------------------------
; Fast Model Recovery Summary ;
-------------------------------
No paths to report.


------------------------------
; Fast Model Removal Summary ;
------------------------------
No paths to report.


------------------------------------------
; Fast Model Minimum Pulse Width Summary ;
------------------------------------------
No paths to report.


+----------------------------------------------------------+
; Propagation Delay                                        ;
+------------+-------------+-------+-------+-------+-------+
; Input Port ; Output Port ; RR    ; RF    ; FR    ; FF    ;
+------------+-------------+-------+-------+-------+-------+
; SW[0]      ; LEDR[0]     ; 3.182 ;       ;       ; 3.182 ;
; SW[0]      ; LEDR[8]     ; 5.100 ; 5.100 ; 5.100 ; 5.100 ;
; SW[0]      ; LEDR[9]     ; 5.278 ; 5.278 ; 5.278 ; 5.278 ;
; SW[0]      ; LEDR[10]    ; 5.120 ; 5.120 ; 5.120 ; 5.120 ;
; SW[0]      ; LEDR[11]    ; 5.213 ; 5.213 ; 5.213 ; 5.213 ;
; SW[0]      ; LEDR[12]    ; 4.908 ; 4.908 ; 4.908 ; 4.908 ;
; SW[0]      ; LEDR[13]    ; 5.144 ; 5.144 ; 5.144 ; 5.144 ;
; SW[0]      ; LEDR[14]    ; 5.047 ; 5.047 ; 5.047 ; 5.047 ;
; SW[0]      ; LEDR[15]    ; 5.168 ; 5.168 ; 5.168 ; 5.168 ;
; SW[0]      ; LEDR[16]    ; 5.339 ; 5.339 ; 5.339 ; 5.339 ;
; SW[1]      ; LEDR[1]     ; 3.236 ;       ;       ; 3.236 ;
; SW[1]      ; LEDR[8]     ; 5.288 ; 5.288 ; 5.288 ; 5.288 ;
; SW[1]      ; LEDR[9]     ; 5.466 ; 5.466 ; 5.466 ; 5.466 ;
; SW[1]      ; LEDR[10]    ; 5.309 ; 5.309 ; 5.309 ; 5.309 ;
; SW[1]      ; LEDR[11]    ; 5.402 ; 5.402 ; 5.402 ; 5.402 ;
; SW[1]      ; LEDR[12]    ; 5.642 ; 5.642 ; 5.642 ; 5.642 ;
; SW[1]      ; LEDR[13]    ; 5.847 ; 5.847 ; 5.847 ; 5.847 ;
; SW[1]      ; LEDR[14]    ; 5.750 ; 5.750 ; 5.750 ; 5.750 ;
; SW[1]      ; LEDR[15]    ; 5.871 ; 5.871 ; 5.871 ; 5.871 ;
; SW[1]      ; LEDR[16]    ; 6.042 ; 6.042 ; 6.042 ; 6.042 ;
; SW[2]      ; LEDR[2]     ; 2.794 ;       ;       ; 2.794 ;
; SW[2]      ; LEDR[8]     ; 5.027 ; 5.027 ; 5.027 ; 5.027 ;
; SW[2]      ; LEDR[9]     ; 5.204 ; 5.204 ; 5.204 ; 5.204 ;
; SW[2]      ; LEDR[10]    ; 5.022 ; 5.022 ; 5.022 ; 5.022 ;
; SW[2]      ; LEDR[11]    ; 5.115 ; 5.115 ; 5.115 ; 5.115 ;
; SW[2]      ; LEDR[12]    ; 5.128 ; 5.128 ; 5.128 ; 5.128 ;
; SW[2]      ; LEDR[13]    ; 5.333 ; 5.333 ; 5.333 ; 5.333 ;
; SW[2]      ; LEDR[14]    ; 5.236 ; 5.236 ; 5.236 ; 5.236 ;
; SW[2]      ; LEDR[15]    ; 5.357 ; 5.357 ; 5.357 ; 5.357 ;
; SW[2]      ; LEDR[16]    ; 5.528 ; 5.528 ; 5.528 ; 5.528 ;
; SW[3]      ; LEDR[3]     ; 2.915 ;       ;       ; 2.915 ;
; SW[3]      ; LEDR[8]     ; 4.408 ; 4.408 ; 4.408 ; 4.408 ;
; SW[3]      ; LEDR[9]     ; 4.585 ; 4.585 ; 4.585 ; 4.585 ;
; SW[3]      ; LEDR[10]    ; 4.403 ; 4.403 ; 4.403 ; 4.403 ;
; SW[3]      ; LEDR[11]    ; 4.496 ; 4.496 ; 4.496 ; 4.496 ;
; SW[3]      ; LEDR[12]    ; 4.370 ; 4.370 ; 4.370 ; 4.370 ;
; SW[3]      ; LEDR[13]    ; 4.657 ; 4.657 ; 4.657 ; 4.657 ;
; SW[3]      ; LEDR[14]    ; 4.560 ; 4.560 ; 4.560 ; 4.560 ;
; SW[3]      ; LEDR[15]    ; 4.681 ; 4.681 ; 4.681 ; 4.681 ;
; SW[3]      ; LEDR[16]    ; 4.852 ; 4.852 ; 4.852 ; 4.852 ;
; SW[4]      ; LEDR[4]     ; 2.842 ;       ;       ; 2.842 ;
; SW[4]      ; LEDR[8]     ; 4.420 ; 4.420 ; 4.420 ; 4.420 ;
; SW[4]      ; LEDR[9]     ; 4.598 ; 4.598 ; 4.598 ; 4.598 ;
; SW[4]      ; LEDR[10]    ; 4.440 ; 4.440 ; 4.440 ; 4.440 ;
; SW[4]      ; LEDR[11]    ; 4.533 ; 4.533 ; 4.533 ; 4.533 ;
; SW[4]      ; LEDR[12]    ; 4.239 ; 4.239 ; 4.239 ; 4.239 ;
; SW[4]      ; LEDR[13]    ; 4.464 ; 4.464 ; 4.464 ; 4.464 ;
; SW[4]      ; LEDR[14]    ; 4.367 ; 4.367 ; 4.367 ; 4.367 ;
; SW[4]      ; LEDR[15]    ; 4.488 ; 4.488 ; 4.488 ; 4.488 ;
; SW[4]      ; LEDR[16]    ; 4.659 ; 4.659 ; 4.659 ; 4.659 ;
; SW[5]      ; LEDR[5]     ; 3.060 ;       ;       ; 3.060 ;
; SW[5]      ; LEDR[8]     ; 4.409 ; 4.409 ; 4.409 ; 4.409 ;
; SW[5]      ; LEDR[9]     ; 4.587 ; 4.587 ; 4.587 ; 4.587 ;
; SW[5]      ; LEDR[10]    ; 4.430 ; 4.430 ; 4.430 ; 4.430 ;
; SW[5]      ; LEDR[11]    ; 4.523 ; 4.523 ; 4.523 ; 4.523 ;
; SW[5]      ; LEDR[12]    ; 4.763 ; 4.763 ; 4.763 ; 4.763 ;
; SW[5]      ; LEDR[13]    ; 4.968 ; 4.968 ; 4.968 ; 4.968 ;
; SW[5]      ; LEDR[14]    ; 4.871 ; 4.871 ; 4.871 ; 4.871 ;
; SW[5]      ; LEDR[15]    ; 4.992 ; 4.992 ; 4.992 ; 4.992 ;
; SW[5]      ; LEDR[16]    ; 5.163 ; 5.163 ; 5.163 ; 5.163 ;
; SW[6]      ; LEDR[6]     ; 2.870 ;       ;       ; 2.870 ;
; SW[6]      ; LEDR[8]     ; 4.363 ; 4.363 ; 4.363 ; 4.363 ;
; SW[6]      ; LEDR[9]     ; 4.540 ; 4.540 ; 4.540 ; 4.540 ;
; SW[6]      ; LEDR[10]    ; 4.358 ; 4.358 ; 4.358 ; 4.358 ;
; SW[6]      ; LEDR[11]    ; 4.451 ; 4.451 ; 4.451 ; 4.451 ;
; SW[6]      ; LEDR[12]    ; 4.384 ; 4.384 ; 4.384 ; 4.384 ;
; SW[6]      ; LEDR[13]    ; 4.589 ; 4.589 ; 4.589 ; 4.589 ;
; SW[6]      ; LEDR[14]    ; 4.492 ; 4.492 ; 4.492 ; 4.492 ;
; SW[6]      ; LEDR[15]    ; 4.613 ; 4.613 ; 4.613 ; 4.613 ;
; SW[6]      ; LEDR[16]    ; 4.784 ; 4.784 ; 4.784 ; 4.784 ;
; SW[7]      ; LEDR[7]     ; 3.448 ;       ;       ; 3.448 ;
; SW[7]      ; LEDR[8]     ; 5.260 ; 5.260 ; 5.260 ; 5.260 ;
; SW[7]      ; LEDR[9]     ; 5.437 ; 5.437 ; 5.437 ; 5.437 ;
; SW[7]      ; LEDR[10]    ; 5.255 ; 5.255 ; 5.255 ; 5.255 ;
; SW[7]      ; LEDR[11]    ; 5.348 ; 5.348 ; 5.348 ; 5.348 ;
; SW[7]      ; LEDR[12]    ; 5.225 ; 5.225 ; 5.225 ; 5.225 ;
; SW[7]      ; LEDR[13]    ; 5.512 ; 5.512 ; 5.512 ; 5.512 ;
; SW[7]      ; LEDR[14]    ; 5.415 ; 5.415 ; 5.415 ; 5.415 ;
; SW[7]      ; LEDR[15]    ; 5.536 ; 5.536 ; 5.536 ; 5.536 ;
; SW[7]      ; LEDR[16]    ; 5.707 ; 5.707 ; 5.707 ; 5.707 ;
; SW[8]      ; LEDR[8]     ; 5.336 ; 5.336 ; 5.336 ; 5.336 ;
; SW[8]      ; LEDR[9]     ; 5.514 ; 5.514 ; 5.514 ; 5.514 ;
; SW[8]      ; LEDR[10]    ; 5.356 ; 5.356 ; 5.356 ; 5.356 ;
; SW[8]      ; LEDR[11]    ; 5.449 ; 5.449 ; 5.449 ; 5.449 ;
; SW[8]      ; LEDR[12]    ; 5.159 ; 5.159 ; 5.159 ; 5.159 ;
; SW[8]      ; LEDR[13]    ; 5.331 ; 5.331 ; 5.331 ; 5.331 ;
; SW[8]      ; LEDR[14]    ; 5.234 ; 5.234 ; 5.234 ; 5.234 ;
; SW[8]      ; LEDR[15]    ; 5.355 ; 5.355 ; 5.355 ; 5.355 ;
; SW[8]      ; LEDR[16]    ; 5.526 ; 5.526 ; 5.526 ; 5.526 ;
; SW[9]      ; LEDR[8]     ; 5.375 ; 5.375 ; 5.375 ; 5.375 ;
; SW[9]      ; LEDR[9]     ; 5.553 ; 5.553 ; 5.553 ; 5.553 ;
; SW[9]      ; LEDR[10]    ; 5.396 ; 5.396 ; 5.396 ; 5.396 ;
; SW[9]      ; LEDR[11]    ; 5.489 ; 5.489 ; 5.489 ; 5.489 ;
; SW[9]      ; LEDR[12]    ; 5.727 ; 5.727 ; 5.727 ; 5.727 ;
; SW[9]      ; LEDR[13]    ; 5.932 ; 5.932 ; 5.932 ; 5.932 ;
; SW[9]      ; LEDR[14]    ; 5.835 ; 5.835 ; 5.835 ; 5.835 ;
; SW[9]      ; LEDR[15]    ; 5.956 ; 5.956 ; 5.956 ; 5.956 ;
; SW[9]      ; LEDR[16]    ; 6.127 ; 6.127 ; 6.127 ; 6.127 ;
; SW[10]     ; LEDR[8]     ; 5.038 ; 5.038 ; 5.038 ; 5.038 ;
; SW[10]     ; LEDR[9]     ; 5.215 ; 5.215 ; 5.215 ; 5.215 ;
; SW[10]     ; LEDR[10]    ; 5.033 ; 5.033 ; 5.033 ; 5.033 ;
; SW[10]     ; LEDR[11]    ; 5.126 ; 5.126 ; 5.126 ; 5.126 ;
; SW[10]     ; LEDR[12]    ; 4.957 ; 4.957 ; 4.957 ; 4.957 ;
; SW[10]     ; LEDR[13]    ; 5.162 ; 5.162 ; 5.162 ; 5.162 ;
; SW[10]     ; LEDR[14]    ; 5.065 ; 5.065 ; 5.065 ; 5.065 ;
; SW[10]     ; LEDR[15]    ; 5.186 ; 5.186 ; 5.186 ; 5.186 ;
; SW[10]     ; LEDR[16]    ; 5.357 ; 5.357 ; 5.357 ; 5.357 ;
; SW[11]     ; LEDR[8]     ; 4.916 ; 4.916 ; 4.916 ; 4.916 ;
; SW[11]     ; LEDR[9]     ; 5.093 ; 5.093 ; 5.093 ; 5.093 ;
; SW[11]     ; LEDR[10]    ; 4.911 ; 4.911 ; 4.911 ; 4.911 ;
; SW[11]     ; LEDR[11]    ; 5.004 ; 5.004 ; 5.004 ; 5.004 ;
; SW[11]     ; LEDR[12]    ; 4.879 ; 4.879 ; 4.879 ; 4.879 ;
; SW[11]     ; LEDR[13]    ; 5.166 ; 5.166 ; 5.166 ; 5.166 ;
; SW[11]     ; LEDR[14]    ; 5.069 ; 5.069 ; 5.069 ; 5.069 ;
; SW[11]     ; LEDR[15]    ; 5.190 ; 5.190 ; 5.190 ; 5.190 ;
; SW[11]     ; LEDR[16]    ; 5.361 ; 5.361 ; 5.361 ; 5.361 ;
; SW[12]     ; LEDR[8]     ; 4.608 ; 4.608 ; 4.608 ; 4.608 ;
; SW[12]     ; LEDR[9]     ; 4.785 ; 4.785 ; 4.785 ; 4.785 ;
; SW[12]     ; LEDR[10]    ; 4.603 ; 4.603 ; 4.603 ; 4.603 ;
; SW[12]     ; LEDR[11]    ; 4.696 ; 4.696 ; 4.696 ; 4.696 ;
; SW[12]     ; LEDR[12]    ; 4.496 ; 4.496 ; 4.496 ; 4.496 ;
; SW[12]     ; LEDR[13]    ; 4.783 ; 4.783 ; 4.783 ; 4.783 ;
; SW[12]     ; LEDR[14]    ; 4.686 ; 4.686 ; 4.686 ; 4.686 ;
; SW[12]     ; LEDR[15]    ; 4.807 ; 4.807 ; 4.807 ; 4.807 ;
; SW[12]     ; LEDR[16]    ; 4.978 ; 4.978 ; 4.978 ; 4.978 ;
; SW[13]     ; LEDR[8]     ; 7.083 ; 7.083 ; 7.083 ; 7.083 ;
; SW[13]     ; LEDR[9]     ; 7.261 ; 7.261 ; 7.261 ; 7.261 ;
; SW[13]     ; LEDR[10]    ; 7.103 ; 7.103 ; 7.103 ; 7.103 ;
; SW[13]     ; LEDR[11]    ; 7.196 ; 7.196 ; 7.196 ; 7.196 ;
; SW[13]     ; LEDR[12]    ; 6.900 ; 6.900 ; 6.900 ; 6.900 ;
; SW[13]     ; LEDR[13]    ; 7.184 ; 7.184 ; 7.184 ; 7.184 ;
; SW[13]     ; LEDR[14]    ; 7.087 ; 7.087 ; 7.087 ; 7.087 ;
; SW[13]     ; LEDR[15]    ; 7.208 ; 7.208 ; 7.208 ; 7.208 ;
; SW[13]     ; LEDR[16]    ; 7.379 ; 7.379 ; 7.379 ; 7.379 ;
; SW[14]     ; LEDR[8]     ; 7.170 ; 7.170 ; 7.170 ; 7.170 ;
; SW[14]     ; LEDR[9]     ; 7.348 ; 7.348 ; 7.348 ; 7.348 ;
; SW[14]     ; LEDR[10]    ; 7.191 ; 7.191 ; 7.191 ; 7.191 ;
; SW[14]     ; LEDR[11]    ; 7.284 ; 7.284 ; 7.284 ; 7.284 ;
; SW[14]     ; LEDR[12]    ; 7.531 ; 7.531 ; 7.531 ; 7.531 ;
; SW[14]     ; LEDR[13]    ; 7.736 ; 7.736 ; 7.736 ; 7.736 ;
; SW[14]     ; LEDR[14]    ; 7.639 ; 7.639 ; 7.639 ; 7.639 ;
; SW[14]     ; LEDR[15]    ; 7.760 ; 7.760 ; 7.760 ; 7.760 ;
; SW[14]     ; LEDR[16]    ; 7.931 ; 7.931 ; 7.931 ; 7.931 ;
; SW[15]     ; LEDR[8]     ; 7.027 ; 7.027 ; 7.027 ; 7.027 ;
; SW[15]     ; LEDR[9]     ; 7.204 ; 7.204 ; 7.204 ; 7.204 ;
; SW[15]     ; LEDR[10]    ; 7.022 ; 7.022 ; 7.022 ; 7.022 ;
; SW[15]     ; LEDR[11]    ; 7.115 ; 7.115 ; 7.115 ; 7.115 ;
; SW[15]     ; LEDR[12]    ; 6.816 ; 6.816 ; 6.816 ; 6.816 ;
; SW[15]     ; LEDR[13]    ; 7.102 ; 7.102 ; 7.102 ; 7.102 ;
; SW[15]     ; LEDR[14]    ; 7.005 ; 7.005 ; 7.005 ; 7.005 ;
; SW[15]     ; LEDR[15]    ; 7.126 ; 7.126 ; 7.126 ; 7.126 ;
; SW[15]     ; LEDR[16]    ; 7.297 ; 7.297 ; 7.297 ; 7.297 ;
+------------+-------------+-------+-------+-------+-------+


+----------------------------------------------------------+
; Minimum Propagation Delay                                ;
+------------+-------------+-------+-------+-------+-------+
; Input Port ; Output Port ; RR    ; RF    ; FR    ; FF    ;
+------------+-------------+-------+-------+-------+-------+
; SW[0]      ; LEDR[0]     ; 3.182 ;       ;       ; 3.182 ;
; SW[0]      ; LEDR[8]     ; 4.414 ; 4.414 ; 4.414 ; 4.414 ;
; SW[0]      ; LEDR[9]     ; 4.340 ; 4.340 ; 4.340 ; 4.340 ;
; SW[0]      ; LEDR[10]    ; 4.449 ; 4.449 ; 4.449 ; 4.449 ;
; SW[0]      ; LEDR[11]    ; 4.743 ; 4.743 ; 4.743 ; 4.743 ;
; SW[0]      ; LEDR[12]    ; 4.721 ; 4.721 ; 4.721 ; 4.721 ;
; SW[0]      ; LEDR[13]    ; 4.467 ; 4.467 ; 4.467 ; 4.467 ;
; SW[0]      ; LEDR[14]    ; 4.523 ; 4.523 ; 4.523 ; 4.523 ;
; SW[0]      ; LEDR[15]    ; 4.554 ; 4.554 ; 4.554 ; 4.554 ;
; SW[0]      ; LEDR[16]    ; 4.603 ; 4.603 ; 4.603 ; 4.603 ;
; SW[1]      ; LEDR[1]     ; 3.236 ;       ;       ; 3.236 ;
; SW[1]      ; LEDR[8]     ; 5.067 ; 5.067 ; 5.067 ; 5.067 ;
; SW[1]      ; LEDR[9]     ; 4.650 ; 4.650 ; 4.650 ; 4.650 ;
; SW[1]      ; LEDR[10]    ; 4.580 ; 4.580 ; 4.580 ; 4.580 ;
; SW[1]      ; LEDR[11]    ; 4.717 ; 4.717 ; 4.717 ; 4.717 ;
; SW[1]      ; LEDR[12]    ; 4.880 ; 4.880 ; 4.880 ; 4.880 ;
; SW[1]      ; LEDR[13]    ; 4.978 ; 4.978 ; 4.978 ; 4.978 ;
; SW[1]      ; LEDR[14]    ; 4.761 ; 4.761 ; 4.761 ; 4.761 ;
; SW[1]      ; LEDR[15]    ; 4.713 ; 4.713 ; 4.713 ; 4.713 ;
; SW[1]      ; LEDR[16]    ; 4.731 ; 4.731 ; 4.731 ; 4.731 ;
; SW[2]      ; LEDR[2]     ; 2.794 ;       ;       ; 2.794 ;
; SW[2]      ; LEDR[8]     ; 4.344 ; 4.344 ; 4.344 ; 4.344 ;
; SW[2]      ; LEDR[9]     ; 4.520 ; 4.520 ; 4.520 ; 4.520 ;
; SW[2]      ; LEDR[10]    ; 4.209 ; 4.209 ; 4.209 ; 4.209 ;
; SW[2]      ; LEDR[11]    ; 4.196 ; 4.196 ; 4.196 ; 4.196 ;
; SW[2]      ; LEDR[12]    ; 4.524 ; 4.524 ; 4.524 ; 4.524 ;
; SW[2]      ; LEDR[13]    ; 4.449 ; 4.449 ; 4.449 ; 4.449 ;
; SW[2]      ; LEDR[14]    ; 4.431 ; 4.431 ; 4.431 ; 4.431 ;
; SW[2]      ; LEDR[15]    ; 4.331 ; 4.331 ; 4.331 ; 4.331 ;
; SW[2]      ; LEDR[16]    ; 4.331 ; 4.331 ; 4.331 ; 4.331 ;
; SW[3]      ; LEDR[3]     ; 2.915 ;       ;       ; 2.915 ;
; SW[3]      ; LEDR[8]     ; 3.640 ; 3.640 ; 3.640 ; 3.640 ;
; SW[3]      ; LEDR[9]     ; 3.816 ; 3.816 ; 3.816 ; 3.816 ;
; SW[3]      ; LEDR[10]    ; 3.953 ; 3.953 ; 3.953 ; 3.953 ;
; SW[3]      ; LEDR[11]    ; 3.754 ; 3.754 ; 3.754 ; 3.754 ;
; SW[3]      ; LEDR[12]    ; 4.033 ; 4.033 ; 4.033 ; 4.033 ;
; SW[3]      ; LEDR[13]    ; 3.783 ; 3.783 ; 3.783 ; 3.783 ;
; SW[3]      ; LEDR[14]    ; 3.765 ; 3.765 ; 3.765 ; 3.765 ;
; SW[3]      ; LEDR[15]    ; 3.868 ; 3.868 ; 3.868 ; 3.868 ;
; SW[3]      ; LEDR[16]    ; 4.031 ; 4.031 ; 4.031 ; 4.031 ;
; SW[4]      ; LEDR[4]     ; 2.842 ;       ;       ; 2.842 ;
; SW[4]      ; LEDR[8]     ; 3.734 ; 3.734 ; 3.734 ; 3.734 ;
; SW[4]      ; LEDR[9]     ; 3.660 ; 3.660 ; 3.660 ; 3.660 ;
; SW[4]      ; LEDR[10]    ; 3.769 ; 3.769 ; 3.769 ; 3.769 ;
; SW[4]      ; LEDR[11]    ; 4.063 ; 4.063 ; 4.063 ; 4.063 ;
; SW[4]      ; LEDR[12]    ; 4.041 ; 4.041 ; 4.041 ; 4.041 ;
; SW[4]      ; LEDR[13]    ; 3.787 ; 3.787 ; 3.787 ; 3.787 ;
; SW[4]      ; LEDR[14]    ; 3.843 ; 3.843 ; 3.843 ; 3.843 ;
; SW[4]      ; LEDR[15]    ; 3.874 ; 3.874 ; 3.874 ; 3.874 ;
; SW[4]      ; LEDR[16]    ; 3.934 ; 3.934 ; 3.934 ; 3.934 ;
; SW[5]      ; LEDR[5]     ; 3.060 ;       ;       ; 3.060 ;
; SW[5]      ; LEDR[8]     ; 4.188 ; 4.188 ; 4.188 ; 4.188 ;
; SW[5]      ; LEDR[9]     ; 3.764 ; 3.764 ; 3.764 ; 3.764 ;
; SW[5]      ; LEDR[10]    ; 3.694 ; 3.694 ; 3.694 ; 3.694 ;
; SW[5]      ; LEDR[11]    ; 3.838 ; 3.838 ; 3.838 ; 3.838 ;
; SW[5]      ; LEDR[12]    ; 3.997 ; 3.997 ; 3.997 ; 3.997 ;
; SW[5]      ; LEDR[13]    ; 4.095 ; 4.095 ; 4.095 ; 4.095 ;
; SW[5]      ; LEDR[14]    ; 3.878 ; 3.878 ; 3.878 ; 3.878 ;
; SW[5]      ; LEDR[15]    ; 3.830 ; 3.830 ; 3.830 ; 3.830 ;
; SW[5]      ; LEDR[16]    ; 3.848 ; 3.848 ; 3.848 ; 3.848 ;
; SW[6]      ; LEDR[6]     ; 2.870 ;       ;       ; 2.870 ;
; SW[6]      ; LEDR[8]     ; 3.680 ; 3.680 ; 3.680 ; 3.680 ;
; SW[6]      ; LEDR[9]     ; 3.856 ; 3.856 ; 3.856 ; 3.856 ;
; SW[6]      ; LEDR[10]    ; 3.465 ; 3.465 ; 3.465 ; 3.465 ;
; SW[6]      ; LEDR[11]    ; 3.452 ; 3.452 ; 3.452 ; 3.452 ;
; SW[6]      ; LEDR[12]    ; 3.780 ; 3.780 ; 3.780 ; 3.780 ;
; SW[6]      ; LEDR[13]    ; 3.785 ; 3.785 ; 3.785 ; 3.785 ;
; SW[6]      ; LEDR[14]    ; 3.761 ; 3.761 ; 3.761 ; 3.761 ;
; SW[6]      ; LEDR[15]    ; 3.587 ; 3.587 ; 3.587 ; 3.587 ;
; SW[6]      ; LEDR[16]    ; 3.587 ; 3.587 ; 3.587 ; 3.587 ;
; SW[7]      ; LEDR[7]     ; 3.448 ;       ;       ; 3.448 ;
; SW[7]      ; LEDR[8]     ; 4.564 ; 4.564 ; 4.564 ; 4.564 ;
; SW[7]      ; LEDR[9]     ; 4.715 ; 4.715 ; 4.715 ; 4.715 ;
; SW[7]      ; LEDR[10]    ; 4.845 ; 4.845 ; 4.845 ; 4.845 ;
; SW[7]      ; LEDR[11]    ; 4.678 ; 4.678 ; 4.678 ; 4.678 ;
; SW[7]      ; LEDR[12]    ; 4.889 ; 4.889 ; 4.889 ; 4.889 ;
; SW[7]      ; LEDR[13]    ; 4.639 ; 4.639 ; 4.639 ; 4.639 ;
; SW[7]      ; LEDR[14]    ; 4.621 ; 4.621 ; 4.621 ; 4.621 ;
; SW[7]      ; LEDR[15]    ; 4.724 ; 4.724 ; 4.724 ; 4.724 ;
; SW[7]      ; LEDR[16]    ; 4.887 ; 4.887 ; 4.887 ; 4.887 ;
; SW[8]      ; LEDR[8]     ; 4.467 ; 4.467 ; 4.467 ; 4.467 ;
; SW[8]      ; LEDR[9]     ; 4.394 ; 4.394 ; 4.394 ; 4.394 ;
; SW[8]      ; LEDR[10]    ; 4.523 ; 4.523 ; 4.523 ; 4.523 ;
; SW[8]      ; LEDR[11]    ; 4.948 ; 4.948 ; 4.948 ; 4.948 ;
; SW[8]      ; LEDR[12]    ; 4.843 ; 4.843 ; 4.843 ; 4.843 ;
; SW[8]      ; LEDR[13]    ; 4.589 ; 4.589 ; 4.589 ; 4.589 ;
; SW[8]      ; LEDR[14]    ; 4.645 ; 4.645 ; 4.645 ; 4.645 ;
; SW[8]      ; LEDR[15]    ; 4.676 ; 4.676 ; 4.676 ; 4.676 ;
; SW[8]      ; LEDR[16]    ; 4.786 ; 4.786 ; 4.786 ; 4.786 ;
; SW[9]      ; LEDR[8]     ; 5.028 ; 5.028 ; 5.028 ; 5.028 ;
; SW[9]      ; LEDR[9]     ; 4.574 ; 4.574 ; 4.574 ; 4.574 ;
; SW[9]      ; LEDR[10]    ; 4.504 ; 4.504 ; 4.504 ; 4.504 ;
; SW[9]      ; LEDR[11]    ; 4.798 ; 4.798 ; 4.798 ; 4.798 ;
; SW[9]      ; LEDR[12]    ; 4.952 ; 4.952 ; 4.952 ; 4.952 ;
; SW[9]      ; LEDR[13]    ; 5.026 ; 5.026 ; 5.026 ; 5.026 ;
; SW[9]      ; LEDR[14]    ; 4.839 ; 4.839 ; 4.839 ; 4.839 ;
; SW[9]      ; LEDR[15]    ; 4.744 ; 4.744 ; 4.744 ; 4.744 ;
; SW[9]      ; LEDR[16]    ; 4.701 ; 4.701 ; 4.701 ; 4.701 ;
; SW[10]     ; LEDR[8]     ; 4.355 ; 4.355 ; 4.355 ; 4.355 ;
; SW[10]     ; LEDR[9]     ; 4.531 ; 4.531 ; 4.531 ; 4.531 ;
; SW[10]     ; LEDR[10]    ; 4.039 ; 4.039 ; 4.039 ; 4.039 ;
; SW[10]     ; LEDR[11]    ; 4.026 ; 4.026 ; 4.026 ; 4.026 ;
; SW[10]     ; LEDR[12]    ; 4.353 ; 4.353 ; 4.353 ; 4.353 ;
; SW[10]     ; LEDR[13]    ; 4.431 ; 4.431 ; 4.431 ; 4.431 ;
; SW[10]     ; LEDR[14]    ; 4.334 ; 4.334 ; 4.334 ; 4.334 ;
; SW[10]     ; LEDR[15]    ; 4.160 ; 4.160 ; 4.160 ; 4.160 ;
; SW[10]     ; LEDR[16]    ; 4.160 ; 4.160 ; 4.160 ; 4.160 ;
; SW[11]     ; LEDR[8]     ; 3.991 ; 3.991 ; 3.991 ; 3.991 ;
; SW[11]     ; LEDR[9]     ; 4.167 ; 4.167 ; 4.167 ; 4.167 ;
; SW[11]     ; LEDR[10]    ; 4.304 ; 4.304 ; 4.304 ; 4.304 ;
; SW[11]     ; LEDR[11]    ; 4.105 ; 4.105 ; 4.105 ; 4.105 ;
; SW[11]     ; LEDR[12]    ; 4.421 ; 4.421 ; 4.421 ; 4.421 ;
; SW[11]     ; LEDR[13]    ; 4.162 ; 4.162 ; 4.162 ; 4.162 ;
; SW[11]     ; LEDR[14]    ; 4.274 ; 4.274 ; 4.274 ; 4.274 ;
; SW[11]     ; LEDR[15]    ; 4.250 ; 4.250 ; 4.250 ; 4.250 ;
; SW[11]     ; LEDR[16]    ; 4.412 ; 4.412 ; 4.412 ; 4.412 ;
; SW[12]     ; LEDR[8]     ; 4.139 ; 4.139 ; 4.139 ; 4.139 ;
; SW[12]     ; LEDR[9]     ; 4.063 ; 4.063 ; 4.063 ; 4.063 ;
; SW[12]     ; LEDR[10]    ; 4.195 ; 4.195 ; 4.195 ; 4.195 ;
; SW[12]     ; LEDR[11]    ; 4.620 ; 4.620 ; 4.620 ; 4.620 ;
; SW[12]     ; LEDR[12]    ; 4.363 ; 4.363 ; 4.363 ; 4.363 ;
; SW[12]     ; LEDR[13]    ; 4.109 ; 4.109 ; 4.109 ; 4.109 ;
; SW[12]     ; LEDR[14]    ; 4.165 ; 4.165 ; 4.165 ; 4.165 ;
; SW[12]     ; LEDR[15]    ; 4.196 ; 4.196 ; 4.196 ; 4.196 ;
; SW[12]     ; LEDR[16]    ; 4.303 ; 4.303 ; 4.303 ; 4.303 ;
; SW[13]     ; LEDR[8]     ; 6.956 ; 6.956 ; 6.956 ; 6.956 ;
; SW[13]     ; LEDR[9]     ; 6.502 ; 6.502 ; 6.502 ; 6.502 ;
; SW[13]     ; LEDR[10]    ; 6.432 ; 6.432 ; 6.432 ; 6.432 ;
; SW[13]     ; LEDR[11]    ; 6.726 ; 6.726 ; 6.726 ; 6.726 ;
; SW[13]     ; LEDR[12]    ; 6.853 ; 6.853 ; 6.853 ; 6.853 ;
; SW[13]     ; LEDR[13]    ; 6.951 ; 6.951 ; 6.951 ; 6.951 ;
; SW[13]     ; LEDR[14]    ; 6.734 ; 6.734 ; 6.734 ; 6.734 ;
; SW[13]     ; LEDR[15]    ; 6.677 ; 6.677 ; 6.677 ; 6.677 ;
; SW[13]     ; LEDR[16]    ; 6.634 ; 6.634 ; 6.634 ; 6.634 ;
; SW[14]     ; LEDR[8]     ; 6.951 ; 6.951 ; 6.951 ; 6.951 ;
; SW[14]     ; LEDR[9]     ; 7.128 ; 7.128 ; 7.128 ; 7.128 ;
; SW[14]     ; LEDR[10]    ; 6.611 ; 6.611 ; 6.611 ; 6.611 ;
; SW[14]     ; LEDR[11]    ; 6.433 ; 6.433 ; 6.433 ; 6.433 ;
; SW[14]     ; LEDR[12]    ; 6.926 ; 6.926 ; 6.926 ; 6.926 ;
; SW[14]     ; LEDR[13]    ; 7.004 ; 7.004 ; 7.004 ; 7.004 ;
; SW[14]     ; LEDR[14]    ; 6.907 ; 6.907 ; 6.907 ; 6.907 ;
; SW[14]     ; LEDR[15]    ; 6.733 ; 6.733 ; 6.733 ; 6.733 ;
; SW[14]     ; LEDR[16]    ; 6.733 ; 6.733 ; 6.733 ; 6.733 ;
; SW[15]     ; LEDR[8]     ; 6.344 ; 6.344 ; 6.344 ; 6.344 ;
; SW[15]     ; LEDR[9]     ; 6.520 ; 6.520 ; 6.520 ; 6.520 ;
; SW[15]     ; LEDR[10]    ; 6.657 ; 6.657 ; 6.657 ; 6.657 ;
; SW[15]     ; LEDR[11]    ; 6.459 ; 6.459 ; 6.459 ; 6.459 ;
; SW[15]     ; LEDR[12]    ; 6.679 ; 6.679 ; 6.679 ; 6.679 ;
; SW[15]     ; LEDR[13]    ; 6.429 ; 6.429 ; 6.429 ; 6.429 ;
; SW[15]     ; LEDR[14]    ; 6.411 ; 6.411 ; 6.411 ; 6.411 ;
; SW[15]     ; LEDR[15]    ; 6.514 ; 6.514 ; 6.514 ; 6.514 ;
; SW[15]     ; LEDR[16]    ; 6.677 ; 6.677 ; 6.677 ; 6.677 ;
+------------+-------------+-------+-------+-------+-------+


+----------------------------------------------------------------------------+
; Multicorner Timing Analysis Summary                                        ;
+------------------+-------+------+----------+---------+---------------------+
; Clock            ; Setup ; Hold ; Recovery ; Removal ; Minimum Pulse Width ;
+------------------+-------+------+----------+---------+---------------------+
; Worst-case Slack ; N/A   ; N/A  ; N/A      ; N/A     ; N/A                 ;
; Design-wide TNS  ; 0.0   ; 0.0  ; 0.0      ; 0.0     ; 0.0                 ;
+------------------+-------+------+----------+---------+---------------------+


+--------------------------------------------------------------+
; Progagation Delay                                            ;
+------------+-------------+--------+--------+--------+--------+
; Input Port ; Output Port ; RR     ; RF     ; FR     ; FF     ;
+------------+-------------+--------+--------+--------+--------+
; SW[0]      ; LEDR[0]     ; 5.897  ;        ;        ; 5.897  ;
; SW[0]      ; LEDR[8]     ; 10.310 ; 10.310 ; 10.310 ; 10.310 ;
; SW[0]      ; LEDR[9]     ; 10.722 ; 10.722 ; 10.722 ; 10.722 ;
; SW[0]      ; LEDR[10]    ; 10.342 ; 10.342 ; 10.342 ; 10.342 ;
; SW[0]      ; LEDR[11]    ; 10.592 ; 10.592 ; 10.592 ; 10.592 ;
; SW[0]      ; LEDR[12]    ; 9.748  ; 9.748  ; 9.748  ; 9.748  ;
; SW[0]      ; LEDR[13]    ; 10.264 ; 10.264 ; 10.264 ; 10.264 ;
; SW[0]      ; LEDR[14]    ; 10.039 ; 10.039 ; 10.039 ; 10.039 ;
; SW[0]      ; LEDR[15]    ; 10.316 ; 10.316 ; 10.316 ; 10.316 ;
; SW[0]      ; LEDR[16]    ; 10.715 ; 10.715 ; 10.715 ; 10.715 ;
; SW[1]      ; LEDR[1]     ; 5.976  ;        ;        ; 5.976  ;
; SW[1]      ; LEDR[8]     ; 10.590 ; 10.590 ; 10.590 ; 10.590 ;
; SW[1]      ; LEDR[9]     ; 11.002 ; 11.002 ; 11.002 ; 11.002 ;
; SW[1]      ; LEDR[10]    ; 10.628 ; 10.628 ; 10.628 ; 10.628 ;
; SW[1]      ; LEDR[11]    ; 10.878 ; 10.878 ; 10.878 ; 10.878 ;
; SW[1]      ; LEDR[12]    ; 11.345 ; 11.345 ; 11.345 ; 11.345 ;
; SW[1]      ; LEDR[13]    ; 11.837 ; 11.837 ; 11.837 ; 11.837 ;
; SW[1]      ; LEDR[14]    ; 11.612 ; 11.612 ; 11.612 ; 11.612 ;
; SW[1]      ; LEDR[15]    ; 11.889 ; 11.889 ; 11.889 ; 11.889 ;
; SW[1]      ; LEDR[16]    ; 12.288 ; 12.288 ; 12.288 ; 12.288 ;
; SW[2]      ; LEDR[2]     ; 5.135  ;        ;        ; 5.135  ;
; SW[2]      ; LEDR[8]     ; 10.171 ; 10.171 ; 10.171 ; 10.171 ;
; SW[2]      ; LEDR[9]     ; 10.575 ; 10.575 ; 10.575 ; 10.575 ;
; SW[2]      ; LEDR[10]    ; 10.134 ; 10.134 ; 10.134 ; 10.134 ;
; SW[2]      ; LEDR[11]    ; 10.384 ; 10.384 ; 10.384 ; 10.384 ;
; SW[2]      ; LEDR[12]    ; 10.364 ; 10.364 ; 10.364 ; 10.364 ;
; SW[2]      ; LEDR[13]    ; 10.856 ; 10.856 ; 10.856 ; 10.856 ;
; SW[2]      ; LEDR[14]    ; 10.631 ; 10.631 ; 10.631 ; 10.631 ;
; SW[2]      ; LEDR[15]    ; 10.908 ; 10.908 ; 10.908 ; 10.908 ;
; SW[2]      ; LEDR[16]    ; 11.307 ; 11.307 ; 11.307 ; 11.307 ;
; SW[3]      ; LEDR[3]     ; 5.425  ;        ;        ; 5.425  ;
; SW[3]      ; LEDR[8]     ; 9.031  ; 9.031  ; 9.031  ; 9.031  ;
; SW[3]      ; LEDR[9]     ; 9.435  ; 9.435  ; 9.435  ; 9.435  ;
; SW[3]      ; LEDR[10]    ; 8.994  ; 8.994  ; 8.994  ; 8.994  ;
; SW[3]      ; LEDR[11]    ; 9.244  ; 9.244  ; 9.244  ; 9.244  ;
; SW[3]      ; LEDR[12]    ; 8.943  ; 8.943  ; 8.943  ; 8.943  ;
; SW[3]      ; LEDR[13]    ; 9.536  ; 9.536  ; 9.536  ; 9.536  ;
; SW[3]      ; LEDR[14]    ; 9.311  ; 9.311  ; 9.311  ; 9.311  ;
; SW[3]      ; LEDR[15]    ; 9.588  ; 9.588  ; 9.588  ; 9.588  ;
; SW[3]      ; LEDR[16]    ; 9.987  ; 9.987  ; 9.987  ; 9.987  ;
; SW[4]      ; LEDR[4]     ; 5.280  ;        ;        ; 5.280  ;
; SW[4]      ; LEDR[8]     ; 9.061  ; 9.061  ; 9.061  ; 9.061  ;
; SW[4]      ; LEDR[9]     ; 9.473  ; 9.473  ; 9.473  ; 9.473  ;
; SW[4]      ; LEDR[10]    ; 9.093  ; 9.093  ; 9.093  ; 9.093  ;
; SW[4]      ; LEDR[11]    ; 9.343  ; 9.343  ; 9.343  ; 9.343  ;
; SW[4]      ; LEDR[12]    ; 8.486  ; 8.486  ; 8.486  ; 8.486  ;
; SW[4]      ; LEDR[13]    ; 9.016  ; 9.016  ; 9.016  ; 9.016  ;
; SW[4]      ; LEDR[14]    ; 8.791  ; 8.791  ; 8.791  ; 8.791  ;
; SW[4]      ; LEDR[15]    ; 9.068  ; 9.068  ; 9.068  ; 9.068  ;
; SW[4]      ; LEDR[16]    ; 9.467  ; 9.467  ; 9.467  ; 9.467  ;
; SW[5]      ; LEDR[5]     ; 5.702  ;        ;        ; 5.702  ;
; SW[5]      ; LEDR[8]     ; 9.004  ; 9.004  ; 9.004  ; 9.004  ;
; SW[5]      ; LEDR[9]     ; 9.416  ; 9.416  ; 9.416  ; 9.416  ;
; SW[5]      ; LEDR[10]    ; 9.042  ; 9.042  ; 9.042  ; 9.042  ;
; SW[5]      ; LEDR[11]    ; 9.292  ; 9.292  ; 9.292  ; 9.292  ;
; SW[5]      ; LEDR[12]    ; 9.734  ; 9.734  ; 9.734  ; 9.734  ;
; SW[5]      ; LEDR[13]    ; 10.226 ; 10.226 ; 10.226 ; 10.226 ;
; SW[5]      ; LEDR[14]    ; 10.001 ; 10.001 ; 10.001 ; 10.001 ;
; SW[5]      ; LEDR[15]    ; 10.278 ; 10.278 ; 10.278 ; 10.278 ;
; SW[5]      ; LEDR[16]    ; 10.677 ; 10.677 ; 10.677 ; 10.677 ;
; SW[6]      ; LEDR[6]     ; 5.338  ;        ;        ; 5.338  ;
; SW[6]      ; LEDR[8]     ; 8.958  ; 8.958  ; 8.958  ; 8.958  ;
; SW[6]      ; LEDR[9]     ; 9.362  ; 9.362  ; 9.362  ; 9.362  ;
; SW[6]      ; LEDR[10]    ; 8.921  ; 8.921  ; 8.921  ; 8.921  ;
; SW[6]      ; LEDR[11]    ; 9.171  ; 9.171  ; 9.171  ; 9.171  ;
; SW[6]      ; LEDR[12]    ; 8.976  ; 8.976  ; 8.976  ; 8.976  ;
; SW[6]      ; LEDR[13]    ; 9.468  ; 9.468  ; 9.468  ; 9.468  ;
; SW[6]      ; LEDR[14]    ; 9.243  ; 9.243  ; 9.243  ; 9.243  ;
; SW[6]      ; LEDR[15]    ; 9.520  ; 9.520  ; 9.520  ; 9.520  ;
; SW[6]      ; LEDR[16]    ; 9.919  ; 9.919  ; 9.919  ; 9.919  ;
; SW[7]      ; LEDR[7]     ; 6.300  ;        ;        ; 6.300  ;
; SW[7]      ; LEDR[8]     ; 10.441 ; 10.441 ; 10.441 ; 10.441 ;
; SW[7]      ; LEDR[9]     ; 10.845 ; 10.845 ; 10.845 ; 10.845 ;
; SW[7]      ; LEDR[10]    ; 10.404 ; 10.404 ; 10.404 ; 10.404 ;
; SW[7]      ; LEDR[11]    ; 10.654 ; 10.654 ; 10.654 ; 10.654 ;
; SW[7]      ; LEDR[12]    ; 10.355 ; 10.355 ; 10.355 ; 10.355 ;
; SW[7]      ; LEDR[13]    ; 10.948 ; 10.948 ; 10.948 ; 10.948 ;
; SW[7]      ; LEDR[14]    ; 10.723 ; 10.723 ; 10.723 ; 10.723 ;
; SW[7]      ; LEDR[15]    ; 11.000 ; 11.000 ; 11.000 ; 11.000 ;
; SW[7]      ; LEDR[16]    ; 11.399 ; 11.399 ; 11.399 ; 11.399 ;
; SW[8]      ; LEDR[8]     ; 10.701 ; 10.701 ; 10.701 ; 10.701 ;
; SW[8]      ; LEDR[9]     ; 11.113 ; 11.113 ; 11.113 ; 11.113 ;
; SW[8]      ; LEDR[10]    ; 10.733 ; 10.733 ; 10.733 ; 10.733 ;
; SW[8]      ; LEDR[11]    ; 10.983 ; 10.983 ; 10.983 ; 10.983 ;
; SW[8]      ; LEDR[12]    ; 10.153 ; 10.153 ; 10.153 ; 10.153 ;
; SW[8]      ; LEDR[13]    ; 10.545 ; 10.545 ; 10.545 ; 10.545 ;
; SW[8]      ; LEDR[14]    ; 10.320 ; 10.320 ; 10.320 ; 10.320 ;
; SW[8]      ; LEDR[15]    ; 10.597 ; 10.597 ; 10.597 ; 10.597 ;
; SW[8]      ; LEDR[16]    ; 10.996 ; 10.996 ; 10.996 ; 10.996 ;
; SW[9]      ; LEDR[8]     ; 10.654 ; 10.654 ; 10.654 ; 10.654 ;
; SW[9]      ; LEDR[9]     ; 11.066 ; 11.066 ; 11.066 ; 11.066 ;
; SW[9]      ; LEDR[10]    ; 10.692 ; 10.692 ; 10.692 ; 10.692 ;
; SW[9]      ; LEDR[11]    ; 10.942 ; 10.942 ; 10.942 ; 10.942 ;
; SW[9]      ; LEDR[12]    ; 11.408 ; 11.408 ; 11.408 ; 11.408 ;
; SW[9]      ; LEDR[13]    ; 11.900 ; 11.900 ; 11.900 ; 11.900 ;
; SW[9]      ; LEDR[14]    ; 11.675 ; 11.675 ; 11.675 ; 11.675 ;
; SW[9]      ; LEDR[15]    ; 11.952 ; 11.952 ; 11.952 ; 11.952 ;
; SW[9]      ; LEDR[16]    ; 12.351 ; 12.351 ; 12.351 ; 12.351 ;
; SW[10]     ; LEDR[8]     ; 10.150 ; 10.150 ; 10.150 ; 10.150 ;
; SW[10]     ; LEDR[9]     ; 10.554 ; 10.554 ; 10.554 ; 10.554 ;
; SW[10]     ; LEDR[10]    ; 10.113 ; 10.113 ; 10.113 ; 10.113 ;
; SW[10]     ; LEDR[11]    ; 10.363 ; 10.363 ; 10.363 ; 10.363 ;
; SW[10]     ; LEDR[12]    ; 9.929  ; 9.929  ; 9.929  ; 9.929  ;
; SW[10]     ; LEDR[13]    ; 10.421 ; 10.421 ; 10.421 ; 10.421 ;
; SW[10]     ; LEDR[14]    ; 10.196 ; 10.196 ; 10.196 ; 10.196 ;
; SW[10]     ; LEDR[15]    ; 10.473 ; 10.473 ; 10.473 ; 10.473 ;
; SW[10]     ; LEDR[16]    ; 10.872 ; 10.872 ; 10.872 ; 10.872 ;
; SW[11]     ; LEDR[8]     ; 9.929  ; 9.929  ; 9.929  ; 9.929  ;
; SW[11]     ; LEDR[9]     ; 10.333 ; 10.333 ; 10.333 ; 10.333 ;
; SW[11]     ; LEDR[10]    ; 9.892  ; 9.892  ; 9.892  ; 9.892  ;
; SW[11]     ; LEDR[11]    ; 10.142 ; 10.142 ; 10.142 ; 10.142 ;
; SW[11]     ; LEDR[12]    ; 9.842  ; 9.842  ; 9.842  ; 9.842  ;
; SW[11]     ; LEDR[13]    ; 10.435 ; 10.435 ; 10.435 ; 10.435 ;
; SW[11]     ; LEDR[14]    ; 10.210 ; 10.210 ; 10.210 ; 10.210 ;
; SW[11]     ; LEDR[15]    ; 10.487 ; 10.487 ; 10.487 ; 10.487 ;
; SW[11]     ; LEDR[16]    ; 10.886 ; 10.886 ; 10.886 ; 10.886 ;
; SW[12]     ; LEDR[8]     ; 9.213  ; 9.213  ; 9.213  ; 9.213  ;
; SW[12]     ; LEDR[9]     ; 9.617  ; 9.617  ; 9.617  ; 9.617  ;
; SW[12]     ; LEDR[10]    ; 9.176  ; 9.176  ; 9.176  ; 9.176  ;
; SW[12]     ; LEDR[11]    ; 9.426  ; 9.426  ; 9.426  ; 9.426  ;
; SW[12]     ; LEDR[12]    ; 8.943  ; 8.943  ; 8.943  ; 8.943  ;
; SW[12]     ; LEDR[13]    ; 9.536  ; 9.536  ; 9.536  ; 9.536  ;
; SW[12]     ; LEDR[14]    ; 9.311  ; 9.311  ; 9.311  ; 9.311  ;
; SW[12]     ; LEDR[15]    ; 9.588  ; 9.588  ; 9.588  ; 9.588  ;
; SW[12]     ; LEDR[16]    ; 9.987  ; 9.987  ; 9.987  ; 9.987  ;
; SW[13]     ; LEDR[8]     ; 13.334 ; 13.334 ; 13.334 ; 13.334 ;
; SW[13]     ; LEDR[9]     ; 13.746 ; 13.746 ; 13.746 ; 13.746 ;
; SW[13]     ; LEDR[10]    ; 13.366 ; 13.366 ; 13.366 ; 13.366 ;
; SW[13]     ; LEDR[11]    ; 13.616 ; 13.616 ; 13.616 ; 13.616 ;
; SW[13]     ; LEDR[12]    ; 12.818 ; 12.818 ; 12.818 ; 12.818 ;
; SW[13]     ; LEDR[13]    ; 13.437 ; 13.437 ; 13.437 ; 13.437 ;
; SW[13]     ; LEDR[14]    ; 13.212 ; 13.212 ; 13.212 ; 13.212 ;
; SW[13]     ; LEDR[15]    ; 13.489 ; 13.489 ; 13.489 ; 13.489 ;
; SW[13]     ; LEDR[16]    ; 13.888 ; 13.888 ; 13.888 ; 13.888 ;
; SW[14]     ; LEDR[8]     ; 13.484 ; 13.484 ; 13.484 ; 13.484 ;
; SW[14]     ; LEDR[9]     ; 13.896 ; 13.896 ; 13.896 ; 13.896 ;
; SW[14]     ; LEDR[10]    ; 13.522 ; 13.522 ; 13.522 ; 13.522 ;
; SW[14]     ; LEDR[11]    ; 13.772 ; 13.772 ; 13.772 ; 13.772 ;
; SW[14]     ; LEDR[12]    ; 14.244 ; 14.244 ; 14.244 ; 14.244 ;
; SW[14]     ; LEDR[13]    ; 14.736 ; 14.736 ; 14.736 ; 14.736 ;
; SW[14]     ; LEDR[14]    ; 14.511 ; 14.511 ; 14.511 ; 14.511 ;
; SW[14]     ; LEDR[15]    ; 14.788 ; 14.788 ; 14.788 ; 14.788 ;
; SW[14]     ; LEDR[16]    ; 15.187 ; 15.187 ; 15.187 ; 15.187 ;
; SW[15]     ; LEDR[8]     ; 13.164 ; 13.164 ; 13.164 ; 13.164 ;
; SW[15]     ; LEDR[9]     ; 13.568 ; 13.568 ; 13.568 ; 13.568 ;
; SW[15]     ; LEDR[10]    ; 13.127 ; 13.127 ; 13.127 ; 13.127 ;
; SW[15]     ; LEDR[11]    ; 13.377 ; 13.377 ; 13.377 ; 13.377 ;
; SW[15]     ; LEDR[12]    ; 12.627 ; 12.627 ; 12.627 ; 12.627 ;
; SW[15]     ; LEDR[13]    ; 13.272 ; 13.272 ; 13.272 ; 13.272 ;
; SW[15]     ; LEDR[14]    ; 13.047 ; 13.047 ; 13.047 ; 13.047 ;
; SW[15]     ; LEDR[15]    ; 13.324 ; 13.324 ; 13.324 ; 13.324 ;
; SW[15]     ; LEDR[16]    ; 13.723 ; 13.723 ; 13.723 ; 13.723 ;
+------------+-------------+--------+--------+--------+--------+


+----------------------------------------------------------+
; Minimum Progagation Delay                                ;
+------------+-------------+-------+-------+-------+-------+
; Input Port ; Output Port ; RR    ; RF    ; FR    ; FF    ;
+------------+-------------+-------+-------+-------+-------+
; SW[0]      ; LEDR[0]     ; 3.182 ;       ;       ; 3.182 ;
; SW[0]      ; LEDR[8]     ; 4.414 ; 4.414 ; 4.414 ; 4.414 ;
; SW[0]      ; LEDR[9]     ; 4.340 ; 4.340 ; 4.340 ; 4.340 ;
; SW[0]      ; LEDR[10]    ; 4.449 ; 4.449 ; 4.449 ; 4.449 ;
; SW[0]      ; LEDR[11]    ; 4.743 ; 4.743 ; 4.743 ; 4.743 ;
; SW[0]      ; LEDR[12]    ; 4.721 ; 4.721 ; 4.721 ; 4.721 ;
; SW[0]      ; LEDR[13]    ; 4.467 ; 4.467 ; 4.467 ; 4.467 ;
; SW[0]      ; LEDR[14]    ; 4.523 ; 4.523 ; 4.523 ; 4.523 ;
; SW[0]      ; LEDR[15]    ; 4.554 ; 4.554 ; 4.554 ; 4.554 ;
; SW[0]      ; LEDR[16]    ; 4.603 ; 4.603 ; 4.603 ; 4.603 ;
; SW[1]      ; LEDR[1]     ; 3.236 ;       ;       ; 3.236 ;
; SW[1]      ; LEDR[8]     ; 5.067 ; 5.067 ; 5.067 ; 5.067 ;
; SW[1]      ; LEDR[9]     ; 4.650 ; 4.650 ; 4.650 ; 4.650 ;
; SW[1]      ; LEDR[10]    ; 4.580 ; 4.580 ; 4.580 ; 4.580 ;
; SW[1]      ; LEDR[11]    ; 4.717 ; 4.717 ; 4.717 ; 4.717 ;
; SW[1]      ; LEDR[12]    ; 4.880 ; 4.880 ; 4.880 ; 4.880 ;
; SW[1]      ; LEDR[13]    ; 4.978 ; 4.978 ; 4.978 ; 4.978 ;
; SW[1]      ; LEDR[14]    ; 4.761 ; 4.761 ; 4.761 ; 4.761 ;
; SW[1]      ; LEDR[15]    ; 4.713 ; 4.713 ; 4.713 ; 4.713 ;
; SW[1]      ; LEDR[16]    ; 4.731 ; 4.731 ; 4.731 ; 4.731 ;
; SW[2]      ; LEDR[2]     ; 2.794 ;       ;       ; 2.794 ;
; SW[2]      ; LEDR[8]     ; 4.344 ; 4.344 ; 4.344 ; 4.344 ;
; SW[2]      ; LEDR[9]     ; 4.520 ; 4.520 ; 4.520 ; 4.520 ;
; SW[2]      ; LEDR[10]    ; 4.209 ; 4.209 ; 4.209 ; 4.209 ;
; SW[2]      ; LEDR[11]    ; 4.196 ; 4.196 ; 4.196 ; 4.196 ;
; SW[2]      ; LEDR[12]    ; 4.524 ; 4.524 ; 4.524 ; 4.524 ;
; SW[2]      ; LEDR[13]    ; 4.449 ; 4.449 ; 4.449 ; 4.449 ;
; SW[2]      ; LEDR[14]    ; 4.431 ; 4.431 ; 4.431 ; 4.431 ;
; SW[2]      ; LEDR[15]    ; 4.331 ; 4.331 ; 4.331 ; 4.331 ;
; SW[2]      ; LEDR[16]    ; 4.331 ; 4.331 ; 4.331 ; 4.331 ;
; SW[3]      ; LEDR[3]     ; 2.915 ;       ;       ; 2.915 ;
; SW[3]      ; LEDR[8]     ; 3.640 ; 3.640 ; 3.640 ; 3.640 ;
; SW[3]      ; LEDR[9]     ; 3.816 ; 3.816 ; 3.816 ; 3.816 ;
; SW[3]      ; LEDR[10]    ; 3.953 ; 3.953 ; 3.953 ; 3.953 ;
; SW[3]      ; LEDR[11]    ; 3.754 ; 3.754 ; 3.754 ; 3.754 ;
; SW[3]      ; LEDR[12]    ; 4.033 ; 4.033 ; 4.033 ; 4.033 ;
; SW[3]      ; LEDR[13]    ; 3.783 ; 3.783 ; 3.783 ; 3.783 ;
; SW[3]      ; LEDR[14]    ; 3.765 ; 3.765 ; 3.765 ; 3.765 ;
; SW[3]      ; LEDR[15]    ; 3.868 ; 3.868 ; 3.868 ; 3.868 ;
; SW[3]      ; LEDR[16]    ; 4.031 ; 4.031 ; 4.031 ; 4.031 ;
; SW[4]      ; LEDR[4]     ; 2.842 ;       ;       ; 2.842 ;
; SW[4]      ; LEDR[8]     ; 3.734 ; 3.734 ; 3.734 ; 3.734 ;
; SW[4]      ; LEDR[9]     ; 3.660 ; 3.660 ; 3.660 ; 3.660 ;
; SW[4]      ; LEDR[10]    ; 3.769 ; 3.769 ; 3.769 ; 3.769 ;
; SW[4]      ; LEDR[11]    ; 4.063 ; 4.063 ; 4.063 ; 4.063 ;
; SW[4]      ; LEDR[12]    ; 4.041 ; 4.041 ; 4.041 ; 4.041 ;
; SW[4]      ; LEDR[13]    ; 3.787 ; 3.787 ; 3.787 ; 3.787 ;
; SW[4]      ; LEDR[14]    ; 3.843 ; 3.843 ; 3.843 ; 3.843 ;
; SW[4]      ; LEDR[15]    ; 3.874 ; 3.874 ; 3.874 ; 3.874 ;
; SW[4]      ; LEDR[16]    ; 3.934 ; 3.934 ; 3.934 ; 3.934 ;
; SW[5]      ; LEDR[5]     ; 3.060 ;       ;       ; 3.060 ;
; SW[5]      ; LEDR[8]     ; 4.188 ; 4.188 ; 4.188 ; 4.188 ;
; SW[5]      ; LEDR[9]     ; 3.764 ; 3.764 ; 3.764 ; 3.764 ;
; SW[5]      ; LEDR[10]    ; 3.694 ; 3.694 ; 3.694 ; 3.694 ;
; SW[5]      ; LEDR[11]    ; 3.838 ; 3.838 ; 3.838 ; 3.838 ;
; SW[5]      ; LEDR[12]    ; 3.997 ; 3.997 ; 3.997 ; 3.997 ;
; SW[5]      ; LEDR[13]    ; 4.095 ; 4.095 ; 4.095 ; 4.095 ;
; SW[5]      ; LEDR[14]    ; 3.878 ; 3.878 ; 3.878 ; 3.878 ;
; SW[5]      ; LEDR[15]    ; 3.830 ; 3.830 ; 3.830 ; 3.830 ;
; SW[5]      ; LEDR[16]    ; 3.848 ; 3.848 ; 3.848 ; 3.848 ;
; SW[6]      ; LEDR[6]     ; 2.870 ;       ;       ; 2.870 ;
; SW[6]      ; LEDR[8]     ; 3.680 ; 3.680 ; 3.680 ; 3.680 ;
; SW[6]      ; LEDR[9]     ; 3.856 ; 3.856 ; 3.856 ; 3.856 ;
; SW[6]      ; LEDR[10]    ; 3.465 ; 3.465 ; 3.465 ; 3.465 ;
; SW[6]      ; LEDR[11]    ; 3.452 ; 3.452 ; 3.452 ; 3.452 ;
; SW[6]      ; LEDR[12]    ; 3.780 ; 3.780 ; 3.780 ; 3.780 ;
; SW[6]      ; LEDR[13]    ; 3.785 ; 3.785 ; 3.785 ; 3.785 ;
; SW[6]      ; LEDR[14]    ; 3.761 ; 3.761 ; 3.761 ; 3.761 ;
; SW[6]      ; LEDR[15]    ; 3.587 ; 3.587 ; 3.587 ; 3.587 ;
; SW[6]      ; LEDR[16]    ; 3.587 ; 3.587 ; 3.587 ; 3.587 ;
; SW[7]      ; LEDR[7]     ; 3.448 ;       ;       ; 3.448 ;
; SW[7]      ; LEDR[8]     ; 4.564 ; 4.564 ; 4.564 ; 4.564 ;
; SW[7]      ; LEDR[9]     ; 4.715 ; 4.715 ; 4.715 ; 4.715 ;
; SW[7]      ; LEDR[10]    ; 4.845 ; 4.845 ; 4.845 ; 4.845 ;
; SW[7]      ; LEDR[11]    ; 4.678 ; 4.678 ; 4.678 ; 4.678 ;
; SW[7]      ; LEDR[12]    ; 4.889 ; 4.889 ; 4.889 ; 4.889 ;
; SW[7]      ; LEDR[13]    ; 4.639 ; 4.639 ; 4.639 ; 4.639 ;
; SW[7]      ; LEDR[14]    ; 4.621 ; 4.621 ; 4.621 ; 4.621 ;
; SW[7]      ; LEDR[15]    ; 4.724 ; 4.724 ; 4.724 ; 4.724 ;
; SW[7]      ; LEDR[16]    ; 4.887 ; 4.887 ; 4.887 ; 4.887 ;
; SW[8]      ; LEDR[8]     ; 4.467 ; 4.467 ; 4.467 ; 4.467 ;
; SW[8]      ; LEDR[9]     ; 4.394 ; 4.394 ; 4.394 ; 4.394 ;
; SW[8]      ; LEDR[10]    ; 4.523 ; 4.523 ; 4.523 ; 4.523 ;
; SW[8]      ; LEDR[11]    ; 4.948 ; 4.948 ; 4.948 ; 4.948 ;
; SW[8]      ; LEDR[12]    ; 4.843 ; 4.843 ; 4.843 ; 4.843 ;
; SW[8]      ; LEDR[13]    ; 4.589 ; 4.589 ; 4.589 ; 4.589 ;
; SW[8]      ; LEDR[14]    ; 4.645 ; 4.645 ; 4.645 ; 4.645 ;
; SW[8]      ; LEDR[15]    ; 4.676 ; 4.676 ; 4.676 ; 4.676 ;
; SW[8]      ; LEDR[16]    ; 4.786 ; 4.786 ; 4.786 ; 4.786 ;
; SW[9]      ; LEDR[8]     ; 5.028 ; 5.028 ; 5.028 ; 5.028 ;
; SW[9]      ; LEDR[9]     ; 4.574 ; 4.574 ; 4.574 ; 4.574 ;
; SW[9]      ; LEDR[10]    ; 4.504 ; 4.504 ; 4.504 ; 4.504 ;
; SW[9]      ; LEDR[11]    ; 4.798 ; 4.798 ; 4.798 ; 4.798 ;
; SW[9]      ; LEDR[12]    ; 4.952 ; 4.952 ; 4.952 ; 4.952 ;
; SW[9]      ; LEDR[13]    ; 5.026 ; 5.026 ; 5.026 ; 5.026 ;
; SW[9]      ; LEDR[14]    ; 4.839 ; 4.839 ; 4.839 ; 4.839 ;
; SW[9]      ; LEDR[15]    ; 4.744 ; 4.744 ; 4.744 ; 4.744 ;
; SW[9]      ; LEDR[16]    ; 4.701 ; 4.701 ; 4.701 ; 4.701 ;
; SW[10]     ; LEDR[8]     ; 4.355 ; 4.355 ; 4.355 ; 4.355 ;
; SW[10]     ; LEDR[9]     ; 4.531 ; 4.531 ; 4.531 ; 4.531 ;
; SW[10]     ; LEDR[10]    ; 4.039 ; 4.039 ; 4.039 ; 4.039 ;
; SW[10]     ; LEDR[11]    ; 4.026 ; 4.026 ; 4.026 ; 4.026 ;
; SW[10]     ; LEDR[12]    ; 4.353 ; 4.353 ; 4.353 ; 4.353 ;
; SW[10]     ; LEDR[13]    ; 4.431 ; 4.431 ; 4.431 ; 4.431 ;
; SW[10]     ; LEDR[14]    ; 4.334 ; 4.334 ; 4.334 ; 4.334 ;
; SW[10]     ; LEDR[15]    ; 4.160 ; 4.160 ; 4.160 ; 4.160 ;
; SW[10]     ; LEDR[16]    ; 4.160 ; 4.160 ; 4.160 ; 4.160 ;
; SW[11]     ; LEDR[8]     ; 3.991 ; 3.991 ; 3.991 ; 3.991 ;
; SW[11]     ; LEDR[9]     ; 4.167 ; 4.167 ; 4.167 ; 4.167 ;
; SW[11]     ; LEDR[10]    ; 4.304 ; 4.304 ; 4.304 ; 4.304 ;
; SW[11]     ; LEDR[11]    ; 4.105 ; 4.105 ; 4.105 ; 4.105 ;
; SW[11]     ; LEDR[12]    ; 4.421 ; 4.421 ; 4.421 ; 4.421 ;
; SW[11]     ; LEDR[13]    ; 4.162 ; 4.162 ; 4.162 ; 4.162 ;
; SW[11]     ; LEDR[14]    ; 4.274 ; 4.274 ; 4.274 ; 4.274 ;
; SW[11]     ; LEDR[15]    ; 4.250 ; 4.250 ; 4.250 ; 4.250 ;
; SW[11]     ; LEDR[16]    ; 4.412 ; 4.412 ; 4.412 ; 4.412 ;
; SW[12]     ; LEDR[8]     ; 4.139 ; 4.139 ; 4.139 ; 4.139 ;
; SW[12]     ; LEDR[9]     ; 4.063 ; 4.063 ; 4.063 ; 4.063 ;
; SW[12]     ; LEDR[10]    ; 4.195 ; 4.195 ; 4.195 ; 4.195 ;
; SW[12]     ; LEDR[11]    ; 4.620 ; 4.620 ; 4.620 ; 4.620 ;
; SW[12]     ; LEDR[12]    ; 4.363 ; 4.363 ; 4.363 ; 4.363 ;
; SW[12]     ; LEDR[13]    ; 4.109 ; 4.109 ; 4.109 ; 4.109 ;
; SW[12]     ; LEDR[14]    ; 4.165 ; 4.165 ; 4.165 ; 4.165 ;
; SW[12]     ; LEDR[15]    ; 4.196 ; 4.196 ; 4.196 ; 4.196 ;
; SW[12]     ; LEDR[16]    ; 4.303 ; 4.303 ; 4.303 ; 4.303 ;
; SW[13]     ; LEDR[8]     ; 6.956 ; 6.956 ; 6.956 ; 6.956 ;
; SW[13]     ; LEDR[9]     ; 6.502 ; 6.502 ; 6.502 ; 6.502 ;
; SW[13]     ; LEDR[10]    ; 6.432 ; 6.432 ; 6.432 ; 6.432 ;
; SW[13]     ; LEDR[11]    ; 6.726 ; 6.726 ; 6.726 ; 6.726 ;
; SW[13]     ; LEDR[12]    ; 6.853 ; 6.853 ; 6.853 ; 6.853 ;
; SW[13]     ; LEDR[13]    ; 6.951 ; 6.951 ; 6.951 ; 6.951 ;
; SW[13]     ; LEDR[14]    ; 6.734 ; 6.734 ; 6.734 ; 6.734 ;
; SW[13]     ; LEDR[15]    ; 6.677 ; 6.677 ; 6.677 ; 6.677 ;
; SW[13]     ; LEDR[16]    ; 6.634 ; 6.634 ; 6.634 ; 6.634 ;
; SW[14]     ; LEDR[8]     ; 6.951 ; 6.951 ; 6.951 ; 6.951 ;
; SW[14]     ; LEDR[9]     ; 7.128 ; 7.128 ; 7.128 ; 7.128 ;
; SW[14]     ; LEDR[10]    ; 6.611 ; 6.611 ; 6.611 ; 6.611 ;
; SW[14]     ; LEDR[11]    ; 6.433 ; 6.433 ; 6.433 ; 6.433 ;
; SW[14]     ; LEDR[12]    ; 6.926 ; 6.926 ; 6.926 ; 6.926 ;
; SW[14]     ; LEDR[13]    ; 7.004 ; 7.004 ; 7.004 ; 7.004 ;
; SW[14]     ; LEDR[14]    ; 6.907 ; 6.907 ; 6.907 ; 6.907 ;
; SW[14]     ; LEDR[15]    ; 6.733 ; 6.733 ; 6.733 ; 6.733 ;
; SW[14]     ; LEDR[16]    ; 6.733 ; 6.733 ; 6.733 ; 6.733 ;
; SW[15]     ; LEDR[8]     ; 6.344 ; 6.344 ; 6.344 ; 6.344 ;
; SW[15]     ; LEDR[9]     ; 6.520 ; 6.520 ; 6.520 ; 6.520 ;
; SW[15]     ; LEDR[10]    ; 6.657 ; 6.657 ; 6.657 ; 6.657 ;
; SW[15]     ; LEDR[11]    ; 6.459 ; 6.459 ; 6.459 ; 6.459 ;
; SW[15]     ; LEDR[12]    ; 6.679 ; 6.679 ; 6.679 ; 6.679 ;
; SW[15]     ; LEDR[13]    ; 6.429 ; 6.429 ; 6.429 ; 6.429 ;
; SW[15]     ; LEDR[14]    ; 6.411 ; 6.411 ; 6.411 ; 6.411 ;
; SW[15]     ; LEDR[15]    ; 6.514 ; 6.514 ; 6.514 ; 6.514 ;
; SW[15]     ; LEDR[16]    ; 6.677 ; 6.677 ; 6.677 ; 6.677 ;
+------------+-------------+-------+-------+-------+-------+


-------------------
; Clock Transfers ;
-------------------
Nothing to report.


---------------
; Report TCCS ;
---------------
No dedicated SERDES Transmitter circuitry present in device or used in design


---------------
; Report RSKM ;
---------------
No dedicated SERDES Receiver circuitry present in device or used in design


+------------------------------------------------+
; Unconstrained Paths                            ;
+---------------------------------+-------+------+
; Property                        ; Setup ; Hold ;
+---------------------------------+-------+------+
; Illegal Clocks                  ; 0     ; 0    ;
; Unconstrained Clocks            ; 0     ; 0    ;
; Unconstrained Input Ports       ; 16    ; 16   ;
; Unconstrained Input Port Paths  ; 152   ; 152  ;
; Unconstrained Output Ports      ; 17    ; 17   ;
; Unconstrained Output Port Paths ; 152   ; 152  ;
+---------------------------------+-------+------+


+------------------------------------+
; TimeQuest Timing Analyzer Messages ;
+------------------------------------+
Info: *******************************************************************
Info: Running Quartus II 64-Bit TimeQuest Timing Analyzer
    Info: Version 13.0.1 Build 232 06/12/2013 Service Pack 1 SJ Full Version
    Info: Processing started: Wed Sep 04 15:12:38 2019
Info: Command: quartus_sta traditionalSystem_BinToRNS -c traditionalSystem_BinToRNS
Info: qsta_default_script.tcl version: #1
Info (20030): Parallel compilation is enabled and will use 6 of the 6 processors detected
Info (21077): Low junction temperature is 0 degrees C
Info (21077): High junction temperature is 85 degrees C
Critical Warning (332012): Synopsys Design Constraints File file not found: 'traditionalSystem_BinToRNS.sdc'. A Synopsys Design Constraints File is required by the TimeQuest Timing Analyzer to get proper timing constraints. Without it, the Compiler will not properly optimize the design.
Info (332142): No user constrained base clocks found in the design. Calling "derive_clocks -period 1.0"
Info (332096): The command derive_clocks did not find any clocks to derive.  No clocks were created or changed.
Warning (332068): No clocks defined in design.
Info: Found TIMEQUEST_REPORT_SCRIPT_INCLUDE_DEFAULT_ANALYSIS = ON
Info (332159): No clocks to report
Info: Analyzing Slow Model
Info (332140): No fmax paths to report
Info (332140): No Setup paths to report
Info (332140): No Hold paths to report
Info (332140): No Recovery paths to report
Info (332140): No Removal paths to report
Info (332140): No Minimum Pulse Width paths to report
Info (332001): The selected device family is not supported by the report_metastability command.
Info: Analyzing Fast Model
Info (332142): No user constrained base clocks found in the design. Calling "derive_clocks -period 1.0"
Info (332096): The command derive_clocks did not find any clocks to derive.  No clocks were created or changed.
Warning (332068): No clocks defined in design.
Info (332140): No Setup paths to report
Info (332140): No Hold paths to report
Info (332140): No Recovery paths to report
Info (332140): No Removal paths to report
Info (332140): No Minimum Pulse Width paths to report
Info (332001): The selected device family is not supported by the report_metastability command.
Info (332102): Design is not fully constrained for setup requirements
Info (332102): Design is not fully constrained for hold requirements
Info: Quartus II 64-Bit TimeQuest Timing Analyzer was successful. 0 errors, 3 warnings
    Info: Peak virtual memory: 4592 megabytes
    Info: Processing ended: Wed Sep 04 15:12:39 2019
    Info: Elapsed time: 00:00:01
    Info: Total CPU time (on all processors): 00:00:01


