============================================================
  Generated by:           Genus(TM) Synthesis Solution 16.24-s065_1
  Generated on:           Nov 21 2019  06:41:02 pm
  Module:                 DivideConquer_2b_C1
  Technology libraries:   PnomV180T025_STD_CELL_7RF 
                          physical_cells 
  Operating conditions:   _nominal_ 
  Interconnect mode:      global
  Area mode:              physical library
============================================================

               Pin                        Type      Fanout Load Slew Delay Arrival   
                                                           (fF) (ps)  (ps)   (ps)    
-------------------------------------------------------------------------------------
(clock clk)                              launch                                  0 R 
(DivideConquer_2b_C1._line_11_19_1)      ext delay                    +100     100 F 
X[0]                                     in port         8 95.8    0    +0     100 F 
converter.mult1_g2025__5927/B                                           +0     100   
converter.mult1_g2025__5927/Z            NAND2_F         3 39.7  114   +80     180 R 
converter.mult1_g2008__1377/A2                                          +0     180   
converter.mult1_g2008__1377/Z            OAI21_C         4 64.1  284  +176     356 F 
converter.mult1_g1981__1237/A                                           +0     356   
converter.mult1_g1981__1237/Z            NAND2_F         2 32.0  158  +123     479 R 
converter.mult1_g1971__7837/A                                           +0     479   
converter.mult1_g1971__7837/Z            NAND2_F         1 18.2   74   +47     526 F 
converter.mult1_g1955__7547/B                                           +0     526   
converter.mult1_g1955__7547/Z            XOR2_C          2 29.0  161  +146     672 F 
converter.mult1_g1936__9771/A1                                          +0     672   
converter.mult1_g1936__9771/Z            OA21_I          1 17.0   59  +138     810 F 
converter.mult1_g1927__9867/A1                                          +0     810   
converter.mult1_g1927__9867/Z            AOI22_C         1 20.6  158   +87     897 R 
converter.mult1_g1920__2007/B                                           +0     897   
converter.mult1_g1920__2007/Z            XNOR2_C         1 18.2  144  +120    1017 F 
converter.mult1_g1916__1377/B                                           +0    1017   
converter.mult1_g1916__1377/Z            XOR2_C          4 57.1  287  +216    1233 F 
converter.mult1_g1911__6179/B                                           +0    1233   
converter.mult1_g1911__6179/Z            XOR2_C          2 31.3  260  +211    1444 R 
converter.mult1_g1907__2005/A1                                          +0    1444   
converter.mult1_g1907__2005/Z            AOI22_C         2 27.3  225  +114    1559 F 
converter.mult1_g1905__2001/A1                                          +0    1559   
converter.mult1_g1905__2001/Z            OAI22_B         2 31.3  429  +227    1786 R 
converter.mult1_g1903__6789/A1                                          +0    1786   
converter.mult1_g1903__6789/Z            AOI22_C         2 27.3  225  +129    1915 F 
converter.mult1_g1901__9719/A1                                          +0    1915   
converter.mult1_g1901__9719/Z            OAI22_B         2 31.3  396  +227    2142 R 
converter.mult1_g1899__9867/A1                                          +0    2142   
converter.mult1_g1899__9867/Z            AOI22_C         2 27.3  200  +127    2269 F 
converter.mult1_g1897__7547/A1                                          +0    2269   
converter.mult1_g1897__7547/Z            OAI22_B         2 31.3  388  +220    2489 R 
converter.mult1_g1896__2833/B                                           +0    2489   
converter.mult1_g1896__2833/Z            XOR2_C          2 33.5  281  +166    2656 R 
g2060/B                                                                 +0    2656   
g2060/COUT                               ADDF_E          1 19.8  108  +284    2939 R 
g2059/CIN                                                               +0    2939   
g2059/SUM                                ADDF_E          1 10.8   75  +146    3085 F 
g2058/A                                                                 +0    3085   
g2058/Z                                  INVERT_A        2 28.4  592  +313    3399 R 
g1741__7547/B                                                           +0    3399   
g1741__7547/Z                            XOR2_C          2 25.8  245  +162    3561 R 
g1734__4599/A2                                                          +0    3561   
g1734__4599/Z                            OAI22_B         2 30.7  342  +199    3760 F 
g1729__7557/A1                                                          +0    3760   
g1729__7557/Z                            AOI22_C         2 27.9  233  +160    3920 R 
g1724__9771/A1                                                          +0    3920   
g1724__9771/Z                            OAI22_B         2 30.7  342  +186    4107 F 
g1719__6789/A1                                                          +0    4107   
g1719__6789/Z                            AOI22_C         2 27.9  228  +160    4267 R 
g1714__7765/A1                                                          +0    4267   
g1714__7765/Z                            OAI22_B         2 30.7  342  +185    4452 F 
g1710__1297/A1                                                          +0    4452   
g1710__1297/Z                            AOI22_C         2 34.3  254  +177    4630 R 
g1707__2007/A                                                           +0    4630   
g1707__2007/Z                            NOR2_E          2 30.3  245  +101    4730 F 
g1699__7837/A2                                                          +0    4730   
g1699__7837/Z                            AOI22_C         2 27.9  213  +150    4880 R 
g1694__2005/A1                                                          +0    4880   
g1694__2005/Z                            OAI22_B         2 30.3  291  +181    5061 F 
g1689__1591/A2                                                          +0    5061   
g1689__1591/Z                            AOI22_C         2 27.9  224  +160    5221 R 
g1684__7547/A1                                                          +0    5221   
g1684__7547/Z                            OAI22_B         2 30.3  339  +183    5404 F 
g1679__2007/A2                                                          +0    5404   
g1679__2007/Z                            AOI22_C         2 27.9  235  +169    5573 R 
g1674__8867/A1                                                          +0    5573   
g1674__8867/Z                            OAI22_B         2 30.3  339  +186    5759 F 
g1669__1279/A2                                                          +0    5759   
g1669__1279/Z                            AOI22_C         2 27.9  235  +169    5928 R 
g1665__1122/A1                                                          +0    5928   
g1665__1122/Z                            OAI22_B         2 30.3  339  +186    6114 F 
g1662__6789/A2                                                          +0    6114   
g1662__6789/Z                            AOI22_C         2 27.9  235  +169    6283 R 
g1660__9719/A1                                                          +0    6283   
g1660__9719/Z                            OAI22_B         2 32.0  301  +192    6474 F 
g1658__9867/A1                                                          +0    6474   
g1658__9867/Z                            AO22_H          2 32.0   70  +148    6622 F 
g1656__7547/A1                                                          +0    6622   
g1656__7547/Z                            AO22_H          2 32.0   70  +108    6730 F 
g1654__2006/A1                                                          +0    6730   
g1654__2006/Z                            AO22_H          2 32.0   68  +108    6837 F 
g1652__1237/A1                                                          +0    6837   
g1652__1237/Z                            AO22_H          2 32.0   68  +107    6945 F 
g1650__3779/A1                                                          +0    6945   
g1650__3779/Z                            AO22_H          2 32.0   68  +107    7052 F 
g1648__3717/A1                                                          +0    7052   
g1648__3717/Z                            AO22_H          2 32.0   67  +107    7159 F 
g1646__8867/A1                                                          +0    7159   
g1646__8867/Z                            AO22_H          2 30.7   66  +106    7265 F 
g1644__7557/A1                                                          +0    7265   
g1644__7557/Z                            AOI22_C         1 18.5  173   +84    7350 R 
g1643__7837/B                                                           +0    7350   
g1643__7837/Z                            XOR2_C          1  8.8  144   +95    7445 R 
S[39]                               <<<  out port                       +0    7445 R 
(DivideConquer_2b_C1._line_12)           ext delay                    +200    7645 R 
- - - - - - - - - - - - - - - - - - - - - - - - - - - - - - - - - - - - - - - - - - -
(clock clk)                              capture                             20000 R 
-------------------------------------------------------------------------------------
Cost Group   : 'clk' (path_group 'clk')
Timing slack :   12355ps 
Start-point  : X[0]
End-point    : S[39]
