============================================================
  Generated by:           Genus(TM) Synthesis Solution 16.24-s065_1
  Generated on:           Nov 27 2019  07:29:22 pm
  Module:                 booth
  Technology libraries:   PnomV180T025_STD_CELL_7RF 
                          physical_cells 
  Operating conditions:   _nominal_ 
  Interconnect mode:      global
  Area mode:              physical library
============================================================

           Pin                    Type      Fanout  Load Slew Delay Arrival   
                                                    (fF) (ps)  (ps)   (ps)    
------------------------------------------------------------------------------
(clock clk)                      launch                                   0 R 
(booth.sdc_line_11_19_1)         ext delay                     +100     100 F 
InputVector[0]                   in port        18 229.6    0    +0     100 F 
g621__3717/B                                                     +0     100   
g621__3717/Z                     NOR2_E          2  37.5  153   +99     199 R 
g620/A                                                           +0     199   
g620/Z                           INVERT_F        1  19.5   58   +33     232 F 
g618__8867/A                                                     +0     232   
g618__8867/Z                     NOR2_E          2  37.5  165  +102     334 R 
g614__7837/B                                                     +0     334   
g614__7837/Z                     XNOR2_C         9 132.6  600  +368     702 F 
MULT_g9229__2007/B                                               +0     702   
MULT_g9229__2007/Z               XOR2_C          1  18.2  256  +183     885 F 
MULT_g9135__1377/B                                               +0     885   
MULT_g9135__1377/Z               XOR2_C          2  35.2  205  +183    1068 F 
MULT_g9052__9719/B                                               +0    1068   
MULT_g9052__9719/Z               XOR2_C          2  35.2  222  +177    1245 F 
MULT_g8996__1122/B                                               +0    1245   
MULT_g8996__1122/Z               XOR2_C          2  31.0  253  +196    1441 R 
MULT_g8972__7837/B                                               +0    1441   
MULT_g8972__7837/Z               XNOR2_C         2  28.4  227  +158    1599 F 
MULT_g8918__8867/B                                               +0    1599   
MULT_g8918__8867/Z               XOR2_C          1  18.2  152  +142    1741 F 
MULT_g8904__9719/B                                               +0    1741   
MULT_g8904__9719/Z               XOR2_C          1  20.9  168  +138    1879 F 
MULT_CPA_1_g1450__3779/A                                         +0    1879   
MULT_CPA_1_g1450__3779/COUT      ADDF_E          1  19.5  139  +254    2133 F 
MULT_CPA_1_g1449__4599/CIN                                       +0    2133   
MULT_CPA_1_g1449__4599/COUT      ADDF_E          1  19.5  140  +152    2284 F 
MULT_CPA_1_g1448__3717/CIN                                       +0    2284   
MULT_CPA_1_g1448__3717/COUT      ADDF_E          1  19.5  136  +152    2436 F 
MULT_CPA_1_g1447__1377/CIN                                       +0    2436   
MULT_CPA_1_g1447__1377/COUT      ADDF_E          1  19.5  139  +151    2588 F 
MULT_CPA_1_g1446__8867/CIN                                       +0    2588   
MULT_CPA_1_g1446__8867/COUT      ADDF_E          1  19.5  139  +152    2739 F 
MULT_CPA_1_g1445__7654/CIN                                       +0    2739   
MULT_CPA_1_g1445__7654/COUT      ADDF_E          1  19.5  139  +152    2891 F 
MULT_CPA_1_g1444__7557/CIN                                       +0    2891   
MULT_CPA_1_g1444__7557/COUT      ADDF_E          1  19.5  139  +152    3043 F 
MULT_CPA_1_g1443__7837/CIN                                       +0    3043   
MULT_CPA_1_g1443__7837/COUT      ADDF_E          1  19.5  139  +152    3194 F 
MULT_CPA_1_g1442__6179/CIN                                       +0    3194   
MULT_CPA_1_g1442__6179/COUT      ADDF_E          1  19.5  139  +152    3346 F 
MULT_CPA_1_g1441__1279/CIN                                       +0    3346   
MULT_CPA_1_g1441__1279/COUT      ADDF_E          1  19.5  139  +152    3498 F 
MULT_CPA_1_g1440__3457/CIN                                       +0    3498   
MULT_CPA_1_g1440__3457/COUT      ADDF_E          1  19.5  139  +152    3650 F 
MULT_CPA_1_g1439__9771/CIN                                       +0    3650   
MULT_CPA_1_g1439__9771/COUT      ADDF_E          1  19.5  139  +152    3801 F 
MULT_CPA_1_g1438__2005/CIN                                       +0    3801   
MULT_CPA_1_g1438__2005/COUT      ADDF_E          1  19.5  139  +152    3953 F 
MULT_CPA_1_g1437__1122/CIN                                       +0    3953   
MULT_CPA_1_g1437__1122/COUT      ADDF_E          1  19.5  139  +152    4105 F 
MULT_CPA_1_g1436__2001/CIN                                       +0    4105   
MULT_CPA_1_g1436__2001/COUT      ADDF_E          1  19.5  139  +152    4256 F 
MULT_CPA_1_g1435__5927/CIN                                       +0    4256   
MULT_CPA_1_g1435__5927/COUT      ADDF_E          1  19.5  139  +152    4408 F 
MULT_CPA_1_g1434__6789/CIN                                       +0    4408   
MULT_CPA_1_g1434__6789/COUT      ADDF_E          1  19.5  139  +152    4560 F 
MULT_CPA_1_g1433__1591/CIN                                       +0    4560   
MULT_CPA_1_g1433__1591/COUT      ADDF_E          1  19.5  139  +152    4712 F 
MULT_CPA_1_g1432__9719/CIN                                       +0    4712   
MULT_CPA_1_g1432__9719/COUT      ADDF_E          1  19.5  137  +152    4864 F 
MULT_CPA_1_g1431__3377/CIN                                       +0    4864   
MULT_CPA_1_g1431__3377/COUT      ADDF_E          1  19.5  139  +151    5015 F 
MULT_CPA_1_g1430__9867/CIN                                       +0    5015   
MULT_CPA_1_g1430__9867/COUT      ADDF_E          1  19.5  139  +152    5167 F 
MULT_CPA_1_g1429__7765/CIN                                       +0    5167   
MULT_CPA_1_g1429__7765/COUT      ADDF_E          1  19.5  137  +152    5318 F 
MULT_CPA_1_g1428__7547/CIN                                       +0    5318   
MULT_CPA_1_g1428__7547/COUT      ADDF_E          1  19.5  139  +151    5470 F 
MULT_CPA_1_g1427__2833/CIN                                       +0    5470   
MULT_CPA_1_g1427__2833/COUT      ADDF_E          1  19.5  139  +152    5622 F 
MULT_CPA_1_g1426__2006/CIN                                       +0    5622   
MULT_CPA_1_g1426__2006/COUT      ADDF_E          1  19.5  139  +152    5774 F 
MULT_CPA_1_g1425__1297/CIN                                       +0    5774   
MULT_CPA_1_g1425__1297/COUT      ADDF_E          1  19.5  137  +152    5925 F 
MULT_CPA_1_g1424__1237/CIN                                       +0    5925   
MULT_CPA_1_g1424__1237/COUT      ADDF_E          1  19.5  139  +151    6077 F 
MULT_CPA_1_g1423__2007/CIN                                       +0    6077   
MULT_CPA_1_g1423__2007/COUT      ADDF_E          1  19.5  137  +152    6228 F 
MULT_CPA_1_g1422__3779/CIN                                       +0    6228   
MULT_CPA_1_g1422__3779/COUT      ADDF_E          1  19.5  137  +151    6380 F 
MULT_CPA_1_g1421__4599/CIN                                       +0    6380   
MULT_CPA_1_g1421__4599/COUT      ADDF_E          1  19.5  139  +151    6531 F 
MULT_CPA_1_g1420__3717/CIN                                       +0    6531   
MULT_CPA_1_g1420__3717/COUT      ADDF_E          1  19.5  139  +152    6683 F 
MULT_CPA_1_g1419__1377/CIN                                       +0    6683   
MULT_CPA_1_g1419__1377/COUT      ADDF_E          1  18.2  138  +149    6832 F 
MULT_CPA_1_g1418__8867/B                                         +0    6832   
MULT_CPA_1_g1418__8867/Z         XOR2_C          1   8.8  151  +113    6946 R 
OutputVector[39]            <<<  out port                        +0    6946 R 
(booth.sdc_line_12)              ext delay                     +200    7146 R 
- - - - - - - - - - - - - - - - - - - - - - - - - - - - - - - - - - - - - - - 
(clock clk)                      capture                              20000 R 
------------------------------------------------------------------------------
Cost Group   : 'clk' (path_group 'clk')
Timing slack :   12854ps 
Start-point  : InputVector[0]
End-point    : OutputVector[39]
