============================================================
  Generated by:           Genus(TM) Synthesis Solution 16.24-s065_1
  Generated on:           Nov 21 2019  07:51:50 pm
  Module:                 DirectMultiplication
  Technology libraries:   PnomV180T025_STD_CELL_7RF 
                          physical_cells 
  Operating conditions:   _nominal_ 
  Interconnect mode:      global
  Area mode:              physical library
============================================================

               Pin                        Type      Fanout Load Slew Delay Arrival   
                                                           (fF) (ps)  (ps)   (ps)    
-------------------------------------------------------------------------------------
(clock clk)                              launch                                  0 R 
(DirectMultiplication_line_11_19_1)      ext delay                    +100     100 R 
X[0]                                     in port         6 79.6    0    +0     100 R 
const_mul_47_8/A[0] 
  g3798/A                                                               +0     100   
  g3798/Z                                INVERT_H        3 46.0   53   +51     151 F 
  g3781__2001/A                                                         +0     151   
  g3781__2001/Z                          NOR2_E          3 52.4  209  +123     274 R 
  g3729__6179/CIN                                                       +0     274   
  g3729__6179/COUT                       ADDF_E          2 35.4  168  +190     464 R 
  g3728/A                                                               +0     464   
  g3728/Z                                INVERT_F        1 15.7   56   +28     492 F 
  g3720__6789/A1                                                        +0     492   
  g3720__6789/Z                          OAI21_C         1 19.8  180  +110     603 R 
  g3707__4599/CIN                                                       +0     603   
  g3707__4599/COUT                       ADDF_E          1 19.8  110  +158     761 R 
  g3702__7557/CIN                                                       +0     761   
  g3702__7557/COUT                       ADDF_E          1 19.8  109  +152     913 R 
  g3701__7837/CIN                                                       +0     913   
  g3701__7837/COUT                       ADDF_E          1 19.8  109  +152    1065 R 
  g3700__6179/CIN                                                       +0    1065   
  g3700__6179/COUT                       ADDF_E          1 19.8  109  +152    1217 R 
  g3699__1279/CIN                                                       +0    1217   
  g3699__1279/COUT                       ADDF_E          1 19.8  109  +152    1370 R 
  g3698__3457/CIN                                                       +0    1370   
  g3698__3457/COUT                       ADDF_E          1 19.8  109  +152    1522 R 
  g3697__9771/CIN                                                       +0    1522   
  g3697__9771/COUT                       ADDF_E          1 19.8  109  +152    1674 R 
  g3696__2005/CIN                                                       +0    1674   
  g3696__2005/COUT                       ADDF_E          1 19.8  109  +152    1826 R 
  g3695__1122/CIN                                                       +0    1826   
  g3695__1122/COUT                       ADDF_E          1 19.8  109  +152    1978 R 
  g3694__2001/CIN                                                       +0    1978   
  g3694__2001/COUT                       ADDF_E          1 19.8  109  +152    2130 R 
  g3693__5927/CIN                                                       +0    2130   
  g3693__5927/COUT                       ADDF_E          1 19.8  109  +152    2283 R 
  g3692__6789/CIN                                                       +0    2283   
  g3692__6789/COUT                       ADDF_E          1 19.8  109  +152    2435 R 
  g3691__1591/CIN                                                       +0    2435   
  g3691__1591/COUT                       ADDF_E          1 19.8  109  +152    2587 R 
  g3690__9719/CIN                                                       +0    2587   
  g3690__9719/COUT                       ADDF_E          1 19.8  109  +152    2739 R 
  g3689__3377/CIN                                                       +0    2739   
  g3689__3377/COUT                       ADDF_E          1 19.8  109  +152    2892 R 
  g3688__9867/CIN                                                       +0    2892   
  g3688__9867/COUT                       ADDF_E          1 19.8  109  +152    3044 R 
  g3687__7765/CIN                                                       +0    3044   
  g3687__7765/COUT                       ADDF_E          1 19.8  109  +152    3196 R 
  g3686__7547/CIN                                                       +0    3196   
  g3686__7547/COUT                       ADDF_E          1 19.8  109  +152    3348 R 
  g3685__2833/CIN                                                       +0    3348   
  g3685__2833/COUT                       ADDF_E          1 19.8  109  +152    3500 R 
  g3684__2006/CIN                                                       +0    3500   
  g3684__2006/COUT                       ADDF_E          1 19.8  109  +152    3652 R 
  g3683__1297/CIN                                                       +0    3652   
  g3683__1297/COUT                       ADDF_E          1 19.8  109  +152    3805 R 
  g3682__1237/CIN                                                       +0    3805   
  g3682__1237/COUT                       ADDF_E          1 19.8  109  +152    3957 R 
  g3681__2007/CIN                                                       +0    3957   
  g3681__2007/COUT                       ADDF_E          1 19.8  109  +152    4109 R 
  g3680__3779/CIN                                                       +0    4109   
  g3680__3779/COUT                       ADDF_E          1 19.8  109  +152    4261 R 
  g3679__4599/CIN                                                       +0    4261   
  g3679__4599/COUT                       ADDF_E          1 19.8  109  +152    4414 R 
  g3678__3717/CIN                                                       +0    4414   
  g3678__3717/COUT                       ADDF_E          1 19.8  109  +152    4566 R 
  g3677__1377/CIN                                                       +0    4566   
  g3677__1377/COUT                       ADDF_E          1 19.8  109  +152    4718 R 
  g3676__8867/CIN                                                       +0    4718   
  g3676__8867/COUT                       ADDF_E          1 19.8  109  +152    4870 R 
  g3675__7654/CIN                                                       +0    4870   
  g3675__7654/COUT                       ADDF_E          2 29.4  144  +170    5041 R 
  g3673__7837/B                                                         +0    5041   
  g3673__7837/Z                          XOR2_C          1  8.8  132   +92    5133 R 
const_mul_47_8/Z[35] 
S[35]                               <<<  out port                       +0    5133 R 
(DirectMultiplication_line_12_24_1)      ext delay                    +200    5333 R 
- - - - - - - - - - - - - - - - - - - - - - - - - - - - - - - - - - - - - - - - - - -
(clock clk)                              capture                             20000 R 
-------------------------------------------------------------------------------------
Cost Group   : 'clk' (path_group 'clk')
Timing slack :   14667ps 
Start-point  : X[0]
End-point    : S[35]
