============================================================
  Generated by:           Genus(TM) Synthesis Solution 16.24-s065_1
  Generated on:           Nov 21 2019  06:44:27 pm
  Module:                 DivideConquer_2b_C1
  Technology libraries:   PnomV180T025_STD_CELL_7RF 
                          physical_cells 
  Operating conditions:   _nominal_ 
  Interconnect mode:      global
  Area mode:              physical library
============================================================

               Pin                        Type      Fanout  Load Slew Delay Arrival   
                                                            (fF) (ps)  (ps)   (ps)    
--------------------------------------------------------------------------------------
(clock clk)                              launch                                   0 R 
(DivideConquer_2b_C1._line_11_18_1)      ext delay                     +100     100 R 
X[1]                                     in port        11 157.8    0    +0     100 R 
g9320/A                                                                  +0     100   
g9320/Z                                  INVERT_I        7 101.9   87   +74     174 F 
g9171__3457/A2                                                           +0     174   
g9171__3457/Z                            OAI21_C         2  35.6  282  +168     342 R 
g9102__4599/A                                                            +0     342   
g9102__4599/Z                            NOR2_E          2  27.7  138   +99     440 F 
g9045__3717/A1                                                           +0     440   
g9045__3717/Z                            OAI21_C         3  51.4  392  +224     665 R 
g9023__1122/A                                                            +0     665   
g9023__1122/Z                            NOR2_E          1  20.4  145   +92     757 F 
g8994__1279/B                                                            +0     757   
g8994__1279/Z                            XNOR2_C         2  33.8  260  +114     872 R 
g8970__8867/A                                                            +0     872   
g8970__8867/Z                            NAND2_F         2  41.9  132   +80     951 F 
g8967/A                                                                  +0     951   
g8967/Z                                  INVERT_I        1  17.3   66   +51    1002 R 
g8944__2001/A1                                                           +0    1002   
g8944__2001/Z                            AOI22_C         1  19.5  178   +76    1078 F 
g9333/CIN                                                                +0    1078   
g9333/COUT                               ADDF_E          1  19.5  139  +158    1236 F 
g9331/CIN                                                                +0    1236   
g9331/COUT                               ADDF_E          2  27.3  151  +165    1401 F 
g8865__2833/A1                                                           +0    1401   
g8865__2833/Z                            OAI22_B         2  33.8  411  +218    1618 R 
g8858__8867/A                                                            +0    1618   
g8858__8867/Z                            NAND2_F         2  37.9  156   +80    1699 F 
g8856/A                                                                  +0    1699   
g8856/Z                                  INVERT_I        1  17.3   70   +54    1752 R 
g8836__3717/A1                                                           +0    1752   
g8836__3717/Z                            AOI22_C         2  27.3  189   +90    1842 F 
g8819__9867/A1                                                           +0    1842   
g8819__9867/Z                            OAI22_B         2  29.5  375  +209    2051 R 
g8800__1279/A1                                                           +0    2051   
g8800__1279/Z                            AOI22_C         1  19.5  170  +106    2157 F 
g9327/CIN                                                                +0    2157   
g9327/COUT                               ADDF_E          1  10.8  131  +139    2296 F 
g9328/A                                                                  +0    2296   
g9328/Z                                  INVERT_A        2  27.6  583  +324    2620 R 
g8761__7765/A                                                            +0    2620   
g8761__7765/Z                            XOR2_C          2  29.2  257  +192    2812 R 
g8741__9771/A                                                            +0    2812   
g8741__9771/Z                            XOR2_C          2  29.3  271  +176    2988 R 
g8716__7837/A2                                                           +0    2988   
g8716__7837/Z                            AOI22_C         2  29.8  205  +108    3097 F 
g8696__7547/B1                                                           +0    3097   
g8696__7547/Z                            OAI22_B         2  31.3  386  +238    3334 R 
g8682__6179/A1                                                           +0    3334   
g8682__6179/Z                            AOI22_C         2  29.8  206  +132    3466 F 
g8670__9867/B1                                                           +0    3466   
g8670__9867/Z                            OAI22_B         2  31.3  386  +238    3704 R 
g8659__7837/A1                                                           +0    3704   
g8659__7837/Z                            AOI22_C         2  29.5  205  +131    3835 F 
g8647__5927/A1                                                           +0    3835   
g8647__5927/Z                            OAI22_B         2  31.0  381  +220    4056 R 
g8636__2006/B1                                                           +0    4056   
g8636__2006/Z                            AOI22_C         2  29.8  228  +160    4215 F 
g8627__3717/B1                                                           +0    4215   
g8627__3717/Z                            OAI22_B         2  31.3  391  +244    4459 R 
g8621__7837/A1                                                           +0    4459   
g8621__7837/Z                            AOI22_C         2  29.8  207  +132    4592 F 
g8616__2005/B1                                                           +0    4592   
g8616__2005/Z                            OAI22_B         2  31.0  384  +237    4829 R 
g8612__6789/B1                                                           +0    4829   
g8612__6789/Z                            AOI22_C         2  29.8  229  +160    4989 F 
g8607__3377/B1                                                           +0    4989   
g8607__3377/Z                            OAI22_B         2  31.0  389  +243    5232 R 
g8602__1297/B1                                                           +0    5232   
g8602__1297/Z                            AOI22_C         2  29.8  230  +160    5392 F 
g8597__1377/B1                                                           +0    5392   
g8597__1377/Z                            OAI22_B         2  31.0  389  +243    5636 R 
g8595__7557/B                                                            +0    5636   
g8595__7557/Z                            XOR2_C          2  31.3  263  +162    5798 R 
g8590__3457/B                                                            +0    5798   
g8590__3457/Z                            XOR2_C          2  31.0  260  +149    5946 R 
g8585__5927/B1                                                           +0    5946   
g8585__5927/Z                            AOI22_C         2  25.6  195  +135    6081 F 
g8583__1591/A1                                                           +0    6081   
g8583__1591/Z                            OAI22_B         2  31.2  391  +218    6300 R 
g8581__9719/B1                                                           +0    6300   
g8581__9719/Z                            AO22_F          2  32.5  112  +178    6478 R 
g8579__9867/A1                                                           +0    6478   
g8579__9867/Z                            AO22_H          2  32.5   90  +119    6597 R 
g8577__7547/A1                                                           +0    6597   
g8577__7547/Z                            AO22_H          2  32.5   90  +116    6713 R 
g8575__1297/A1                                                           +0    6713   
g8575__1297/Z                            AO22_H          2  32.5   90  +116    6830 R 
g8573__2007/A1                                                           +0    6830   
g8573__2007/Z                            AO22_H          2  32.5   90  +116    6946 R 
g8571__4599/A1                                                           +0    6946   
g8571__4599/Z                            AO22_H          2  31.9   89  +116    7062 R 
g8569__1377/B1                                                           +0    7062   
g8569__1377/Z                            AO22_H          2  31.3   87  +140    7202 R 
g8567__7654/A1                                                           +0    7202   
g8567__7654/Z                            AOI22_C         1  16.5  157   +73    7275 F 
g8566__7557/A                                                            +0    7275   
g8566__7557/Z                            XOR2_C          1  16.5  136  +131    7406 F 
g8565__7837/A                                                            +0    7406   
g8565__7837/Z                            XOR2_C          1   8.8  116  +111    7516 F 
S[39]                               <<<  out port                        +0    7516 F 
(DivideConquer_2b_C1._line_12)           ext delay                     +200    7716 F 
- - - - - - - - - - - - - - - - - - - - - - - - - - - - - - - - - - - - - - - - - - - 
(clock clk)                              capture                              20000 R 
--------------------------------------------------------------------------------------
Cost Group   : 'clk' (path_group 'clk')
Timing slack :   12284ps 
Start-point  : X[1]
End-point    : S[39]
