TimeQuest Timing Analyzer report for traditionalSystem_BinToRNS
Wed Sep 04 18:51:36 2019
Quartus II 64-Bit Version 12.1 Build 177 11/07/2012 SJ Web Edition


---------------------
; Table of Contents ;
---------------------
  1. Legal Notice
  2. TimeQuest Timing Analyzer Summary
  3. Parallel Compilation
  4. Clocks
  5. Slow Model Fmax Summary
  6. Slow Model Setup Summary
  7. Slow Model Hold Summary
  8. Slow Model Recovery Summary
  9. Slow Model Removal Summary
 10. Slow Model Minimum Pulse Width Summary
 11. Propagation Delay
 12. Minimum Propagation Delay
 13. Fast Model Setup Summary
 14. Fast Model Hold Summary
 15. Fast Model Recovery Summary
 16. Fast Model Removal Summary
 17. Fast Model Minimum Pulse Width Summary
 18. Propagation Delay
 19. Minimum Propagation Delay
 20. Multicorner Timing Analysis Summary
 21. Progagation Delay
 22. Minimum Progagation Delay
 23. Clock Transfers
 24. Report TCCS
 25. Report RSKM
 26. Unconstrained Paths
 27. TimeQuest Timing Analyzer Messages



----------------
; Legal Notice ;
----------------
Copyright (C) 1991-2012 Altera Corporation
Your use of Altera Corporation's design tools, logic functions 
and other software and tools, and its AMPP partner logic 
functions, and any output files from any of the foregoing 
(including device programming or simulation files), and any 
associated documentation or information are expressly subject 
to the terms and conditions of the Altera Program License 
Subscription Agreement, Altera MegaCore Function License 
Agreement, or other applicable license agreement, including, 
without limitation, that your use is for the sole purpose of 
programming logic devices manufactured by Altera and sold by 
Altera or its authorized distributors.  Please refer to the 
applicable agreement for further details.



+-----------------------------------------------------------------------+
; TimeQuest Timing Analyzer Summary                                     ;
+--------------------+--------------------------------------------------+
; Quartus II Version ; Version 12.1 Build 177 11/07/2012 SJ Web Edition ;
; Revision Name      ; traditionalSystem_BinToRNS                       ;
; Device Family      ; Cyclone II                                       ;
; Device Name        ; EP2C35F672C6                                     ;
; Timing Models      ; Final                                            ;
; Delay Model        ; Combined                                         ;
; Rise/Fall Delays   ; Unavailable                                      ;
+--------------------+--------------------------------------------------+


Parallel compilation was disabled, but you have multiple processors available. Enable parallel compilation to reduce compilation time.
+-------------------------------------+
; Parallel Compilation                ;
+----------------------------+--------+
; Processors                 ; Number ;
+----------------------------+--------+
; Number detected on machine ; 4      ;
; Maximum allowed            ; 1      ;
+----------------------------+--------+


----------
; Clocks ;
----------
No clocks to report.


---------------------------
; Slow Model Fmax Summary ;
---------------------------
No paths to report.


----------------------------
; Slow Model Setup Summary ;
----------------------------
No paths to report.


---------------------------
; Slow Model Hold Summary ;
---------------------------
No paths to report.


-------------------------------
; Slow Model Recovery Summary ;
-------------------------------
No paths to report.


------------------------------
; Slow Model Removal Summary ;
------------------------------
No paths to report.


------------------------------------------
; Slow Model Minimum Pulse Width Summary ;
------------------------------------------
No paths to report.


+--------------------------------------------------------------+
; Propagation Delay                                            ;
+------------+-------------+--------+--------+--------+--------+
; Input Port ; Output Port ; RR     ; RF     ; FR     ; FF     ;
+------------+-------------+--------+--------+--------+--------+
; SW[0]      ; LEDR[0]     ; 6.062  ;        ;        ; 6.062  ;
; SW[0]      ; LEDR[8]     ; 9.975  ; 9.975  ; 9.975  ; 9.975  ;
; SW[0]      ; LEDR[9]     ; 10.380 ; 10.380 ; 10.380 ; 10.380 ;
; SW[0]      ; LEDR[10]    ; 9.988  ; 9.988  ; 9.988  ; 9.988  ;
; SW[0]      ; LEDR[11]    ; 10.650 ; 10.650 ; 10.650 ; 10.650 ;
; SW[0]      ; LEDR[12]    ; 10.505 ; 10.505 ; 10.505 ; 10.505 ;
; SW[0]      ; LEDR[13]    ; 11.175 ; 11.175 ; 11.175 ; 11.175 ;
; SW[0]      ; LEDR[14]    ; 10.788 ; 10.788 ; 10.788 ; 10.788 ;
; SW[0]      ; LEDR[15]    ; 11.425 ; 11.425 ; 11.425 ; 11.425 ;
; SW[0]      ; LEDR[16]    ; 10.762 ; 10.762 ; 10.762 ; 10.762 ;
; SW[1]      ; LEDR[1]     ; 6.124  ;        ;        ; 6.124  ;
; SW[1]      ; LEDR[8]     ; 10.380 ; 10.380 ; 10.380 ; 10.380 ;
; SW[1]      ; LEDR[9]     ; 10.785 ; 10.785 ; 10.785 ; 10.785 ;
; SW[1]      ; LEDR[10]    ; 10.393 ; 10.393 ; 10.393 ; 10.393 ;
; SW[1]      ; LEDR[11]    ; 11.055 ; 11.055 ; 11.055 ; 11.055 ;
; SW[1]      ; LEDR[12]    ; 11.386 ; 11.386 ; 11.386 ; 11.386 ;
; SW[1]      ; LEDR[13]    ; 12.056 ; 12.056 ; 12.056 ; 12.056 ;
; SW[1]      ; LEDR[14]    ; 11.669 ; 11.669 ; 11.669 ; 11.669 ;
; SW[1]      ; LEDR[15]    ; 12.306 ; 12.306 ; 12.306 ; 12.306 ;
; SW[1]      ; LEDR[16]    ; 11.691 ; 11.691 ; 11.691 ; 11.691 ;
; SW[2]      ; LEDR[2]     ; 6.884  ;        ;        ; 6.884  ;
; SW[2]      ; LEDR[8]     ; 10.401 ; 10.401 ; 10.401 ; 10.401 ;
; SW[2]      ; LEDR[9]     ; 10.806 ; 10.806 ; 10.806 ; 10.806 ;
; SW[2]      ; LEDR[10]    ; 10.414 ; 10.414 ; 10.414 ; 10.414 ;
; SW[2]      ; LEDR[11]    ; 11.076 ; 11.076 ; 11.076 ; 11.076 ;
; SW[2]      ; LEDR[12]    ; 10.949 ; 10.949 ; 10.949 ; 10.949 ;
; SW[2]      ; LEDR[13]    ; 11.619 ; 11.619 ; 11.619 ; 11.619 ;
; SW[2]      ; LEDR[14]    ; 11.232 ; 11.232 ; 11.232 ; 11.232 ;
; SW[2]      ; LEDR[15]    ; 11.869 ; 11.869 ; 11.869 ; 11.869 ;
; SW[2]      ; LEDR[16]    ; 11.254 ; 11.254 ; 11.254 ; 11.254 ;
; SW[3]      ; LEDR[3]     ; 5.876  ;        ;        ; 5.876  ;
; SW[3]      ; LEDR[8]     ; 8.634  ; 8.634  ; 8.634  ; 8.634  ;
; SW[3]      ; LEDR[9]     ; 9.039  ; 9.039  ; 9.039  ; 9.039  ;
; SW[3]      ; LEDR[10]    ; 8.647  ; 8.647  ; 8.647  ; 8.647  ;
; SW[3]      ; LEDR[11]    ; 9.309  ; 9.309  ; 9.309  ; 9.309  ;
; SW[3]      ; LEDR[12]    ; 9.336  ; 9.336  ; 9.336  ; 9.336  ;
; SW[3]      ; LEDR[13]    ; 10.006 ; 10.006 ; 10.006 ; 10.006 ;
; SW[3]      ; LEDR[14]    ; 9.619  ; 9.619  ; 9.619  ; 9.619  ;
; SW[3]      ; LEDR[15]    ; 10.256 ; 10.256 ; 10.256 ; 10.256 ;
; SW[3]      ; LEDR[16]    ; 9.593  ; 9.593  ; 9.593  ; 9.593  ;
; SW[4]      ; LEDR[4]     ; 5.731  ;        ;        ; 5.731  ;
; SW[4]      ; LEDR[8]     ; 8.413  ; 8.413  ; 8.413  ; 8.413  ;
; SW[4]      ; LEDR[9]     ; 8.818  ; 8.818  ; 8.818  ; 8.818  ;
; SW[4]      ; LEDR[10]    ; 8.426  ; 8.426  ; 8.426  ; 8.426  ;
; SW[4]      ; LEDR[11]    ; 9.088  ; 9.088  ; 9.088  ; 9.088  ;
; SW[4]      ; LEDR[12]    ; 8.947  ; 8.947  ; 8.947  ; 8.947  ;
; SW[4]      ; LEDR[13]    ; 9.617  ; 9.617  ; 9.617  ; 9.617  ;
; SW[4]      ; LEDR[14]    ; 9.230  ; 9.230  ; 9.230  ; 9.230  ;
; SW[4]      ; LEDR[15]    ; 9.867  ; 9.867  ; 9.867  ; 9.867  ;
; SW[4]      ; LEDR[16]    ; 9.204  ; 9.204  ; 9.204  ; 9.204  ;
; SW[5]      ; LEDR[5]     ; 6.153  ;        ;        ; 6.153  ;
; SW[5]      ; LEDR[8]     ; 9.299  ; 9.299  ; 9.299  ; 9.299  ;
; SW[5]      ; LEDR[9]     ; 9.704  ; 9.704  ; 9.704  ; 9.704  ;
; SW[5]      ; LEDR[10]    ; 9.312  ; 9.312  ; 9.312  ; 9.312  ;
; SW[5]      ; LEDR[11]    ; 9.974  ; 9.974  ; 9.974  ; 9.974  ;
; SW[5]      ; LEDR[12]    ; 10.277 ; 10.277 ; 10.277 ; 10.277 ;
; SW[5]      ; LEDR[13]    ; 10.947 ; 10.947 ; 10.947 ; 10.947 ;
; SW[5]      ; LEDR[14]    ; 10.560 ; 10.560 ; 10.560 ; 10.560 ;
; SW[5]      ; LEDR[15]    ; 11.197 ; 11.197 ; 11.197 ; 11.197 ;
; SW[5]      ; LEDR[16]    ; 10.582 ; 10.582 ; 10.582 ; 10.582 ;
; SW[6]      ; LEDR[6]     ; 5.789  ;        ;        ; 5.789  ;
; SW[6]      ; LEDR[8]     ; 9.272  ; 9.272  ; 9.272  ; 9.272  ;
; SW[6]      ; LEDR[9]     ; 9.677  ; 9.677  ; 9.677  ; 9.677  ;
; SW[6]      ; LEDR[10]    ; 9.285  ; 9.285  ; 9.285  ; 9.285  ;
; SW[6]      ; LEDR[11]    ; 9.947  ; 9.947  ; 9.947  ; 9.947  ;
; SW[6]      ; LEDR[12]    ; 9.821  ; 9.821  ; 9.821  ; 9.821  ;
; SW[6]      ; LEDR[13]    ; 10.491 ; 10.491 ; 10.491 ; 10.491 ;
; SW[6]      ; LEDR[14]    ; 10.104 ; 10.104 ; 10.104 ; 10.104 ;
; SW[6]      ; LEDR[15]    ; 10.741 ; 10.741 ; 10.741 ; 10.741 ;
; SW[6]      ; LEDR[16]    ; 10.126 ; 10.126 ; 10.126 ; 10.126 ;
; SW[7]      ; LEDR[7]     ; 6.967  ;        ;        ; 6.967  ;
; SW[7]      ; LEDR[8]     ; 10.311 ; 10.311 ; 10.311 ; 10.311 ;
; SW[7]      ; LEDR[9]     ; 10.716 ; 10.716 ; 10.716 ; 10.716 ;
; SW[7]      ; LEDR[10]    ; 10.324 ; 10.324 ; 10.324 ; 10.324 ;
; SW[7]      ; LEDR[11]    ; 10.986 ; 10.986 ; 10.986 ; 10.986 ;
; SW[7]      ; LEDR[12]    ; 11.014 ; 11.014 ; 11.014 ; 11.014 ;
; SW[7]      ; LEDR[13]    ; 11.684 ; 11.684 ; 11.684 ; 11.684 ;
; SW[7]      ; LEDR[14]    ; 11.297 ; 11.297 ; 11.297 ; 11.297 ;
; SW[7]      ; LEDR[15]    ; 11.934 ; 11.934 ; 11.934 ; 11.934 ;
; SW[7]      ; LEDR[16]    ; 11.271 ; 11.271 ; 11.271 ; 11.271 ;
; SW[8]      ; LEDR[8]     ; 10.284 ; 10.284 ; 10.284 ; 10.284 ;
; SW[8]      ; LEDR[9]     ; 10.689 ; 10.689 ; 10.689 ; 10.689 ;
; SW[8]      ; LEDR[10]    ; 10.297 ; 10.297 ; 10.297 ; 10.297 ;
; SW[8]      ; LEDR[11]    ; 10.959 ; 10.959 ; 10.959 ; 10.959 ;
; SW[8]      ; LEDR[12]    ; 10.374 ; 10.374 ; 10.374 ; 10.374 ;
; SW[8]      ; LEDR[13]    ; 11.044 ; 11.044 ; 11.044 ; 11.044 ;
; SW[8]      ; LEDR[14]    ; 10.657 ; 10.657 ; 10.657 ; 10.657 ;
; SW[8]      ; LEDR[15]    ; 11.294 ; 11.294 ; 11.294 ; 11.294 ;
; SW[8]      ; LEDR[16]    ; 10.631 ; 10.631 ; 10.631 ; 10.631 ;
; SW[9]      ; LEDR[8]     ; 11.065 ; 11.065 ; 11.065 ; 11.065 ;
; SW[9]      ; LEDR[9]     ; 11.470 ; 11.470 ; 11.470 ; 11.470 ;
; SW[9]      ; LEDR[10]    ; 11.078 ; 11.078 ; 11.078 ; 11.078 ;
; SW[9]      ; LEDR[11]    ; 11.740 ; 11.740 ; 11.740 ; 11.740 ;
; SW[9]      ; LEDR[12]    ; 12.068 ; 12.068 ; 12.068 ; 12.068 ;
; SW[9]      ; LEDR[13]    ; 12.738 ; 12.738 ; 12.738 ; 12.738 ;
; SW[9]      ; LEDR[14]    ; 12.351 ; 12.351 ; 12.351 ; 12.351 ;
; SW[9]      ; LEDR[15]    ; 12.988 ; 12.988 ; 12.988 ; 12.988 ;
; SW[9]      ; LEDR[16]    ; 12.373 ; 12.373 ; 12.373 ; 12.373 ;
; SW[10]     ; LEDR[8]     ; 10.326 ; 10.326 ; 10.326 ; 10.326 ;
; SW[10]     ; LEDR[9]     ; 10.731 ; 10.731 ; 10.731 ; 10.731 ;
; SW[10]     ; LEDR[10]    ; 10.339 ; 10.339 ; 10.339 ; 10.339 ;
; SW[10]     ; LEDR[11]    ; 11.001 ; 11.001 ; 11.001 ; 11.001 ;
; SW[10]     ; LEDR[12]    ; 10.475 ; 10.475 ; 10.475 ; 10.475 ;
; SW[10]     ; LEDR[13]    ; 11.145 ; 11.145 ; 11.145 ; 11.145 ;
; SW[10]     ; LEDR[14]    ; 10.758 ; 10.758 ; 10.758 ; 10.758 ;
; SW[10]     ; LEDR[15]    ; 11.395 ; 11.395 ; 11.395 ; 11.395 ;
; SW[10]     ; LEDR[16]    ; 10.780 ; 10.780 ; 10.780 ; 10.780 ;
; SW[11]     ; LEDR[8]     ; 10.133 ; 10.133 ; 10.133 ; 10.133 ;
; SW[11]     ; LEDR[9]     ; 10.538 ; 10.538 ; 10.538 ; 10.538 ;
; SW[11]     ; LEDR[10]    ; 10.140 ; 10.140 ; 10.140 ; 10.140 ;
; SW[11]     ; LEDR[11]    ; 10.854 ; 10.854 ; 10.854 ; 10.854 ;
; SW[11]     ; LEDR[12]    ; 10.931 ; 10.931 ; 10.931 ; 10.931 ;
; SW[11]     ; LEDR[13]    ; 11.601 ; 11.601 ; 11.601 ; 11.601 ;
; SW[11]     ; LEDR[14]    ; 11.214 ; 11.214 ; 11.214 ; 11.214 ;
; SW[11]     ; LEDR[15]    ; 11.851 ; 11.851 ; 11.851 ; 11.851 ;
; SW[11]     ; LEDR[16]    ; 11.188 ; 11.188 ; 11.188 ; 11.188 ;
; SW[12]     ; LEDR[8]     ; 9.185  ; 9.185  ; 9.185  ; 9.185  ;
; SW[12]     ; LEDR[9]     ; 9.590  ; 9.590  ; 9.590  ; 9.590  ;
; SW[12]     ; LEDR[10]    ; 9.192  ; 9.192  ; 9.192  ; 9.192  ;
; SW[12]     ; LEDR[11]    ; 9.906  ; 9.906  ; 9.906  ; 9.906  ;
; SW[12]     ; LEDR[12]    ; 9.986  ; 9.986  ; 9.986  ; 9.986  ;
; SW[12]     ; LEDR[13]    ; 10.656 ; 10.656 ; 10.656 ; 10.656 ;
; SW[12]     ; LEDR[14]    ; 10.269 ; 10.269 ; 10.269 ; 10.269 ;
; SW[12]     ; LEDR[15]    ; 10.906 ; 10.906 ; 10.906 ; 10.906 ;
; SW[12]     ; LEDR[16]    ; 10.243 ; 10.243 ; 10.243 ; 10.243 ;
; SW[13]     ; LEDR[8]     ; 13.475 ; 13.475 ; 13.475 ; 13.475 ;
; SW[13]     ; LEDR[9]     ; 13.880 ; 13.880 ; 13.880 ; 13.880 ;
; SW[13]     ; LEDR[10]    ; 13.488 ; 13.488 ; 13.488 ; 13.488 ;
; SW[13]     ; LEDR[11]    ; 14.150 ; 14.150 ; 14.150 ; 14.150 ;
; SW[13]     ; LEDR[12]    ; 13.351 ; 13.351 ; 13.351 ; 13.351 ;
; SW[13]     ; LEDR[13]    ; 14.021 ; 14.021 ; 14.021 ; 14.021 ;
; SW[13]     ; LEDR[14]    ; 13.634 ; 13.634 ; 13.634 ; 13.634 ;
; SW[13]     ; LEDR[15]    ; 14.271 ; 14.271 ; 14.271 ; 14.271 ;
; SW[13]     ; LEDR[16]    ; 13.533 ; 13.533 ; 13.533 ; 13.533 ;
; SW[14]     ; LEDR[8]     ; 13.431 ; 13.431 ; 13.431 ; 13.431 ;
; SW[14]     ; LEDR[9]     ; 13.836 ; 13.836 ; 13.836 ; 13.836 ;
; SW[14]     ; LEDR[10]    ; 13.444 ; 13.444 ; 13.444 ; 13.444 ;
; SW[14]     ; LEDR[11]    ; 14.106 ; 14.106 ; 14.106 ; 14.106 ;
; SW[14]     ; LEDR[12]    ; 14.451 ; 14.451 ; 14.451 ; 14.451 ;
; SW[14]     ; LEDR[13]    ; 15.121 ; 15.121 ; 15.121 ; 15.121 ;
; SW[14]     ; LEDR[14]    ; 14.734 ; 14.734 ; 14.734 ; 14.734 ;
; SW[14]     ; LEDR[15]    ; 15.371 ; 15.371 ; 15.371 ; 15.371 ;
; SW[14]     ; LEDR[16]    ; 14.756 ; 14.756 ; 14.756 ; 14.756 ;
; SW[15]     ; LEDR[8]     ; 13.389 ; 13.389 ; 13.389 ; 13.389 ;
; SW[15]     ; LEDR[9]     ; 13.794 ; 13.794 ; 13.794 ; 13.794 ;
; SW[15]     ; LEDR[10]    ; 13.402 ; 13.402 ; 13.402 ; 13.402 ;
; SW[15]     ; LEDR[11]    ; 14.064 ; 14.064 ; 14.064 ; 14.064 ;
; SW[15]     ; LEDR[12]    ; 13.263 ; 13.263 ; 13.263 ; 13.263 ;
; SW[15]     ; LEDR[13]    ; 13.933 ; 13.933 ; 13.933 ; 13.933 ;
; SW[15]     ; LEDR[14]    ; 13.546 ; 13.546 ; 13.546 ; 13.546 ;
; SW[15]     ; LEDR[15]    ; 14.183 ; 14.183 ; 14.183 ; 14.183 ;
; SW[15]     ; LEDR[16]    ; 13.581 ; 13.581 ; 13.581 ; 13.581 ;
+------------+-------------+--------+--------+--------+--------+


+--------------------------------------------------------------+
; Minimum Propagation Delay                                    ;
+------------+-------------+--------+--------+--------+--------+
; Input Port ; Output Port ; RR     ; RF     ; FR     ; FF     ;
+------------+-------------+--------+--------+--------+--------+
; SW[0]      ; LEDR[0]     ; 6.062  ;        ;        ; 6.062  ;
; SW[0]      ; LEDR[8]     ; 8.641  ; 8.641  ; 8.641  ; 8.641  ;
; SW[0]      ; LEDR[9]     ; 8.571  ; 8.571  ; 8.571  ; 8.571  ;
; SW[0]      ; LEDR[10]    ; 8.660  ; 8.660  ; 8.660  ; 8.660  ;
; SW[0]      ; LEDR[11]    ; 9.324  ; 9.324  ; 9.324  ; 9.324  ;
; SW[0]      ; LEDR[12]    ; 8.393  ; 8.393  ; 8.393  ; 8.393  ;
; SW[0]      ; LEDR[13]    ; 8.483  ; 8.483  ; 8.483  ; 8.483  ;
; SW[0]      ; LEDR[14]    ; 9.079  ; 9.079  ; 9.079  ; 9.079  ;
; SW[0]      ; LEDR[15]    ; 9.301  ; 9.301  ; 9.301  ; 9.301  ;
; SW[0]      ; LEDR[16]    ; 9.967  ; 9.967  ; 9.967  ; 9.967  ;
; SW[1]      ; LEDR[1]     ; 6.124  ;        ;        ; 6.124  ;
; SW[1]      ; LEDR[8]     ; 9.185  ; 9.185  ; 9.185  ; 9.185  ;
; SW[1]      ; LEDR[9]     ; 8.355  ; 8.355  ; 8.355  ; 8.355  ;
; SW[1]      ; LEDR[10]    ; 8.437  ; 8.437  ; 8.437  ; 8.437  ;
; SW[1]      ; LEDR[11]    ; 8.672  ; 8.672  ; 8.672  ; 8.672  ;
; SW[1]      ; LEDR[12]    ; 9.387  ; 9.387  ; 9.387  ; 9.387  ;
; SW[1]      ; LEDR[13]    ; 8.445  ; 8.445  ; 8.445  ; 8.445  ;
; SW[1]      ; LEDR[14]    ; 9.131  ; 9.131  ; 9.131  ; 9.131  ;
; SW[1]      ; LEDR[15]    ; 9.088  ; 9.088  ; 9.088  ; 9.088  ;
; SW[1]      ; LEDR[16]    ; 9.847  ; 9.847  ; 9.847  ; 9.847  ;
; SW[2]      ; LEDR[2]     ; 6.884  ;        ;        ; 6.884  ;
; SW[2]      ; LEDR[8]     ; 9.022  ; 9.022  ; 9.022  ; 9.022  ;
; SW[2]      ; LEDR[9]     ; 9.427  ; 9.427  ; 9.427  ; 9.427  ;
; SW[2]      ; LEDR[10]    ; 8.244  ; 8.244  ; 8.244  ; 8.244  ;
; SW[2]      ; LEDR[11]    ; 8.218  ; 8.218  ; 8.218  ; 8.218  ;
; SW[2]      ; LEDR[12]    ; 8.998  ; 8.998  ; 8.998  ; 8.998  ;
; SW[2]      ; LEDR[13]    ; 8.723  ; 8.723  ; 8.723  ; 8.723  ;
; SW[2]      ; LEDR[14]    ; 9.483  ; 9.483  ; 9.483  ; 9.483  ;
; SW[2]      ; LEDR[15]    ; 9.144  ; 9.144  ; 9.144  ; 9.144  ;
; SW[2]      ; LEDR[16]    ; 9.893  ; 9.893  ; 9.893  ; 9.893  ;
; SW[3]      ; LEDR[3]     ; 5.876  ;        ;        ; 5.876  ;
; SW[3]      ; LEDR[8]     ; 7.250  ; 7.250  ; 7.250  ; 7.250  ;
; SW[3]      ; LEDR[9]     ; 7.444  ; 7.444  ; 7.444  ; 7.444  ;
; SW[3]      ; LEDR[10]    ; 7.909  ; 7.909  ; 7.909  ; 7.909  ;
; SW[3]      ; LEDR[11]    ; 7.258  ; 7.258  ; 7.258  ; 7.258  ;
; SW[3]      ; LEDR[12]    ; 7.215  ; 7.215  ; 7.215  ; 7.215  ;
; SW[3]      ; LEDR[13]    ; 6.964  ; 6.964  ; 6.964  ; 6.964  ;
; SW[3]      ; LEDR[14]    ; 7.901  ; 7.901  ; 7.901  ; 7.901  ;
; SW[3]      ; LEDR[15]    ; 7.902  ; 7.902  ; 7.902  ; 7.902  ;
; SW[3]      ; LEDR[16]    ; 8.696  ; 8.696  ; 8.696  ; 8.696  ;
; SW[4]      ; LEDR[4]     ; 5.731  ;        ;        ; 5.731  ;
; SW[4]      ; LEDR[8]     ; 7.083  ; 7.083  ; 7.083  ; 7.083  ;
; SW[4]      ; LEDR[9]     ; 7.009  ; 7.009  ; 7.009  ; 7.009  ;
; SW[4]      ; LEDR[10]    ; 7.098  ; 7.098  ; 7.098  ; 7.098  ;
; SW[4]      ; LEDR[11]    ; 7.762  ; 7.762  ; 7.762  ; 7.762  ;
; SW[4]      ; LEDR[12]    ; 6.835  ; 6.835  ; 6.835  ; 6.835  ;
; SW[4]      ; LEDR[13]    ; 6.933  ; 6.933  ; 6.933  ; 6.933  ;
; SW[4]      ; LEDR[14]    ; 7.521  ; 7.521  ; 7.521  ; 7.521  ;
; SW[4]      ; LEDR[15]    ; 7.751  ; 7.751  ; 7.751  ; 7.751  ;
; SW[4]      ; LEDR[16]    ; 8.414  ; 8.414  ; 8.414  ; 8.414  ;
; SW[5]      ; LEDR[5]     ; 6.153  ;        ;        ; 6.153  ;
; SW[5]      ; LEDR[8]     ; 8.104  ; 8.104  ; 8.104  ; 8.104  ;
; SW[5]      ; LEDR[9]     ; 7.274  ; 7.274  ; 7.274  ; 7.274  ;
; SW[5]      ; LEDR[10]    ; 7.356  ; 7.356  ; 7.356  ; 7.356  ;
; SW[5]      ; LEDR[11]    ; 7.591  ; 7.591  ; 7.591  ; 7.591  ;
; SW[5]      ; LEDR[12]    ; 8.306  ; 8.306  ; 8.306  ; 8.306  ;
; SW[5]      ; LEDR[13]    ; 7.360  ; 7.360  ; 7.360  ; 7.360  ;
; SW[5]      ; LEDR[14]    ; 8.046  ; 8.046  ; 8.046  ; 8.046  ;
; SW[5]      ; LEDR[15]    ; 8.007  ; 8.007  ; 8.007  ; 8.007  ;
; SW[5]      ; LEDR[16]    ; 8.766  ; 8.766  ; 8.766  ; 8.766  ;
; SW[6]      ; LEDR[6]     ; 5.789  ;        ;        ; 5.789  ;
; SW[6]      ; LEDR[8]     ; 7.893  ; 7.893  ; 7.893  ; 7.893  ;
; SW[6]      ; LEDR[9]     ; 8.298  ; 8.298  ; 8.298  ; 8.298  ;
; SW[6]      ; LEDR[10]    ; 7.116  ; 7.116  ; 7.116  ; 7.116  ;
; SW[6]      ; LEDR[11]    ; 7.090  ; 7.090  ; 7.090  ; 7.090  ;
; SW[6]      ; LEDR[12]    ; 7.847  ; 7.847  ; 7.847  ; 7.847  ;
; SW[6]      ; LEDR[13]    ; 7.572  ; 7.572  ; 7.572  ; 7.572  ;
; SW[6]      ; LEDR[14]    ; 8.355  ; 8.355  ; 8.355  ; 8.355  ;
; SW[6]      ; LEDR[15]    ; 8.016  ; 8.016  ; 8.016  ; 8.016  ;
; SW[6]      ; LEDR[16]    ; 8.765  ; 8.765  ; 8.765  ; 8.765  ;
; SW[7]      ; LEDR[7]     ; 6.967  ;        ;        ; 6.967  ;
; SW[7]      ; LEDR[8]     ; 8.927  ; 8.927  ; 8.927  ; 8.927  ;
; SW[7]      ; LEDR[9]     ; 9.116  ; 9.116  ; 9.116  ; 9.116  ;
; SW[7]      ; LEDR[10]    ; 9.581  ; 9.581  ; 9.581  ; 9.581  ;
; SW[7]      ; LEDR[11]    ; 8.935  ; 8.935  ; 8.935  ; 8.935  ;
; SW[7]      ; LEDR[12]    ; 8.893  ; 8.893  ; 8.893  ; 8.893  ;
; SW[7]      ; LEDR[13]    ; 8.641  ; 8.641  ; 8.641  ; 8.641  ;
; SW[7]      ; LEDR[14]    ; 9.579  ; 9.579  ; 9.579  ; 9.579  ;
; SW[7]      ; LEDR[15]    ; 9.581  ; 9.581  ; 9.581  ; 9.581  ;
; SW[7]      ; LEDR[16]    ; 10.375 ; 10.375 ; 10.375 ; 10.375 ;
; SW[8]      ; LEDR[8]     ; 8.518  ; 8.518  ; 8.518  ; 8.518  ;
; SW[8]      ; LEDR[9]     ; 8.489  ; 8.489  ; 8.489  ; 8.489  ;
; SW[8]      ; LEDR[10]    ; 8.958  ; 8.958  ; 8.958  ; 8.958  ;
; SW[8]      ; LEDR[11]    ; 9.633  ; 9.633  ; 9.633  ; 9.633  ;
; SW[8]      ; LEDR[12]    ; 8.255  ; 8.255  ; 8.255  ; 8.255  ;
; SW[8]      ; LEDR[13]    ; 8.737  ; 8.737  ; 8.737  ; 8.737  ;
; SW[8]      ; LEDR[14]    ; 8.941  ; 8.941  ; 8.941  ; 8.941  ;
; SW[8]      ; LEDR[15]    ; 9.610  ; 9.610  ; 9.610  ; 9.610  ;
; SW[8]      ; LEDR[16]    ; 9.834  ; 9.834  ; 9.834  ; 9.834  ;
; SW[9]      ; LEDR[8]     ; 9.328  ; 9.328  ; 9.328  ; 9.328  ;
; SW[9]      ; LEDR[9]     ; 8.498  ; 8.498  ; 8.498  ; 8.498  ;
; SW[9]      ; LEDR[10]    ; 8.586  ; 8.586  ; 8.586  ; 8.586  ;
; SW[9]      ; LEDR[11]    ; 9.250  ; 9.250  ; 9.250  ; 9.250  ;
; SW[9]      ; LEDR[12]    ; 9.527  ; 9.527  ; 9.527  ; 9.527  ;
; SW[9]      ; LEDR[13]    ; 9.123  ; 9.123  ; 9.123  ; 9.123  ;
; SW[9]      ; LEDR[14]    ; 9.572  ; 9.572  ; 9.572  ; 9.572  ;
; SW[9]      ; LEDR[15]    ; 9.228  ; 9.228  ; 9.228  ; 9.228  ;
; SW[9]      ; LEDR[16]    ; 9.987  ; 9.987  ; 9.987  ; 9.987  ;
; SW[10]     ; LEDR[8]     ; 8.654  ; 8.654  ; 8.654  ; 8.654  ;
; SW[10]     ; LEDR[9]     ; 9.063  ; 9.063  ; 9.063  ; 9.063  ;
; SW[10]     ; LEDR[10]    ; 7.767  ; 7.767  ; 7.767  ; 7.767  ;
; SW[10]     ; LEDR[11]    ; 7.744  ; 7.744  ; 7.744  ; 7.744  ;
; SW[10]     ; LEDR[12]    ; 8.944  ; 8.944  ; 8.944  ; 8.944  ;
; SW[10]     ; LEDR[13]    ; 8.669  ; 8.669  ; 8.669  ; 8.669  ;
; SW[10]     ; LEDR[14]    ; 9.008  ; 9.008  ; 9.008  ; 9.008  ;
; SW[10]     ; LEDR[15]    ; 8.669  ; 8.669  ; 8.669  ; 8.669  ;
; SW[10]     ; LEDR[16]    ; 9.418  ; 9.418  ; 9.418  ; 9.418  ;
; SW[11]     ; LEDR[8]     ; 8.181  ; 8.181  ; 8.181  ; 8.181  ;
; SW[11]     ; LEDR[9]     ; 8.586  ; 8.586  ; 8.586  ; 8.586  ;
; SW[11]     ; LEDR[10]    ; 8.928  ; 8.928  ; 8.928  ; 8.928  ;
; SW[11]     ; LEDR[11]    ; 8.179  ; 8.179  ; 8.179  ; 8.179  ;
; SW[11]     ; LEDR[12]    ; 8.158  ; 8.158  ; 8.158  ; 8.158  ;
; SW[11]     ; LEDR[13]    ; 7.881  ; 7.881  ; 7.881  ; 7.881  ;
; SW[11]     ; LEDR[14]    ; 8.844  ; 8.844  ; 8.844  ; 8.844  ;
; SW[11]     ; LEDR[15]    ; 9.498  ; 9.498  ; 9.498  ; 9.498  ;
; SW[11]     ; LEDR[16]    ; 9.743  ; 9.743  ; 9.743  ; 9.743  ;
; SW[12]     ; LEDR[8]     ; 8.127  ; 8.127  ; 8.127  ; 8.127  ;
; SW[12]     ; LEDR[9]     ; 8.102  ; 8.102  ; 8.102  ; 8.102  ;
; SW[12]     ; LEDR[10]    ; 8.567  ; 8.567  ; 8.567  ; 8.567  ;
; SW[12]     ; LEDR[11]    ; 9.576  ; 9.576  ; 9.576  ; 9.576  ;
; SW[12]     ; LEDR[12]    ; 7.871  ; 7.871  ; 7.871  ; 7.871  ;
; SW[12]     ; LEDR[13]    ; 8.353  ; 8.353  ; 8.353  ; 8.353  ;
; SW[12]     ; LEDR[14]    ; 8.557  ; 8.557  ; 8.557  ; 8.557  ;
; SW[12]     ; LEDR[15]    ; 9.364  ; 9.364  ; 9.364  ; 9.364  ;
; SW[12]     ; LEDR[16]    ; 9.450  ; 9.450  ; 9.450  ; 9.450  ;
; SW[13]     ; LEDR[8]     ; 12.899 ; 12.899 ; 12.899 ; 12.899 ;
; SW[13]     ; LEDR[9]     ; 12.069 ; 12.069 ; 12.069 ; 12.069 ;
; SW[13]     ; LEDR[10]    ; 12.160 ; 12.160 ; 12.160 ; 12.160 ;
; SW[13]     ; LEDR[11]    ; 12.824 ; 12.824 ; 12.824 ; 12.824 ;
; SW[13]     ; LEDR[12]    ; 12.868 ; 12.868 ; 12.868 ; 12.868 ;
; SW[13]     ; LEDR[13]    ; 11.841 ; 11.841 ; 11.841 ; 11.841 ;
; SW[13]     ; LEDR[14]    ; 12.527 ; 12.527 ; 12.527 ; 12.527 ;
; SW[13]     ; LEDR[15]    ; 12.698 ; 12.698 ; 12.698 ; 12.698 ;
; SW[13]     ; LEDR[16]    ; 13.328 ; 13.328 ; 13.328 ; 13.328 ;
; SW[14]     ; LEDR[8]     ; 12.632 ; 12.632 ; 12.632 ; 12.632 ;
; SW[14]     ; LEDR[9]     ; 13.041 ; 13.041 ; 13.041 ; 13.041 ;
; SW[14]     ; LEDR[10]    ; 11.755 ; 11.755 ; 11.755 ; 11.755 ;
; SW[14]     ; LEDR[11]    ; 11.722 ; 11.722 ; 11.722 ; 11.722 ;
; SW[14]     ; LEDR[12]    ; 12.934 ; 12.934 ; 12.934 ; 12.934 ;
; SW[14]     ; LEDR[13]    ; 13.604 ; 13.604 ; 13.604 ; 13.604 ;
; SW[14]     ; LEDR[14]    ; 12.984 ; 12.984 ; 12.984 ; 12.984 ;
; SW[14]     ; LEDR[15]    ; 12.645 ; 12.645 ; 12.645 ; 12.645 ;
; SW[14]     ; LEDR[16]    ; 13.394 ; 13.394 ; 13.394 ; 13.394 ;
; SW[15]     ; LEDR[8]     ; 12.003 ; 12.003 ; 12.003 ; 12.003 ;
; SW[15]     ; LEDR[9]     ; 12.408 ; 12.408 ; 12.408 ; 12.408 ;
; SW[15]     ; LEDR[10]    ; 12.750 ; 12.750 ; 12.750 ; 12.750 ;
; SW[15]     ; LEDR[11]    ; 12.013 ; 12.013 ; 12.013 ; 12.013 ;
; SW[15]     ; LEDR[12]    ; 11.989 ; 11.989 ; 11.989 ; 11.989 ;
; SW[15]     ; LEDR[13]    ; 11.719 ; 11.719 ; 11.719 ; 11.719 ;
; SW[15]     ; LEDR[14]    ; 12.673 ; 12.673 ; 12.673 ; 12.673 ;
; SW[15]     ; LEDR[15]    ; 12.626 ; 12.626 ; 12.626 ; 12.626 ;
; SW[15]     ; LEDR[16]    ; 13.420 ; 13.420 ; 13.420 ; 13.420 ;
+------------+-------------+--------+--------+--------+--------+


----------------------------
; Fast Model Setup Summary ;
----------------------------
No paths to report.


---------------------------
; Fast Model Hold Summary ;
---------------------------
No paths to report.


-------------------------------
; Fast Model Recovery Summary ;
-------------------------------
No paths to report.


------------------------------
; Fast Model Removal Summary ;
------------------------------
No paths to report.


------------------------------------------
; Fast Model Minimum Pulse Width Summary ;
------------------------------------------
No paths to report.


+----------------------------------------------------------+
; Propagation Delay                                        ;
+------------+-------------+-------+-------+-------+-------+
; Input Port ; Output Port ; RR    ; RF    ; FR    ; FF    ;
+------------+-------------+-------+-------+-------+-------+
; SW[0]      ; LEDR[0]     ; 3.314 ;       ;       ; 3.314 ;
; SW[0]      ; LEDR[8]     ; 5.097 ; 5.097 ; 5.097 ; 5.097 ;
; SW[0]      ; LEDR[9]     ; 5.269 ; 5.269 ; 5.269 ; 5.269 ;
; SW[0]      ; LEDR[10]    ; 5.102 ; 5.102 ; 5.102 ; 5.102 ;
; SW[0]      ; LEDR[11]    ; 5.378 ; 5.378 ; 5.378 ; 5.378 ;
; SW[0]      ; LEDR[12]    ; 5.325 ; 5.325 ; 5.325 ; 5.325 ;
; SW[0]      ; LEDR[13]    ; 5.608 ; 5.608 ; 5.608 ; 5.608 ;
; SW[0]      ; LEDR[14]    ; 5.470 ; 5.470 ; 5.470 ; 5.470 ;
; SW[0]      ; LEDR[15]    ; 5.756 ; 5.756 ; 5.756 ; 5.756 ;
; SW[0]      ; LEDR[16]    ; 5.441 ; 5.441 ; 5.441 ; 5.441 ;
; SW[1]      ; LEDR[1]     ; 3.343 ;       ;       ; 3.343 ;
; SW[1]      ; LEDR[8]     ; 5.231 ; 5.231 ; 5.231 ; 5.231 ;
; SW[1]      ; LEDR[9]     ; 5.403 ; 5.403 ; 5.403 ; 5.403 ;
; SW[1]      ; LEDR[10]    ; 5.236 ; 5.236 ; 5.236 ; 5.236 ;
; SW[1]      ; LEDR[11]    ; 5.512 ; 5.512 ; 5.512 ; 5.512 ;
; SW[1]      ; LEDR[12]    ; 5.684 ; 5.684 ; 5.684 ; 5.684 ;
; SW[1]      ; LEDR[13]    ; 5.967 ; 5.967 ; 5.967 ; 5.967 ;
; SW[1]      ; LEDR[14]    ; 5.829 ; 5.829 ; 5.829 ; 5.829 ;
; SW[1]      ; LEDR[15]    ; 6.115 ; 6.115 ; 6.115 ; 6.115 ;
; SW[1]      ; LEDR[16]    ; 5.834 ; 5.834 ; 5.834 ; 5.834 ;
; SW[2]      ; LEDR[2]     ; 3.784 ;       ;       ; 3.784 ;
; SW[2]      ; LEDR[8]     ; 5.256 ; 5.256 ; 5.256 ; 5.256 ;
; SW[2]      ; LEDR[9]     ; 5.428 ; 5.428 ; 5.428 ; 5.428 ;
; SW[2]      ; LEDR[10]    ; 5.261 ; 5.261 ; 5.261 ; 5.261 ;
; SW[2]      ; LEDR[11]    ; 5.537 ; 5.537 ; 5.537 ; 5.537 ;
; SW[2]      ; LEDR[12]    ; 5.503 ; 5.503 ; 5.503 ; 5.503 ;
; SW[2]      ; LEDR[13]    ; 5.786 ; 5.786 ; 5.786 ; 5.786 ;
; SW[2]      ; LEDR[14]    ; 5.648 ; 5.648 ; 5.648 ; 5.648 ;
; SW[2]      ; LEDR[15]    ; 5.934 ; 5.934 ; 5.934 ; 5.934 ;
; SW[2]      ; LEDR[16]    ; 5.653 ; 5.653 ; 5.653 ; 5.653 ;
; SW[3]      ; LEDR[3]     ; 3.235 ;       ;       ; 3.235 ;
; SW[3]      ; LEDR[8]     ; 4.334 ; 4.334 ; 4.334 ; 4.334 ;
; SW[3]      ; LEDR[9]     ; 4.506 ; 4.506 ; 4.506 ; 4.506 ;
; SW[3]      ; LEDR[10]    ; 4.339 ; 4.339 ; 4.339 ; 4.339 ;
; SW[3]      ; LEDR[11]    ; 4.615 ; 4.615 ; 4.615 ; 4.615 ;
; SW[3]      ; LEDR[12]    ; 4.641 ; 4.641 ; 4.641 ; 4.641 ;
; SW[3]      ; LEDR[13]    ; 4.924 ; 4.924 ; 4.924 ; 4.924 ;
; SW[3]      ; LEDR[14]    ; 4.786 ; 4.786 ; 4.786 ; 4.786 ;
; SW[3]      ; LEDR[15]    ; 5.072 ; 5.072 ; 5.072 ; 5.072 ;
; SW[3]      ; LEDR[16]    ; 4.757 ; 4.757 ; 4.757 ; 4.757 ;
; SW[4]      ; LEDR[4]     ; 3.162 ;       ;       ; 3.162 ;
; SW[4]      ; LEDR[8]     ; 4.246 ; 4.246 ; 4.246 ; 4.246 ;
; SW[4]      ; LEDR[9]     ; 4.418 ; 4.418 ; 4.418 ; 4.418 ;
; SW[4]      ; LEDR[10]    ; 4.251 ; 4.251 ; 4.251 ; 4.251 ;
; SW[4]      ; LEDR[11]    ; 4.527 ; 4.527 ; 4.527 ; 4.527 ;
; SW[4]      ; LEDR[12]    ; 4.473 ; 4.473 ; 4.473 ; 4.473 ;
; SW[4]      ; LEDR[13]    ; 4.756 ; 4.756 ; 4.756 ; 4.756 ;
; SW[4]      ; LEDR[14]    ; 4.618 ; 4.618 ; 4.618 ; 4.618 ;
; SW[4]      ; LEDR[15]    ; 4.904 ; 4.904 ; 4.904 ; 4.904 ;
; SW[4]      ; LEDR[16]    ; 4.589 ; 4.589 ; 4.589 ; 4.589 ;
; SW[5]      ; LEDR[5]     ; 3.380 ;       ;       ; 3.380 ;
; SW[5]      ; LEDR[8]     ; 4.611 ; 4.611 ; 4.611 ; 4.611 ;
; SW[5]      ; LEDR[9]     ; 4.783 ; 4.783 ; 4.783 ; 4.783 ;
; SW[5]      ; LEDR[10]    ; 4.616 ; 4.616 ; 4.616 ; 4.616 ;
; SW[5]      ; LEDR[11]    ; 4.892 ; 4.892 ; 4.892 ; 4.892 ;
; SW[5]      ; LEDR[12]    ; 5.061 ; 5.061 ; 5.061 ; 5.061 ;
; SW[5]      ; LEDR[13]    ; 5.344 ; 5.344 ; 5.344 ; 5.344 ;
; SW[5]      ; LEDR[14]    ; 5.206 ; 5.206 ; 5.206 ; 5.206 ;
; SW[5]      ; LEDR[15]    ; 5.492 ; 5.492 ; 5.492 ; 5.492 ;
; SW[5]      ; LEDR[16]    ; 5.211 ; 5.211 ; 5.211 ; 5.211 ;
; SW[6]      ; LEDR[6]     ; 3.190 ;       ;       ; 3.190 ;
; SW[6]      ; LEDR[8]     ; 4.614 ; 4.614 ; 4.614 ; 4.614 ;
; SW[6]      ; LEDR[9]     ; 4.786 ; 4.786 ; 4.786 ; 4.786 ;
; SW[6]      ; LEDR[10]    ; 4.619 ; 4.619 ; 4.619 ; 4.619 ;
; SW[6]      ; LEDR[11]    ; 4.895 ; 4.895 ; 4.895 ; 4.895 ;
; SW[6]      ; LEDR[12]    ; 4.861 ; 4.861 ; 4.861 ; 4.861 ;
; SW[6]      ; LEDR[13]    ; 5.144 ; 5.144 ; 5.144 ; 5.144 ;
; SW[6]      ; LEDR[14]    ; 5.006 ; 5.006 ; 5.006 ; 5.006 ;
; SW[6]      ; LEDR[15]    ; 5.292 ; 5.292 ; 5.292 ; 5.292 ;
; SW[6]      ; LEDR[16]    ; 5.011 ; 5.011 ; 5.011 ; 5.011 ;
; SW[7]      ; LEDR[7]     ; 3.900 ;       ;       ; 3.900 ;
; SW[7]      ; LEDR[8]     ; 5.279 ; 5.279 ; 5.279 ; 5.279 ;
; SW[7]      ; LEDR[9]     ; 5.451 ; 5.451 ; 5.451 ; 5.451 ;
; SW[7]      ; LEDR[10]    ; 5.284 ; 5.284 ; 5.284 ; 5.284 ;
; SW[7]      ; LEDR[11]    ; 5.560 ; 5.560 ; 5.560 ; 5.560 ;
; SW[7]      ; LEDR[12]    ; 5.589 ; 5.589 ; 5.589 ; 5.589 ;
; SW[7]      ; LEDR[13]    ; 5.872 ; 5.872 ; 5.872 ; 5.872 ;
; SW[7]      ; LEDR[14]    ; 5.734 ; 5.734 ; 5.734 ; 5.734 ;
; SW[7]      ; LEDR[15]    ; 6.020 ; 6.020 ; 6.020 ; 6.020 ;
; SW[7]      ; LEDR[16]    ; 5.705 ; 5.705 ; 5.705 ; 5.705 ;
; SW[8]      ; LEDR[8]     ; 5.337 ; 5.337 ; 5.337 ; 5.337 ;
; SW[8]      ; LEDR[9]     ; 5.509 ; 5.509 ; 5.509 ; 5.509 ;
; SW[8]      ; LEDR[10]    ; 5.342 ; 5.342 ; 5.342 ; 5.342 ;
; SW[8]      ; LEDR[11]    ; 5.618 ; 5.618 ; 5.618 ; 5.618 ;
; SW[8]      ; LEDR[12]    ; 5.376 ; 5.376 ; 5.376 ; 5.376 ;
; SW[8]      ; LEDR[13]    ; 5.659 ; 5.659 ; 5.659 ; 5.659 ;
; SW[8]      ; LEDR[14]    ; 5.521 ; 5.521 ; 5.521 ; 5.521 ;
; SW[8]      ; LEDR[15]    ; 5.807 ; 5.807 ; 5.807 ; 5.807 ;
; SW[8]      ; LEDR[16]    ; 5.492 ; 5.492 ; 5.492 ; 5.492 ;
; SW[9]      ; LEDR[8]     ; 5.571 ; 5.571 ; 5.571 ; 5.571 ;
; SW[9]      ; LEDR[9]     ; 5.743 ; 5.743 ; 5.743 ; 5.743 ;
; SW[9]      ; LEDR[10]    ; 5.576 ; 5.576 ; 5.576 ; 5.576 ;
; SW[9]      ; LEDR[11]    ; 5.852 ; 5.852 ; 5.852 ; 5.852 ;
; SW[9]      ; LEDR[12]    ; 6.021 ; 6.021 ; 6.021 ; 6.021 ;
; SW[9]      ; LEDR[13]    ; 6.304 ; 6.304 ; 6.304 ; 6.304 ;
; SW[9]      ; LEDR[14]    ; 6.166 ; 6.166 ; 6.166 ; 6.166 ;
; SW[9]      ; LEDR[15]    ; 6.452 ; 6.452 ; 6.452 ; 6.452 ;
; SW[9]      ; LEDR[16]    ; 6.171 ; 6.171 ; 6.171 ; 6.171 ;
; SW[10]     ; LEDR[8]     ; 5.231 ; 5.231 ; 5.231 ; 5.231 ;
; SW[10]     ; LEDR[9]     ; 5.403 ; 5.403 ; 5.403 ; 5.403 ;
; SW[10]     ; LEDR[10]    ; 5.236 ; 5.236 ; 5.236 ; 5.236 ;
; SW[10]     ; LEDR[11]    ; 5.512 ; 5.512 ; 5.512 ; 5.512 ;
; SW[10]     ; LEDR[12]    ; 5.312 ; 5.312 ; 5.312 ; 5.312 ;
; SW[10]     ; LEDR[13]    ; 5.595 ; 5.595 ; 5.595 ; 5.595 ;
; SW[10]     ; LEDR[14]    ; 5.457 ; 5.457 ; 5.457 ; 5.457 ;
; SW[10]     ; LEDR[15]    ; 5.743 ; 5.743 ; 5.743 ; 5.743 ;
; SW[10]     ; LEDR[16]    ; 5.462 ; 5.462 ; 5.462 ; 5.462 ;
; SW[11]     ; LEDR[8]     ; 5.108 ; 5.108 ; 5.108 ; 5.108 ;
; SW[11]     ; LEDR[9]     ; 5.280 ; 5.280 ; 5.280 ; 5.280 ;
; SW[11]     ; LEDR[10]    ; 5.114 ; 5.114 ; 5.114 ; 5.114 ;
; SW[11]     ; LEDR[11]    ; 5.413 ; 5.413 ; 5.413 ; 5.413 ;
; SW[11]     ; LEDR[12]    ; 5.460 ; 5.460 ; 5.460 ; 5.460 ;
; SW[11]     ; LEDR[13]    ; 5.743 ; 5.743 ; 5.743 ; 5.743 ;
; SW[11]     ; LEDR[14]    ; 5.605 ; 5.605 ; 5.605 ; 5.605 ;
; SW[11]     ; LEDR[15]    ; 5.891 ; 5.891 ; 5.891 ; 5.891 ;
; SW[11]     ; LEDR[16]    ; 5.576 ; 5.576 ; 5.576 ; 5.576 ;
; SW[12]     ; LEDR[8]     ; 4.703 ; 4.703 ; 4.703 ; 4.703 ;
; SW[12]     ; LEDR[9]     ; 4.875 ; 4.875 ; 4.875 ; 4.875 ;
; SW[12]     ; LEDR[10]    ; 4.709 ; 4.709 ; 4.709 ; 4.709 ;
; SW[12]     ; LEDR[11]    ; 5.008 ; 5.008 ; 5.008 ; 5.008 ;
; SW[12]     ; LEDR[12]    ; 5.062 ; 5.062 ; 5.062 ; 5.062 ;
; SW[12]     ; LEDR[13]    ; 5.345 ; 5.345 ; 5.345 ; 5.345 ;
; SW[12]     ; LEDR[14]    ; 5.207 ; 5.207 ; 5.207 ; 5.207 ;
; SW[12]     ; LEDR[15]    ; 5.493 ; 5.493 ; 5.493 ; 5.493 ;
; SW[12]     ; LEDR[16]    ; 5.178 ; 5.178 ; 5.178 ; 5.178 ;
; SW[13]     ; LEDR[8]     ; 7.305 ; 7.305 ; 7.305 ; 7.305 ;
; SW[13]     ; LEDR[9]     ; 7.477 ; 7.477 ; 7.477 ; 7.477 ;
; SW[13]     ; LEDR[10]    ; 7.310 ; 7.310 ; 7.310 ; 7.310 ;
; SW[13]     ; LEDR[11]    ; 7.586 ; 7.586 ; 7.586 ; 7.586 ;
; SW[13]     ; LEDR[12]    ; 7.250 ; 7.250 ; 7.250 ; 7.250 ;
; SW[13]     ; LEDR[13]    ; 7.533 ; 7.533 ; 7.533 ; 7.533 ;
; SW[13]     ; LEDR[14]    ; 7.395 ; 7.395 ; 7.395 ; 7.395 ;
; SW[13]     ; LEDR[15]    ; 7.681 ; 7.681 ; 7.681 ; 7.681 ;
; SW[13]     ; LEDR[16]    ; 7.367 ; 7.367 ; 7.367 ; 7.367 ;
; SW[14]     ; LEDR[8]     ; 7.267 ; 7.267 ; 7.267 ; 7.267 ;
; SW[14]     ; LEDR[9]     ; 7.439 ; 7.439 ; 7.439 ; 7.439 ;
; SW[14]     ; LEDR[10]    ; 7.272 ; 7.272 ; 7.272 ; 7.272 ;
; SW[14]     ; LEDR[11]    ; 7.548 ; 7.548 ; 7.548 ; 7.548 ;
; SW[14]     ; LEDR[12]    ; 7.725 ; 7.725 ; 7.725 ; 7.725 ;
; SW[14]     ; LEDR[13]    ; 8.008 ; 8.008 ; 8.008 ; 8.008 ;
; SW[14]     ; LEDR[14]    ; 7.870 ; 7.870 ; 7.870 ; 7.870 ;
; SW[14]     ; LEDR[15]    ; 8.156 ; 8.156 ; 8.156 ; 8.156 ;
; SW[14]     ; LEDR[16]    ; 7.875 ; 7.875 ; 7.875 ; 7.875 ;
; SW[15]     ; LEDR[8]     ; 7.282 ; 7.282 ; 7.282 ; 7.282 ;
; SW[15]     ; LEDR[9]     ; 7.454 ; 7.454 ; 7.454 ; 7.454 ;
; SW[15]     ; LEDR[10]    ; 7.287 ; 7.287 ; 7.287 ; 7.287 ;
; SW[15]     ; LEDR[11]    ; 7.563 ; 7.563 ; 7.563 ; 7.563 ;
; SW[15]     ; LEDR[12]    ; 7.241 ; 7.241 ; 7.241 ; 7.241 ;
; SW[15]     ; LEDR[13]    ; 7.524 ; 7.524 ; 7.524 ; 7.524 ;
; SW[15]     ; LEDR[14]    ; 7.386 ; 7.386 ; 7.386 ; 7.386 ;
; SW[15]     ; LEDR[15]    ; 7.672 ; 7.672 ; 7.672 ; 7.672 ;
; SW[15]     ; LEDR[16]    ; 7.394 ; 7.394 ; 7.394 ; 7.394 ;
+------------+-------------+-------+-------+-------+-------+


+----------------------------------------------------------+
; Minimum Propagation Delay                                ;
+------------+-------------+-------+-------+-------+-------+
; Input Port ; Output Port ; RR    ; RF    ; FR    ; FF    ;
+------------+-------------+-------+-------+-------+-------+
; SW[0]      ; LEDR[0]     ; 3.314 ;       ;       ; 3.314 ;
; SW[0]      ; LEDR[8]     ; 4.499 ; 4.499 ; 4.499 ; 4.499 ;
; SW[0]      ; LEDR[9]     ; 4.479 ; 4.479 ; 4.479 ; 4.479 ;
; SW[0]      ; LEDR[10]    ; 4.511 ; 4.511 ; 4.511 ; 4.511 ;
; SW[0]      ; LEDR[11]    ; 4.794 ; 4.794 ; 4.794 ; 4.794 ;
; SW[0]      ; LEDR[12]    ; 4.419 ; 4.419 ; 4.419 ; 4.419 ;
; SW[0]      ; LEDR[13]    ; 4.445 ; 4.445 ; 4.445 ; 4.445 ;
; SW[0]      ; LEDR[14]    ; 4.732 ; 4.732 ; 4.732 ; 4.732 ;
; SW[0]      ; LEDR[15]    ; 4.808 ; 4.808 ; 4.808 ; 4.808 ;
; SW[0]      ; LEDR[16]    ; 5.116 ; 5.116 ; 5.116 ; 5.116 ;
; SW[1]      ; LEDR[1]     ; 3.343 ;       ;       ; 3.343 ;
; SW[1]      ; LEDR[8]     ; 4.700 ; 4.700 ; 4.700 ; 4.700 ;
; SW[1]      ; LEDR[9]     ; 4.352 ; 4.352 ; 4.352 ; 4.352 ;
; SW[1]      ; LEDR[10]    ; 4.375 ; 4.375 ; 4.375 ; 4.375 ;
; SW[1]      ; LEDR[11]    ; 4.502 ; 4.502 ; 4.502 ; 4.502 ;
; SW[1]      ; LEDR[12]    ; 4.786 ; 4.786 ; 4.786 ; 4.786 ;
; SW[1]      ; LEDR[13]    ; 4.399 ; 4.399 ; 4.399 ; 4.399 ;
; SW[1]      ; LEDR[14]    ; 4.736 ; 4.736 ; 4.736 ; 4.736 ;
; SW[1]      ; LEDR[15]    ; 4.683 ; 4.683 ; 4.683 ; 4.683 ;
; SW[1]      ; LEDR[16]    ; 5.032 ; 5.032 ; 5.032 ; 5.032 ;
; SW[2]      ; LEDR[2]     ; 3.784 ;       ;       ; 3.784 ;
; SW[2]      ; LEDR[8]     ; 4.651 ; 4.651 ; 4.651 ; 4.651 ;
; SW[2]      ; LEDR[9]     ; 4.828 ; 4.828 ; 4.828 ; 4.828 ;
; SW[2]      ; LEDR[10]    ; 4.315 ; 4.315 ; 4.315 ; 4.315 ;
; SW[2]      ; LEDR[11]    ; 4.315 ; 4.315 ; 4.315 ; 4.315 ;
; SW[2]      ; LEDR[12]    ; 4.656 ; 4.656 ; 4.656 ; 4.656 ;
; SW[2]      ; LEDR[13]    ; 4.533 ; 4.533 ; 4.533 ; 4.533 ;
; SW[2]      ; LEDR[14]    ; 4.877 ; 4.877 ; 4.877 ; 4.877 ;
; SW[2]      ; LEDR[15]    ; 4.726 ; 4.726 ; 4.726 ; 4.726 ;
; SW[2]      ; LEDR[16]    ; 5.068 ; 5.068 ; 5.068 ; 5.068 ;
; SW[3]      ; LEDR[3]     ; 3.235 ;       ;       ; 3.235 ;
; SW[3]      ; LEDR[8]     ; 3.729 ; 3.729 ; 3.729 ; 3.729 ;
; SW[3]      ; LEDR[9]     ; 3.815 ; 3.815 ; 3.815 ; 3.815 ;
; SW[3]      ; LEDR[10]    ; 4.010 ; 4.010 ; 4.010 ; 4.010 ;
; SW[3]      ; LEDR[11]    ; 3.736 ; 3.736 ; 3.736 ; 3.736 ;
; SW[3]      ; LEDR[12]    ; 3.727 ; 3.727 ; 3.727 ; 3.727 ;
; SW[3]      ; LEDR[13]    ; 3.622 ; 3.622 ; 3.622 ; 3.622 ;
; SW[3]      ; LEDR[14]    ; 4.040 ; 4.040 ; 4.040 ; 4.040 ;
; SW[3]      ; LEDR[15]    ; 4.034 ; 4.034 ; 4.034 ; 4.034 ;
; SW[3]      ; LEDR[16]    ; 4.382 ; 4.382 ; 4.382 ; 4.382 ;
; SW[4]      ; LEDR[4]     ; 3.162 ;       ;       ; 3.162 ;
; SW[4]      ; LEDR[8]     ; 3.647 ; 3.647 ; 3.647 ; 3.647 ;
; SW[4]      ; LEDR[9]     ; 3.628 ; 3.628 ; 3.628 ; 3.628 ;
; SW[4]      ; LEDR[10]    ; 3.660 ; 3.660 ; 3.660 ; 3.660 ;
; SW[4]      ; LEDR[11]    ; 3.943 ; 3.943 ; 3.943 ; 3.943 ;
; SW[4]      ; LEDR[12]    ; 3.567 ; 3.567 ; 3.567 ; 3.567 ;
; SW[4]      ; LEDR[13]    ; 3.602 ; 3.602 ; 3.602 ; 3.602 ;
; SW[4]      ; LEDR[14]    ; 3.880 ; 3.880 ; 3.880 ; 3.880 ;
; SW[4]      ; LEDR[15]    ; 3.965 ; 3.965 ; 3.965 ; 3.965 ;
; SW[4]      ; LEDR[16]    ; 4.264 ; 4.264 ; 4.264 ; 4.264 ;
; SW[5]      ; LEDR[5]     ; 3.380 ;       ;       ; 3.380 ;
; SW[5]      ; LEDR[8]     ; 4.077 ; 4.077 ; 4.077 ; 4.077 ;
; SW[5]      ; LEDR[9]     ; 3.729 ; 3.729 ; 3.729 ; 3.729 ;
; SW[5]      ; LEDR[10]    ; 3.752 ; 3.752 ; 3.752 ; 3.752 ;
; SW[5]      ; LEDR[11]    ; 3.882 ; 3.882 ; 3.882 ; 3.882 ;
; SW[5]      ; LEDR[12]    ; 4.163 ; 4.163 ; 4.163 ; 4.163 ;
; SW[5]      ; LEDR[13]    ; 3.776 ; 3.776 ; 3.776 ; 3.776 ;
; SW[5]      ; LEDR[14]    ; 4.113 ; 4.113 ; 4.113 ; 4.113 ;
; SW[5]      ; LEDR[15]    ; 4.060 ; 4.060 ; 4.060 ; 4.060 ;
; SW[5]      ; LEDR[16]    ; 4.409 ; 4.409 ; 4.409 ; 4.409 ;
; SW[6]      ; LEDR[6]     ; 3.190 ;       ;       ; 3.190 ;
; SW[6]      ; LEDR[8]     ; 4.009 ; 4.009 ; 4.009 ; 4.009 ;
; SW[6]      ; LEDR[9]     ; 4.186 ; 4.186 ; 4.186 ; 4.186 ;
; SW[6]      ; LEDR[10]    ; 3.673 ; 3.673 ; 3.673 ; 3.673 ;
; SW[6]      ; LEDR[11]    ; 3.673 ; 3.673 ; 3.673 ; 3.673 ;
; SW[6]      ; LEDR[12]    ; 4.019 ; 4.019 ; 4.019 ; 4.019 ;
; SW[6]      ; LEDR[13]    ; 3.896 ; 3.896 ; 3.896 ; 3.896 ;
; SW[6]      ; LEDR[14]    ; 4.235 ; 4.235 ; 4.235 ; 4.235 ;
; SW[6]      ; LEDR[15]    ; 4.084 ; 4.084 ; 4.084 ; 4.084 ;
; SW[6]      ; LEDR[16]    ; 4.426 ; 4.426 ; 4.426 ; 4.426 ;
; SW[7]      ; LEDR[7]     ; 3.900 ;       ;       ; 3.900 ;
; SW[7]      ; LEDR[8]     ; 4.674 ; 4.674 ; 4.674 ; 4.674 ;
; SW[7]      ; LEDR[9]     ; 4.760 ; 4.760 ; 4.760 ; 4.760 ;
; SW[7]      ; LEDR[10]    ; 4.955 ; 4.955 ; 4.955 ; 4.955 ;
; SW[7]      ; LEDR[11]    ; 4.681 ; 4.681 ; 4.681 ; 4.681 ;
; SW[7]      ; LEDR[12]    ; 4.675 ; 4.675 ; 4.675 ; 4.675 ;
; SW[7]      ; LEDR[13]    ; 4.567 ; 4.567 ; 4.567 ; 4.567 ;
; SW[7]      ; LEDR[14]    ; 4.988 ; 4.988 ; 4.988 ; 4.988 ;
; SW[7]      ; LEDR[15]    ; 4.983 ; 4.983 ; 4.983 ; 4.983 ;
; SW[7]      ; LEDR[16]    ; 5.331 ; 5.331 ; 5.331 ; 5.331 ;
; SW[8]      ; LEDR[8]     ; 4.557 ; 4.557 ; 4.557 ; 4.557 ;
; SW[8]      ; LEDR[9]     ; 4.552 ; 4.552 ; 4.552 ; 4.552 ;
; SW[8]      ; LEDR[10]    ; 4.751 ; 4.751 ; 4.751 ; 4.751 ;
; SW[8]      ; LEDR[11]    ; 5.034 ; 5.034 ; 5.034 ; 5.034 ;
; SW[8]      ; LEDR[12]    ; 4.461 ; 4.461 ; 4.461 ; 4.461 ;
; SW[8]      ; LEDR[13]    ; 4.659 ; 4.659 ; 4.659 ; 4.659 ;
; SW[8]      ; LEDR[14]    ; 4.774 ; 4.774 ; 4.774 ; 4.774 ;
; SW[8]      ; LEDR[15]    ; 5.048 ; 5.048 ; 5.048 ; 5.048 ;
; SW[8]      ; LEDR[16]    ; 5.158 ; 5.158 ; 5.158 ; 5.158 ;
; SW[9]      ; LEDR[8]     ; 4.815 ; 4.815 ; 4.815 ; 4.815 ;
; SW[9]      ; LEDR[9]     ; 4.467 ; 4.467 ; 4.467 ; 4.467 ;
; SW[9]      ; LEDR[10]    ; 4.498 ; 4.498 ; 4.498 ; 4.498 ;
; SW[9]      ; LEDR[11]    ; 4.781 ; 4.781 ; 4.781 ; 4.781 ;
; SW[9]      ; LEDR[12]    ; 4.897 ; 4.897 ; 4.897 ; 4.897 ;
; SW[9]      ; LEDR[13]    ; 4.732 ; 4.732 ; 4.732 ; 4.732 ;
; SW[9]      ; LEDR[14]    ; 4.943 ; 4.943 ; 4.943 ; 4.943 ;
; SW[9]      ; LEDR[15]    ; 4.794 ; 4.794 ; 4.794 ; 4.794 ;
; SW[9]      ; LEDR[16]    ; 5.143 ; 5.143 ; 5.143 ; 5.143 ;
; SW[10]     ; LEDR[8]     ; 4.509 ; 4.509 ; 4.509 ; 4.509 ;
; SW[10]     ; LEDR[9]     ; 4.686 ; 4.686 ; 4.686 ; 4.686 ;
; SW[10]     ; LEDR[10]    ; 4.120 ; 4.120 ; 4.120 ; 4.120 ;
; SW[10]     ; LEDR[11]    ; 4.123 ; 4.123 ; 4.123 ; 4.123 ;
; SW[10]     ; LEDR[12]    ; 4.630 ; 4.630 ; 4.630 ; 4.630 ;
; SW[10]     ; LEDR[13]    ; 4.528 ; 4.528 ; 4.528 ; 4.528 ;
; SW[10]     ; LEDR[14]    ; 4.685 ; 4.685 ; 4.685 ; 4.685 ;
; SW[10]     ; LEDR[15]    ; 4.534 ; 4.534 ; 4.534 ; 4.534 ;
; SW[10]     ; LEDR[16]    ; 4.876 ; 4.876 ; 4.876 ; 4.876 ;
; SW[11]     ; LEDR[8]     ; 4.272 ; 4.272 ; 4.272 ; 4.272 ;
; SW[11]     ; LEDR[9]     ; 4.449 ; 4.449 ; 4.449 ; 4.449 ;
; SW[11]     ; LEDR[10]    ; 4.597 ; 4.597 ; 4.597 ; 4.597 ;
; SW[11]     ; LEDR[11]    ; 4.272 ; 4.272 ; 4.272 ; 4.272 ;
; SW[11]     ; LEDR[12]    ; 4.279 ; 4.279 ; 4.279 ; 4.279 ;
; SW[11]     ; LEDR[13]    ; 4.156 ; 4.156 ; 4.156 ; 4.156 ;
; SW[11]     ; LEDR[14]    ; 4.591 ; 4.591 ; 4.591 ; 4.591 ;
; SW[11]     ; LEDR[15]    ; 4.856 ; 4.856 ; 4.856 ; 4.856 ;
; SW[11]     ; LEDR[16]    ; 4.980 ; 4.980 ; 4.980 ; 4.980 ;
; SW[12]     ; LEDR[8]     ; 4.239 ; 4.239 ; 4.239 ; 4.239 ;
; SW[12]     ; LEDR[9]     ; 4.242 ; 4.242 ; 4.242 ; 4.242 ;
; SW[12]     ; LEDR[10]    ; 4.436 ; 4.436 ; 4.436 ; 4.436 ;
; SW[12]     ; LEDR[11]    ; 4.855 ; 4.855 ; 4.855 ; 4.855 ;
; SW[12]     ; LEDR[12]    ; 4.153 ; 4.153 ; 4.153 ; 4.153 ;
; SW[12]     ; LEDR[13]    ; 4.351 ; 4.351 ; 4.351 ; 4.351 ;
; SW[12]     ; LEDR[14]    ; 4.466 ; 4.466 ; 4.466 ; 4.466 ;
; SW[12]     ; LEDR[15]    ; 4.788 ; 4.788 ; 4.788 ; 4.788 ;
; SW[12]     ; LEDR[16]    ; 4.850 ; 4.850 ; 4.850 ; 4.850 ;
; SW[13]     ; LEDR[8]     ; 7.037 ; 7.037 ; 7.037 ; 7.037 ;
; SW[13]     ; LEDR[9]     ; 6.689 ; 6.689 ; 6.689 ; 6.689 ;
; SW[13]     ; LEDR[10]    ; 6.719 ; 6.719 ; 6.719 ; 6.719 ;
; SW[13]     ; LEDR[11]    ; 7.002 ; 7.002 ; 7.002 ; 7.002 ;
; SW[13]     ; LEDR[12]    ; 7.021 ; 7.021 ; 7.021 ; 7.021 ;
; SW[13]     ; LEDR[13]    ; 6.588 ; 6.588 ; 6.588 ; 6.588 ;
; SW[13]     ; LEDR[14]    ; 6.925 ; 6.925 ; 6.925 ; 6.925 ;
; SW[13]     ; LEDR[15]    ; 6.963 ; 6.963 ; 6.963 ; 6.963 ;
; SW[13]     ; LEDR[16]    ; 7.267 ; 7.267 ; 7.267 ; 7.267 ;
; SW[14]     ; LEDR[8]     ; 6.928 ; 6.928 ; 6.928 ; 6.928 ;
; SW[14]     ; LEDR[9]     ; 7.105 ; 7.105 ; 7.105 ; 7.105 ;
; SW[14]     ; LEDR[10]    ; 6.545 ; 6.545 ; 6.545 ; 6.545 ;
; SW[14]     ; LEDR[11]    ; 6.542 ; 6.542 ; 6.542 ; 6.542 ;
; SW[14]     ; LEDR[12]    ; 7.045 ; 7.045 ; 7.045 ; 7.045 ;
; SW[14]     ; LEDR[13]    ; 7.328 ; 7.328 ; 7.328 ; 7.328 ;
; SW[14]     ; LEDR[14]    ; 7.100 ; 7.100 ; 7.100 ; 7.100 ;
; SW[14]     ; LEDR[15]    ; 6.949 ; 6.949 ; 6.949 ; 6.949 ;
; SW[14]     ; LEDR[16]    ; 7.291 ; 7.291 ; 7.291 ; 7.291 ;
; SW[15]     ; LEDR[8]     ; 6.676 ; 6.676 ; 6.676 ; 6.676 ;
; SW[15]     ; LEDR[9]     ; 6.853 ; 6.853 ; 6.853 ; 6.853 ;
; SW[15]     ; LEDR[10]    ; 7.001 ; 7.001 ; 7.001 ; 7.001 ;
; SW[15]     ; LEDR[11]    ; 6.684 ; 6.684 ; 6.684 ; 6.684 ;
; SW[15]     ; LEDR[12]    ; 6.692 ; 6.692 ; 6.692 ; 6.692 ;
; SW[15]     ; LEDR[13]    ; 6.570 ; 6.570 ; 6.570 ; 6.570 ;
; SW[15]     ; LEDR[14]    ; 7.001 ; 7.001 ; 7.001 ; 7.001 ;
; SW[15]     ; LEDR[15]    ; 6.975 ; 6.975 ; 6.975 ; 6.975 ;
; SW[15]     ; LEDR[16]    ; 7.323 ; 7.323 ; 7.323 ; 7.323 ;
+------------+-------------+-------+-------+-------+-------+


+----------------------------------------------------------------------------+
; Multicorner Timing Analysis Summary                                        ;
+------------------+-------+------+----------+---------+---------------------+
; Clock            ; Setup ; Hold ; Recovery ; Removal ; Minimum Pulse Width ;
+------------------+-------+------+----------+---------+---------------------+
; Worst-case Slack ; N/A   ; N/A  ; N/A      ; N/A     ; N/A                 ;
; Design-wide TNS  ; 0.0   ; 0.0  ; 0.0      ; 0.0     ; 0.0                 ;
+------------------+-------+------+----------+---------+---------------------+


+--------------------------------------------------------------+
; Progagation Delay                                            ;
+------------+-------------+--------+--------+--------+--------+
; Input Port ; Output Port ; RR     ; RF     ; FR     ; FF     ;
+------------+-------------+--------+--------+--------+--------+
; SW[0]      ; LEDR[0]     ; 6.062  ;        ;        ; 6.062  ;
; SW[0]      ; LEDR[8]     ; 9.975  ; 9.975  ; 9.975  ; 9.975  ;
; SW[0]      ; LEDR[9]     ; 10.380 ; 10.380 ; 10.380 ; 10.380 ;
; SW[0]      ; LEDR[10]    ; 9.988  ; 9.988  ; 9.988  ; 9.988  ;
; SW[0]      ; LEDR[11]    ; 10.650 ; 10.650 ; 10.650 ; 10.650 ;
; SW[0]      ; LEDR[12]    ; 10.505 ; 10.505 ; 10.505 ; 10.505 ;
; SW[0]      ; LEDR[13]    ; 11.175 ; 11.175 ; 11.175 ; 11.175 ;
; SW[0]      ; LEDR[14]    ; 10.788 ; 10.788 ; 10.788 ; 10.788 ;
; SW[0]      ; LEDR[15]    ; 11.425 ; 11.425 ; 11.425 ; 11.425 ;
; SW[0]      ; LEDR[16]    ; 10.762 ; 10.762 ; 10.762 ; 10.762 ;
; SW[1]      ; LEDR[1]     ; 6.124  ;        ;        ; 6.124  ;
; SW[1]      ; LEDR[8]     ; 10.380 ; 10.380 ; 10.380 ; 10.380 ;
; SW[1]      ; LEDR[9]     ; 10.785 ; 10.785 ; 10.785 ; 10.785 ;
; SW[1]      ; LEDR[10]    ; 10.393 ; 10.393 ; 10.393 ; 10.393 ;
; SW[1]      ; LEDR[11]    ; 11.055 ; 11.055 ; 11.055 ; 11.055 ;
; SW[1]      ; LEDR[12]    ; 11.386 ; 11.386 ; 11.386 ; 11.386 ;
; SW[1]      ; LEDR[13]    ; 12.056 ; 12.056 ; 12.056 ; 12.056 ;
; SW[1]      ; LEDR[14]    ; 11.669 ; 11.669 ; 11.669 ; 11.669 ;
; SW[1]      ; LEDR[15]    ; 12.306 ; 12.306 ; 12.306 ; 12.306 ;
; SW[1]      ; LEDR[16]    ; 11.691 ; 11.691 ; 11.691 ; 11.691 ;
; SW[2]      ; LEDR[2]     ; 6.884  ;        ;        ; 6.884  ;
; SW[2]      ; LEDR[8]     ; 10.401 ; 10.401 ; 10.401 ; 10.401 ;
; SW[2]      ; LEDR[9]     ; 10.806 ; 10.806 ; 10.806 ; 10.806 ;
; SW[2]      ; LEDR[10]    ; 10.414 ; 10.414 ; 10.414 ; 10.414 ;
; SW[2]      ; LEDR[11]    ; 11.076 ; 11.076 ; 11.076 ; 11.076 ;
; SW[2]      ; LEDR[12]    ; 10.949 ; 10.949 ; 10.949 ; 10.949 ;
; SW[2]      ; LEDR[13]    ; 11.619 ; 11.619 ; 11.619 ; 11.619 ;
; SW[2]      ; LEDR[14]    ; 11.232 ; 11.232 ; 11.232 ; 11.232 ;
; SW[2]      ; LEDR[15]    ; 11.869 ; 11.869 ; 11.869 ; 11.869 ;
; SW[2]      ; LEDR[16]    ; 11.254 ; 11.254 ; 11.254 ; 11.254 ;
; SW[3]      ; LEDR[3]     ; 5.876  ;        ;        ; 5.876  ;
; SW[3]      ; LEDR[8]     ; 8.634  ; 8.634  ; 8.634  ; 8.634  ;
; SW[3]      ; LEDR[9]     ; 9.039  ; 9.039  ; 9.039  ; 9.039  ;
; SW[3]      ; LEDR[10]    ; 8.647  ; 8.647  ; 8.647  ; 8.647  ;
; SW[3]      ; LEDR[11]    ; 9.309  ; 9.309  ; 9.309  ; 9.309  ;
; SW[3]      ; LEDR[12]    ; 9.336  ; 9.336  ; 9.336  ; 9.336  ;
; SW[3]      ; LEDR[13]    ; 10.006 ; 10.006 ; 10.006 ; 10.006 ;
; SW[3]      ; LEDR[14]    ; 9.619  ; 9.619  ; 9.619  ; 9.619  ;
; SW[3]      ; LEDR[15]    ; 10.256 ; 10.256 ; 10.256 ; 10.256 ;
; SW[3]      ; LEDR[16]    ; 9.593  ; 9.593  ; 9.593  ; 9.593  ;
; SW[4]      ; LEDR[4]     ; 5.731  ;        ;        ; 5.731  ;
; SW[4]      ; LEDR[8]     ; 8.413  ; 8.413  ; 8.413  ; 8.413  ;
; SW[4]      ; LEDR[9]     ; 8.818  ; 8.818  ; 8.818  ; 8.818  ;
; SW[4]      ; LEDR[10]    ; 8.426  ; 8.426  ; 8.426  ; 8.426  ;
; SW[4]      ; LEDR[11]    ; 9.088  ; 9.088  ; 9.088  ; 9.088  ;
; SW[4]      ; LEDR[12]    ; 8.947  ; 8.947  ; 8.947  ; 8.947  ;
; SW[4]      ; LEDR[13]    ; 9.617  ; 9.617  ; 9.617  ; 9.617  ;
; SW[4]      ; LEDR[14]    ; 9.230  ; 9.230  ; 9.230  ; 9.230  ;
; SW[4]      ; LEDR[15]    ; 9.867  ; 9.867  ; 9.867  ; 9.867  ;
; SW[4]      ; LEDR[16]    ; 9.204  ; 9.204  ; 9.204  ; 9.204  ;
; SW[5]      ; LEDR[5]     ; 6.153  ;        ;        ; 6.153  ;
; SW[5]      ; LEDR[8]     ; 9.299  ; 9.299  ; 9.299  ; 9.299  ;
; SW[5]      ; LEDR[9]     ; 9.704  ; 9.704  ; 9.704  ; 9.704  ;
; SW[5]      ; LEDR[10]    ; 9.312  ; 9.312  ; 9.312  ; 9.312  ;
; SW[5]      ; LEDR[11]    ; 9.974  ; 9.974  ; 9.974  ; 9.974  ;
; SW[5]      ; LEDR[12]    ; 10.277 ; 10.277 ; 10.277 ; 10.277 ;
; SW[5]      ; LEDR[13]    ; 10.947 ; 10.947 ; 10.947 ; 10.947 ;
; SW[5]      ; LEDR[14]    ; 10.560 ; 10.560 ; 10.560 ; 10.560 ;
; SW[5]      ; LEDR[15]    ; 11.197 ; 11.197 ; 11.197 ; 11.197 ;
; SW[5]      ; LEDR[16]    ; 10.582 ; 10.582 ; 10.582 ; 10.582 ;
; SW[6]      ; LEDR[6]     ; 5.789  ;        ;        ; 5.789  ;
; SW[6]      ; LEDR[8]     ; 9.272  ; 9.272  ; 9.272  ; 9.272  ;
; SW[6]      ; LEDR[9]     ; 9.677  ; 9.677  ; 9.677  ; 9.677  ;
; SW[6]      ; LEDR[10]    ; 9.285  ; 9.285  ; 9.285  ; 9.285  ;
; SW[6]      ; LEDR[11]    ; 9.947  ; 9.947  ; 9.947  ; 9.947  ;
; SW[6]      ; LEDR[12]    ; 9.821  ; 9.821  ; 9.821  ; 9.821  ;
; SW[6]      ; LEDR[13]    ; 10.491 ; 10.491 ; 10.491 ; 10.491 ;
; SW[6]      ; LEDR[14]    ; 10.104 ; 10.104 ; 10.104 ; 10.104 ;
; SW[6]      ; LEDR[15]    ; 10.741 ; 10.741 ; 10.741 ; 10.741 ;
; SW[6]      ; LEDR[16]    ; 10.126 ; 10.126 ; 10.126 ; 10.126 ;
; SW[7]      ; LEDR[7]     ; 6.967  ;        ;        ; 6.967  ;
; SW[7]      ; LEDR[8]     ; 10.311 ; 10.311 ; 10.311 ; 10.311 ;
; SW[7]      ; LEDR[9]     ; 10.716 ; 10.716 ; 10.716 ; 10.716 ;
; SW[7]      ; LEDR[10]    ; 10.324 ; 10.324 ; 10.324 ; 10.324 ;
; SW[7]      ; LEDR[11]    ; 10.986 ; 10.986 ; 10.986 ; 10.986 ;
; SW[7]      ; LEDR[12]    ; 11.014 ; 11.014 ; 11.014 ; 11.014 ;
; SW[7]      ; LEDR[13]    ; 11.684 ; 11.684 ; 11.684 ; 11.684 ;
; SW[7]      ; LEDR[14]    ; 11.297 ; 11.297 ; 11.297 ; 11.297 ;
; SW[7]      ; LEDR[15]    ; 11.934 ; 11.934 ; 11.934 ; 11.934 ;
; SW[7]      ; LEDR[16]    ; 11.271 ; 11.271 ; 11.271 ; 11.271 ;
; SW[8]      ; LEDR[8]     ; 10.284 ; 10.284 ; 10.284 ; 10.284 ;
; SW[8]      ; LEDR[9]     ; 10.689 ; 10.689 ; 10.689 ; 10.689 ;
; SW[8]      ; LEDR[10]    ; 10.297 ; 10.297 ; 10.297 ; 10.297 ;
; SW[8]      ; LEDR[11]    ; 10.959 ; 10.959 ; 10.959 ; 10.959 ;
; SW[8]      ; LEDR[12]    ; 10.374 ; 10.374 ; 10.374 ; 10.374 ;
; SW[8]      ; LEDR[13]    ; 11.044 ; 11.044 ; 11.044 ; 11.044 ;
; SW[8]      ; LEDR[14]    ; 10.657 ; 10.657 ; 10.657 ; 10.657 ;
; SW[8]      ; LEDR[15]    ; 11.294 ; 11.294 ; 11.294 ; 11.294 ;
; SW[8]      ; LEDR[16]    ; 10.631 ; 10.631 ; 10.631 ; 10.631 ;
; SW[9]      ; LEDR[8]     ; 11.065 ; 11.065 ; 11.065 ; 11.065 ;
; SW[9]      ; LEDR[9]     ; 11.470 ; 11.470 ; 11.470 ; 11.470 ;
; SW[9]      ; LEDR[10]    ; 11.078 ; 11.078 ; 11.078 ; 11.078 ;
; SW[9]      ; LEDR[11]    ; 11.740 ; 11.740 ; 11.740 ; 11.740 ;
; SW[9]      ; LEDR[12]    ; 12.068 ; 12.068 ; 12.068 ; 12.068 ;
; SW[9]      ; LEDR[13]    ; 12.738 ; 12.738 ; 12.738 ; 12.738 ;
; SW[9]      ; LEDR[14]    ; 12.351 ; 12.351 ; 12.351 ; 12.351 ;
; SW[9]      ; LEDR[15]    ; 12.988 ; 12.988 ; 12.988 ; 12.988 ;
; SW[9]      ; LEDR[16]    ; 12.373 ; 12.373 ; 12.373 ; 12.373 ;
; SW[10]     ; LEDR[8]     ; 10.326 ; 10.326 ; 10.326 ; 10.326 ;
; SW[10]     ; LEDR[9]     ; 10.731 ; 10.731 ; 10.731 ; 10.731 ;
; SW[10]     ; LEDR[10]    ; 10.339 ; 10.339 ; 10.339 ; 10.339 ;
; SW[10]     ; LEDR[11]    ; 11.001 ; 11.001 ; 11.001 ; 11.001 ;
; SW[10]     ; LEDR[12]    ; 10.475 ; 10.475 ; 10.475 ; 10.475 ;
; SW[10]     ; LEDR[13]    ; 11.145 ; 11.145 ; 11.145 ; 11.145 ;
; SW[10]     ; LEDR[14]    ; 10.758 ; 10.758 ; 10.758 ; 10.758 ;
; SW[10]     ; LEDR[15]    ; 11.395 ; 11.395 ; 11.395 ; 11.395 ;
; SW[10]     ; LEDR[16]    ; 10.780 ; 10.780 ; 10.780 ; 10.780 ;
; SW[11]     ; LEDR[8]     ; 10.133 ; 10.133 ; 10.133 ; 10.133 ;
; SW[11]     ; LEDR[9]     ; 10.538 ; 10.538 ; 10.538 ; 10.538 ;
; SW[11]     ; LEDR[10]    ; 10.140 ; 10.140 ; 10.140 ; 10.140 ;
; SW[11]     ; LEDR[11]    ; 10.854 ; 10.854 ; 10.854 ; 10.854 ;
; SW[11]     ; LEDR[12]    ; 10.931 ; 10.931 ; 10.931 ; 10.931 ;
; SW[11]     ; LEDR[13]    ; 11.601 ; 11.601 ; 11.601 ; 11.601 ;
; SW[11]     ; LEDR[14]    ; 11.214 ; 11.214 ; 11.214 ; 11.214 ;
; SW[11]     ; LEDR[15]    ; 11.851 ; 11.851 ; 11.851 ; 11.851 ;
; SW[11]     ; LEDR[16]    ; 11.188 ; 11.188 ; 11.188 ; 11.188 ;
; SW[12]     ; LEDR[8]     ; 9.185  ; 9.185  ; 9.185  ; 9.185  ;
; SW[12]     ; LEDR[9]     ; 9.590  ; 9.590  ; 9.590  ; 9.590  ;
; SW[12]     ; LEDR[10]    ; 9.192  ; 9.192  ; 9.192  ; 9.192  ;
; SW[12]     ; LEDR[11]    ; 9.906  ; 9.906  ; 9.906  ; 9.906  ;
; SW[12]     ; LEDR[12]    ; 9.986  ; 9.986  ; 9.986  ; 9.986  ;
; SW[12]     ; LEDR[13]    ; 10.656 ; 10.656 ; 10.656 ; 10.656 ;
; SW[12]     ; LEDR[14]    ; 10.269 ; 10.269 ; 10.269 ; 10.269 ;
; SW[12]     ; LEDR[15]    ; 10.906 ; 10.906 ; 10.906 ; 10.906 ;
; SW[12]     ; LEDR[16]    ; 10.243 ; 10.243 ; 10.243 ; 10.243 ;
; SW[13]     ; LEDR[8]     ; 13.475 ; 13.475 ; 13.475 ; 13.475 ;
; SW[13]     ; LEDR[9]     ; 13.880 ; 13.880 ; 13.880 ; 13.880 ;
; SW[13]     ; LEDR[10]    ; 13.488 ; 13.488 ; 13.488 ; 13.488 ;
; SW[13]     ; LEDR[11]    ; 14.150 ; 14.150 ; 14.150 ; 14.150 ;
; SW[13]     ; LEDR[12]    ; 13.351 ; 13.351 ; 13.351 ; 13.351 ;
; SW[13]     ; LEDR[13]    ; 14.021 ; 14.021 ; 14.021 ; 14.021 ;
; SW[13]     ; LEDR[14]    ; 13.634 ; 13.634 ; 13.634 ; 13.634 ;
; SW[13]     ; LEDR[15]    ; 14.271 ; 14.271 ; 14.271 ; 14.271 ;
; SW[13]     ; LEDR[16]    ; 13.533 ; 13.533 ; 13.533 ; 13.533 ;
; SW[14]     ; LEDR[8]     ; 13.431 ; 13.431 ; 13.431 ; 13.431 ;
; SW[14]     ; LEDR[9]     ; 13.836 ; 13.836 ; 13.836 ; 13.836 ;
; SW[14]     ; LEDR[10]    ; 13.444 ; 13.444 ; 13.444 ; 13.444 ;
; SW[14]     ; LEDR[11]    ; 14.106 ; 14.106 ; 14.106 ; 14.106 ;
; SW[14]     ; LEDR[12]    ; 14.451 ; 14.451 ; 14.451 ; 14.451 ;
; SW[14]     ; LEDR[13]    ; 15.121 ; 15.121 ; 15.121 ; 15.121 ;
; SW[14]     ; LEDR[14]    ; 14.734 ; 14.734 ; 14.734 ; 14.734 ;
; SW[14]     ; LEDR[15]    ; 15.371 ; 15.371 ; 15.371 ; 15.371 ;
; SW[14]     ; LEDR[16]    ; 14.756 ; 14.756 ; 14.756 ; 14.756 ;
; SW[15]     ; LEDR[8]     ; 13.389 ; 13.389 ; 13.389 ; 13.389 ;
; SW[15]     ; LEDR[9]     ; 13.794 ; 13.794 ; 13.794 ; 13.794 ;
; SW[15]     ; LEDR[10]    ; 13.402 ; 13.402 ; 13.402 ; 13.402 ;
; SW[15]     ; LEDR[11]    ; 14.064 ; 14.064 ; 14.064 ; 14.064 ;
; SW[15]     ; LEDR[12]    ; 13.263 ; 13.263 ; 13.263 ; 13.263 ;
; SW[15]     ; LEDR[13]    ; 13.933 ; 13.933 ; 13.933 ; 13.933 ;
; SW[15]     ; LEDR[14]    ; 13.546 ; 13.546 ; 13.546 ; 13.546 ;
; SW[15]     ; LEDR[15]    ; 14.183 ; 14.183 ; 14.183 ; 14.183 ;
; SW[15]     ; LEDR[16]    ; 13.581 ; 13.581 ; 13.581 ; 13.581 ;
+------------+-------------+--------+--------+--------+--------+


+----------------------------------------------------------+
; Minimum Progagation Delay                                ;
+------------+-------------+-------+-------+-------+-------+
; Input Port ; Output Port ; RR    ; RF    ; FR    ; FF    ;
+------------+-------------+-------+-------+-------+-------+
; SW[0]      ; LEDR[0]     ; 3.314 ;       ;       ; 3.314 ;
; SW[0]      ; LEDR[8]     ; 4.499 ; 4.499 ; 4.499 ; 4.499 ;
; SW[0]      ; LEDR[9]     ; 4.479 ; 4.479 ; 4.479 ; 4.479 ;
; SW[0]      ; LEDR[10]    ; 4.511 ; 4.511 ; 4.511 ; 4.511 ;
; SW[0]      ; LEDR[11]    ; 4.794 ; 4.794 ; 4.794 ; 4.794 ;
; SW[0]      ; LEDR[12]    ; 4.419 ; 4.419 ; 4.419 ; 4.419 ;
; SW[0]      ; LEDR[13]    ; 4.445 ; 4.445 ; 4.445 ; 4.445 ;
; SW[0]      ; LEDR[14]    ; 4.732 ; 4.732 ; 4.732 ; 4.732 ;
; SW[0]      ; LEDR[15]    ; 4.808 ; 4.808 ; 4.808 ; 4.808 ;
; SW[0]      ; LEDR[16]    ; 5.116 ; 5.116 ; 5.116 ; 5.116 ;
; SW[1]      ; LEDR[1]     ; 3.343 ;       ;       ; 3.343 ;
; SW[1]      ; LEDR[8]     ; 4.700 ; 4.700 ; 4.700 ; 4.700 ;
; SW[1]      ; LEDR[9]     ; 4.352 ; 4.352 ; 4.352 ; 4.352 ;
; SW[1]      ; LEDR[10]    ; 4.375 ; 4.375 ; 4.375 ; 4.375 ;
; SW[1]      ; LEDR[11]    ; 4.502 ; 4.502 ; 4.502 ; 4.502 ;
; SW[1]      ; LEDR[12]    ; 4.786 ; 4.786 ; 4.786 ; 4.786 ;
; SW[1]      ; LEDR[13]    ; 4.399 ; 4.399 ; 4.399 ; 4.399 ;
; SW[1]      ; LEDR[14]    ; 4.736 ; 4.736 ; 4.736 ; 4.736 ;
; SW[1]      ; LEDR[15]    ; 4.683 ; 4.683 ; 4.683 ; 4.683 ;
; SW[1]      ; LEDR[16]    ; 5.032 ; 5.032 ; 5.032 ; 5.032 ;
; SW[2]      ; LEDR[2]     ; 3.784 ;       ;       ; 3.784 ;
; SW[2]      ; LEDR[8]     ; 4.651 ; 4.651 ; 4.651 ; 4.651 ;
; SW[2]      ; LEDR[9]     ; 4.828 ; 4.828 ; 4.828 ; 4.828 ;
; SW[2]      ; LEDR[10]    ; 4.315 ; 4.315 ; 4.315 ; 4.315 ;
; SW[2]      ; LEDR[11]    ; 4.315 ; 4.315 ; 4.315 ; 4.315 ;
; SW[2]      ; LEDR[12]    ; 4.656 ; 4.656 ; 4.656 ; 4.656 ;
; SW[2]      ; LEDR[13]    ; 4.533 ; 4.533 ; 4.533 ; 4.533 ;
; SW[2]      ; LEDR[14]    ; 4.877 ; 4.877 ; 4.877 ; 4.877 ;
; SW[2]      ; LEDR[15]    ; 4.726 ; 4.726 ; 4.726 ; 4.726 ;
; SW[2]      ; LEDR[16]    ; 5.068 ; 5.068 ; 5.068 ; 5.068 ;
; SW[3]      ; LEDR[3]     ; 3.235 ;       ;       ; 3.235 ;
; SW[3]      ; LEDR[8]     ; 3.729 ; 3.729 ; 3.729 ; 3.729 ;
; SW[3]      ; LEDR[9]     ; 3.815 ; 3.815 ; 3.815 ; 3.815 ;
; SW[3]      ; LEDR[10]    ; 4.010 ; 4.010 ; 4.010 ; 4.010 ;
; SW[3]      ; LEDR[11]    ; 3.736 ; 3.736 ; 3.736 ; 3.736 ;
; SW[3]      ; LEDR[12]    ; 3.727 ; 3.727 ; 3.727 ; 3.727 ;
; SW[3]      ; LEDR[13]    ; 3.622 ; 3.622 ; 3.622 ; 3.622 ;
; SW[3]      ; LEDR[14]    ; 4.040 ; 4.040 ; 4.040 ; 4.040 ;
; SW[3]      ; LEDR[15]    ; 4.034 ; 4.034 ; 4.034 ; 4.034 ;
; SW[3]      ; LEDR[16]    ; 4.382 ; 4.382 ; 4.382 ; 4.382 ;
; SW[4]      ; LEDR[4]     ; 3.162 ;       ;       ; 3.162 ;
; SW[4]      ; LEDR[8]     ; 3.647 ; 3.647 ; 3.647 ; 3.647 ;
; SW[4]      ; LEDR[9]     ; 3.628 ; 3.628 ; 3.628 ; 3.628 ;
; SW[4]      ; LEDR[10]    ; 3.660 ; 3.660 ; 3.660 ; 3.660 ;
; SW[4]      ; LEDR[11]    ; 3.943 ; 3.943 ; 3.943 ; 3.943 ;
; SW[4]      ; LEDR[12]    ; 3.567 ; 3.567 ; 3.567 ; 3.567 ;
; SW[4]      ; LEDR[13]    ; 3.602 ; 3.602 ; 3.602 ; 3.602 ;
; SW[4]      ; LEDR[14]    ; 3.880 ; 3.880 ; 3.880 ; 3.880 ;
; SW[4]      ; LEDR[15]    ; 3.965 ; 3.965 ; 3.965 ; 3.965 ;
; SW[4]      ; LEDR[16]    ; 4.264 ; 4.264 ; 4.264 ; 4.264 ;
; SW[5]      ; LEDR[5]     ; 3.380 ;       ;       ; 3.380 ;
; SW[5]      ; LEDR[8]     ; 4.077 ; 4.077 ; 4.077 ; 4.077 ;
; SW[5]      ; LEDR[9]     ; 3.729 ; 3.729 ; 3.729 ; 3.729 ;
; SW[5]      ; LEDR[10]    ; 3.752 ; 3.752 ; 3.752 ; 3.752 ;
; SW[5]      ; LEDR[11]    ; 3.882 ; 3.882 ; 3.882 ; 3.882 ;
; SW[5]      ; LEDR[12]    ; 4.163 ; 4.163 ; 4.163 ; 4.163 ;
; SW[5]      ; LEDR[13]    ; 3.776 ; 3.776 ; 3.776 ; 3.776 ;
; SW[5]      ; LEDR[14]    ; 4.113 ; 4.113 ; 4.113 ; 4.113 ;
; SW[5]      ; LEDR[15]    ; 4.060 ; 4.060 ; 4.060 ; 4.060 ;
; SW[5]      ; LEDR[16]    ; 4.409 ; 4.409 ; 4.409 ; 4.409 ;
; SW[6]      ; LEDR[6]     ; 3.190 ;       ;       ; 3.190 ;
; SW[6]      ; LEDR[8]     ; 4.009 ; 4.009 ; 4.009 ; 4.009 ;
; SW[6]      ; LEDR[9]     ; 4.186 ; 4.186 ; 4.186 ; 4.186 ;
; SW[6]      ; LEDR[10]    ; 3.673 ; 3.673 ; 3.673 ; 3.673 ;
; SW[6]      ; LEDR[11]    ; 3.673 ; 3.673 ; 3.673 ; 3.673 ;
; SW[6]      ; LEDR[12]    ; 4.019 ; 4.019 ; 4.019 ; 4.019 ;
; SW[6]      ; LEDR[13]    ; 3.896 ; 3.896 ; 3.896 ; 3.896 ;
; SW[6]      ; LEDR[14]    ; 4.235 ; 4.235 ; 4.235 ; 4.235 ;
; SW[6]      ; LEDR[15]    ; 4.084 ; 4.084 ; 4.084 ; 4.084 ;
; SW[6]      ; LEDR[16]    ; 4.426 ; 4.426 ; 4.426 ; 4.426 ;
; SW[7]      ; LEDR[7]     ; 3.900 ;       ;       ; 3.900 ;
; SW[7]      ; LEDR[8]     ; 4.674 ; 4.674 ; 4.674 ; 4.674 ;
; SW[7]      ; LEDR[9]     ; 4.760 ; 4.760 ; 4.760 ; 4.760 ;
; SW[7]      ; LEDR[10]    ; 4.955 ; 4.955 ; 4.955 ; 4.955 ;
; SW[7]      ; LEDR[11]    ; 4.681 ; 4.681 ; 4.681 ; 4.681 ;
; SW[7]      ; LEDR[12]    ; 4.675 ; 4.675 ; 4.675 ; 4.675 ;
; SW[7]      ; LEDR[13]    ; 4.567 ; 4.567 ; 4.567 ; 4.567 ;
; SW[7]      ; LEDR[14]    ; 4.988 ; 4.988 ; 4.988 ; 4.988 ;
; SW[7]      ; LEDR[15]    ; 4.983 ; 4.983 ; 4.983 ; 4.983 ;
; SW[7]      ; LEDR[16]    ; 5.331 ; 5.331 ; 5.331 ; 5.331 ;
; SW[8]      ; LEDR[8]     ; 4.557 ; 4.557 ; 4.557 ; 4.557 ;
; SW[8]      ; LEDR[9]     ; 4.552 ; 4.552 ; 4.552 ; 4.552 ;
; SW[8]      ; LEDR[10]    ; 4.751 ; 4.751 ; 4.751 ; 4.751 ;
; SW[8]      ; LEDR[11]    ; 5.034 ; 5.034 ; 5.034 ; 5.034 ;
; SW[8]      ; LEDR[12]    ; 4.461 ; 4.461 ; 4.461 ; 4.461 ;
; SW[8]      ; LEDR[13]    ; 4.659 ; 4.659 ; 4.659 ; 4.659 ;
; SW[8]      ; LEDR[14]    ; 4.774 ; 4.774 ; 4.774 ; 4.774 ;
; SW[8]      ; LEDR[15]    ; 5.048 ; 5.048 ; 5.048 ; 5.048 ;
; SW[8]      ; LEDR[16]    ; 5.158 ; 5.158 ; 5.158 ; 5.158 ;
; SW[9]      ; LEDR[8]     ; 4.815 ; 4.815 ; 4.815 ; 4.815 ;
; SW[9]      ; LEDR[9]     ; 4.467 ; 4.467 ; 4.467 ; 4.467 ;
; SW[9]      ; LEDR[10]    ; 4.498 ; 4.498 ; 4.498 ; 4.498 ;
; SW[9]      ; LEDR[11]    ; 4.781 ; 4.781 ; 4.781 ; 4.781 ;
; SW[9]      ; LEDR[12]    ; 4.897 ; 4.897 ; 4.897 ; 4.897 ;
; SW[9]      ; LEDR[13]    ; 4.732 ; 4.732 ; 4.732 ; 4.732 ;
; SW[9]      ; LEDR[14]    ; 4.943 ; 4.943 ; 4.943 ; 4.943 ;
; SW[9]      ; LEDR[15]    ; 4.794 ; 4.794 ; 4.794 ; 4.794 ;
; SW[9]      ; LEDR[16]    ; 5.143 ; 5.143 ; 5.143 ; 5.143 ;
; SW[10]     ; LEDR[8]     ; 4.509 ; 4.509 ; 4.509 ; 4.509 ;
; SW[10]     ; LEDR[9]     ; 4.686 ; 4.686 ; 4.686 ; 4.686 ;
; SW[10]     ; LEDR[10]    ; 4.120 ; 4.120 ; 4.120 ; 4.120 ;
; SW[10]     ; LEDR[11]    ; 4.123 ; 4.123 ; 4.123 ; 4.123 ;
; SW[10]     ; LEDR[12]    ; 4.630 ; 4.630 ; 4.630 ; 4.630 ;
; SW[10]     ; LEDR[13]    ; 4.528 ; 4.528 ; 4.528 ; 4.528 ;
; SW[10]     ; LEDR[14]    ; 4.685 ; 4.685 ; 4.685 ; 4.685 ;
; SW[10]     ; LEDR[15]    ; 4.534 ; 4.534 ; 4.534 ; 4.534 ;
; SW[10]     ; LEDR[16]    ; 4.876 ; 4.876 ; 4.876 ; 4.876 ;
; SW[11]     ; LEDR[8]     ; 4.272 ; 4.272 ; 4.272 ; 4.272 ;
; SW[11]     ; LEDR[9]     ; 4.449 ; 4.449 ; 4.449 ; 4.449 ;
; SW[11]     ; LEDR[10]    ; 4.597 ; 4.597 ; 4.597 ; 4.597 ;
; SW[11]     ; LEDR[11]    ; 4.272 ; 4.272 ; 4.272 ; 4.272 ;
; SW[11]     ; LEDR[12]    ; 4.279 ; 4.279 ; 4.279 ; 4.279 ;
; SW[11]     ; LEDR[13]    ; 4.156 ; 4.156 ; 4.156 ; 4.156 ;
; SW[11]     ; LEDR[14]    ; 4.591 ; 4.591 ; 4.591 ; 4.591 ;
; SW[11]     ; LEDR[15]    ; 4.856 ; 4.856 ; 4.856 ; 4.856 ;
; SW[11]     ; LEDR[16]    ; 4.980 ; 4.980 ; 4.980 ; 4.980 ;
; SW[12]     ; LEDR[8]     ; 4.239 ; 4.239 ; 4.239 ; 4.239 ;
; SW[12]     ; LEDR[9]     ; 4.242 ; 4.242 ; 4.242 ; 4.242 ;
; SW[12]     ; LEDR[10]    ; 4.436 ; 4.436 ; 4.436 ; 4.436 ;
; SW[12]     ; LEDR[11]    ; 4.855 ; 4.855 ; 4.855 ; 4.855 ;
; SW[12]     ; LEDR[12]    ; 4.153 ; 4.153 ; 4.153 ; 4.153 ;
; SW[12]     ; LEDR[13]    ; 4.351 ; 4.351 ; 4.351 ; 4.351 ;
; SW[12]     ; LEDR[14]    ; 4.466 ; 4.466 ; 4.466 ; 4.466 ;
; SW[12]     ; LEDR[15]    ; 4.788 ; 4.788 ; 4.788 ; 4.788 ;
; SW[12]     ; LEDR[16]    ; 4.850 ; 4.850 ; 4.850 ; 4.850 ;
; SW[13]     ; LEDR[8]     ; 7.037 ; 7.037 ; 7.037 ; 7.037 ;
; SW[13]     ; LEDR[9]     ; 6.689 ; 6.689 ; 6.689 ; 6.689 ;
; SW[13]     ; LEDR[10]    ; 6.719 ; 6.719 ; 6.719 ; 6.719 ;
; SW[13]     ; LEDR[11]    ; 7.002 ; 7.002 ; 7.002 ; 7.002 ;
; SW[13]     ; LEDR[12]    ; 7.021 ; 7.021 ; 7.021 ; 7.021 ;
; SW[13]     ; LEDR[13]    ; 6.588 ; 6.588 ; 6.588 ; 6.588 ;
; SW[13]     ; LEDR[14]    ; 6.925 ; 6.925 ; 6.925 ; 6.925 ;
; SW[13]     ; LEDR[15]    ; 6.963 ; 6.963 ; 6.963 ; 6.963 ;
; SW[13]     ; LEDR[16]    ; 7.267 ; 7.267 ; 7.267 ; 7.267 ;
; SW[14]     ; LEDR[8]     ; 6.928 ; 6.928 ; 6.928 ; 6.928 ;
; SW[14]     ; LEDR[9]     ; 7.105 ; 7.105 ; 7.105 ; 7.105 ;
; SW[14]     ; LEDR[10]    ; 6.545 ; 6.545 ; 6.545 ; 6.545 ;
; SW[14]     ; LEDR[11]    ; 6.542 ; 6.542 ; 6.542 ; 6.542 ;
; SW[14]     ; LEDR[12]    ; 7.045 ; 7.045 ; 7.045 ; 7.045 ;
; SW[14]     ; LEDR[13]    ; 7.328 ; 7.328 ; 7.328 ; 7.328 ;
; SW[14]     ; LEDR[14]    ; 7.100 ; 7.100 ; 7.100 ; 7.100 ;
; SW[14]     ; LEDR[15]    ; 6.949 ; 6.949 ; 6.949 ; 6.949 ;
; SW[14]     ; LEDR[16]    ; 7.291 ; 7.291 ; 7.291 ; 7.291 ;
; SW[15]     ; LEDR[8]     ; 6.676 ; 6.676 ; 6.676 ; 6.676 ;
; SW[15]     ; LEDR[9]     ; 6.853 ; 6.853 ; 6.853 ; 6.853 ;
; SW[15]     ; LEDR[10]    ; 7.001 ; 7.001 ; 7.001 ; 7.001 ;
; SW[15]     ; LEDR[11]    ; 6.684 ; 6.684 ; 6.684 ; 6.684 ;
; SW[15]     ; LEDR[12]    ; 6.692 ; 6.692 ; 6.692 ; 6.692 ;
; SW[15]     ; LEDR[13]    ; 6.570 ; 6.570 ; 6.570 ; 6.570 ;
; SW[15]     ; LEDR[14]    ; 7.001 ; 7.001 ; 7.001 ; 7.001 ;
; SW[15]     ; LEDR[15]    ; 6.975 ; 6.975 ; 6.975 ; 6.975 ;
; SW[15]     ; LEDR[16]    ; 7.323 ; 7.323 ; 7.323 ; 7.323 ;
+------------+-------------+-------+-------+-------+-------+


-------------------
; Clock Transfers ;
-------------------
Nothing to report.


---------------
; Report TCCS ;
---------------
No dedicated SERDES Transmitter circuitry present in device or used in design


---------------
; Report RSKM ;
---------------
No dedicated SERDES Receiver circuitry present in device or used in design


+------------------------------------------------+
; Unconstrained Paths                            ;
+---------------------------------+-------+------+
; Property                        ; Setup ; Hold ;
+---------------------------------+-------+------+
; Illegal Clocks                  ; 0     ; 0    ;
; Unconstrained Clocks            ; 0     ; 0    ;
; Unconstrained Input Ports       ; 16    ; 16   ;
; Unconstrained Input Port Paths  ; 152   ; 152  ;
; Unconstrained Output Ports      ; 17    ; 17   ;
; Unconstrained Output Port Paths ; 152   ; 152  ;
+---------------------------------+-------+------+


+------------------------------------+
; TimeQuest Timing Analyzer Messages ;
+------------------------------------+
Info: *******************************************************************
Info: Running Quartus II 64-Bit TimeQuest Timing Analyzer
    Info: Version 12.1 Build 177 11/07/2012 SJ Web Edition
    Info: Processing started: Wed Sep 04 18:51:35 2019
Info: Command: quartus_sta traditionalSystem_BinToRNS -c traditionalSystem_BinToRNS
Info: qsta_default_script.tcl version: #1
Warning (20028): Parallel compilation is not licensed and has been disabled
Info (21077): Low junction temperature is 0 degrees C
Info (21077): High junction temperature is 85 degrees C
Critical Warning (332012): Synopsys Design Constraints File file not found: 'traditionalSystem_BinToRNS.sdc'. A Synopsys Design Constraints File is required by the TimeQuest Timing Analyzer to get proper timing constraints. Without it, the Compiler will not properly optimize the design.
Info (332142): No user constrained base clocks found in the design. Calling "derive_clocks -period 1.0"
Info (332096): The command derive_clocks did not find any clocks to derive.  No clocks were created or changed.
Warning (332068): No clocks defined in design.
Info: Found TIMEQUEST_REPORT_SCRIPT_INCLUDE_DEFAULT_ANALYSIS = ON
Info (332159): No clocks to report
Info: Analyzing Slow Model
Info (332140): No fmax paths to report
Info (332140): No Setup paths to report
Info (332140): No Hold paths to report
Info (332140): No Recovery paths to report
Info (332140): No Removal paths to report
Info (332140): No Minimum Pulse Width paths to report
Info (332001): The selected device family is not supported by the report_metastability command.
Info: Analyzing Fast Model
Info (332142): No user constrained base clocks found in the design. Calling "derive_clocks -period 1.0"
Info (332096): The command derive_clocks did not find any clocks to derive.  No clocks were created or changed.
Warning (332068): No clocks defined in design.
Info (332140): No Setup paths to report
Info (332140): No Hold paths to report
Info (332140): No Recovery paths to report
Info (332140): No Removal paths to report
Info (332140): No Minimum Pulse Width paths to report
Info (332001): The selected device family is not supported by the report_metastability command.
Info (332102): Design is not fully constrained for setup requirements
Info (332102): Design is not fully constrained for hold requirements
Info: Quartus II 64-Bit TimeQuest Timing Analyzer was successful. 0 errors, 4 warnings
    Info: Peak virtual memory: 396 megabytes
    Info: Processing ended: Wed Sep 04 18:51:36 2019
    Info: Elapsed time: 00:00:01
    Info: Total CPU time (on all processors): 00:00:01


