============================================================
  Generated by:           Genus(TM) Synthesis Solution 16.24-s065_1
  Generated on:           Nov 21 2019  07:56:33 pm
  Module:                 DirectMultiplication
  Technology libraries:   PnomV180T025_STD_CELL_7RF 
                          physical_cells 
  Operating conditions:   _nominal_ 
  Interconnect mode:      global
  Area mode:              physical library
============================================================

               Pin                        Type      Fanout  Load Slew Delay Arrival   
                                                            (fF) (ps)  (ps)   (ps)    
--------------------------------------------------------------------------------------
(clock clk)                              launch                                   0 R 
(DirectMultiplication_line_11_19_1)      ext delay                     +100     100 R 
X[0]                                     in port         8 107.1    0    +0     100 R 
const_mul_47_8/A[0] 
  g6296/A                                                                +0     100   
  g6296/Z                                INVERT_H        5  64.6   67   +61     161 F 
  g6275__8867/B                                                          +0     161   
  g6275__8867/Z                          NOR2_E          2  28.6  139   +92     253 R 
  g6179__2001/CIN                                                        +0     253   
  g6179__2001/COUT                       ADDF_E          1  19.8  109  +155     407 R 
  g6172__7765/CIN                                                        +0     407   
  g6172__7765/COUT                       ADDF_E          1  19.8  109  +152     560 R 
  g6151__2001/CIN                                                        +0     560   
  g6151__2001/COUT                       ADDF_E          1  19.8  109  +152     712 R 
  g6141__2006/CIN                                                        +0     712   
  g6141__2006/COUT                       ADDF_E          1  19.8  109  +152     864 R 
  g6136__4599/CIN                                                        +0     864   
  g6136__4599/COUT                       ADDF_E          1  19.8  109  +152    1016 R 
  g6135__3717/CIN                                                        +0    1016   
  g6135__3717/COUT                       ADDF_E          1  19.8  109  +152    1168 R 
  g6134__1377/CIN                                                        +0    1168   
  g6134__1377/COUT                       ADDF_E          1  19.8  109  +152    1320 R 
  g6133__8867/CIN                                                        +0    1320   
  g6133__8867/COUT                       ADDF_E          1  19.8  109  +152    1473 R 
  g6132__7654/CIN                                                        +0    1473   
  g6132__7654/COUT                       ADDF_E          1  19.8  109  +152    1625 R 
  g6131__7557/CIN                                                        +0    1625   
  g6131__7557/COUT                       ADDF_E          1  19.8  109  +152    1777 R 
  g6130__7837/CIN                                                        +0    1777   
  g6130__7837/COUT                       ADDF_E          1  19.8  109  +152    1929 R 
  g6129__6179/CIN                                                        +0    1929   
  g6129__6179/COUT                       ADDF_E          1  19.8  109  +152    2082 R 
  g6128__1279/CIN                                                        +0    2082   
  g6128__1279/COUT                       ADDF_E          1  19.8  109  +152    2234 R 
  g6127__3457/CIN                                                        +0    2234   
  g6127__3457/COUT                       ADDF_E          1  19.8  109  +152    2386 R 
  g6126__9771/CIN                                                        +0    2386   
  g6126__9771/COUT                       ADDF_E          1  19.8  109  +152    2538 R 
  g6125__2005/CIN                                                        +0    2538   
  g6125__2005/COUT                       ADDF_E          1  19.8  109  +152    2690 R 
  g6124__1122/CIN                                                        +0    2690   
  g6124__1122/COUT                       ADDF_E          1  19.8  109  +152    2842 R 
  g6123__2001/CIN                                                        +0    2842   
  g6123__2001/COUT                       ADDF_E          1  19.8  109  +152    2995 R 
  g6122__5927/CIN                                                        +0    2995   
  g6122__5927/COUT                       ADDF_E          1  19.8  109  +152    3147 R 
  g6121__6789/CIN                                                        +0    3147   
  g6121__6789/COUT                       ADDF_E          1  19.8  109  +152    3299 R 
  g6120__1591/CIN                                                        +0    3299   
  g6120__1591/COUT                       ADDF_E          1  19.8  109  +152    3451 R 
  g6119__9719/CIN                                                        +0    3451   
  g6119__9719/COUT                       ADDF_E          1  19.8  109  +152    3604 R 
  g6118__3377/CIN                                                        +0    3604   
  g6118__3377/COUT                       ADDF_E          1  19.8  109  +152    3756 R 
  g6117__9867/CIN                                                        +0    3756   
  g6117__9867/COUT                       ADDF_E          1  19.8  109  +152    3908 R 
  g6116__7765/CIN                                                        +0    3908   
  g6116__7765/COUT                       ADDF_E          1  19.8  109  +152    4060 R 
  g6115__7547/CIN                                                        +0    4060   
  g6115__7547/COUT                       ADDF_E          1  19.8  109  +152    4212 R 
  g6114__2833/CIN                                                        +0    4212   
  g6114__2833/COUT                       ADDF_E          1  19.8  109  +152    4364 R 
  g6113__2006/CIN                                                        +0    4364   
  g6113__2006/COUT                       ADDF_E          1  19.8  109  +152    4517 R 
  g6112__1297/CIN                                                        +0    4517   
  g6112__1297/COUT                       ADDF_E          1  19.8  109  +152    4669 R 
  g6111__1237/CIN                                                        +0    4669   
  g6111__1237/COUT                       ADDF_E          1  19.8  109  +152    4821 R 
  g6110__2007/CIN                                                        +0    4821   
  g6110__2007/COUT                       ADDF_E          1  19.8  109  +152    4973 R 
  g6109__3779/CIN                                                        +0    4973   
  g6109__3779/COUT                       ADDF_E          1  19.8  109  +152    5126 R 
  g6108__4599/CIN                                                        +0    5126   
  g6108__4599/COUT                       ADDF_E          1  19.8  109  +152    5278 R 
  g6107__3717/CIN                                                        +0    5278   
  g6107__3717/COUT                       ADDF_E          1  19.8  109  +152    5430 R 
  g6106__1377/CIN                                                        +0    5430   
  g6106__1377/COUT                       ADDF_E          1  19.8  109  +152    5582 R 
  g6105__8867/CIN                                                        +0    5582   
  g6105__8867/COUT                       ADDF_E          2  30.2  147  +172    5754 R 
  g6103__7557/A1                                                         +0    5754   
  g6103__7557/Z                          AOI21_C         1  18.2  152  +101    5855 F 
  g6102__7837/B                                                          +0    5855   
  g6102__7837/Z                          XOR2_C          1   8.8  133  +116    5971 R 
const_mul_47_8/Z[39] 
S[39]                               <<<  out port                        +0    5971 R 
(DirectMultiplication_line_12)           ext delay                     +200    6171 R 
- - - - - - - - - - - - - - - - - - - - - - - - - - - - - - - - - - - - - - - - - - - 
(clock clk)                              capture                              20000 R 
--------------------------------------------------------------------------------------
Cost Group   : 'clk' (path_group 'clk')
Timing slack :   13829ps 
Start-point  : X[0]
End-point    : S[39]
