============================================================
  Generated by:           Genus(TM) Synthesis Solution 16.24-s065_1
  Generated on:           Nov 21 2019  05:44:59 pm
  Module:                 DivideConquer_2b_C1
  Technology libraries:   PnomV180T025_STD_CELL_7RF 
                          physical_cells 
  Operating conditions:   _nominal_ 
  Interconnect mode:      global
  Area mode:              physical library
============================================================

               Pin                        Type      Fanout  Load Slew Delay Arrival   
                                                            (fF) (ps)  (ps)   (ps)    
--------------------------------------------------------------------------------------
(clock clk)                              launch                                   0 R 
(DivideConquer_2b_C1._line_11_19_1)      ext delay                     +100     100 R 
X[0]                                     in port        11 149.9    0    +0     100 R 
const_mul_73_14/A[0] 
  g1612/A                                                                +0     100   
  g1612/Z                                INVERT_F        2  30.3   40   +42     142 F 
  g1583__2001/A                                                          +0     142   
  g1583__2001/COUT                       ADDF_E          1  19.5  133  +227     369 F 
  g1580__1591/CIN                                                        +0     369   
  g1580__1591/COUT                       ADDF_E          1  19.5  136  +151     520 F 
  g1575__7547/CIN                                                        +0     520   
  g1575__7547/COUT                       ADDF_E          1  19.5  136  +151     671 F 
  g1574__2833/CIN                                                        +0     671   
  g1574__2833/COUT                       ADDF_E          1  19.5  136  +151     822 F 
  g1573__2006/CIN                                                        +0     822   
  g1573__2006/COUT                       ADDF_E          1  19.5  139  +151     974 F 
  g1572__1297/CIN                                                        +0     974   
  g1572__1297/COUT                       ADDF_E          1  19.5  142  +152    1125 F 
  g1571__1237/CIN                                                        +0    1125   
  g1571__1237/COUT                       ADDF_E          1  19.5  139  +152    1278 F 
  g1570__2007/CIN                                                        +0    1278   
  g1570__2007/COUT                       ADDF_E          1  19.5  137  +152    1429 F 
  g1569__3779/CIN                                                        +0    1429   
  g1569__3779/COUT                       ADDF_E          1  19.5  137  +151    1581 F 
  g1568__4599/CIN                                                        +0    1581   
  g1568__4599/COUT                       ADDF_E          1  19.5  137  +152    1732 F 
  g1567__3717/CIN                                                        +0    1732   
  g1567__3717/COUT                       ADDF_E          1  19.5  137  +152    1884 F 
  g1566__1377/CIN                                                        +0    1884   
  g1566__1377/COUT                       ADDF_E          1  19.5  138  +151    2035 F 
  g1565__8867/CIN                                                        +0    2035   
  g1565__8867/COUT                       ADDF_E          2  32.0  154  +172    2207 F 
  g1564__7654/A                                                          +0    2207   
  g1564__7654/Z                          NOR2_E          2  35.3  180  +116    2323 R 
  g1563__7557/B                                                          +0    2323   
  g1563__7557/Z                          AO21_I          1  16.9   59  +158    2481 R 
const_mul_73_14/Z[16] 
g1644/B                                                                  +0    2481   
g1644/COUT                               ADDF_E          2  31.3  151  +269    2750 R 
g1572__1237/A1                                                           +0    2750   
g1572__1237/Z                            AOI22_C         2  41.9  231  +127    2877 F 
g1571/A                                                                  +0    2877   
g1571/Z                                  INVERT_I        1  21.6   90   +68    2945 R 
g1570__2007/A                                                            +0    2945   
g1570__2007/Z                            NAND2_F         2  35.4   93   +63    3008 F 
g1565__8867/A                                                            +0    3008   
g1565__8867/Z                            NOR2_E          1  19.8  120   +79    3087 R 
g1640/CIN                                                                +0    3087   
g1640/COUT                               ADDF_E          1  19.8  109  +153    3240 R 
g1637/CIN                                                                +0    3240   
g1637/COUT                               ADDF_E          1  19.8  109  +152    3392 R 
g1635/CIN                                                                +0    3392   
g1635/SUM                                ADDF_E          1  10.8   75  +146    3538 F 
g3/A                                                                     +0    3538   
g3/Z                                     INVERT_A        2  28.4  592  +313    3852 R 
g1547__7547/B                                                            +0    3852   
g1547__7547/Z                            XOR2_C          2  25.7  246   +97    3949 F 
g1539__3717/A2                                                           +0    3949   
g1539__3717/Z                            OAI22_B         1  19.8  288  +170    4119 R 
g1631/CIN                                                                +0    4119   
g1631/COUT                               ADDF_E          1  19.8  111  +166    4285 R 
g1629/CIN                                                                +0    4285   
g1629/COUT                               ADDF_E          1  19.8  109  +152    4438 R 
g1628/CIN                                                                +0    4438   
g1628/COUT                               ADDF_E          1  19.8  109  +152    4590 R 
g1627/CIN                                                                +0    4590   
g1627/COUT                               ADDF_E          1  19.8  109  +152    4742 R 
g1626/CIN                                                                +0    4742   
g1626/COUT                               ADDF_E          1  19.8  109  +152    4894 R 
g1625/CIN                                                                +0    4894   
g1625/COUT                               ADDF_E          1  19.8  109  +152    5047 R 
g1624/CIN                                                                +0    5047   
g1624/COUT                               ADDF_E          1  19.8  109  +152    5199 R 
g2/CIN                                                                   +0    5199   
g2/COUT                                  ADDF_E          2  32.5  156  +176    5375 R 
g1502__3457/A1                                                           +0    5375   
g1502__3457/Z                            AO22_H          2  32.5   87  +123    5498 R 
g1500__2005/A1                                                           +0    5498   
g1500__2005/Z                            AO22_H          2  32.5   87  +116    5614 R 
g1498__2001/A1                                                           +0    5614   
g1498__2001/Z                            AO22_H          2  32.5   87  +116    5730 R 
g1496__6789/A1                                                           +0    5730   
g1496__6789/Z                            AO22_H          2  32.5   87  +116    5847 R 
g1494__9719/A1                                                           +0    5847   
g1494__9719/Z                            AO22_H          2  32.5   87  +116    5963 R 
g1492__9867/A1                                                           +0    5963   
g1492__9867/Z                            AO22_H          2  32.5   87  +116    6079 R 
g1490__7547/A1                                                           +0    6079   
g1490__7547/Z                            AO22_H          2  31.3   85  +115    6194 R 
g1488__2006/A1                                                           +0    6194   
g1488__2006/Z                            AOI22_C         1  18.2  138   +76    6270 F 
g1487__1297/B                                                            +0    6270   
g1487__1297/Z                            XOR2_C          1   8.8  142  +113    6383 R 
S[39]                               <<<  out port                        +0    6383 R 
(DivideConquer_2b_C1._line_12)           ext delay                     +200    6583 R 
- - - - - - - - - - - - - - - - - - - - - - - - - - - - - - - - - - - - - - - - - - - 
(clock clk)                              capture                              20000 R 
--------------------------------------------------------------------------------------
Cost Group   : 'clk' (path_group 'clk')
Timing slack :   13417ps 
Start-point  : X[0]
End-point    : S[39]
