============================================================
  Generated by:           Genus(TM) Synthesis Solution 16.24-s065_1
  Generated on:           Nov 21 2019  07:58:12 pm
  Module:                 DirectMultiplication
  Technology libraries:   PnomV180T025_STD_CELL_7RF 
                          physical_cells 
  Operating conditions:   _nominal_ 
  Interconnect mode:      global
  Area mode:              physical library
============================================================

               Pin                        Type      Fanout  Load Slew Delay Arrival   
                                                            (fF) (ps)  (ps)   (ps)    
--------------------------------------------------------------------------------------
(clock clk)                              launch                                   0 R 
(DirectMultiplication_line_11_19_1)      ext delay                     +100     100 F 
X[0]                                     in port         8 102.7    0    +0     100 F 
const_mul_47_8/A[0] 
  g5468__3779/B                                                          +0     100   
  g5468__3779/Z                          NOR2_E          2  35.6  147   +96     196 R 
  g5443__1297/A                                                          +0     196   
  g5443__1297/Z                          NAND2_F         2  30.6   91   +61     257 F 
  g5422__9719/A                                                          +0     257   
  g5422__9719/Z                          OR2_I           2  29.4   62  +127     384 F 
  g5401__9771/A1                                                         +0     384   
  g5401__9771/Z                          OAI21_C         1  19.8  180  +112     496 R 
  g5378__7557/CIN                                                        +0     496   
  g5378__7557/COUT                       ADDF_E          1  19.8  110  +158     653 R 
  g5364__9867/CIN                                                        +0     653   
  g5364__9867/COUT                       ADDF_E          1  19.8  109  +152     806 R 
  g5358__1237/CIN                                                        +0     806   
  g5358__1237/COUT                       ADDF_E          1  19.8  109  +152     958 R 
  g5354__3717/CIN                                                        +0     958   
  g5354__3717/COUT                       ADDF_E          1  19.8  109  +152    1110 R 
  g5353__1377/CIN                                                        +0    1110   
  g5353__1377/COUT                       ADDF_E          1  19.8  109  +152    1262 R 
  g5352__8867/CIN                                                        +0    1262   
  g5352__8867/COUT                       ADDF_E          1  19.8  109  +152    1414 R 
  g5351__7654/CIN                                                        +0    1414   
  g5351__7654/COUT                       ADDF_E          1  19.8  109  +152    1567 R 
  g5350__7557/CIN                                                        +0    1567   
  g5350__7557/COUT                       ADDF_E          1  19.8  109  +152    1719 R 
  g5349__7837/CIN                                                        +0    1719   
  g5349__7837/COUT                       ADDF_E          1  19.8  109  +152    1871 R 
  g5348__6179/CIN                                                        +0    1871   
  g5348__6179/COUT                       ADDF_E          1  19.8  109  +152    2023 R 
  g5347__1279/CIN                                                        +0    2023   
  g5347__1279/COUT                       ADDF_E          1  19.8  109  +152    2176 R 
  g5346__3457/CIN                                                        +0    2176   
  g5346__3457/COUT                       ADDF_E          1  19.8  109  +152    2328 R 
  g5345__9771/CIN                                                        +0    2328   
  g5345__9771/COUT                       ADDF_E          1  19.8  109  +152    2480 R 
  g5344__2005/CIN                                                        +0    2480   
  g5344__2005/COUT                       ADDF_E          1  19.8  109  +152    2632 R 
  g5343__1122/CIN                                                        +0    2632   
  g5343__1122/COUT                       ADDF_E          1  19.8  109  +152    2784 R 
  g5342__2001/CIN                                                        +0    2784   
  g5342__2001/COUT                       ADDF_E          1  19.8  109  +152    2936 R 
  g5341__5927/CIN                                                        +0    2936   
  g5341__5927/COUT                       ADDF_E          1  19.8  109  +152    3089 R 
  g5340__6789/CIN                                                        +0    3089   
  g5340__6789/COUT                       ADDF_E          1  19.8  109  +152    3241 R 
  g5339__1591/CIN                                                        +0    3241   
  g5339__1591/COUT                       ADDF_E          1  19.8  109  +152    3393 R 
  g5338__9719/CIN                                                        +0    3393   
  g5338__9719/COUT                       ADDF_E          1  19.8  109  +152    3545 R 
  g5337__3377/CIN                                                        +0    3545   
  g5337__3377/COUT                       ADDF_E          1  19.8  109  +152    3698 R 
  g5336__9867/CIN                                                        +0    3698   
  g5336__9867/COUT                       ADDF_E          1  19.8  109  +152    3850 R 
  g5335__7765/CIN                                                        +0    3850   
  g5335__7765/COUT                       ADDF_E          1  19.8  109  +152    4002 R 
  g5334__7547/CIN                                                        +0    4002   
  g5334__7547/COUT                       ADDF_E          1  19.8  109  +152    4154 R 
  g5333__2833/CIN                                                        +0    4154   
  g5333__2833/COUT                       ADDF_E          1  19.8  109  +152    4306 R 
  g5332__2006/CIN                                                        +0    4306   
  g5332__2006/COUT                       ADDF_E          1  19.8  109  +152    4458 R 
  g5331__1297/CIN                                                        +0    4458   
  g5331__1297/COUT                       ADDF_E          1  19.8  109  +152    4611 R 
  g5330__1237/CIN                                                        +0    4611   
  g5330__1237/COUT                       ADDF_E          1  19.8  109  +152    4763 R 
  g5329__2007/CIN                                                        +0    4763   
  g5329__2007/COUT                       ADDF_E          1  19.8  109  +152    4915 R 
  g5328__3779/CIN                                                        +0    4915   
  g5328__3779/COUT                       ADDF_E          1  19.8  109  +152    5067 R 
  g5327__4599/CIN                                                        +0    5067   
  g5327__4599/COUT                       ADDF_E          1  19.8  109  +152    5220 R 
  g5326__3717/CIN                                                        +0    5220   
  g5326__3717/COUT                       ADDF_E          2  30.2  147  +172    5392 R 
  g5324__8867/A1                                                         +0    5392   
  g5324__8867/Z                          AOI21_C         2  29.4  224  +127    5519 F 
  g5322__7557/A1                                                         +0    5519   
  g5322__7557/Z                          OAI21_C         1  20.6  222  +149    5668 R 
  g5321__7837/B                                                          +0    5668   
  g5321__7837/Z                          XNOR2_C         1   8.8  122  +120    5788 R 
const_mul_47_8/Z[39] 
S[39]                               <<<  out port                        +0    5788 R 
(DirectMultiplication_line_12)           ext delay                     +200    5988 R 
- - - - - - - - - - - - - - - - - - - - - - - - - - - - - - - - - - - - - - - - - - - 
(clock clk)                              capture                              20000 R 
--------------------------------------------------------------------------------------
Cost Group   : 'clk' (path_group 'clk')
Timing slack :   14012ps 
Start-point  : X[0]
End-point    : S[39]
