============================================================
  Generated by:           Genus(TM) Synthesis Solution 16.24-s065_1
  Generated on:           Nov 21 2019  08:01:07 pm
  Module:                 DirectMultiplication
  Technology libraries:   PnomV180T025_STD_CELL_7RF 
                          physical_cells 
  Operating conditions:   _nominal_ 
  Interconnect mode:      global
  Area mode:              physical library
============================================================

               Pin                        Type      Fanout Load Slew Delay Arrival   
                                                           (fF) (ps)  (ps)   (ps)    
-------------------------------------------------------------------------------------
(clock clk)                              launch                                  0 R 
(DirectMultiplication_line_11_19_1)      ext delay                    +100     100 F 
X[0]                                     in port         8 92.7    0    +0     100 F 
const_mul_47_8/A[0] 
  g6389__6789/B                                                         +0     100   
  g6389__6789/Z                          NOR2_E          2 29.9  131   +87     187 R 
  g6266__3377/A                                                         +0     187   
  g6266__3377/COUT                       ADDF_E          1 19.8  110  +224     410 R 
  g6243__2001/CIN                                                       +0     410   
  g6243__2001/COUT                       ADDF_E          1 19.8  109  +152     563 R 
  g6237__9867/CIN                                                       +0     563   
  g6237__9867/COUT                       ADDF_E          1 19.8  109  +152     715 R 
  g6228__4599/CIN                                                       +0     715   
  g6228__4599/COUT                       ADDF_E          1 19.8  109  +152     867 R 
  g6227__3717/CIN                                                       +0     867   
  g6227__3717/COUT                       ADDF_E          1 19.8  109  +152    1019 R 
  g6226__1377/CIN                                                       +0    1019   
  g6226__1377/COUT                       ADDF_E          1 19.8  109  +152    1171 R 
  g6225__8867/CIN                                                       +0    1171   
  g6225__8867/COUT                       ADDF_E          1 19.8  109  +152    1324 R 
  g6224__7654/CIN                                                       +0    1324   
  g6224__7654/COUT                       ADDF_E          1 19.8  109  +152    1476 R 
  g6223__7557/CIN                                                       +0    1476   
  g6223__7557/COUT                       ADDF_E          1 19.8  109  +152    1628 R 
  g6222__7837/CIN                                                       +0    1628   
  g6222__7837/COUT                       ADDF_E          1 19.8  109  +152    1780 R 
  g6221__6179/CIN                                                       +0    1780   
  g6221__6179/COUT                       ADDF_E          1 19.8  109  +152    1932 R 
  g6220__1279/CIN                                                       +0    1932   
  g6220__1279/COUT                       ADDF_E          1 19.8  109  +152    2085 R 
  g6219__3457/CIN                                                       +0    2085   
  g6219__3457/COUT                       ADDF_E          1 19.8  109  +152    2237 R 
  g6218__9771/CIN                                                       +0    2237   
  g6218__9771/COUT                       ADDF_E          1 19.8  109  +152    2389 R 
  g6217__2005/CIN                                                       +0    2389   
  g6217__2005/COUT                       ADDF_E          1 19.8  109  +152    2541 R 
  g6216__1122/CIN                                                       +0    2541   
  g6216__1122/COUT                       ADDF_E          1 19.8  109  +152    2693 R 
  g6215__2001/CIN                                                       +0    2693   
  g6215__2001/COUT                       ADDF_E          1 19.8  109  +152    2846 R 
  g6214__5927/CIN                                                       +0    2846   
  g6214__5927/COUT                       ADDF_E          1 19.8  109  +152    2998 R 
  g6213__6789/CIN                                                       +0    2998   
  g6213__6789/COUT                       ADDF_E          1 19.8  109  +152    3150 R 
  g6212__1591/CIN                                                       +0    3150   
  g6212__1591/COUT                       ADDF_E          1 19.8  109  +152    3302 R 
  g6211__9719/CIN                                                       +0    3302   
  g6211__9719/COUT                       ADDF_E          1 19.8  109  +152    3454 R 
  g6210__3377/CIN                                                       +0    3454   
  g6210__3377/COUT                       ADDF_E          1 19.8  109  +152    3607 R 
  g6209__9867/CIN                                                       +0    3607   
  g6209__9867/COUT                       ADDF_E          1 19.8  109  +152    3759 R 
  g6208__7765/CIN                                                       +0    3759   
  g6208__7765/COUT                       ADDF_E          1 19.8  109  +152    3911 R 
  g6207__7547/CIN                                                       +0    3911   
  g6207__7547/COUT                       ADDF_E          1 19.8  109  +152    4063 R 
  g6206__2833/CIN                                                       +0    4063   
  g6206__2833/COUT                       ADDF_E          1 19.8  109  +152    4215 R 
  g6205__2006/CIN                                                       +0    4215   
  g6205__2006/COUT                       ADDF_E          1 19.8  109  +152    4368 R 
  g6204__1297/CIN                                                       +0    4368   
  g6204__1297/COUT                       ADDF_E          1 19.8  109  +152    4520 R 
  g6203__1237/CIN                                                       +0    4520   
  g6203__1237/COUT                       ADDF_E          1 19.8  109  +152    4672 R 
  g6202__2007/CIN                                                       +0    4672   
  g6202__2007/COUT                       ADDF_E          1 19.8  109  +152    4824 R 
  g6201__3779/CIN                                                       +0    4824   
  g6201__3779/COUT                       ADDF_E          1 19.8  109  +152    4976 R 
  g6200__4599/CIN                                                       +0    4976   
  g6200__4599/COUT                       ADDF_E          1 19.8  109  +152    5129 R 
  g6199__3717/CIN                                                       +0    5129   
  g6199__3717/COUT                       ADDF_E          1 19.8  109  +152    5281 R 
  g6198__1377/CIN                                                       +0    5281   
  g6198__1377/COUT                       ADDF_E          2 32.7  156  +177    5458 R 
  g6196__7654/A1                                                        +0    5458   
  g6196__7654/Z                          AO21_F          1 19.8   84  +122    5580 R 
  g6195__7557/CIN                                                       +0    5580   
  g6195__7557/COUT                       ADDF_E          1 18.5  104  +148    5727 R 
  g6194__7837/B                                                         +0    5727   
  g6194__7837/Z                          XOR2_C          1  8.8  140   +88    5815 R 
const_mul_47_8/Z[39] 
S[39]                               <<<  out port                       +0    5815 R 
(DirectMultiplication_line_12)           ext delay                    +200    6015 R 
- - - - - - - - - - - - - - - - - - - - - - - - - - - - - - - - - - - - - - - - - - -
(clock clk)                              capture                             20000 R 
-------------------------------------------------------------------------------------
Cost Group   : 'clk' (path_group 'clk')
Timing slack :   13985ps 
Start-point  : X[0]
End-point    : S[39]
