============================================================
  Generated by:           Genus(TM) Synthesis Solution 16.24-s065_1
  Generated on:           Nov 21 2019  07:53:34 pm
  Module:                 DirectMultiplication
  Technology libraries:   PnomV180T025_STD_CELL_7RF 
                          physical_cells 
  Operating conditions:   _nominal_ 
  Interconnect mode:      global
  Area mode:              physical library
============================================================

               Pin                        Type      Fanout  Load Slew Delay Arrival   
                                                            (fF) (ps)  (ps)   (ps)    
--------------------------------------------------------------------------------------
(clock clk)                              launch                                   0 R 
(DirectMultiplication_line_11_14_1)      ext delay                     +100     100 R 
X[5]                                     in port        16 243.1    0    +0     100 R 
const_mul_47_8/A[5] 
  g7877__1237/B                                                          +0     100   
  g7877__1237/Z                          XNOR2_C         3  50.7  361  +222     322 R 
  g7790__2007/B                                                          +0     322   
  g7790__2007/Z                          XNOR2_C         1  20.9  160  +154     476 F 
  g7710__2833/A                                                          +0     476   
  g7710__2833/COUT                       ADDF_E          1  19.5  136  +252     728 F 
  g7693__2005/CIN                                                        +0     728   
  g7693__2005/COUT                       ADDF_E          1  19.5  138  +151     879 F 
  g7683__7547/CIN                                                        +0     879   
  g7683__7547/COUT                       ADDF_E          1  19.5  140  +152    1031 F 
  g7674__1377/CIN                                                        +0    1031   
  g7674__1377/COUT                       ADDF_E          1  19.5  139  +152    1183 F 
  g7672__7654/CIN                                                        +0    1183   
  g7672__7654/COUT                       ADDF_E          1  19.5  139  +152    1335 F 
  g7671__7557/CIN                                                        +0    1335   
  g7671__7557/COUT                       ADDF_E          1  19.5  139  +152    1486 F 
  g7670__7837/CIN                                                        +0    1486   
  g7670__7837/COUT                       ADDF_E          1  19.5  139  +152    1638 F 
  g7669__6179/CIN                                                        +0    1638   
  g7669__6179/COUT                       ADDF_E          1  19.5  139  +152    1790 F 
  g7668__1279/CIN                                                        +0    1790   
  g7668__1279/COUT                       ADDF_E          1  19.5  139  +152    1942 F 
  g7667__3457/CIN                                                        +0    1942   
  g7667__3457/COUT                       ADDF_E          1  19.5  137  +152    2093 F 
  g7666__9771/CIN                                                        +0    2093   
  g7666__9771/COUT                       ADDF_E          1  19.5  137  +151    2245 F 
  g7665__2005/CIN                                                        +0    2245   
  g7665__2005/COUT                       ADDF_E          1  19.5  139  +151    2396 F 
  g7664__1122/CIN                                                        +0    2396   
  g7664__1122/COUT                       ADDF_E          1  19.5  139  +152    2548 F 
  g7663__2001/CIN                                                        +0    2548   
  g7663__2001/COUT                       ADDF_E          1  19.5  139  +152    2700 F 
  g7662__5927/CIN                                                        +0    2700   
  g7662__5927/COUT                       ADDF_E          1  19.5  139  +152    2851 F 
  g7661__6789/CIN                                                        +0    2851   
  g7661__6789/COUT                       ADDF_E          1  19.5  137  +152    3003 F 
  g7660__1591/CIN                                                        +0    3003   
  g7660__1591/COUT                       ADDF_E          1  19.5  139  +151    3154 F 
  g7659__9719/CIN                                                        +0    3154   
  g7659__9719/COUT                       ADDF_E          1  19.5  137  +152    3306 F 
  g7658__3377/CIN                                                        +0    3306   
  g7658__3377/COUT                       ADDF_E          1  19.5  137  +151    3458 F 
  g7657__9867/CIN                                                        +0    3458   
  g7657__9867/COUT                       ADDF_E          1  19.5  137  +151    3609 F 
  g7656__7765/CIN                                                        +0    3609   
  g7656__7765/COUT                       ADDF_E          1  19.5  139  +151    3760 F 
  g7655__7547/CIN                                                        +0    3760   
  g7655__7547/COUT                       ADDF_E          1  19.5  137  +152    3912 F 
  g7654__2833/CIN                                                        +0    3912   
  g7654__2833/COUT                       ADDF_E          1  19.5  137  +151    4063 F 
  g7653__2006/CIN                                                        +0    4063   
  g7653__2006/COUT                       ADDF_E          1  19.5  137  +151    4215 F 
  g7652__1297/CIN                                                        +0    4215   
  g7652__1297/COUT                       ADDF_E          1  19.5  137  +151    4366 F 
  g7651__1237/CIN                                                        +0    4366   
  g7651__1237/COUT                       ADDF_E          1  19.5  137  +151    4518 F 
  g7650__2007/CIN                                                        +0    4518   
  g7650__2007/COUT                       ADDF_E          1  19.5  137  +151    4669 F 
  g7649__3779/CIN                                                        +0    4669   
  g7649__3779/COUT                       ADDF_E          1  19.5  137  +152    4820 F 
  g7648__4599/CIN                                                        +0    4820   
  g7648__4599/COUT                       ADDF_E          1  19.5  137  +152    4972 F 
  g7647__3717/CIN                                                        +0    4972   
  g7647__3717/COUT                       ADDF_E          1  19.5  142  +152    5124 F 
  g7646__1377/CIN                                                        +0    5124   
  g7646__1377/COUT                       ADDF_E          2  29.5  158  +169    5292 F 
  g7644__7654/A1                                                         +0    5292   
  g7644__7654/Z                          AOI21_C         2  33.7  262  +163    5455 R 
  g7642__7837/B                                                          +0    5455   
  g7642__7837/Z                          XNOR2_C         1   8.8  135  +122    5578 R 
const_mul_47_8/Z[38] 
S[38]                               <<<  out port                        +0    5578 R 
(DirectMultiplication_line_12_21_1)      ext delay                     +200    5778 R 
- - - - - - - - - - - - - - - - - - - - - - - - - - - - - - - - - - - - - - - - - - - 
(clock clk)                              capture                              20000 R 
--------------------------------------------------------------------------------------
Cost Group   : 'clk' (path_group 'clk')
Timing slack :   14222ps 
Start-point  : X[5]
End-point    : S[38]
