============================================================
  Generated by:           Genus(TM) Synthesis Solution 16.24-s065_1
  Generated on:           Nov 21 2019  06:00:51 pm
  Module:                 DivideConquer_2b_C1
  Technology libraries:   PnomV180T025_STD_CELL_7RF 
                          physical_cells 
  Operating conditions:   _nominal_ 
  Interconnect mode:      global
  Area mode:              physical library
============================================================

               Pin                         Type       Fanout  Load Slew Delay Arrival   
                                                              (fF) (ps)  (ps)   (ps)    
----------------------------------------------------------------------------------------
(clock clk)                              launch                                     0 R 
(DivideConquer_2b_C1._line_11_19_1)      ext delay                       +100     100 R 
X[0]                                     in port          10 129.9    0    +0     100 R 
const_mul_73_14/A[0] 
  g1113__6179/B                                                            +0     100   
  g1113__6179/Z                          NOR2_E            2  29.7   82   +76     176 F 
  g1100__7765/A                                                            +0     176   
  g1100__7765/COUT                       ADDF_E            1  19.5  133  +236     412 F 
  g1099__7547/CIN                                                          +0     412   
  g1099__7547/COUT                       ADDF_E            1  19.5  137  +151     563 F 
  g1098__2833/CIN                                                          +0     563   
  g1098__2833/COUT                       ADDF_E            1  19.5  137  +151     714 F 
  g1097__2006/CIN                                                          +0     714   
  g1097__2006/COUT                       ADDF_E            1  19.5  137  +151     866 F 
  g1096__1297/CIN                                                          +0     866   
  g1096__1297/COUT                       ADDF_E            1  19.5  136  +151    1017 F 
  g1095__1237/CIN                                                          +0    1017   
  g1095__1237/COUT                       ADDF_E            1  19.5  136  +151    1168 F 
  g1094__2007/CIN                                                          +0    1168   
  g1094__2007/COUT                       ADDF_E            1  19.5  139  +151    1320 F 
  g1093__3779/CIN                                                          +0    1320   
  g1093__3779/COUT                       ADDF_E            1  19.5  139  +152    1471 F 
  g1092__4599/CIN                                                          +0    1471   
  g1092__4599/COUT                       ADDF_E            1  19.5  136  +152    1623 F 
  g1091__3717/CIN                                                          +0    1623   
  g1091__3717/COUT                       ADDF_E            1  19.5  137  +151    1774 F 
  g1090__1377/CIN                                                          +0    1774   
  g1090__1377/COUT                       ADDF_E            1  19.5  133  +151    1926 F 
  g1089__8867/CIN                                                          +0    1926   
  g1089__8867/COUT                       ADDF_E            1  19.5  133  +151    2076 F 
  g1088__7654/CIN                                                          +0    2076   
  g1088__7654/COUT                       ADDF_E            1  19.5  133  +151    2227 F 
  g1087__7557/CIN                                                          +0    2227   
  g1087__7557/COUT                       ADDF_E            1  18.2  132  +148    2376 F 
  g1086__7837/B                                                            +0    2376   
  g1086__7837/Z                          XOR2_C            2  30.8  190  +158    2533 F 
const_mul_73_14/Z[18] 
g1775__7547/B                                                              +0    2533   
g1775__7547/Z                            XOR2_C            2  29.3  241  +184    2717 R 
g1733__6179/A2                                                             +0    2717   
g1733__6179/Z                            AOI22_C           2  35.4  212  +117    2834 F 
g1732__1279/A                                                              +0    2834   
g1732__1279/Z                            NOR2_E            1  19.8  144   +96    2930 R 
g1813/CIN                                                                  +0    2930   
g1813/SUM                                ADDF_E            1  10.8   77  +154    3084 F 
g3/A                                                                       +0    3084   
g3/Z                                     INVERT_A          2  28.4  592  +314    3398 R 
g1722__3377/B                                                              +0    3398   
g1722__3377/Z                            XOR2_C            2  25.8  237  +162    3560 R 
g1713__3779/A2                                                             +0    3560   
g1713__3779/Z                            OAI22_B           1  19.5  269  +157    3716 F 
g1808/CIN                                                                  +0    3716   
g1808/COUT                               ADDF_E            1  19.5  137  +171    3888 F 
g1806/CIN                                                                  +0    3888   
g1806/COUT                               ADDF_E            1  19.5  137  +151    4039 F 
g1804/CIN                                                                  +0    4039   
g1804/COUT                               ADDF_E            1  19.5  137  +151    4190 F 
g1802/CIN                                                                  +0    4190   
g1802/COUT                               ADDF_E            2  30.3  152  +170    4360 F 
g1687__1297/A2                                                             +0    4360   
g1687__1297/Z                            AOI22_C           2  40.8  238  +154    4514 R 
g1686/A                                                                    +0    4514   
g1686/Z                                  INVERTBAL_H       1  17.6   81   +50    4564 F 
g1682__4599/A2                                                             +0    4564   
g1682__4599/Z                            AO22_H            1  19.5   51  +108    4672 F 
g1800/CIN                                                                  +0    4672   
g1800/COUT                               ADDF_E            1  19.5  137  +138    4810 F 
g1799/CIN                                                                  +0    4810   
g1799/COUT                               ADDF_E            1  19.5  140  +151    4962 F 
g1798/CIN                                                                  +0    4962   
g1798/COUT                               ADDF_E            1  19.5  140  +152    5114 F 
g2/CIN                                                                     +0    5114   
g2/COUT                                  ADDF_E            2  32.0  155  +173    5286 F 
g1666__6789/A1                                                             +0    5286   
g1666__6789/Z                            AO22_H            2  32.0   62  +123    5409 F 
g1664__9719/A1                                                             +0    5409   
g1664__9719/Z                            AO22_H            2  32.0   62  +106    5515 F 
g1662__9867/A1                                                             +0    5515   
g1662__9867/Z                            AO22_H            2  32.0   62  +106    5621 F 
g1660__7547/A1                                                             +0    5621   
g1660__7547/Z                            AO22_H            2  32.0   62  +106    5728 F 
g1658__2006/A1                                                             +0    5728   
g1658__2006/Z                            AO22_H            2  32.0   62  +106    5834 F 
g1656__1237/A1                                                             +0    5834   
g1656__1237/Z                            AO22_H            2  32.0   62  +106    5940 F 
g1654__3779/A1                                                             +0    5940   
g1654__3779/Z                            AO22_H            2  30.7   61  +105    6045 F 
g1652__3717/A1                                                             +0    6045   
g1652__3717/Z                            AOI22_C           1  18.5  153   +83    6129 R 
g1651__1377/B                                                              +0    6129   
g1651__1377/Z                            XOR2_C            1   8.8  142   +93    6222 R 
S[39]                               <<<  out port                          +0    6222 R 
(DivideConquer_2b_C1._line_12)           ext delay                       +200    6422 R 
- - - - - - - - - - - - - - - - - - - - - - - - - - - - - - - - - - - - - - - - - - - - 
(clock clk)                              capture                                20000 R 
----------------------------------------------------------------------------------------
Cost Group   : 'clk' (path_group 'clk')
Timing slack :   13578ps 
Start-point  : X[0]
End-point    : S[39]
