============================================================
  Generated by:           Genus(TM) Synthesis Solution 16.24-s065_1
  Generated on:           Nov 21 2019  06:42:29 pm
  Module:                 DivideConquer_2b_C1
  Technology libraries:   PnomV180T025_STD_CELL_7RF 
                          physical_cells 
  Operating conditions:   _nominal_ 
  Interconnect mode:      global
  Area mode:              physical library
============================================================

               Pin                        Type      Fanout  Load Slew Delay Arrival   
                                                            (fF) (ps)  (ps)   (ps)    
--------------------------------------------------------------------------------------
(clock clk)                              launch                                   0 R 
(DivideConquer_2b_C1._line_11_19_1)      ext delay                     +100     100 R 
X[0]                                     in port        14 204.0    0    +0     100 R 
g10059__2833/A                                                           +0     100   
g10059__2833/Z                           XOR2_C          3  32.6  247  +166     266 R 
g9960__1122/A                                                            +0     266   
g9960__1122/Z                            XNOR2_C         3  46.9  274  +182     447 F 
g9905__7654/A                                                            +0     447   
g9905__7654/Z                            NOR2_E          3  47.1  244  +161     608 R 
g9798__3377/B                                                            +0     608   
g9798__3377/Z                            AO21_I          1  19.8   65  +175     784 R 
g9749__7837/CIN                                                          +0     784   
g9749__7837/SUM                          ADDF_E          2  29.2  144  +146     930 R 
g9730__1377/A                                                            +0     930   
g9730__1377/Z                            XOR2_C          2  29.4  233  +168    1097 R 
g9702__4599/A1                                                           +0    1097   
g9702__4599/Z                            AOI22_C         2  27.3  163  +111    1208 F 
g9680__7765/A1                                                           +0    1208   
g9680__7765/Z                            OAI22_B         2  29.4  356  +202    1410 R 
g9672__8867/A                                                            +0    1410   
g9672__8867/Z                            XNOR2_C         2  26.5  254  +176    1586 R 
g9659__1591/A                                                            +0    1586   
g9659__1591/Z                            XNOR2_C         2  25.8  237  +167    1753 R 
g9641__3457/A2                                                           +0    1753   
g9641__3457/Z                            OAI22_B         2  28.6  283  +190    1943 F 
g9626__1297/A2                                                           +0    1943   
g9626__1297/Z                            AOI22_C         2  27.9  222  +158    2101 R 
g9606__9771/A1                                                           +0    2101   
g9606__9771/Z                            OAI22_B         2  28.6  280  +177    2278 F 
g9591__2007/A2                                                           +0    2278   
g9591__2007/Z                            AOI22_C         2  27.9  222  +158    2436 R 
g9573__5927/A1                                                           +0    2436   
g9573__5927/Z                            OAI22_B         2  28.5  280  +176    2612 F 
g9564__2007/A                                                            +0    2612   
g9564__2007/Z                            XNOR2_C         2  27.3  226  +167    2779 F 
g9558__7654/B                                                            +0    2779   
g9558__7654/Z                            XOR2_C          2  25.8  181  +159    2938 F 
g9544__3377/B1                                                           +0    2938   
g9544__3377/Z                            OAI22_B         2  29.3  363  +222    3159 R 
g9533__4599/B2                                                           +0    3159   
g9533__4599/Z                            AOI22_C         2  29.5  206  +139    3298 F 
g9520__1122/A1                                                           +0    3298   
g9520__1122/Z                            OAI22_B         2  31.0  379  +221    3519 R 
g9508__2006/B1                                                           +0    3519   
g9508__2006/Z                            AOI22_C         2  29.8  228  +159    3678 F 
g9499__1377/B1                                                           +0    3678   
g9499__1377/Z                            OAI22_B         2  31.1  390  +243    3921 R 
g9494__3457/B2                                                           +0    3921   
g9494__3457/Z                            AOI22_C         2  29.8  212  +142    4063 F 
g9489__6789/B1                                                           +0    4063   
g9489__6789/Z                            OAI22_B         2  31.0  385  +238    4301 R 
g9484__7765/B1                                                           +0    4301   
g9484__7765/Z                            AOI22_C         2  29.8  229  +160    4461 F 
g9480__1297/B1                                                           +0    4461   
g9480__1297/Z                            OAI22_B         2  31.3  392  +244    4706 R 
g9475__3717/A1                                                           +0    4706   
g9475__3717/Z                            AOI22_C         2  29.8  207  +132    4838 F 
g9470__7837/B1                                                           +0    4838   
g9470__7837/Z                            OAI22_B         2  31.3  386  +238    5076 R 
g9466__3457/A1                                                           +0    5076   
g9466__3457/Z                            AOI22_C         2  29.5  205  +131    5208 F 
g9461__6789/A1                                                           +0    5208   
g9461__6789/Z                            OAI22_B         2  31.3  382  +222    5429 R 
g9456__3377/A1                                                           +0    5429   
g9456__3377/Z                            AOI22_C         2  29.5  204  +131    5560 F 
g9451__1297/A1                                                           +0    5560   
g9451__1297/Z                            OAI22_B         2  31.3  379  +221    5781 R 
g9449__3779/B                                                            +0    5781   
g9449__3779/Z                            XOR2_C          2  31.0  261  +160    5942 R 
g9443__7654/B                                                            +0    5942   
g9443__7654/Z                            XOR2_C          2  31.3  261  +149    6091 R 
g9436__1122/A1                                                           +0    6091   
g9436__1122/Z                            AOI22_C         2  27.6  193  +115    6206 F 
g9434__5927/B1                                                           +0    6206   
g9434__5927/Z                            OAI22_B         1  19.8  282  +183    6389 R 
g10162/CIN                                                               +0    6389   
g10162/COUT                              ADDF_E          2  32.5  158  +190    6580 R 
g9430__9719/A1                                                           +0    6580   
g9430__9719/Z                            AO22_H          2  32.5   87  +123    6703 R 
g9428__9867/A1                                                           +0    6703   
g9428__9867/Z                            AO22_H          2  32.5   90  +116    6819 R 
g9426__7547/A1                                                           +0    6819   
g9426__7547/Z                            AO22_H          2  32.5   90  +116    6935 R 
g9424__2006/A1                                                           +0    6935   
g9424__2006/Z                            AO22_H          2  32.5   90  +116    7052 R 
g9422__2007/A1                                                           +0    7052   
g9422__2007/Z                            AO22_H          2  31.9   88  +116    7168 R 
g9420__4599/B1                                                           +0    7168   
g9420__4599/Z                            AO22_H          2  32.5   89  +141    7309 R 
g9418__1377/A1                                                           +0    7309   
g9418__1377/Z                            AO22_H          2  31.0   87  +115    7424 R 
g9416__7654/B1                                                           +0    7424   
g9416__7654/Z                            AOI22_C         1  20.4  154  +100    7524 F 
g9415__7557/B                                                            +0    7524   
g9415__7557/Z                            XNOR2_C         1  16.5  140  +113    7636 F 
g9414__7837/A                                                            +0    7636   
g9414__7837/Z                            XOR2_C          1   8.8  113  +111    7747 F 
S[39]                               <<<  out port                        +0    7747 F 
(DivideConquer_2b_C1._line_12)           ext delay                     +200    7947 F 
- - - - - - - - - - - - - - - - - - - - - - - - - - - - - - - - - - - - - - - - - - - 
(clock clk)                              capture                              20000 R 
--------------------------------------------------------------------------------------
Cost Group   : 'clk' (path_group 'clk')
Timing slack :   12053ps 
Start-point  : X[0]
End-point    : S[39]
