============================================================
  Generated by:           Genus(TM) Synthesis Solution 16.24-s065_1
  Generated on:           Nov 21 2019  06:50:39 pm
  Module:                 DivideConquer_2b_C1
  Technology libraries:   PnomV180T025_STD_CELL_7RF 
                          physical_cells 
  Operating conditions:   _nominal_ 
  Interconnect mode:      global
  Area mode:              physical library
============================================================

               Pin                        Type      Fanout  Load Slew Delay Arrival   
                                                            (fF) (ps)  (ps)   (ps)    
--------------------------------------------------------------------------------------
(clock clk)                              launch                                   0 R 
(DivideConquer_2b_C1._line_11_16_1)      ext delay                     +100     100 R 
X[3]                                     in port         8 141.3    0    +0     100 R 
g10955__1279/B                                                           +0     100   
g10955__1279/Z                           XNOR2_C         4  58.7  409  +245     345 R 
g10893__6179/A                                                           +0     345   
g10893__6179/Z                           NOR2_E          3  43.2  203  +140     485 F 
g10693__9867/A2                                                          +0     485   
g10693__9867/Z                           AOI21_C         2  38.2  310  +194     679 R 
g10668__1297/A                                                           +0     679   
g10668__1297/Z                           NAND2_F         1  18.2  103   +49     729 F 
g10626__1591/B                                                           +0     729   
g10626__1591/Z                           XOR2_C          1  20.9  168  +132     860 F 
g11070/A                                                                 +0     860   
g11070/COUT                              ADDF_E          1  16.4  142  +248    1108 F 
g10505__9867/A                                                           +0    1108   
g10505__9867/Z                           XNOR2_C         1  16.4  158  +125    1234 F 
g10483__1122/A                                                           +0    1234   
g10483__1122/Z                           XNOR2_C         2  30.8  207  +159    1392 F 
g10459__7557/B                                                           +0    1392   
g10459__7557/Z                           XOR2_C          2  31.3  252  +194    1586 R 
g10439__2006/A1                                                          +0    1586   
g10439__2006/Z                           AOI22_C         2  28.9  194  +117    1703 F 
g10433__8867/B                                                           +0    1703   
g10433__8867/Z                           OAI21_C         2  31.3  264  +166    1868 R 
g10423__5927/A1                                                          +0    1868   
g10423__5927/Z                           AOI22_C         2  25.6  185  +111    1979 F 
g10414__2833/A1                                                          +0    1979   
g10414__2833/Z                           OAI22_B         2  29.4  368  +208    2187 R 
g10406__7837/A                                                           +0    2187   
g10406__7837/Z                           XNOR2_C         2  26.5  256  +177    2363 R 
g10396__6789/A                                                           +0    2363   
g10396__6789/Z                           XNOR2_C         2  27.3  204  +144    2507 F 
g10379__3717/A1                                                          +0    2507   
g10379__3717/Z                           OAI22_B         2  29.3  376  +213    2720 R 
g10364__1122/B2                                                          +0    2720   
g10364__1122/Z                           AOI22_C         2  29.8  210  +140    2860 F 
g10350__2007/B1                                                          +0    2860   
g10350__2007/Z                           OAI22_B         2  29.5  371  +231    3091 R 
g10333__1591/A1                                                          +0    3091   
g10333__1591/Z                           AOI22_C         2  29.5  212  +130    3221 F 
g10316__1377/A1                                                          +0    3221   
g10316__1377/Z                           OAI22_B         2  31.0  384  +222    3444 R 
g10306__5927/B1                                                          +0    3444   
g10306__5927/Z                           AOI22_C         2  29.5  228  +159    3603 F 
g10294__2007/A1                                                          +0    3603   
g10294__2007/Z                           OAI22_B         2  31.3  384  +228    3831 R 
g10285__1279/A1                                                          +0    3831   
g10285__1279/Z                           AOI22_C         2  29.5  204  +131    3962 F 
g10280__5927/A1                                                          +0    3962   
g10280__5927/Z                           OAI22_B         2  31.3  381  +221    4183 R 
g10275__9867/A1                                                          +0    4183   
g10275__9867/Z                           AOI22_C         2  29.8  204  +132    4315 F 
g10270__1297/B1                                                          +0    4315   
g10270__1297/Z                           OAI22_B         2  31.0  383  +236    4551 R 
g10266__4599/B1                                                          +0    4551   
g10266__4599/Z                           AOI22_C         2  29.5  228  +159    4710 F 
g10261__7557/A1                                                          +0    4710   
g10261__7557/Z                           OAI22_B         2  31.0  388  +227    4937 R 
g10256__9771/B1                                                          +0    4937   
g10256__9771/Z                           AOI22_C         2  29.5  229  +160    5097 F 
g10251__6789/A1                                                          +0    5097   
g10251__6789/Z                           OAI22_B         2  31.3  394  +228    5325 R 
g10246__3377/A1                                                          +0    5325   
g10246__3377/Z                           AOI22_C         2  29.5  206  +132    5457 F 
g10241__1237/A1                                                          +0    5457   
g10241__1237/Z                           OAI22_B         2  31.3  383  +222    5679 R 
g10238__3779/B                                                           +0    5679   
g10238__3779/Z                           XOR2_C          2  31.0  261  +161    5840 R 
g10234__7557/B                                                           +0    5840   
g10234__7557/Z                           XOR2_C          2  29.5  261  +146    5985 R 
g10226__1122/A1                                                          +0    5985   
g10226__1122/Z                           AOI22_C         2  27.6  193  +115    6100 F 
g10224__5927/B1                                                          +0    6100   
g10224__5927/Z                           OAI22_B         1  19.8  282  +183    6284 R 
g11064/CIN                                                               +0    6284   
g11064/COUT                              ADDF_E          2  32.5  158  +190    6474 R 
g10220__9719/A1                                                          +0    6474   
g10220__9719/Z                           AO22_H          2  31.9   89  +123    6597 R 
g10218__9867/B1                                                          +0    6597   
g10218__9867/Z                           AO22_H          2  31.9   88  +141    6737 R 
g10216__2833/B1                                                          +0    6737   
g10216__2833/Z                           AO22_H          2  31.9   88  +140    6878 R 
g10214__1297/B1                                                          +0    6878   
g10214__1297/Z                           AO22_H          2  31.9   88  +140    7018 R 
g10212__2007/B1                                                          +0    7018   
g10212__2007/Z                           AO22_H          2  32.5   89  +141    7159 R 
g10210__4599/A1                                                          +0    7159   
g10210__4599/Z                           AO22_H          2  31.9   89  +116    7275 R 
g10208__1377/B1                                                          +0    7275   
g10208__1377/Z                           AO22_H          2  31.0   86  +140    7415 R 
g10206__7654/B1                                                          +0    7415   
g10206__7654/Z                           AOI22_C         1  20.4  154  +100    7515 F 
g10205__7557/B                                                           +0    7515   
g10205__7557/Z                           XNOR2_C         1  16.5  140  +113    7627 F 
g10204__7837/A                                                           +0    7627   
g10204__7837/Z                           XOR2_C          1   8.8  114  +111    7738 F 
S[39]                               <<<  out port                        +0    7738 F 
(DivideConquer_2b_C1._line_12)           ext delay                     +200    7938 F 
- - - - - - - - - - - - - - - - - - - - - - - - - - - - - - - - - - - - - - - - - - - 
(clock clk)                              capture                              20000 R 
--------------------------------------------------------------------------------------
Cost Group   : 'clk' (path_group 'clk')
Timing slack :   12062ps 
Start-point  : X[3]
End-point    : S[39]
