============================================================
  Generated by:           Genus(TM) Synthesis Solution 16.24-s065_1
  Generated on:           Nov 27 2019  07:34:14 pm
  Module:                 booth
  Technology libraries:   PnomV180T025_STD_CELL_7RF 
                          physical_cells 
  Operating conditions:   _nominal_ 
  Interconnect mode:      global
  Area mode:              physical library
============================================================

           Pin                    Type      Fanout  Load Slew Delay Arrival   
                                                    (fF) (ps)  (ps)   (ps)    
------------------------------------------------------------------------------
(clock clk)                      launch                                   0 R 
(booth.sdc_line_11_19_1)         ext delay                     +100     100 F 
InputVector[0]                   in port        13 162.5    0    +0     100 F 
MULT_g8064__8128/B                                               +0     100   
MULT_g8064__8128/Z               NOR2_E          4  59.7  224  +134     234 R 
g619/A                                                           +0     234   
g619/Z                           INVERT_F        1  19.5   70   +32     267 F 
g617__7654/A                                                     +0     267   
g617__7654/Z                     NOR2_E          2  37.7  168  +104     371 R 
g615__7837/A                                                     +0     371   
g615__7837/Z                     NAND2_F         2  33.2   99   +64     435 F 
g612__1279/A                                                     +0     435   
g612__1279/Z                     NOR2_E          2  37.5  174  +109     545 R 
g611/A                                                           +0     545   
g611/Z                           INVERT_F        1  19.5   61   +33     577 F 
g609__3457/A                                                     +0     577   
g609__3457/Z                     NOR2_E          2  37.5  166  +102     680 R 
g608/A                                                           +0     680   
g608/Z                           INVERT_F        1  19.5   60   +33     712 F 
g606__2005/A                                                     +0     712   
g606__2005/Z                     NOR2_E          2  31.0  147   +92     805 R 
g605/A                                                           +0     805   
g605/Z                           INVERT_E        1  19.5   95   +69     874 F 
g603__2001/A                                                     +0     874   
g603__2001/Z                     NOR2_E          2  37.5  174  +109     983 R 
g598__1591/B                                                     +0     983   
g598__1591/Z                     XNOR2_C         6  94.0  621  +356    1339 R 
MULT_g8028__2006/B                                               +0    1339   
MULT_g8028__2006/Z               XNOR2_C         3  42.2  280  +243    1582 F 
MULT_g7907__1297/B                                               +0    1582   
MULT_g7907__1297/Z               XOR2_C          2  29.0  215  +173    1755 F 
MULT_g7835__7557/B                                               +0    1755   
MULT_g7835__7557/Z               XOR2_C          1  19.8  270  +162    1917 R 
MULT_g7748__3717/CIN                                             +0    1917   
MULT_g7748__3717/SUM             ADDF_E          2  32.2  120  +216    2133 F 
MULT_g7742__7837/B                                               +0    2133   
MULT_g7742__7837/Z               XNOR2_C         1  18.2  142  +109    2242 F 
MULT_g7722__2007/B                                               +0    2242   
MULT_g7722__2007/Z               XOR2_C          1  20.9  161  +137    2379 F 
MULT_CPA_1_g1488__1297/A                                         +0    2379   
MULT_CPA_1_g1488__1297/COUT      ADDF_E          1  19.5  136  +252    2632 F 
MULT_CPA_1_g1487__1237/CIN                                       +0    2632   
MULT_CPA_1_g1487__1237/COUT      ADDF_E          1  19.5  136  +151    2783 F 
MULT_CPA_1_g1486__2007/CIN                                       +0    2783   
MULT_CPA_1_g1486__2007/COUT      ADDF_E          1  19.5  139  +151    2934 F 
MULT_CPA_1_g1485__3779/CIN                                       +0    2934   
MULT_CPA_1_g1485__3779/COUT      ADDF_E          1  19.5  139  +152    3086 F 
MULT_CPA_1_g1484__4599/CIN                                       +0    3086   
MULT_CPA_1_g1484__4599/COUT      ADDF_E          1  19.5  139  +152    3237 F 
MULT_CPA_1_g1483__3717/CIN                                       +0    3237   
MULT_CPA_1_g1483__3717/COUT      ADDF_E          1  19.5  139  +152    3389 F 
MULT_CPA_1_g1482__1377/CIN                                       +0    3389   
MULT_CPA_1_g1482__1377/COUT      ADDF_E          1  19.5  139  +152    3541 F 
MULT_CPA_1_g1481__8867/CIN                                       +0    3541   
MULT_CPA_1_g1481__8867/COUT      ADDF_E          1  19.5  139  +152    3692 F 
MULT_CPA_1_g1480__7654/CIN                                       +0    3692   
MULT_CPA_1_g1480__7654/COUT      ADDF_E          1  19.5  139  +152    3844 F 
MULT_CPA_1_g1479__7557/CIN                                       +0    3844   
MULT_CPA_1_g1479__7557/COUT      ADDF_E          1  19.5  139  +152    3996 F 
MULT_CPA_1_g1478__7837/CIN                                       +0    3996   
MULT_CPA_1_g1478__7837/COUT      ADDF_E          1  19.5  139  +152    4148 F 
MULT_CPA_1_g1477__6179/CIN                                       +0    4148   
MULT_CPA_1_g1477__6179/COUT      ADDF_E          1  19.5  139  +152    4299 F 
MULT_CPA_1_g1476__1279/CIN                                       +0    4299   
MULT_CPA_1_g1476__1279/COUT      ADDF_E          1  19.5  139  +152    4451 F 
MULT_CPA_1_g1475__3457/CIN                                       +0    4451   
MULT_CPA_1_g1475__3457/COUT      ADDF_E          1  19.5  139  +152    4603 F 
MULT_CPA_1_g1474__9771/CIN                                       +0    4603   
MULT_CPA_1_g1474__9771/COUT      ADDF_E          1  19.5  139  +152    4755 F 
MULT_CPA_1_g1473__2005/CIN                                       +0    4755   
MULT_CPA_1_g1473__2005/COUT      ADDF_E          1  19.5  139  +152    4907 F 
MULT_CPA_1_g1472__1122/CIN                                       +0    4907   
MULT_CPA_1_g1472__1122/COUT      ADDF_E          1  19.5  139  +152    5058 F 
MULT_CPA_1_g1471__2001/CIN                                       +0    5058   
MULT_CPA_1_g1471__2001/COUT      ADDF_E          1  19.5  139  +152    5210 F 
MULT_CPA_1_g1470__5927/CIN                                       +0    5210   
MULT_CPA_1_g1470__5927/COUT      ADDF_E          1  19.5  139  +152    5362 F 
MULT_CPA_1_g1469__6789/CIN                                       +0    5362   
MULT_CPA_1_g1469__6789/COUT      ADDF_E          1  19.5  139  +152    5514 F 
MULT_CPA_1_g1468__1591/CIN                                       +0    5514   
MULT_CPA_1_g1468__1591/COUT      ADDF_E          1  19.5  139  +152    5666 F 
MULT_CPA_1_g1467__9719/CIN                                       +0    5666   
MULT_CPA_1_g1467__9719/COUT      ADDF_E          1  19.5  139  +152    5817 F 
MULT_CPA_1_g1466__3377/CIN                                       +0    5817   
MULT_CPA_1_g1466__3377/COUT      ADDF_E          1  19.5  139  +152    5969 F 
MULT_CPA_1_g1465__9867/CIN                                       +0    5969   
MULT_CPA_1_g1465__9867/COUT      ADDF_E          1  19.5  139  +152    6121 F 
MULT_CPA_1_g1464__7765/CIN                                       +0    6121   
MULT_CPA_1_g1464__7765/COUT      ADDF_E          1  19.5  137  +152    6273 F 
MULT_CPA_1_g1463__7547/CIN                                       +0    6273   
MULT_CPA_1_g1463__7547/COUT      ADDF_E          1  19.5  139  +151    6424 F 
MULT_CPA_1_g1462__2833/CIN                                       +0    6424   
MULT_CPA_1_g1462__2833/COUT      ADDF_E          1  19.5  139  +152    6576 F 
MULT_CPA_1_g1461__2006/CIN                                       +0    6576   
MULT_CPA_1_g1461__2006/COUT      ADDF_E          1  18.2  143  +149    6725 F 
MULT_CPA_1_g1460__1297/B                                         +0    6725   
MULT_CPA_1_g1460__1297/Z         XOR2_C          1   8.8  142  +114    6840 R 
OutputVector[39]            <<<  out port                        +0    6840 R 
(booth.sdc_line_12)              ext delay                     +200    7040 R 
- - - - - - - - - - - - - - - - - - - - - - - - - - - - - - - - - - - - - - - 
(clock clk)                      capture                              20000 R 
------------------------------------------------------------------------------
Cost Group   : 'clk' (path_group 'clk')
Timing slack :   12960ps 
Start-point  : InputVector[0]
End-point    : OutputVector[39]
