============================================================
  Generated by:           Genus(TM) Synthesis Solution 16.24-s065_1
  Generated on:           Nov 21 2019  06:51:53 pm
  Module:                 DivideConquer_2b_C1
  Technology libraries:   PnomV180T025_STD_CELL_7RF 
                          physical_cells 
  Operating conditions:   _nominal_ 
  Interconnect mode:      global
  Area mode:              physical library
============================================================

               Pin                         Type       Fanout  Load Slew Delay Arrival   
                                                              (fF) (ps)  (ps)   (ps)    
----------------------------------------------------------------------------------------
(clock clk)                              launch                                     0 R 
(DivideConquer_2b_C1._line_11_19_1)      ext delay                       +100     100 R 
X[0]                                     in port          13 166.7    0    +0     100 R 
g10038__7557/B                                                             +0     100   
g10038__7557/Z                           NOR2_E            3  47.2  112   +94     194 F 
g10003__7547/A                                                             +0     194   
g10003__7547/Z                           AND2_I            4  56.1   80  +129     322 F 
g9959__3377/A                                                              +0     322   
g9959__3377/Z                            AND2_I            3  44.7   68  +116     438 F 
g9898__3717/A1                                                             +0     438   
g9898__3717/Z                            OAI21_C           2  33.2  261  +151     589 R 
g9882__9771/A                                                              +0     589   
g9882__9771/Z                            NAND2_F           3  44.4  136   +83     672 F 
g9863__3457/A                                                              +0     672   
g9863__3457/Z                            NOR2_E            3  50.0  221  +137     809 R 
g9854__4599/B                                                              +0     809   
g9854__4599/Z                            AO21_I            4  55.7  108  +196    1005 R 
g9794__7654/B                                                              +0    1005   
g9794__7654/Z                            XOR2_C            2  29.4  285  +122    1127 R 
g9737__6789/A1                                                             +0    1127   
g9737__6789/Z                            AOI22_C           2  40.2  260  +146    1273 F 
g9732/A                                                                    +0    1273   
g9732/Z                                  INVERTBAL_H       1  17.3   91   +63    1336 R 
g9711__3377/A1                                                             +0    1336   
g9711__3377/Z                            AOI22_C           2  35.0  254  +106    1442 F 
g9709/A                                                                    +0    1442   
g9709/Z                                  INVERT_H          1  18.5   99   +79    1521 R 
g9696__7837/A1                                                             +0    1521   
g9696__7837/Z                            AO22_H            2  30.6   87  +115    1636 R 
g9671__4599/A1                                                             +0    1636   
g9671__4599/Z                            AO22_H            1  19.8   73  +104    1740 R 
g10077/CIN                                                                 +0    1740   
g10077/COUT                              ADDF_E            2  31.3  151  +171    1911 R 
g9635__6179/B                                                              +0    1911   
g9635__6179/Z                            XOR2_C            2  30.5  258  +131    2041 R 
g9620__1237/B                                                              +0    2041   
g9620__1237/Z                            XNOR2_C           2  25.6  261  +152    2193 F 
g9589__3377/A2                                                             +0    2193   
g9589__3377/Z                            OAI22_B           2  29.4  392  +216    2410 R 
g9567__1297/A1                                                             +0    2410   
g9567__1297/Z                            AOI22_C           1  19.5  223  +107    2516 F 
g10075/CIN                                                                 +0    2516   
g10075/COUT                              ADDF_E            1  10.8  129  +147    2664 F 
g3/A                                                                       +0    2664   
g3/Z                                     INVERT_A          2  29.5  620  +341    3004 R 
g9531__3779/A                                                              +0    3004   
g9531__3779/Z                            XOR2_C            2  30.7  284  +186    3191 F 
g9515__5927/B                                                              +0    3191   
g9515__5927/Z                            XOR2_C            2  29.3  252  +204    3395 R 
g9491__1377/B2                                                             +0    3395   
g9491__1377/Z                            AOI22_C           2  29.5  225  +128    3524 F 
g9475__3377/A1                                                             +0    3524   
g9475__3377/Z                            OAI22_B           2  29.2  362  +218    3742 R 
g9461__4599/B1                                                             +0    3742   
g9461__4599/Z                            AOI22_C           2  29.8  224  +158    3899 F 
g9447__1279/B1                                                             +0    3899   
g9447__1279/Z                            OAI22_B           2  31.3  390  +243    4142 R 
g9438__5927/A1                                                             +0    4142   
g9438__5927/Z                            AOI22_C           2  29.8  206  +132    4275 F 
g9432__9867/B1                                                             +0    4275   
g9432__9867/Z                            OAI22_B           2  31.0  384  +237    4511 R 
g9427__1297/B1                                                             +0    4511   
g9427__1297/Z                            AOI22_C           2  29.8  229  +160    4671 F 
g9422__3717/B1                                                             +0    4671   
g9422__3717/Z                            OAI22_B           2  31.0  389  +243    4914 R 
g9417__7837/B1                                                             +0    4914   
g9417__7837/Z                            AOI22_C           2  29.5  229  +160    5074 F 
g9412__2005/A1                                                             +0    5074   
g9412__2005/Z                            OAI22_B           2  31.0  388  +227    5301 R 
g9408__6789/B1                                                             +0    5301   
g9408__6789/Z                            AOI22_C           2  29.8  230  +160    5462 F 
g9403__3377/B1                                                             +0    5462   
g9403__3377/Z                            OAI22_B           2  31.3  392  +245    5706 R 
g9398__1297/A1                                                             +0    5706   
g9398__1297/Z                            AOI22_C           2  29.8  207  +132    5839 F 
g9393__1377/B1                                                             +0    5839   
g9393__1377/Z                            OAI22_B           2  31.0  384  +237    6076 R 
g9391__7557/B                                                              +0    6076   
g9391__7557/Z                            XOR2_C            2  31.3  264  +162    6237 R 
g9384__2005/B                                                              +0    6237   
g9384__2005/Z                            XOR2_C            2  29.2  253  +145    6382 R 
g9381__5927/B1                                                             +0    6382   
g9381__5927/Z                            AOI22_C           2  25.6  198  +134    6516 F 
g9379__1591/A1                                                             +0    6516   
g9379__1591/Z                            OAI22_B           2  31.7  395  +222    6738 R 
g9377__9719/A1                                                             +0    6738   
g9377__9719/Z                            AO22_F            2  31.9  110  +145    6883 R 
g9375__9867/B1                                                             +0    6883   
g9375__9867/Z                            AO22_H            2  31.9   88  +144    7026 R 
g9373__7547/B1                                                             +0    7026   
g9373__7547/Z                            AO22_H            2  31.9   88  +140    7167 R 
g9371__2006/B1                                                             +0    7167   
g9371__2006/Z                            AO22_H            2  32.5   89  +141    7308 R 
g9369__2007/A1                                                             +0    7308   
g9369__2007/Z                            AO22_H            2  32.5   90  +116    7424 R 
g9367__4599/A1                                                             +0    7424   
g9367__4599/Z                            AO22_H            2  32.5   90  +116    7541 R 
g9365__1377/A1                                                             +0    7541   
g9365__1377/Z                            AO22_H            2  31.3   88  +115    7656 R 
g9363__7654/A1                                                             +0    7656   
g9363__7654/Z                            AOI22_C           1  16.5  156   +73    7729 F 
g9362__7557/A                                                              +0    7729   
g9362__7557/Z                            XOR2_C            1  16.5  136  +131    7860 F 
g9361__7837/A                                                              +0    7860   
g9361__7837/Z                            XOR2_C            1   8.8  116  +111    7970 F 
S[39]                               <<<  out port                          +0    7970 F 
(DivideConquer_2b_C1._line_12)           ext delay                       +200    8170 F 
- - - - - - - - - - - - - - - - - - - - - - - - - - - - - - - - - - - - - - - - - - - - 
(clock clk)                              capture                                20000 R 
----------------------------------------------------------------------------------------
Cost Group   : 'clk' (path_group 'clk')
Timing slack :   11830ps 
Start-point  : X[0]
End-point    : S[39]
