============================================================
  Generated by:           Genus(TM) Synthesis Solution 16.24-s065_1
  Generated on:           Nov 27 2019  07:30:47 pm
  Module:                 booth
  Technology libraries:   PnomV180T025_STD_CELL_7RF 
                          physical_cells 
  Operating conditions:   _nominal_ 
  Interconnect mode:      global
  Area mode:              physical library
============================================================

           Pin                     Type       Fanout  Load Slew Delay Arrival   
                                                      (fF) (ps)  (ps)   (ps)    
--------------------------------------------------------------------------------
(clock clk)                      launch                                     0 R 
(booth.sdc_line_11_19_1)         ext delay                       +100     100 F 
InputVector[0]                   in port          14 179.4    0    +0     100 F 
g618__7654/B                                                       +0     100   
g618__7654/Z                     NOR2_E            2  35.3  146   +96     196 R 
g617/A                                                             +0     196   
g617/Z                           INVERTBAL_E       1  19.5   82   +60     256 F 
g615__7837/A                                                       +0     256   
g615__7837/Z                     NOR2_E            2  37.7  171  +106     363 R 
g613__1279/A                                                       +0     363   
g613__1279/Z                     NAND2_F           2  33.2  100   +65     427 F 
g610__9771/A                                                       +0     427   
g610__9771/Z                     NOR2_E            2  35.3  168  +106     533 R 
g609/A                                                             +0     533   
g609/Z                           INVERTBAL_E       1  19.5   87   +62     595 F 
g607__2005/A                                                       +0     595   
g607__2005/Z                     NOR2_E            2  35.3  165  +104     699 R 
g606/A                                                             +0     699   
g606/Z                           INVERTBAL_E       1  19.5   86   +62     760 F 
g604__2001/A                                                       +0     760   
g604__2001/Z                     NOR2_E            2  37.7  172  +107     868 R 
g600__1591/B                                                       +0     868   
g600__1591/Z                     XNOR2_C           7 107.2  700  +394    1261 R 
MULT_g7505__7837/A                                                 +0    1261   
MULT_g7505__7837/SUM             ADDF_E            2  35.6  170  +297    1558 R 
MULT_g7490__7547/B                                                 +0    1558   
MULT_g7490__7547/Z               XOR2_C            2  31.0  251  +134    1693 R 
MULT_g7467__1279/B                                                 +0    1693   
MULT_g7467__1279/Z               XNOR2_C           1  21.1  191  +157    1850 R 
MULT_CPA_1_g1478__2007/A                                           +0    1850   
MULT_CPA_1_g1478__2007/COUT      ADDF_E            1  19.8  109  +229    2078 R 
MULT_CPA_1_g1477__3779/CIN                                         +0    2078   
MULT_CPA_1_g1477__3779/COUT      ADDF_E            1  19.8  109  +152    2231 R 
MULT_CPA_1_g1476__4599/CIN                                         +0    2231   
MULT_CPA_1_g1476__4599/COUT      ADDF_E            1  19.8  109  +152    2383 R 
MULT_CPA_1_g1475__3717/CIN                                         +0    2383   
MULT_CPA_1_g1475__3717/COUT      ADDF_E            1  19.8  109  +152    2535 R 
MULT_CPA_1_g1474__1377/CIN                                         +0    2535   
MULT_CPA_1_g1474__1377/COUT      ADDF_E            1  19.8  109  +152    2687 R 
MULT_CPA_1_g1473__8867/CIN                                         +0    2687   
MULT_CPA_1_g1473__8867/COUT      ADDF_E            1  19.8  109  +152    2839 R 
MULT_CPA_1_g1472__7654/CIN                                         +0    2839   
MULT_CPA_1_g1472__7654/COUT      ADDF_E            1  19.8  109  +152    2992 R 
MULT_CPA_1_g1471__7557/CIN                                         +0    2992   
MULT_CPA_1_g1471__7557/COUT      ADDF_E            1  19.8  109  +152    3144 R 
MULT_CPA_1_g1470__7837/CIN                                         +0    3144   
MULT_CPA_1_g1470__7837/COUT      ADDF_E            1  19.8  109  +152    3296 R 
MULT_CPA_1_g1469__6179/CIN                                         +0    3296   
MULT_CPA_1_g1469__6179/COUT      ADDF_E            1  19.8  109  +152    3448 R 
MULT_CPA_1_g1468__1279/CIN                                         +0    3448   
MULT_CPA_1_g1468__1279/COUT      ADDF_E            1  19.8  109  +152    3600 R 
MULT_CPA_1_g1467__3457/CIN                                         +0    3600   
MULT_CPA_1_g1467__3457/COUT      ADDF_E            1  19.8  109  +152    3753 R 
MULT_CPA_1_g1466__9771/CIN                                         +0    3753   
MULT_CPA_1_g1466__9771/COUT      ADDF_E            1  19.8  109  +152    3905 R 
MULT_CPA_1_g1465__2005/CIN                                         +0    3905   
MULT_CPA_1_g1465__2005/COUT      ADDF_E            1  19.8  109  +152    4057 R 
MULT_CPA_1_g1464__1122/CIN                                         +0    4057   
MULT_CPA_1_g1464__1122/COUT      ADDF_E            1  19.8  109  +152    4209 R 
MULT_CPA_1_g1463__2001/CIN                                         +0    4209   
MULT_CPA_1_g1463__2001/COUT      ADDF_E            1  19.8  109  +152    4361 R 
MULT_CPA_1_g1462__5927/CIN                                         +0    4361   
MULT_CPA_1_g1462__5927/COUT      ADDF_E            1  19.8  109  +152    4514 R 
MULT_CPA_1_g1461__6789/CIN                                         +0    4514   
MULT_CPA_1_g1461__6789/COUT      ADDF_E            1  19.8  109  +152    4666 R 
MULT_CPA_1_g1460__1591/CIN                                         +0    4666   
MULT_CPA_1_g1460__1591/COUT      ADDF_E            1  19.8  109  +152    4818 R 
MULT_CPA_1_g1459__9719/CIN                                         +0    4818   
MULT_CPA_1_g1459__9719/COUT      ADDF_E            1  19.8  109  +152    4970 R 
MULT_CPA_1_g1458__3377/CIN                                         +0    4970   
MULT_CPA_1_g1458__3377/COUT      ADDF_E            1  19.8  109  +152    5122 R 
MULT_CPA_1_g1457__9867/CIN                                         +0    5122   
MULT_CPA_1_g1457__9867/COUT      ADDF_E            1  19.8  109  +152    5275 R 
MULT_CPA_1_g1456__7765/CIN                                         +0    5275   
MULT_CPA_1_g1456__7765/COUT      ADDF_E            1  19.8  109  +152    5427 R 
MULT_CPA_1_g1455__7547/CIN                                         +0    5427   
MULT_CPA_1_g1455__7547/COUT      ADDF_E            1  19.8  109  +152    5579 R 
MULT_CPA_1_g1454__2833/CIN                                         +0    5579   
MULT_CPA_1_g1454__2833/COUT      ADDF_E            1  19.8  109  +152    5731 R 
MULT_CPA_1_g1453__2006/CIN                                         +0    5731   
MULT_CPA_1_g1453__2006/COUT      ADDF_E            1  19.8  109  +152    5883 R 
MULT_CPA_1_g1452__1297/CIN                                         +0    5883   
MULT_CPA_1_g1452__1297/COUT      ADDF_E            1  19.8  109  +152    6036 R 
MULT_CPA_1_g1451__1237/CIN                                         +0    6036   
MULT_CPA_1_g1451__1237/COUT      ADDF_E            1  19.8  109  +152    6188 R 
MULT_CPA_1_g1450__2007/CIN                                         +0    6188   
MULT_CPA_1_g1450__2007/COUT      ADDF_E            1  19.8  109  +152    6340 R 
MULT_CPA_1_g1449__3779/CIN                                         +0    6340   
MULT_CPA_1_g1449__3779/COUT      ADDF_E            1  19.8  109  +152    6492 R 
MULT_CPA_1_g1448__4599/CIN                                         +0    6492   
MULT_CPA_1_g1448__4599/COUT      ADDF_E            1  20.6  112  +154    6646 R 
MULT_CPA_1_g2__7765/B                                              +0    6646   
MULT_CPA_1_g2__7765/Z            XNOR2_C           1   8.8  143  +112    6758 R 
OutputVector[38]            <<<  out port                          +0    6758 R 
(booth.sdc_line_12_21_1)         ext delay                       +200    6958 R 
- - - - - - - - - - - - - - - - - - - - - - - - - - - - - - - - - - - - - - - - 
(clock clk)                      capture                                20000 R 
--------------------------------------------------------------------------------
Cost Group   : 'clk' (path_group 'clk')
Timing slack :   13042ps 
Start-point  : InputVector[0]
End-point    : OutputVector[38]
