============================================================
  Generated by:           Genus(TM) Synthesis Solution 16.24-s065_1
  Generated on:           Nov 21 2019  07:50:24 pm
  Module:                 DirectMultiplication
  Technology libraries:   PnomV180T025_STD_CELL_7RF 
                          physical_cells 
  Operating conditions:   _nominal_ 
  Interconnect mode:      global
  Area mode:              physical library
============================================================

               Pin                        Type      Fanout Load Slew Delay Arrival   
                                                           (fF) (ps)  (ps)   (ps)    
-------------------------------------------------------------------------------------
(clock clk)                              launch                                  0 R 
(DirectMultiplication_line_11_19_1)      ext delay                    +100     100 F 
X[0]                                     in port         7 91.6    0    +0     100 F 
const_mul_47_8/A[0] 
  g3762__4599/B                                                         +0     100   
  g3762__4599/Z                          NAND2_F         2 34.0  104   +75     175 R 
  g3751/A                                                               +0     175   
  g3751/Z                                INVERT_F        2 35.9   65   +47     222 F 
  g3678__7547/A                                                         +0     222   
  g3678__7547/COUT                       ADDF_E          1 20.9  135  +235     457 F 
  g3672__3779/A                                                         +0     457   
  g3672__3779/COUT                       ADDF_E          1 19.5  137  +247     704 F 
  g3669__1377/CIN                                                       +0     704   
  g3669__1377/COUT                       ADDF_E          1 19.5  139  +151     855 F 
  g3668__8867/CIN                                                       +0     855   
  g3668__8867/COUT                       ADDF_E          1 19.5  138  +152    1007 F 
  g3667__7654/CIN                                                       +0    1007   
  g3667__7654/COUT                       ADDF_E          1 19.5  139  +152    1158 F 
  g3666__7557/CIN                                                       +0    1158   
  g3666__7557/COUT                       ADDF_E          1 19.5  139  +152    1310 F 
  g3665__7837/CIN                                                       +0    1310   
  g3665__7837/COUT                       ADDF_E          1 19.5  138  +152    1462 F 
  g3664__6179/CIN                                                       +0    1462   
  g3664__6179/COUT                       ADDF_E          1 19.5  136  +152    1614 F 
  g3663__1279/CIN                                                       +0    1614   
  g3663__1279/COUT                       ADDF_E          1 19.5  136  +151    1765 F 
  g3662__3457/CIN                                                       +0    1765   
  g3662__3457/COUT                       ADDF_E          1 19.5  136  +151    1916 F 
  g3661__9771/CIN                                                       +0    1916   
  g3661__9771/COUT                       ADDF_E          1 19.5  136  +151    2067 F 
  g3660__2005/CIN                                                       +0    2067   
  g3660__2005/COUT                       ADDF_E          1 19.5  136  +151    2219 F 
  g3659__1122/CIN                                                       +0    2219   
  g3659__1122/COUT                       ADDF_E          1 19.5  136  +151    2370 F 
  g3658__2001/CIN                                                       +0    2370   
  g3658__2001/COUT                       ADDF_E          1 19.5  139  +151    2521 F 
  g3657__5927/CIN                                                       +0    2521   
  g3657__5927/COUT                       ADDF_E          1 19.5  139  +152    2673 F 
  g3656__6789/CIN                                                       +0    2673   
  g3656__6789/COUT                       ADDF_E          1 19.5  139  +152    2825 F 
  g3655__1591/CIN                                                       +0    2825   
  g3655__1591/COUT                       ADDF_E          1 19.5  139  +152    2976 F 
  g3654__9719/CIN                                                       +0    2976   
  g3654__9719/COUT                       ADDF_E          1 19.5  139  +152    3128 F 
  g3653__3377/CIN                                                       +0    3128   
  g3653__3377/COUT                       ADDF_E          1 19.5  137  +152    3280 F 
  g3652__9867/CIN                                                       +0    3280   
  g3652__9867/COUT                       ADDF_E          1 19.5  137  +152    3432 F 
  g3651__7765/CIN                                                       +0    3432   
  g3651__7765/COUT                       ADDF_E          1 19.5  140  +151    3583 F 
  g3650__7547/CIN                                                       +0    3583   
  g3650__7547/COUT                       ADDF_E          1 19.5  141  +152    3735 F 
  g3649__2833/CIN                                                       +0    3735   
  g3649__2833/COUT                       ADDF_E          1 19.5  137  +152    3887 F 
  g3648__2006/CIN                                                       +0    3887   
  g3648__2006/COUT                       ADDF_E          1 19.5  137  +151    4038 F 
  g3647__1297/CIN                                                       +0    4038   
  g3647__1297/COUT                       ADDF_E          1 19.5  137  +151    4190 F 
  g3646__1237/CIN                                                       +0    4190   
  g3646__1237/COUT                       ADDF_E          1 19.5  137  +151    4341 F 
  g3645__2007/CIN                                                       +0    4341   
  g3645__2007/COUT                       ADDF_E          1 19.5  137  +151    4492 F 
  g3644__3779/CIN                                                       +0    4492   
  g3644__3779/COUT                       ADDF_E          1 19.5  137  +151    4644 F 
  g3643__4599/CIN                                                       +0    4644   
  g3643__4599/COUT                       ADDF_E          1 19.5  136  +151    4795 F 
  g3642__3717/CIN                                                       +0    4795   
  g3642__3717/COUT                       ADDF_E          1 19.5  137  +151    4946 F 
  g3641__1377/CIN                                                       +0    4946   
  g3641__1377/COUT                       ADDF_E          1 19.5  136  +151    5098 F 
  g3640__8867/CIN                                                       +0    5098   
  g3640__8867/COUT                       ADDF_E          1 19.5  137  +151    5249 F 
  g3639__7654/CIN                                                       +0    5249   
  g3639__7654/COUT                       ADDF_E          2 29.0  146  +167    5416 F 
  g3637__7837/B                                                         +0    5416   
  g3637__7837/Z                          XOR2_C          1  8.8  132  +115    5531 R 
const_mul_47_8/Z[38] 
S[38]                               <<<  out port                       +0    5531 R 
(DirectMultiplication_line_12_21_1)      ext delay                    +200    5731 R 
- - - - - - - - - - - - - - - - - - - - - - - - - - - - - - - - - - - - - - - - - - -
(clock clk)                              capture                             20000 R 
-------------------------------------------------------------------------------------
Cost Group   : 'clk' (path_group 'clk')
Timing slack :   14269ps 
Start-point  : X[0]
End-point    : S[38]
