============================================================
  Generated by:           Genus(TM) Synthesis Solution 16.24-s065_1
  Generated on:           Nov 21 2019  07:54:30 pm
  Module:                 DirectMultiplication
  Technology libraries:   PnomV180T025_STD_CELL_7RF 
                          physical_cells 
  Operating conditions:   _nominal_ 
  Interconnect mode:      global
  Area mode:              physical library
============================================================

               Pin                        Type      Fanout  Load Slew Delay Arrival   
                                                            (fF) (ps)  (ps)   (ps)    
--------------------------------------------------------------------------------------
(clock clk)                              launch                                   0 R 
(DirectMultiplication_line_11_19_1)      ext delay                     +100     100 F 
X[0]                                     in port         9 118.6    0    +0     100 F 
const_mul_47_8/A[0] 
  g7574/A                                                                +0     100   
  g7574/Z                                INVERT_H        3  42.4   88   +60     160 R 
  g7451__5927/A                                                          +0     160   
  g7451__5927/COUT                       ADDF_E          1  19.8  109  +220     380 R 
  g7424__2001/CIN                                                        +0     380   
  g7424__2001/COUT                       ADDF_E          1  19.8  109  +152     533 R 
  g7401__1279/CIN                                                        +0     533   
  g7401__1279/COUT                       ADDF_E          1  19.8  109  +152     685 R 
  g7390__9867/CIN                                                        +0     685   
  g7390__9867/COUT                       ADDF_E          1  19.8  109  +152     837 R 
  g7381__4599/CIN                                                        +0     837   
  g7381__4599/COUT                       ADDF_E          1  19.8  109  +152     989 R 
  g7378__8867/CIN                                                        +0     989   
  g7378__8867/COUT                       ADDF_E          1  19.8  109  +152    1142 R 
  g7377__7654/CIN                                                        +0    1142   
  g7377__7654/COUT                       ADDF_E          1  19.8  109  +152    1294 R 
  g7376__7557/CIN                                                        +0    1294   
  g7376__7557/COUT                       ADDF_E          1  19.8  109  +152    1446 R 
  g7375__7837/CIN                                                        +0    1446   
  g7375__7837/COUT                       ADDF_E          1  19.8  109  +152    1598 R 
  g7374__6179/CIN                                                        +0    1598   
  g7374__6179/COUT                       ADDF_E          1  19.8  109  +152    1750 R 
  g7373__1279/CIN                                                        +0    1750   
  g7373__1279/COUT                       ADDF_E          1  19.8  109  +152    1902 R 
  g7372__3457/CIN                                                        +0    1902   
  g7372__3457/COUT                       ADDF_E          1  19.8  109  +152    2055 R 
  g7371__9771/CIN                                                        +0    2055   
  g7371__9771/COUT                       ADDF_E          1  19.8  109  +152    2207 R 
  g7370__2005/CIN                                                        +0    2207   
  g7370__2005/COUT                       ADDF_E          1  19.8  109  +152    2359 R 
  g7369__1122/CIN                                                        +0    2359   
  g7369__1122/COUT                       ADDF_E          1  19.8  109  +152    2511 R 
  g7368__2001/CIN                                                        +0    2511   
  g7368__2001/COUT                       ADDF_E          1  19.8  109  +152    2664 R 
  g7367__5927/CIN                                                        +0    2664   
  g7367__5927/COUT                       ADDF_E          1  19.8  109  +152    2816 R 
  g7366__6789/CIN                                                        +0    2816   
  g7366__6789/COUT                       ADDF_E          1  19.8  109  +152    2968 R 
  g7365__1591/CIN                                                        +0    2968   
  g7365__1591/COUT                       ADDF_E          1  19.8  109  +152    3120 R 
  g7364__9719/CIN                                                        +0    3120   
  g7364__9719/COUT                       ADDF_E          1  19.8  109  +152    3272 R 
  g7363__3377/CIN                                                        +0    3272   
  g7363__3377/COUT                       ADDF_E          1  19.8  109  +152    3424 R 
  g7362__9867/CIN                                                        +0    3424   
  g7362__9867/COUT                       ADDF_E          1  19.8  109  +152    3577 R 
  g7361__7765/CIN                                                        +0    3577   
  g7361__7765/COUT                       ADDF_E          1  19.8  109  +152    3729 R 
  g7360__7547/CIN                                                        +0    3729   
  g7360__7547/COUT                       ADDF_E          1  19.8  109  +152    3881 R 
  g7359__2833/CIN                                                        +0    3881   
  g7359__2833/COUT                       ADDF_E          1  19.8  109  +152    4033 R 
  g7358__2006/CIN                                                        +0    4033   
  g7358__2006/COUT                       ADDF_E          1  19.8  109  +152    4186 R 
  g7357__1297/CIN                                                        +0    4186   
  g7357__1297/COUT                       ADDF_E          1  19.8  109  +152    4338 R 
  g7356__1237/CIN                                                        +0    4338   
  g7356__1237/COUT                       ADDF_E          1  19.8  109  +152    4490 R 
  g7355__2007/CIN                                                        +0    4490   
  g7355__2007/COUT                       ADDF_E          1  19.8  109  +152    4642 R 
  g7354__3779/CIN                                                        +0    4642   
  g7354__3779/COUT                       ADDF_E          1  19.8  109  +152    4794 R 
  g7353__4599/CIN                                                        +0    4794   
  g7353__4599/COUT                       ADDF_E          1  19.8  109  +152    4946 R 
  g7352__3717/CIN                                                        +0    4946   
  g7352__3717/COUT                       ADDF_E          1  19.8  109  +152    5099 R 
  g7351__1377/CIN                                                        +0    5099   
  g7351__1377/COUT                       ADDF_E          1  19.8  109  +152    5251 R 
  g7350__8867/CIN                                                        +0    5251   
  g7350__8867/COUT                       ADDF_E          1  19.8  109  +152    5403 R 
  g7349__7654/CIN                                                        +0    5403   
  g7349__7654/COUT                       ADDF_E          1  19.8  109  +152    5555 R 
  g7348__7557/CIN                                                        +0    5555   
  g7348__7557/COUT                       ADDF_E          1  18.5  104  +150    5705 R 
  g7347__7837/B                                                          +0    5705   
  g7347__7837/Z                          XOR2_C          1   8.8  131   +88    5793 R 
const_mul_47_8/Z[39] 
S[39]                               <<<  out port                        +0    5793 R 
(DirectMultiplication_line_12)           ext delay                     +200    5993 R 
- - - - - - - - - - - - - - - - - - - - - - - - - - - - - - - - - - - - - - - - - - - 
(clock clk)                              capture                              20000 R 
--------------------------------------------------------------------------------------
Cost Group   : 'clk' (path_group 'clk')
Timing slack :   14007ps 
Start-point  : X[0]
End-point    : S[39]
