TimeQuest Timing Analyzer report for LAB2b
Wed Sep 18 19:17:43 2019
Quartus II 64-Bit Version 12.1 Build 177 11/07/2012 SJ Web Edition


---------------------
; Table of Contents ;
---------------------
  1. Legal Notice
  2. TimeQuest Timing Analyzer Summary
  3. Parallel Compilation
  4. Clocks
  5. Slow Model Fmax Summary
  6. Slow Model Setup Summary
  7. Slow Model Hold Summary
  8. Slow Model Recovery Summary
  9. Slow Model Removal Summary
 10. Slow Model Minimum Pulse Width Summary
 11. Propagation Delay
 12. Minimum Propagation Delay
 13. Fast Model Setup Summary
 14. Fast Model Hold Summary
 15. Fast Model Recovery Summary
 16. Fast Model Removal Summary
 17. Fast Model Minimum Pulse Width Summary
 18. Propagation Delay
 19. Minimum Propagation Delay
 20. Multicorner Timing Analysis Summary
 21. Progagation Delay
 22. Minimum Progagation Delay
 23. Clock Transfers
 24. Report TCCS
 25. Report RSKM
 26. Unconstrained Paths
 27. TimeQuest Timing Analyzer Messages



----------------
; Legal Notice ;
----------------
Copyright (C) 1991-2012 Altera Corporation
Your use of Altera Corporation's design tools, logic functions 
and other software and tools, and its AMPP partner logic 
functions, and any output files from any of the foregoing 
(including device programming or simulation files), and any 
associated documentation or information are expressly subject 
to the terms and conditions of the Altera Program License 
Subscription Agreement, Altera MegaCore Function License 
Agreement, or other applicable license agreement, including, 
without limitation, that your use is for the sole purpose of 
programming logic devices manufactured by Altera and sold by 
Altera or its authorized distributors.  Please refer to the 
applicable agreement for further details.



+-----------------------------------------------------------------------+
; TimeQuest Timing Analyzer Summary                                     ;
+--------------------+--------------------------------------------------+
; Quartus II Version ; Version 12.1 Build 177 11/07/2012 SJ Web Edition ;
; Revision Name      ; LAB2b                                            ;
; Device Family      ; Cyclone II                                       ;
; Device Name        ; EP2C35F672C6                                     ;
; Timing Models      ; Final                                            ;
; Delay Model        ; Combined                                         ;
; Rise/Fall Delays   ; Unavailable                                      ;
+--------------------+--------------------------------------------------+


Parallel compilation was disabled, but you have multiple processors available. Enable parallel compilation to reduce compilation time.
+-------------------------------------+
; Parallel Compilation                ;
+----------------------------+--------+
; Processors                 ; Number ;
+----------------------------+--------+
; Number detected on machine ; 4      ;
; Maximum allowed            ; 1      ;
+----------------------------+--------+


----------
; Clocks ;
----------
No clocks to report.


---------------------------
; Slow Model Fmax Summary ;
---------------------------
No paths to report.


----------------------------
; Slow Model Setup Summary ;
----------------------------
No paths to report.


---------------------------
; Slow Model Hold Summary ;
---------------------------
No paths to report.


-------------------------------
; Slow Model Recovery Summary ;
-------------------------------
No paths to report.


------------------------------
; Slow Model Removal Summary ;
------------------------------
No paths to report.


------------------------------------------
; Slow Model Minimum Pulse Width Summary ;
------------------------------------------
No paths to report.


+--------------------------------------------------------------+
; Propagation Delay                                            ;
+------------+-------------+--------+--------+--------+--------+
; Input Port ; Output Port ; RR     ; RF     ; FR     ; FF     ;
+------------+-------------+--------+--------+--------+--------+
; SW[0]      ; HEX0[0]     ; 12.094 ; 12.094 ; 12.094 ; 12.094 ;
; SW[0]      ; HEX0[1]     ; 12.069 ; 12.069 ; 12.069 ; 12.069 ;
; SW[0]      ; HEX0[2]     ; 12.038 ; 12.038 ; 12.038 ; 12.038 ;
; SW[0]      ; HEX0[3]     ; 11.841 ; 11.841 ; 11.841 ; 11.841 ;
; SW[0]      ; HEX0[4]     ; 11.845 ; 11.845 ; 11.845 ; 11.845 ;
; SW[0]      ; HEX0[5]     ; 11.833 ; 11.833 ; 11.833 ; 11.833 ;
; SW[0]      ; HEX0[6]     ; 11.825 ; 11.825 ; 11.825 ; 11.825 ;
; SW[0]      ; HEX1[0]     ; 12.085 ; 12.085 ; 12.085 ; 12.085 ;
; SW[0]      ; HEX1[3]     ; 11.436 ; 11.436 ; 11.436 ; 11.436 ;
; SW[0]      ; HEX1[4]     ; 11.456 ; 11.456 ; 11.456 ; 11.456 ;
; SW[0]      ; HEX1[5]     ; 11.890 ; 11.890 ; 11.890 ; 11.890 ;
; SW[1]      ; HEX0[0]     ; 11.900 ; 11.900 ; 11.900 ; 11.900 ;
; SW[1]      ; HEX0[1]     ; 11.875 ; 11.875 ; 11.875 ; 11.875 ;
; SW[1]      ; HEX0[2]     ; 11.844 ; 11.844 ; 11.844 ; 11.844 ;
; SW[1]      ; HEX0[3]     ; 11.647 ; 11.647 ; 11.647 ; 11.647 ;
; SW[1]      ; HEX0[4]     ; 11.651 ; 11.651 ; 11.651 ; 11.651 ;
; SW[1]      ; HEX0[5]     ; 11.639 ; 11.639 ; 11.639 ; 11.639 ;
; SW[1]      ; HEX0[6]     ; 11.631 ; 11.631 ; 11.631 ; 11.631 ;
; SW[1]      ; HEX1[0]     ; 11.891 ; 11.891 ; 11.891 ; 11.891 ;
; SW[1]      ; HEX1[3]     ; 11.242 ; 11.242 ; 11.242 ; 11.242 ;
; SW[1]      ; HEX1[4]     ; 11.262 ; 11.262 ; 11.262 ; 11.262 ;
; SW[1]      ; HEX1[5]     ; 11.696 ; 11.696 ; 11.696 ; 11.696 ;
; SW[2]      ; HEX0[0]     ; 12.070 ; 12.070 ; 12.070 ; 12.070 ;
; SW[2]      ; HEX0[1]     ; 12.045 ; 12.045 ; 12.045 ; 12.045 ;
; SW[2]      ; HEX0[2]     ; 12.014 ; 12.014 ; 12.014 ; 12.014 ;
; SW[2]      ; HEX0[3]     ; 11.817 ; 11.817 ; 11.817 ; 11.817 ;
; SW[2]      ; HEX0[4]     ; 11.821 ; 11.821 ; 11.821 ; 11.821 ;
; SW[2]      ; HEX0[5]     ; 11.809 ; 11.809 ; 11.809 ; 11.809 ;
; SW[2]      ; HEX0[6]     ; 11.801 ; 11.801 ; 11.801 ; 11.801 ;
; SW[2]      ; HEX1[0]     ; 12.061 ; 12.061 ; 12.061 ; 12.061 ;
; SW[2]      ; HEX1[3]     ; 11.412 ; 11.412 ; 11.412 ; 11.412 ;
; SW[2]      ; HEX1[4]     ; 11.432 ; 11.432 ; 11.432 ; 11.432 ;
; SW[2]      ; HEX1[5]     ; 11.866 ; 11.866 ; 11.866 ; 11.866 ;
; SW[3]      ; HEX0[0]     ; 11.320 ; 11.320 ; 11.320 ; 11.320 ;
; SW[3]      ; HEX0[1]     ; 11.295 ; 11.295 ; 11.295 ; 11.295 ;
; SW[3]      ; HEX0[2]     ; 11.264 ; 11.264 ; 11.264 ; 11.264 ;
; SW[3]      ; HEX0[3]     ; 11.067 ; 11.067 ; 11.067 ; 11.067 ;
; SW[3]      ; HEX0[4]     ; 11.071 ; 11.071 ; 11.071 ; 11.071 ;
; SW[3]      ; HEX0[5]     ; 11.059 ; 11.059 ; 11.059 ; 11.059 ;
; SW[3]      ; HEX0[6]     ; 11.051 ; 11.051 ; 11.051 ; 11.051 ;
; SW[3]      ; HEX1[0]     ; 11.311 ; 11.311 ; 11.311 ; 11.311 ;
; SW[3]      ; HEX1[3]     ; 10.662 ; 10.662 ; 10.662 ; 10.662 ;
; SW[3]      ; HEX1[4]     ; 10.682 ; 10.682 ; 10.682 ; 10.682 ;
; SW[3]      ; HEX1[5]     ; 11.116 ; 11.116 ; 11.116 ; 11.116 ;
; SW[4]      ; HEX0[0]     ; 10.575 ; 10.575 ; 10.575 ; 10.575 ;
; SW[4]      ; HEX0[1]     ; 10.550 ; 10.550 ; 10.550 ; 10.550 ;
; SW[4]      ; HEX0[2]     ; 10.519 ; 10.519 ; 10.519 ; 10.519 ;
; SW[4]      ; HEX0[3]     ; 10.322 ; 10.322 ; 10.322 ; 10.322 ;
; SW[4]      ; HEX0[4]     ; 10.326 ; 10.326 ; 10.326 ; 10.326 ;
; SW[4]      ; HEX0[5]     ; 10.314 ; 10.314 ; 10.314 ; 10.314 ;
; SW[4]      ; HEX0[6]     ; 10.306 ; 10.306 ; 10.306 ; 10.306 ;
; SW[4]      ; HEX1[0]     ; 10.566 ; 10.566 ; 10.566 ; 10.566 ;
; SW[4]      ; HEX1[3]     ; 9.917  ; 9.917  ; 9.917  ; 9.917  ;
; SW[4]      ; HEX1[4]     ; 9.937  ; 9.937  ; 9.937  ; 9.937  ;
; SW[4]      ; HEX1[5]     ; 10.371 ; 10.371 ; 10.371 ; 10.371 ;
; SW[5]      ; HEX0[0]     ; 9.971  ; 9.971  ; 9.971  ; 9.971  ;
; SW[5]      ; HEX0[1]     ; 9.946  ; 9.946  ; 9.946  ; 9.946  ;
; SW[5]      ; HEX0[2]     ; 9.915  ; 9.915  ; 9.915  ; 9.915  ;
; SW[5]      ; HEX0[3]     ; 9.718  ; 9.718  ; 9.718  ; 9.718  ;
; SW[5]      ; HEX0[4]     ; 9.722  ; 9.722  ; 9.722  ; 9.722  ;
; SW[5]      ; HEX0[5]     ; 9.710  ; 9.710  ; 9.710  ; 9.710  ;
; SW[5]      ; HEX0[6]     ; 9.702  ; 9.702  ; 9.702  ; 9.702  ;
; SW[5]      ; HEX1[0]     ; 9.965  ; 9.965  ; 9.965  ; 9.965  ;
; SW[5]      ; HEX1[3]     ; 9.316  ; 9.316  ; 9.316  ; 9.316  ;
; SW[5]      ; HEX1[4]     ; 9.336  ; 9.336  ; 9.336  ; 9.336  ;
; SW[5]      ; HEX1[5]     ; 9.770  ; 9.770  ; 9.770  ; 9.770  ;
; SW[6]      ; HEX0[0]     ; 11.636 ; 11.636 ; 11.636 ; 11.636 ;
; SW[6]      ; HEX0[1]     ; 11.611 ; 11.611 ; 11.611 ; 11.611 ;
; SW[6]      ; HEX0[2]     ; 11.580 ; 11.580 ; 11.580 ; 11.580 ;
; SW[6]      ; HEX0[3]     ; 11.383 ; 11.383 ; 11.383 ; 11.383 ;
; SW[6]      ; HEX0[4]     ; 11.387 ; 11.387 ; 11.387 ; 11.387 ;
; SW[6]      ; HEX0[5]     ; 11.375 ; 11.375 ; 11.375 ; 11.375 ;
; SW[6]      ; HEX0[6]     ; 11.367 ; 11.367 ; 11.367 ; 11.367 ;
; SW[6]      ; HEX1[0]     ; 11.627 ; 11.627 ; 11.627 ; 11.627 ;
; SW[6]      ; HEX1[3]     ; 10.978 ; 10.978 ; 10.978 ; 10.978 ;
; SW[6]      ; HEX1[4]     ; 10.998 ; 10.998 ; 10.998 ; 10.998 ;
; SW[6]      ; HEX1[5]     ; 11.432 ; 11.432 ; 11.432 ; 11.432 ;
; SW[7]      ; HEX0[0]     ; 11.886 ; 11.886 ; 11.886 ; 11.886 ;
; SW[7]      ; HEX0[1]     ; 11.861 ; 11.861 ; 11.861 ; 11.861 ;
; SW[7]      ; HEX0[2]     ; 11.830 ; 11.830 ; 11.830 ; 11.830 ;
; SW[7]      ; HEX0[3]     ; 11.633 ; 11.633 ; 11.633 ; 11.633 ;
; SW[7]      ; HEX0[4]     ; 11.637 ; 11.637 ; 11.637 ; 11.637 ;
; SW[7]      ; HEX0[5]     ; 11.625 ; 11.625 ; 11.625 ; 11.625 ;
; SW[7]      ; HEX0[6]     ; 11.617 ; 11.617 ; 11.617 ; 11.617 ;
; SW[7]      ; HEX1[0]     ; 11.877 ; 11.877 ; 11.877 ; 11.877 ;
; SW[7]      ; HEX1[3]     ; 11.228 ; 11.228 ; 11.228 ; 11.228 ;
; SW[7]      ; HEX1[4]     ; 11.248 ; 11.248 ; 11.248 ; 11.248 ;
; SW[7]      ; HEX1[5]     ; 11.682 ; 11.682 ; 11.682 ; 11.682 ;
; SW[8]      ; HEX0[0]     ; 12.331 ; 12.331 ; 12.331 ; 12.331 ;
; SW[8]      ; HEX0[1]     ; 12.306 ; 12.306 ; 12.306 ; 12.306 ;
; SW[8]      ; HEX0[2]     ; 12.275 ; 12.275 ; 12.275 ; 12.275 ;
; SW[8]      ; HEX0[3]     ; 12.078 ; 12.078 ; 12.078 ; 12.078 ;
; SW[8]      ; HEX0[4]     ; 12.082 ; 12.082 ; 12.082 ; 12.082 ;
; SW[8]      ; HEX0[5]     ; 12.070 ; 12.070 ; 12.070 ; 12.070 ;
; SW[8]      ; HEX0[6]     ; 12.062 ; 12.062 ; 12.062 ; 12.062 ;
; SW[8]      ; HEX1[0]     ; 12.322 ; 12.322 ; 12.322 ; 12.322 ;
; SW[8]      ; HEX1[3]     ; 11.673 ; 11.673 ; 11.673 ; 11.673 ;
; SW[8]      ; HEX1[4]     ; 11.693 ; 11.693 ; 11.693 ; 11.693 ;
; SW[8]      ; HEX1[5]     ; 12.127 ; 12.127 ; 12.127 ; 12.127 ;
; SW[9]      ; HEX0[0]     ; 11.564 ; 11.564 ; 11.564 ; 11.564 ;
; SW[9]      ; HEX0[1]     ; 11.539 ; 11.539 ; 11.539 ; 11.539 ;
; SW[9]      ; HEX0[2]     ; 11.508 ; 11.508 ; 11.508 ; 11.508 ;
; SW[9]      ; HEX0[3]     ; 11.311 ; 11.311 ; 11.311 ; 11.311 ;
; SW[9]      ; HEX0[4]     ; 11.315 ; 11.315 ; 11.315 ; 11.315 ;
; SW[9]      ; HEX0[5]     ; 11.303 ; 11.303 ; 11.303 ; 11.303 ;
; SW[9]      ; HEX0[6]     ; 11.295 ; 11.295 ; 11.295 ; 11.295 ;
; SW[9]      ; HEX1[0]     ; 11.555 ; 11.555 ; 11.555 ; 11.555 ;
; SW[9]      ; HEX1[3]     ; 10.906 ; 10.906 ; 10.906 ; 10.906 ;
; SW[9]      ; HEX1[4]     ; 10.926 ; 10.926 ; 10.926 ; 10.926 ;
; SW[9]      ; HEX1[5]     ; 11.360 ; 11.360 ; 11.360 ; 11.360 ;
; SW[10]     ; HEX0[0]     ; 10.696 ; 10.696 ; 10.696 ; 10.696 ;
; SW[10]     ; HEX0[1]     ; 10.671 ; 10.671 ; 10.671 ; 10.671 ;
; SW[10]     ; HEX0[2]     ; 10.640 ; 10.640 ; 10.640 ; 10.640 ;
; SW[10]     ; HEX0[3]     ; 10.443 ; 10.443 ; 10.443 ; 10.443 ;
; SW[10]     ; HEX0[4]     ; 10.447 ; 10.447 ; 10.447 ; 10.447 ;
; SW[10]     ; HEX0[5]     ; 10.435 ; 10.435 ; 10.435 ; 10.435 ;
; SW[10]     ; HEX0[6]     ; 10.427 ; 10.427 ; 10.427 ; 10.427 ;
; SW[10]     ; HEX1[0]     ; 10.687 ; 10.687 ; 10.687 ; 10.687 ;
; SW[10]     ; HEX1[3]     ; 10.038 ; 10.038 ; 10.038 ; 10.038 ;
; SW[10]     ; HEX1[4]     ; 10.058 ; 10.058 ; 10.058 ; 10.058 ;
; SW[10]     ; HEX1[5]     ; 10.492 ; 10.492 ; 10.492 ; 10.492 ;
; SW[11]     ; HEX0[0]     ; 9.658  ; 9.658  ; 9.658  ; 9.658  ;
; SW[11]     ; HEX0[1]     ; 9.633  ; 9.633  ; 9.633  ; 9.633  ;
; SW[11]     ; HEX0[2]     ; 9.602  ; 9.602  ; 9.602  ; 9.602  ;
; SW[11]     ; HEX0[3]     ; 9.405  ; 9.405  ; 9.405  ; 9.405  ;
; SW[11]     ; HEX0[4]     ; 9.409  ; 9.409  ; 9.409  ; 9.409  ;
; SW[11]     ; HEX0[5]     ; 9.397  ; 9.397  ; 9.397  ; 9.397  ;
; SW[11]     ; HEX0[6]     ; 9.389  ; 9.389  ; 9.389  ; 9.389  ;
; SW[11]     ; HEX1[0]     ; 9.647  ; 9.647  ; 9.647  ; 9.647  ;
; SW[11]     ; HEX1[3]     ; 8.998  ; 8.998  ; 8.998  ; 8.998  ;
; SW[11]     ; HEX1[4]     ; 9.018  ; 9.018  ; 9.018  ; 9.018  ;
; SW[11]     ; HEX1[5]     ; 9.452  ; 9.452  ; 9.452  ; 9.452  ;
; SW[12]     ; HEX0[0]     ; 12.330 ; 12.330 ; 12.330 ; 12.330 ;
; SW[12]     ; HEX0[1]     ; 12.305 ; 12.305 ; 12.305 ; 12.305 ;
; SW[12]     ; HEX0[2]     ; 12.274 ; 12.274 ; 12.274 ; 12.274 ;
; SW[12]     ; HEX0[3]     ; 12.077 ; 12.077 ; 12.077 ; 12.077 ;
; SW[12]     ; HEX0[4]     ; 12.081 ; 12.081 ; 12.081 ; 12.081 ;
; SW[12]     ; HEX0[5]     ; 12.069 ; 12.069 ; 12.069 ; 12.069 ;
; SW[12]     ; HEX0[6]     ; 12.061 ; 12.061 ; 12.061 ; 12.061 ;
; SW[12]     ; HEX1[0]     ; 12.321 ; 12.321 ; 12.321 ; 12.321 ;
; SW[12]     ; HEX1[3]     ; 11.672 ; 11.672 ; 11.672 ; 11.672 ;
; SW[12]     ; HEX1[4]     ; 11.692 ; 11.692 ; 11.692 ; 11.692 ;
; SW[12]     ; HEX1[5]     ; 12.126 ; 12.126 ; 12.126 ; 12.126 ;
; SW[13]     ; HEX0[0]     ; 15.845 ; 15.845 ; 15.845 ; 15.845 ;
; SW[13]     ; HEX0[1]     ; 15.820 ; 15.820 ; 15.820 ; 15.820 ;
; SW[13]     ; HEX0[2]     ; 15.789 ; 15.789 ; 15.789 ; 15.789 ;
; SW[13]     ; HEX0[3]     ; 15.592 ; 15.592 ; 15.592 ; 15.592 ;
; SW[13]     ; HEX0[4]     ; 15.596 ; 15.596 ; 15.596 ; 15.596 ;
; SW[13]     ; HEX0[5]     ; 15.584 ; 15.584 ; 15.584 ; 15.584 ;
; SW[13]     ; HEX0[6]     ; 15.576 ; 15.576 ; 15.576 ; 15.576 ;
; SW[13]     ; HEX1[0]     ; 15.836 ; 15.836 ; 15.836 ; 15.836 ;
; SW[13]     ; HEX1[3]     ; 15.187 ; 15.187 ; 15.187 ; 15.187 ;
; SW[13]     ; HEX1[4]     ; 15.207 ; 15.207 ; 15.207 ; 15.207 ;
; SW[13]     ; HEX1[5]     ; 15.641 ; 15.641 ; 15.641 ; 15.641 ;
; SW[14]     ; HEX0[0]     ; 15.770 ; 15.770 ; 15.770 ; 15.770 ;
; SW[14]     ; HEX0[1]     ; 15.745 ; 15.745 ; 15.745 ; 15.745 ;
; SW[14]     ; HEX0[2]     ; 15.714 ; 15.714 ; 15.714 ; 15.714 ;
; SW[14]     ; HEX0[3]     ; 15.517 ; 15.517 ; 15.517 ; 15.517 ;
; SW[14]     ; HEX0[4]     ; 15.521 ; 15.521 ; 15.521 ; 15.521 ;
; SW[14]     ; HEX0[5]     ; 15.509 ; 15.509 ; 15.509 ; 15.509 ;
; SW[14]     ; HEX0[6]     ; 15.501 ; 15.501 ; 15.501 ; 15.501 ;
; SW[14]     ; HEX1[0]     ; 15.761 ; 15.761 ; 15.761 ; 15.761 ;
; SW[14]     ; HEX1[3]     ; 15.112 ; 15.112 ; 15.112 ; 15.112 ;
; SW[14]     ; HEX1[4]     ; 15.132 ; 15.132 ; 15.132 ; 15.132 ;
; SW[14]     ; HEX1[5]     ; 15.566 ; 15.566 ; 15.566 ; 15.566 ;
; SW[15]     ; HEX0[0]     ; 14.248 ; 14.248 ; 14.248 ; 14.248 ;
; SW[15]     ; HEX0[1]     ; 14.223 ; 14.223 ; 14.223 ; 14.223 ;
; SW[15]     ; HEX0[2]     ; 14.192 ; 14.192 ; 14.192 ; 14.192 ;
; SW[15]     ; HEX0[3]     ; 13.995 ; 13.995 ; 13.995 ; 13.995 ;
; SW[15]     ; HEX0[4]     ; 13.999 ; 13.999 ; 13.999 ; 13.999 ;
; SW[15]     ; HEX0[5]     ; 13.987 ; 13.987 ; 13.987 ; 13.987 ;
; SW[15]     ; HEX0[6]     ; 13.979 ; 13.979 ; 13.979 ; 13.979 ;
; SW[15]     ; HEX1[0]     ; 14.239 ; 14.239 ; 14.239 ; 14.239 ;
; SW[15]     ; HEX1[3]     ; 13.590 ; 13.590 ; 13.590 ; 13.590 ;
; SW[15]     ; HEX1[4]     ; 13.610 ; 13.610 ; 13.610 ; 13.610 ;
; SW[15]     ; HEX1[5]     ; 14.044 ; 14.044 ; 14.044 ; 14.044 ;
; SW[16]     ; HEX0[0]     ; 13.762 ; 13.762 ; 13.762 ; 13.762 ;
; SW[16]     ; HEX0[1]     ; 13.737 ; 13.737 ; 13.737 ; 13.737 ;
; SW[16]     ; HEX0[2]     ; 13.706 ; 13.706 ; 13.706 ; 13.706 ;
; SW[16]     ; HEX0[3]     ; 13.509 ; 13.509 ; 13.509 ; 13.509 ;
; SW[16]     ; HEX0[4]     ; 13.513 ; 13.513 ; 13.513 ; 13.513 ;
; SW[16]     ; HEX0[5]     ; 13.501 ; 13.501 ; 13.501 ; 13.501 ;
; SW[16]     ; HEX0[6]     ; 13.493 ; 13.493 ; 13.493 ; 13.493 ;
; SW[16]     ; HEX1[0]     ; 13.756 ; 13.756 ; 13.756 ; 13.756 ;
; SW[16]     ; HEX1[3]     ; 13.107 ; 13.107 ; 13.107 ; 13.107 ;
; SW[16]     ; HEX1[4]     ; 13.127 ; 13.127 ; 13.127 ; 13.127 ;
; SW[16]     ; HEX1[5]     ; 13.561 ; 13.561 ; 13.561 ; 13.561 ;
; SW[17]     ; HEX0[0]     ; 13.069 ; 13.069 ; 13.069 ; 13.069 ;
; SW[17]     ; HEX0[1]     ; 13.044 ; 13.044 ; 13.044 ; 13.044 ;
; SW[17]     ; HEX0[2]     ; 13.013 ; 13.013 ; 13.013 ; 13.013 ;
; SW[17]     ; HEX0[3]     ; 12.816 ; 12.816 ; 12.816 ; 12.816 ;
; SW[17]     ; HEX0[4]     ; 12.820 ; 12.820 ; 12.820 ; 12.820 ;
; SW[17]     ; HEX0[5]     ; 12.808 ; 12.808 ; 12.808 ; 12.808 ;
; SW[17]     ; HEX0[6]     ; 12.800 ; 12.800 ; 12.800 ; 12.800 ;
; SW[17]     ; HEX1[0]     ; 13.060 ; 13.060 ; 13.060 ; 13.060 ;
; SW[17]     ; HEX1[3]     ; 12.411 ; 12.411 ; 12.411 ; 12.411 ;
; SW[17]     ; HEX1[4]     ; 12.431 ; 12.431 ; 12.431 ; 12.431 ;
; SW[17]     ; HEX1[5]     ; 12.865 ; 12.865 ; 12.865 ; 12.865 ;
+------------+-------------+--------+--------+--------+--------+


+--------------------------------------------------------------+
; Minimum Propagation Delay                                    ;
+------------+-------------+--------+--------+--------+--------+
; Input Port ; Output Port ; RR     ; RF     ; FR     ; FF     ;
+------------+-------------+--------+--------+--------+--------+
; SW[0]      ; HEX0[0]     ; 8.797  ; 8.797  ; 8.797  ; 8.797  ;
; SW[0]      ; HEX0[1]     ; 8.772  ; 8.772  ; 8.772  ; 8.772  ;
; SW[0]      ; HEX0[2]     ; 8.741  ; 8.741  ; 8.741  ; 8.741  ;
; SW[0]      ; HEX0[3]     ; 8.544  ; 8.544  ; 8.544  ; 8.544  ;
; SW[0]      ; HEX0[4]     ; 8.548  ; 8.548  ; 8.548  ; 8.548  ;
; SW[0]      ; HEX0[5]     ; 8.536  ; 8.536  ; 8.536  ; 8.536  ;
; SW[0]      ; HEX0[6]     ; 8.528  ; 8.528  ; 8.528  ; 8.528  ;
; SW[0]      ; HEX1[0]     ; 10.886 ; 10.886 ; 10.886 ; 10.886 ;
; SW[0]      ; HEX1[3]     ; 10.237 ; 10.237 ; 10.237 ; 10.237 ;
; SW[0]      ; HEX1[4]     ; 10.257 ; 10.257 ; 10.257 ; 10.257 ;
; SW[0]      ; HEX1[5]     ; 10.691 ; 10.691 ; 10.691 ; 10.691 ;
; SW[1]      ; HEX0[0]     ; 8.939  ; 8.939  ; 8.939  ; 8.939  ;
; SW[1]      ; HEX0[1]     ; 8.914  ; 8.914  ; 8.914  ; 8.914  ;
; SW[1]      ; HEX0[2]     ; 8.911  ; 8.911  ; 8.911  ; 8.911  ;
; SW[1]      ; HEX0[3]     ; 8.687  ; 8.687  ; 8.687  ; 8.687  ;
; SW[1]      ; HEX0[4]     ; 8.690  ; 8.690  ; 8.690  ; 8.690  ;
; SW[1]      ; HEX0[5]     ; 8.678  ; 8.678  ; 8.678  ; 8.678  ;
; SW[1]      ; HEX0[6]     ; 8.670  ; 8.670  ; 8.670  ; 8.670  ;
; SW[1]      ; HEX1[0]     ; 10.553 ; 10.553 ; 10.553 ; 10.553 ;
; SW[1]      ; HEX1[3]     ; 9.904  ; 9.904  ; 9.904  ; 9.904  ;
; SW[1]      ; HEX1[4]     ; 9.924  ; 9.924  ; 9.924  ; 9.924  ;
; SW[1]      ; HEX1[5]     ; 10.358 ; 10.358 ; 10.358 ; 10.358 ;
; SW[2]      ; HEX0[0]     ; 9.067  ; 9.067  ; 9.067  ; 9.067  ;
; SW[2]      ; HEX0[1]     ; 9.042  ; 9.042  ; 9.042  ; 9.042  ;
; SW[2]      ; HEX0[2]     ; 9.039  ; 9.039  ; 9.039  ; 9.039  ;
; SW[2]      ; HEX0[3]     ; 8.815  ; 8.815  ; 8.815  ; 8.815  ;
; SW[2]      ; HEX0[4]     ; 8.818  ; 8.818  ; 8.818  ; 8.818  ;
; SW[2]      ; HEX0[5]     ; 8.806  ; 8.806  ; 8.806  ; 8.806  ;
; SW[2]      ; HEX0[6]     ; 8.798  ; 8.798  ; 8.798  ; 8.798  ;
; SW[2]      ; HEX1[0]     ; 10.008 ; 10.008 ; 10.008 ; 10.008 ;
; SW[2]      ; HEX1[3]     ; 9.359  ; 9.359  ; 9.359  ; 9.359  ;
; SW[2]      ; HEX1[4]     ; 9.379  ; 9.379  ; 9.379  ; 9.379  ;
; SW[2]      ; HEX1[5]     ; 9.813  ; 9.813  ; 9.813  ; 9.813  ;
; SW[3]      ; HEX0[0]     ; 9.332  ; 9.332  ; 9.332  ; 9.332  ;
; SW[3]      ; HEX0[1]     ; 9.307  ; 9.307  ; 9.307  ; 9.307  ;
; SW[3]      ; HEX0[2]     ; 9.304  ; 9.304  ; 9.304  ; 9.304  ;
; SW[3]      ; HEX0[3]     ; 9.075  ; 9.075  ; 9.075  ; 9.075  ;
; SW[3]      ; HEX0[4]     ; 9.082  ; 9.082  ; 9.082  ; 9.082  ;
; SW[3]      ; HEX0[5]     ; 9.070  ; 9.070  ; 9.070  ; 9.070  ;
; SW[3]      ; HEX0[6]     ; 9.063  ; 9.063  ; 9.063  ; 9.063  ;
; SW[3]      ; HEX1[0]     ; 9.505  ; 9.505  ; 9.505  ; 9.505  ;
; SW[3]      ; HEX1[3]     ; 8.856  ; 8.856  ; 8.856  ; 8.856  ;
; SW[3]      ; HEX1[4]     ; 8.876  ; 8.876  ; 8.876  ; 8.876  ;
; SW[3]      ; HEX1[5]     ; 9.310  ; 9.310  ; 9.310  ; 9.310  ;
; SW[4]      ; HEX0[0]     ; 9.580  ; 9.580  ; 9.580  ; 9.580  ;
; SW[4]      ; HEX0[1]     ; 9.555  ; 9.555  ; 9.555  ; 9.555  ;
; SW[4]      ; HEX0[2]     ; 9.552  ; 9.552  ; 9.552  ; 9.552  ;
; SW[4]      ; HEX0[3]     ; 9.328  ; 9.328  ; 9.328  ; 9.328  ;
; SW[4]      ; HEX0[4]     ; 9.331  ; 9.331  ; 9.331  ; 9.331  ;
; SW[4]      ; HEX0[5]     ; 9.319  ; 9.319  ; 9.319  ; 9.319  ;
; SW[4]      ; HEX0[6]     ; 9.311  ; 9.311  ; 9.311  ; 9.311  ;
; SW[4]      ; HEX1[0]     ; 9.951  ; 9.951  ; 9.951  ; 9.951  ;
; SW[4]      ; HEX1[3]     ; 9.302  ; 9.302  ; 9.302  ; 9.302  ;
; SW[4]      ; HEX1[4]     ; 9.322  ; 9.322  ; 9.322  ; 9.322  ;
; SW[4]      ; HEX1[5]     ; 9.756  ; 9.756  ; 9.756  ; 9.756  ;
; SW[5]      ; HEX0[0]     ; 9.339  ; 9.339  ; 9.339  ; 9.339  ;
; SW[5]      ; HEX0[1]     ; 9.314  ; 9.314  ; 9.314  ; 9.314  ;
; SW[5]      ; HEX0[2]     ; 9.311  ; 9.311  ; 9.311  ; 9.311  ;
; SW[5]      ; HEX0[3]     ; 9.087  ; 9.087  ; 9.087  ; 9.087  ;
; SW[5]      ; HEX0[4]     ; 9.090  ; 9.090  ; 9.090  ; 9.090  ;
; SW[5]      ; HEX0[5]     ; 9.078  ; 9.078  ; 9.078  ; 9.078  ;
; SW[5]      ; HEX0[6]     ; 9.070  ; 9.070  ; 9.070  ; 9.070  ;
; SW[5]      ; HEX1[0]     ; 9.965  ; 9.965  ; 9.965  ; 9.965  ;
; SW[5]      ; HEX1[3]     ; 9.316  ; 9.316  ; 9.316  ; 9.316  ;
; SW[5]      ; HEX1[4]     ; 9.336  ; 9.336  ; 9.336  ; 9.336  ;
; SW[5]      ; HEX1[5]     ; 9.770  ; 9.770  ; 9.770  ; 9.770  ;
; SW[6]      ; HEX0[0]     ; 8.344  ; 8.344  ; 8.344  ; 8.344  ;
; SW[6]      ; HEX0[1]     ; 8.319  ; 8.319  ; 8.319  ; 8.319  ;
; SW[6]      ; HEX0[2]     ; 8.288  ; 8.288  ; 8.288  ; 8.288  ;
; SW[6]      ; HEX0[3]     ; 8.091  ; 8.091  ; 8.091  ; 8.091  ;
; SW[6]      ; HEX0[4]     ; 8.095  ; 8.095  ; 8.095  ; 8.095  ;
; SW[6]      ; HEX0[5]     ; 8.083  ; 8.083  ; 8.083  ; 8.083  ;
; SW[6]      ; HEX0[6]     ; 8.075  ; 8.075  ; 8.075  ; 8.075  ;
; SW[6]      ; HEX1[0]     ; 10.164 ; 10.164 ; 10.164 ; 10.164 ;
; SW[6]      ; HEX1[3]     ; 9.515  ; 9.515  ; 9.515  ; 9.515  ;
; SW[6]      ; HEX1[4]     ; 9.535  ; 9.535  ; 9.535  ; 9.535  ;
; SW[6]      ; HEX1[5]     ; 9.969  ; 9.969  ; 9.969  ; 9.969  ;
; SW[7]      ; HEX0[0]     ; 9.121  ; 9.121  ; 9.121  ; 9.121  ;
; SW[7]      ; HEX0[1]     ; 9.096  ; 9.096  ; 9.096  ; 9.096  ;
; SW[7]      ; HEX0[2]     ; 9.093  ; 9.093  ; 9.093  ; 9.093  ;
; SW[7]      ; HEX0[3]     ; 8.869  ; 8.869  ; 8.869  ; 8.869  ;
; SW[7]      ; HEX0[4]     ; 8.872  ; 8.872  ; 8.872  ; 8.872  ;
; SW[7]      ; HEX0[5]     ; 8.860  ; 8.860  ; 8.860  ; 8.860  ;
; SW[7]      ; HEX0[6]     ; 8.852  ; 8.852  ; 8.852  ; 8.852  ;
; SW[7]      ; HEX1[0]     ; 10.735 ; 10.735 ; 10.735 ; 10.735 ;
; SW[7]      ; HEX1[3]     ; 10.086 ; 10.086 ; 10.086 ; 10.086 ;
; SW[7]      ; HEX1[4]     ; 10.106 ; 10.106 ; 10.106 ; 10.106 ;
; SW[7]      ; HEX1[5]     ; 10.540 ; 10.540 ; 10.540 ; 10.540 ;
; SW[8]      ; HEX0[0]     ; 9.157  ; 9.157  ; 9.157  ; 9.157  ;
; SW[8]      ; HEX0[1]     ; 9.132  ; 9.132  ; 9.132  ; 9.132  ;
; SW[8]      ; HEX0[2]     ; 9.129  ; 9.129  ; 9.129  ; 9.129  ;
; SW[8]      ; HEX0[3]     ; 8.905  ; 8.905  ; 8.905  ; 8.905  ;
; SW[8]      ; HEX0[4]     ; 8.908  ; 8.908  ; 8.908  ; 8.908  ;
; SW[8]      ; HEX0[5]     ; 8.896  ; 8.896  ; 8.896  ; 8.896  ;
; SW[8]      ; HEX0[6]     ; 8.888  ; 8.888  ; 8.888  ; 8.888  ;
; SW[8]      ; HEX1[0]     ; 10.269 ; 10.269 ; 10.269 ; 10.269 ;
; SW[8]      ; HEX1[3]     ; 9.620  ; 9.620  ; 9.620  ; 9.620  ;
; SW[8]      ; HEX1[4]     ; 9.640  ; 9.640  ; 9.640  ; 9.640  ;
; SW[8]      ; HEX1[5]     ; 10.074 ; 10.074 ; 10.074 ; 10.074 ;
; SW[9]      ; HEX0[0]     ; 9.576  ; 9.576  ; 9.576  ; 9.576  ;
; SW[9]      ; HEX0[1]     ; 9.551  ; 9.551  ; 9.551  ; 9.551  ;
; SW[9]      ; HEX0[2]     ; 9.548  ; 9.548  ; 9.548  ; 9.548  ;
; SW[9]      ; HEX0[3]     ; 9.319  ; 9.319  ; 9.319  ; 9.319  ;
; SW[9]      ; HEX0[4]     ; 9.326  ; 9.326  ; 9.326  ; 9.326  ;
; SW[9]      ; HEX0[5]     ; 9.314  ; 9.314  ; 9.314  ; 9.314  ;
; SW[9]      ; HEX0[6]     ; 9.307  ; 9.307  ; 9.307  ; 9.307  ;
; SW[9]      ; HEX1[0]     ; 10.048 ; 10.048 ; 10.048 ; 10.048 ;
; SW[9]      ; HEX1[3]     ; 9.399  ; 9.399  ; 9.399  ; 9.399  ;
; SW[9]      ; HEX1[4]     ; 9.419  ; 9.419  ; 9.419  ; 9.419  ;
; SW[9]      ; HEX1[5]     ; 9.853  ; 9.853  ; 9.853  ; 9.853  ;
; SW[10]     ; HEX0[0]     ; 9.874  ; 9.874  ; 9.874  ; 9.874  ;
; SW[10]     ; HEX0[1]     ; 9.849  ; 9.849  ; 9.849  ; 9.849  ;
; SW[10]     ; HEX0[2]     ; 9.846  ; 9.846  ; 9.846  ; 9.846  ;
; SW[10]     ; HEX0[3]     ; 9.622  ; 9.622  ; 9.622  ; 9.622  ;
; SW[10]     ; HEX0[4]     ; 9.625  ; 9.625  ; 9.625  ; 9.625  ;
; SW[10]     ; HEX0[5]     ; 9.613  ; 9.613  ; 9.613  ; 9.613  ;
; SW[10]     ; HEX0[6]     ; 9.605  ; 9.605  ; 9.605  ; 9.605  ;
; SW[10]     ; HEX1[0]     ; 10.072 ; 10.072 ; 10.072 ; 10.072 ;
; SW[10]     ; HEX1[3]     ; 9.423  ; 9.423  ; 9.423  ; 9.423  ;
; SW[10]     ; HEX1[4]     ; 9.443  ; 9.443  ; 9.443  ; 9.443  ;
; SW[10]     ; HEX1[5]     ; 9.877  ; 9.877  ; 9.877  ; 9.877  ;
; SW[11]     ; HEX0[0]     ; 9.021  ; 9.021  ; 9.021  ; 9.021  ;
; SW[11]     ; HEX0[1]     ; 8.996  ; 8.996  ; 8.996  ; 8.996  ;
; SW[11]     ; HEX0[2]     ; 8.993  ; 8.993  ; 8.993  ; 8.993  ;
; SW[11]     ; HEX0[3]     ; 8.769  ; 8.769  ; 8.769  ; 8.769  ;
; SW[11]     ; HEX0[4]     ; 8.772  ; 8.772  ; 8.772  ; 8.772  ;
; SW[11]     ; HEX0[5]     ; 8.760  ; 8.760  ; 8.760  ; 8.760  ;
; SW[11]     ; HEX0[6]     ; 8.752  ; 8.752  ; 8.752  ; 8.752  ;
; SW[11]     ; HEX1[0]     ; 9.647  ; 9.647  ; 9.647  ; 9.647  ;
; SW[11]     ; HEX1[3]     ; 8.998  ; 8.998  ; 8.998  ; 8.998  ;
; SW[11]     ; HEX1[4]     ; 9.018  ; 9.018  ; 9.018  ; 9.018  ;
; SW[11]     ; HEX1[5]     ; 9.452  ; 9.452  ; 9.452  ; 9.452  ;
; SW[12]     ; HEX0[0]     ; 9.034  ; 9.034  ; 9.034  ; 9.034  ;
; SW[12]     ; HEX0[1]     ; 9.009  ; 9.009  ; 9.009  ; 9.009  ;
; SW[12]     ; HEX0[2]     ; 8.978  ; 8.978  ; 8.978  ; 8.978  ;
; SW[12]     ; HEX0[3]     ; 8.781  ; 8.781  ; 8.781  ; 8.781  ;
; SW[12]     ; HEX0[4]     ; 8.785  ; 8.785  ; 8.785  ; 8.785  ;
; SW[12]     ; HEX0[5]     ; 8.773  ; 8.773  ; 8.773  ; 8.773  ;
; SW[12]     ; HEX0[6]     ; 8.765  ; 8.765  ; 8.765  ; 8.765  ;
; SW[12]     ; HEX1[0]     ; 11.707 ; 11.707 ; 11.707 ; 11.707 ;
; SW[12]     ; HEX1[3]     ; 11.058 ; 11.058 ; 11.058 ; 11.058 ;
; SW[12]     ; HEX1[4]     ; 11.078 ; 11.078 ; 11.078 ; 11.078 ;
; SW[12]     ; HEX1[5]     ; 11.512 ; 11.512 ; 11.512 ; 11.512 ;
; SW[13]     ; HEX0[0]     ; 13.164 ; 13.164 ; 13.164 ; 13.164 ;
; SW[13]     ; HEX0[1]     ; 13.139 ; 13.139 ; 13.139 ; 13.139 ;
; SW[13]     ; HEX0[2]     ; 13.133 ; 13.133 ; 13.133 ; 13.133 ;
; SW[13]     ; HEX0[3]     ; 12.905 ; 12.905 ; 12.905 ; 12.905 ;
; SW[13]     ; HEX0[4]     ; 12.915 ; 12.915 ; 12.915 ; 12.915 ;
; SW[13]     ; HEX0[5]     ; 12.903 ; 12.903 ; 12.903 ; 12.903 ;
; SW[13]     ; HEX0[6]     ; 12.896 ; 12.896 ; 12.896 ; 12.896 ;
; SW[13]     ; HEX1[0]     ; 15.065 ; 15.065 ; 15.065 ; 15.065 ;
; SW[13]     ; HEX1[3]     ; 14.416 ; 14.416 ; 14.416 ; 14.416 ;
; SW[13]     ; HEX1[4]     ; 14.436 ; 14.436 ; 14.436 ; 14.436 ;
; SW[13]     ; HEX1[5]     ; 14.870 ; 14.870 ; 14.870 ; 14.870 ;
; SW[14]     ; HEX0[0]     ; 13.469 ; 13.469 ; 13.469 ; 13.469 ;
; SW[14]     ; HEX0[1]     ; 13.444 ; 13.444 ; 13.444 ; 13.444 ;
; SW[14]     ; HEX0[2]     ; 13.441 ; 13.441 ; 13.441 ; 13.441 ;
; SW[14]     ; HEX0[3]     ; 13.212 ; 13.212 ; 13.212 ; 13.212 ;
; SW[14]     ; HEX0[4]     ; 13.219 ; 13.219 ; 13.219 ; 13.219 ;
; SW[14]     ; HEX0[5]     ; 13.207 ; 13.207 ; 13.207 ; 13.207 ;
; SW[14]     ; HEX0[6]     ; 13.200 ; 13.200 ; 13.200 ; 13.200 ;
; SW[14]     ; HEX1[0]     ; 14.174 ; 14.174 ; 14.174 ; 14.174 ;
; SW[14]     ; HEX1[3]     ; 13.525 ; 13.525 ; 13.525 ; 13.525 ;
; SW[14]     ; HEX1[4]     ; 13.545 ; 13.545 ; 13.545 ; 13.545 ;
; SW[14]     ; HEX1[5]     ; 13.979 ; 13.979 ; 13.979 ; 13.979 ;
; SW[15]     ; HEX0[0]     ; 12.895 ; 12.895 ; 12.895 ; 12.895 ;
; SW[15]     ; HEX0[1]     ; 12.870 ; 12.870 ; 12.870 ; 12.870 ;
; SW[15]     ; HEX0[2]     ; 12.867 ; 12.867 ; 12.867 ; 12.867 ;
; SW[15]     ; HEX0[3]     ; 12.638 ; 12.638 ; 12.638 ; 12.638 ;
; SW[15]     ; HEX0[4]     ; 12.645 ; 12.645 ; 12.645 ; 12.645 ;
; SW[15]     ; HEX0[5]     ; 12.633 ; 12.633 ; 12.633 ; 12.633 ;
; SW[15]     ; HEX0[6]     ; 12.626 ; 12.626 ; 12.626 ; 12.626 ;
; SW[15]     ; HEX1[0]     ; 13.601 ; 13.601 ; 13.601 ; 13.601 ;
; SW[15]     ; HEX1[3]     ; 12.952 ; 12.952 ; 12.952 ; 12.952 ;
; SW[15]     ; HEX1[4]     ; 12.972 ; 12.972 ; 12.972 ; 12.972 ;
; SW[15]     ; HEX1[5]     ; 13.406 ; 13.406 ; 13.406 ; 13.406 ;
; SW[16]     ; HEX0[0]     ; 13.118 ; 13.118 ; 13.118 ; 13.118 ;
; SW[16]     ; HEX0[1]     ; 13.093 ; 13.093 ; 13.093 ; 13.093 ;
; SW[16]     ; HEX0[2]     ; 13.090 ; 13.090 ; 13.090 ; 13.090 ;
; SW[16]     ; HEX0[3]     ; 12.866 ; 12.866 ; 12.866 ; 12.866 ;
; SW[16]     ; HEX0[4]     ; 12.869 ; 12.869 ; 12.869 ; 12.869 ;
; SW[16]     ; HEX0[5]     ; 12.857 ; 12.857 ; 12.857 ; 12.857 ;
; SW[16]     ; HEX0[6]     ; 12.849 ; 12.849 ; 12.849 ; 12.849 ;
; SW[16]     ; HEX1[0]     ; 13.125 ; 13.125 ; 13.125 ; 13.125 ;
; SW[16]     ; HEX1[3]     ; 12.476 ; 12.476 ; 12.476 ; 12.476 ;
; SW[16]     ; HEX1[4]     ; 12.496 ; 12.496 ; 12.496 ; 12.496 ;
; SW[16]     ; HEX1[5]     ; 12.930 ; 12.930 ; 12.930 ; 12.930 ;
; SW[17]     ; HEX0[0]     ; 12.434 ; 12.434 ; 12.434 ; 12.434 ;
; SW[17]     ; HEX0[1]     ; 12.409 ; 12.409 ; 12.409 ; 12.409 ;
; SW[17]     ; HEX0[2]     ; 12.406 ; 12.406 ; 12.406 ; 12.406 ;
; SW[17]     ; HEX0[3]     ; 12.182 ; 12.182 ; 12.182 ; 12.182 ;
; SW[17]     ; HEX0[4]     ; 12.185 ; 12.185 ; 12.185 ; 12.185 ;
; SW[17]     ; HEX0[5]     ; 12.173 ; 12.173 ; 12.173 ; 12.173 ;
; SW[17]     ; HEX0[6]     ; 12.165 ; 12.165 ; 12.165 ; 12.165 ;
; SW[17]     ; HEX1[0]     ; 13.060 ; 13.060 ; 13.060 ; 13.060 ;
; SW[17]     ; HEX1[3]     ; 12.411 ; 12.411 ; 12.411 ; 12.411 ;
; SW[17]     ; HEX1[4]     ; 12.431 ; 12.431 ; 12.431 ; 12.431 ;
; SW[17]     ; HEX1[5]     ; 12.865 ; 12.865 ; 12.865 ; 12.865 ;
+------------+-------------+--------+--------+--------+--------+


----------------------------
; Fast Model Setup Summary ;
----------------------------
No paths to report.


---------------------------
; Fast Model Hold Summary ;
---------------------------
No paths to report.


-------------------------------
; Fast Model Recovery Summary ;
-------------------------------
No paths to report.


------------------------------
; Fast Model Removal Summary ;
------------------------------
No paths to report.


------------------------------------------
; Fast Model Minimum Pulse Width Summary ;
------------------------------------------
No paths to report.


+----------------------------------------------------------+
; Propagation Delay                                        ;
+------------+-------------+-------+-------+-------+-------+
; Input Port ; Output Port ; RR    ; RF    ; FR    ; FF    ;
+------------+-------------+-------+-------+-------+-------+
; SW[0]      ; HEX0[0]     ; 6.013 ; 6.013 ; 6.013 ; 6.013 ;
; SW[0]      ; HEX0[1]     ; 5.986 ; 5.986 ; 5.986 ; 5.986 ;
; SW[0]      ; HEX0[2]     ; 5.988 ; 5.988 ; 5.988 ; 5.988 ;
; SW[0]      ; HEX0[3]     ; 5.887 ; 5.887 ; 5.887 ; 5.887 ;
; SW[0]      ; HEX0[4]     ; 5.894 ; 5.894 ; 5.894 ; 5.894 ;
; SW[0]      ; HEX0[5]     ; 5.889 ; 5.889 ; 5.889 ; 5.889 ;
; SW[0]      ; HEX0[6]     ; 5.882 ; 5.882 ; 5.882 ; 5.882 ;
; SW[0]      ; HEX1[0]     ; 6.062 ; 6.062 ; 6.062 ; 6.062 ;
; SW[0]      ; HEX1[3]     ; 5.721 ; 5.721 ; 5.721 ; 5.721 ;
; SW[0]      ; HEX1[4]     ; 5.741 ; 5.741 ; 5.741 ; 5.741 ;
; SW[0]      ; HEX1[5]     ; 5.916 ; 5.916 ; 5.916 ; 5.916 ;
; SW[1]      ; HEX0[0]     ; 5.910 ; 5.910 ; 5.910 ; 5.910 ;
; SW[1]      ; HEX0[1]     ; 5.883 ; 5.883 ; 5.883 ; 5.883 ;
; SW[1]      ; HEX0[2]     ; 5.885 ; 5.885 ; 5.885 ; 5.885 ;
; SW[1]      ; HEX0[3]     ; 5.784 ; 5.784 ; 5.784 ; 5.784 ;
; SW[1]      ; HEX0[4]     ; 5.791 ; 5.791 ; 5.791 ; 5.791 ;
; SW[1]      ; HEX0[5]     ; 5.786 ; 5.786 ; 5.786 ; 5.786 ;
; SW[1]      ; HEX0[6]     ; 5.779 ; 5.779 ; 5.779 ; 5.779 ;
; SW[1]      ; HEX1[0]     ; 5.959 ; 5.959 ; 5.959 ; 5.959 ;
; SW[1]      ; HEX1[3]     ; 5.618 ; 5.618 ; 5.618 ; 5.618 ;
; SW[1]      ; HEX1[4]     ; 5.638 ; 5.638 ; 5.638 ; 5.638 ;
; SW[1]      ; HEX1[5]     ; 5.813 ; 5.813 ; 5.813 ; 5.813 ;
; SW[2]      ; HEX0[0]     ; 5.985 ; 5.985 ; 5.985 ; 5.985 ;
; SW[2]      ; HEX0[1]     ; 5.958 ; 5.958 ; 5.958 ; 5.958 ;
; SW[2]      ; HEX0[2]     ; 5.960 ; 5.960 ; 5.960 ; 5.960 ;
; SW[2]      ; HEX0[3]     ; 5.859 ; 5.859 ; 5.859 ; 5.859 ;
; SW[2]      ; HEX0[4]     ; 5.866 ; 5.866 ; 5.866 ; 5.866 ;
; SW[2]      ; HEX0[5]     ; 5.861 ; 5.861 ; 5.861 ; 5.861 ;
; SW[2]      ; HEX0[6]     ; 5.854 ; 5.854 ; 5.854 ; 5.854 ;
; SW[2]      ; HEX1[0]     ; 6.034 ; 6.034 ; 6.034 ; 6.034 ;
; SW[2]      ; HEX1[3]     ; 5.693 ; 5.693 ; 5.693 ; 5.693 ;
; SW[2]      ; HEX1[4]     ; 5.713 ; 5.713 ; 5.713 ; 5.713 ;
; SW[2]      ; HEX1[5]     ; 5.888 ; 5.888 ; 5.888 ; 5.888 ;
; SW[3]      ; HEX0[0]     ; 5.675 ; 5.675 ; 5.675 ; 5.675 ;
; SW[3]      ; HEX0[1]     ; 5.648 ; 5.648 ; 5.648 ; 5.648 ;
; SW[3]      ; HEX0[2]     ; 5.650 ; 5.650 ; 5.650 ; 5.650 ;
; SW[3]      ; HEX0[3]     ; 5.549 ; 5.549 ; 5.549 ; 5.549 ;
; SW[3]      ; HEX0[4]     ; 5.556 ; 5.556 ; 5.556 ; 5.556 ;
; SW[3]      ; HEX0[5]     ; 5.551 ; 5.551 ; 5.551 ; 5.551 ;
; SW[3]      ; HEX0[6]     ; 5.544 ; 5.544 ; 5.544 ; 5.544 ;
; SW[3]      ; HEX1[0]     ; 5.724 ; 5.724 ; 5.724 ; 5.724 ;
; SW[3]      ; HEX1[3]     ; 5.383 ; 5.383 ; 5.383 ; 5.383 ;
; SW[3]      ; HEX1[4]     ; 5.403 ; 5.403 ; 5.403 ; 5.403 ;
; SW[3]      ; HEX1[5]     ; 5.578 ; 5.578 ; 5.578 ; 5.578 ;
; SW[4]      ; HEX0[0]     ; 5.343 ; 5.343 ; 5.343 ; 5.343 ;
; SW[4]      ; HEX0[1]     ; 5.316 ; 5.316 ; 5.316 ; 5.316 ;
; SW[4]      ; HEX0[2]     ; 5.318 ; 5.318 ; 5.318 ; 5.318 ;
; SW[4]      ; HEX0[3]     ; 5.217 ; 5.217 ; 5.217 ; 5.217 ;
; SW[4]      ; HEX0[4]     ; 5.224 ; 5.224 ; 5.224 ; 5.224 ;
; SW[4]      ; HEX0[5]     ; 5.219 ; 5.219 ; 5.219 ; 5.219 ;
; SW[4]      ; HEX0[6]     ; 5.212 ; 5.212 ; 5.212 ; 5.212 ;
; SW[4]      ; HEX1[0]     ; 5.392 ; 5.392 ; 5.392 ; 5.392 ;
; SW[4]      ; HEX1[3]     ; 5.051 ; 5.051 ; 5.051 ; 5.051 ;
; SW[4]      ; HEX1[4]     ; 5.071 ; 5.071 ; 5.071 ; 5.071 ;
; SW[4]      ; HEX1[5]     ; 5.246 ; 5.246 ; 5.246 ; 5.246 ;
; SW[5]      ; HEX0[0]     ; 5.046 ; 5.046 ; 5.046 ; 5.046 ;
; SW[5]      ; HEX0[1]     ; 5.019 ; 5.019 ; 5.019 ; 5.019 ;
; SW[5]      ; HEX0[2]     ; 5.021 ; 5.021 ; 5.021 ; 5.021 ;
; SW[5]      ; HEX0[3]     ; 4.920 ; 4.920 ; 4.920 ; 4.920 ;
; SW[5]      ; HEX0[4]     ; 4.927 ; 4.927 ; 4.927 ; 4.927 ;
; SW[5]      ; HEX0[5]     ; 4.922 ; 4.922 ; 4.922 ; 4.922 ;
; SW[5]      ; HEX0[6]     ; 4.915 ; 4.915 ; 4.915 ; 4.915 ;
; SW[5]      ; HEX1[0]     ; 5.095 ; 5.095 ; 5.095 ; 5.095 ;
; SW[5]      ; HEX1[3]     ; 4.754 ; 4.754 ; 4.754 ; 4.754 ;
; SW[5]      ; HEX1[4]     ; 4.774 ; 4.774 ; 4.774 ; 4.774 ;
; SW[5]      ; HEX1[5]     ; 4.949 ; 4.949 ; 4.949 ; 4.949 ;
; SW[6]      ; HEX0[0]     ; 5.739 ; 5.739 ; 5.739 ; 5.739 ;
; SW[6]      ; HEX0[1]     ; 5.712 ; 5.712 ; 5.712 ; 5.712 ;
; SW[6]      ; HEX0[2]     ; 5.714 ; 5.714 ; 5.714 ; 5.714 ;
; SW[6]      ; HEX0[3]     ; 5.613 ; 5.613 ; 5.613 ; 5.613 ;
; SW[6]      ; HEX0[4]     ; 5.620 ; 5.620 ; 5.620 ; 5.620 ;
; SW[6]      ; HEX0[5]     ; 5.615 ; 5.615 ; 5.615 ; 5.615 ;
; SW[6]      ; HEX0[6]     ; 5.608 ; 5.608 ; 5.608 ; 5.608 ;
; SW[6]      ; HEX1[0]     ; 5.788 ; 5.788 ; 5.788 ; 5.788 ;
; SW[6]      ; HEX1[3]     ; 5.447 ; 5.447 ; 5.447 ; 5.447 ;
; SW[6]      ; HEX1[4]     ; 5.467 ; 5.467 ; 5.467 ; 5.467 ;
; SW[6]      ; HEX1[5]     ; 5.642 ; 5.642 ; 5.642 ; 5.642 ;
; SW[7]      ; HEX0[0]     ; 5.954 ; 5.954 ; 5.954 ; 5.954 ;
; SW[7]      ; HEX0[1]     ; 5.927 ; 5.927 ; 5.927 ; 5.927 ;
; SW[7]      ; HEX0[2]     ; 5.929 ; 5.929 ; 5.929 ; 5.929 ;
; SW[7]      ; HEX0[3]     ; 5.828 ; 5.828 ; 5.828 ; 5.828 ;
; SW[7]      ; HEX0[4]     ; 5.835 ; 5.835 ; 5.835 ; 5.835 ;
; SW[7]      ; HEX0[5]     ; 5.830 ; 5.830 ; 5.830 ; 5.830 ;
; SW[7]      ; HEX0[6]     ; 5.823 ; 5.823 ; 5.823 ; 5.823 ;
; SW[7]      ; HEX1[0]     ; 6.003 ; 6.003 ; 6.003 ; 6.003 ;
; SW[7]      ; HEX1[3]     ; 5.662 ; 5.662 ; 5.662 ; 5.662 ;
; SW[7]      ; HEX1[4]     ; 5.682 ; 5.682 ; 5.682 ; 5.682 ;
; SW[7]      ; HEX1[5]     ; 5.857 ; 5.857 ; 5.857 ; 5.857 ;
; SW[8]      ; HEX0[0]     ; 6.185 ; 6.185 ; 6.185 ; 6.185 ;
; SW[8]      ; HEX0[1]     ; 6.158 ; 6.158 ; 6.158 ; 6.158 ;
; SW[8]      ; HEX0[2]     ; 6.160 ; 6.160 ; 6.160 ; 6.160 ;
; SW[8]      ; HEX0[3]     ; 6.059 ; 6.059 ; 6.059 ; 6.059 ;
; SW[8]      ; HEX0[4]     ; 6.066 ; 6.066 ; 6.066 ; 6.066 ;
; SW[8]      ; HEX0[5]     ; 6.061 ; 6.061 ; 6.061 ; 6.061 ;
; SW[8]      ; HEX0[6]     ; 6.054 ; 6.054 ; 6.054 ; 6.054 ;
; SW[8]      ; HEX1[0]     ; 6.234 ; 6.234 ; 6.234 ; 6.234 ;
; SW[8]      ; HEX1[3]     ; 5.893 ; 5.893 ; 5.893 ; 5.893 ;
; SW[8]      ; HEX1[4]     ; 5.913 ; 5.913 ; 5.913 ; 5.913 ;
; SW[8]      ; HEX1[5]     ; 6.088 ; 6.088 ; 6.088 ; 6.088 ;
; SW[9]      ; HEX0[0]     ; 5.876 ; 5.876 ; 5.876 ; 5.876 ;
; SW[9]      ; HEX0[1]     ; 5.849 ; 5.849 ; 5.849 ; 5.849 ;
; SW[9]      ; HEX0[2]     ; 5.851 ; 5.851 ; 5.851 ; 5.851 ;
; SW[9]      ; HEX0[3]     ; 5.750 ; 5.750 ; 5.750 ; 5.750 ;
; SW[9]      ; HEX0[4]     ; 5.757 ; 5.757 ; 5.757 ; 5.757 ;
; SW[9]      ; HEX0[5]     ; 5.752 ; 5.752 ; 5.752 ; 5.752 ;
; SW[9]      ; HEX0[6]     ; 5.745 ; 5.745 ; 5.745 ; 5.745 ;
; SW[9]      ; HEX1[0]     ; 5.925 ; 5.925 ; 5.925 ; 5.925 ;
; SW[9]      ; HEX1[3]     ; 5.584 ; 5.584 ; 5.584 ; 5.584 ;
; SW[9]      ; HEX1[4]     ; 5.604 ; 5.604 ; 5.604 ; 5.604 ;
; SW[9]      ; HEX1[5]     ; 5.779 ; 5.779 ; 5.779 ; 5.779 ;
; SW[10]     ; HEX0[0]     ; 5.387 ; 5.387 ; 5.387 ; 5.387 ;
; SW[10]     ; HEX0[1]     ; 5.360 ; 5.360 ; 5.360 ; 5.360 ;
; SW[10]     ; HEX0[2]     ; 5.362 ; 5.362 ; 5.362 ; 5.362 ;
; SW[10]     ; HEX0[3]     ; 5.261 ; 5.261 ; 5.261 ; 5.261 ;
; SW[10]     ; HEX0[4]     ; 5.268 ; 5.268 ; 5.268 ; 5.268 ;
; SW[10]     ; HEX0[5]     ; 5.263 ; 5.263 ; 5.263 ; 5.263 ;
; SW[10]     ; HEX0[6]     ; 5.256 ; 5.256 ; 5.256 ; 5.256 ;
; SW[10]     ; HEX1[0]     ; 5.436 ; 5.436 ; 5.436 ; 5.436 ;
; SW[10]     ; HEX1[3]     ; 5.095 ; 5.095 ; 5.095 ; 5.095 ;
; SW[10]     ; HEX1[4]     ; 5.115 ; 5.115 ; 5.115 ; 5.115 ;
; SW[10]     ; HEX1[5]     ; 5.290 ; 5.290 ; 5.290 ; 5.290 ;
; SW[11]     ; HEX0[0]     ; 4.930 ; 4.930 ; 4.930 ; 4.930 ;
; SW[11]     ; HEX0[1]     ; 4.903 ; 4.903 ; 4.903 ; 4.903 ;
; SW[11]     ; HEX0[2]     ; 4.905 ; 4.905 ; 4.905 ; 4.905 ;
; SW[11]     ; HEX0[3]     ; 4.804 ; 4.804 ; 4.804 ; 4.804 ;
; SW[11]     ; HEX0[4]     ; 4.811 ; 4.811 ; 4.811 ; 4.811 ;
; SW[11]     ; HEX0[5]     ; 4.806 ; 4.806 ; 4.806 ; 4.806 ;
; SW[11]     ; HEX0[6]     ; 4.799 ; 4.799 ; 4.799 ; 4.799 ;
; SW[11]     ; HEX1[0]     ; 4.976 ; 4.976 ; 4.976 ; 4.976 ;
; SW[11]     ; HEX1[3]     ; 4.635 ; 4.635 ; 4.635 ; 4.635 ;
; SW[11]     ; HEX1[4]     ; 4.655 ; 4.655 ; 4.655 ; 4.655 ;
; SW[11]     ; HEX1[5]     ; 4.830 ; 4.830 ; 4.830 ; 4.830 ;
; SW[12]     ; HEX0[0]     ; 6.099 ; 6.099 ; 6.099 ; 6.099 ;
; SW[12]     ; HEX0[1]     ; 6.072 ; 6.072 ; 6.072 ; 6.072 ;
; SW[12]     ; HEX0[2]     ; 6.074 ; 6.074 ; 6.074 ; 6.074 ;
; SW[12]     ; HEX0[3]     ; 5.973 ; 5.973 ; 5.973 ; 5.973 ;
; SW[12]     ; HEX0[4]     ; 5.980 ; 5.980 ; 5.980 ; 5.980 ;
; SW[12]     ; HEX0[5]     ; 5.975 ; 5.975 ; 5.975 ; 5.975 ;
; SW[12]     ; HEX0[6]     ; 5.968 ; 5.968 ; 5.968 ; 5.968 ;
; SW[12]     ; HEX1[0]     ; 6.148 ; 6.148 ; 6.148 ; 6.148 ;
; SW[12]     ; HEX1[3]     ; 5.807 ; 5.807 ; 5.807 ; 5.807 ;
; SW[12]     ; HEX1[4]     ; 5.827 ; 5.827 ; 5.827 ; 5.827 ;
; SW[12]     ; HEX1[5]     ; 6.002 ; 6.002 ; 6.002 ; 6.002 ;
; SW[13]     ; HEX0[0]     ; 8.308 ; 8.308 ; 8.308 ; 8.308 ;
; SW[13]     ; HEX0[1]     ; 8.281 ; 8.281 ; 8.281 ; 8.281 ;
; SW[13]     ; HEX0[2]     ; 8.283 ; 8.283 ; 8.283 ; 8.283 ;
; SW[13]     ; HEX0[3]     ; 8.182 ; 8.182 ; 8.182 ; 8.182 ;
; SW[13]     ; HEX0[4]     ; 8.189 ; 8.189 ; 8.189 ; 8.189 ;
; SW[13]     ; HEX0[5]     ; 8.184 ; 8.184 ; 8.184 ; 8.184 ;
; SW[13]     ; HEX0[6]     ; 8.177 ; 8.177 ; 8.177 ; 8.177 ;
; SW[13]     ; HEX1[0]     ; 8.357 ; 8.357 ; 8.357 ; 8.357 ;
; SW[13]     ; HEX1[3]     ; 8.016 ; 8.016 ; 8.016 ; 8.016 ;
; SW[13]     ; HEX1[4]     ; 8.036 ; 8.036 ; 8.036 ; 8.036 ;
; SW[13]     ; HEX1[5]     ; 8.211 ; 8.211 ; 8.211 ; 8.211 ;
; SW[14]     ; HEX0[0]     ; 8.275 ; 8.275 ; 8.275 ; 8.275 ;
; SW[14]     ; HEX0[1]     ; 8.248 ; 8.248 ; 8.248 ; 8.248 ;
; SW[14]     ; HEX0[2]     ; 8.250 ; 8.250 ; 8.250 ; 8.250 ;
; SW[14]     ; HEX0[3]     ; 8.149 ; 8.149 ; 8.149 ; 8.149 ;
; SW[14]     ; HEX0[4]     ; 8.156 ; 8.156 ; 8.156 ; 8.156 ;
; SW[14]     ; HEX0[5]     ; 8.151 ; 8.151 ; 8.151 ; 8.151 ;
; SW[14]     ; HEX0[6]     ; 8.144 ; 8.144 ; 8.144 ; 8.144 ;
; SW[14]     ; HEX1[0]     ; 8.324 ; 8.324 ; 8.324 ; 8.324 ;
; SW[14]     ; HEX1[3]     ; 7.983 ; 7.983 ; 7.983 ; 7.983 ;
; SW[14]     ; HEX1[4]     ; 8.003 ; 8.003 ; 8.003 ; 8.003 ;
; SW[14]     ; HEX1[5]     ; 8.178 ; 8.178 ; 8.178 ; 8.178 ;
; SW[15]     ; HEX0[0]     ; 7.630 ; 7.630 ; 7.630 ; 7.630 ;
; SW[15]     ; HEX0[1]     ; 7.603 ; 7.603 ; 7.603 ; 7.603 ;
; SW[15]     ; HEX0[2]     ; 7.605 ; 7.605 ; 7.605 ; 7.605 ;
; SW[15]     ; HEX0[3]     ; 7.504 ; 7.504 ; 7.504 ; 7.504 ;
; SW[15]     ; HEX0[4]     ; 7.511 ; 7.511 ; 7.511 ; 7.511 ;
; SW[15]     ; HEX0[5]     ; 7.506 ; 7.506 ; 7.506 ; 7.506 ;
; SW[15]     ; HEX0[6]     ; 7.499 ; 7.499 ; 7.499 ; 7.499 ;
; SW[15]     ; HEX1[0]     ; 7.679 ; 7.679 ; 7.679 ; 7.679 ;
; SW[15]     ; HEX1[3]     ; 7.338 ; 7.338 ; 7.338 ; 7.338 ;
; SW[15]     ; HEX1[4]     ; 7.358 ; 7.358 ; 7.358 ; 7.358 ;
; SW[15]     ; HEX1[5]     ; 7.533 ; 7.533 ; 7.533 ; 7.533 ;
; SW[16]     ; HEX0[0]     ; 7.411 ; 7.411 ; 7.411 ; 7.411 ;
; SW[16]     ; HEX0[1]     ; 7.384 ; 7.384 ; 7.384 ; 7.384 ;
; SW[16]     ; HEX0[2]     ; 7.386 ; 7.386 ; 7.386 ; 7.386 ;
; SW[16]     ; HEX0[3]     ; 7.285 ; 7.285 ; 7.285 ; 7.285 ;
; SW[16]     ; HEX0[4]     ; 7.292 ; 7.292 ; 7.292 ; 7.292 ;
; SW[16]     ; HEX0[5]     ; 7.287 ; 7.287 ; 7.287 ; 7.287 ;
; SW[16]     ; HEX0[6]     ; 7.280 ; 7.280 ; 7.280 ; 7.280 ;
; SW[16]     ; HEX1[0]     ; 7.460 ; 7.460 ; 7.460 ; 7.460 ;
; SW[16]     ; HEX1[3]     ; 7.119 ; 7.119 ; 7.119 ; 7.119 ;
; SW[16]     ; HEX1[4]     ; 7.139 ; 7.139 ; 7.139 ; 7.139 ;
; SW[16]     ; HEX1[5]     ; 7.314 ; 7.314 ; 7.314 ; 7.314 ;
; SW[17]     ; HEX0[0]     ; 7.126 ; 7.126 ; 7.126 ; 7.126 ;
; SW[17]     ; HEX0[1]     ; 7.099 ; 7.099 ; 7.099 ; 7.099 ;
; SW[17]     ; HEX0[2]     ; 7.101 ; 7.101 ; 7.101 ; 7.101 ;
; SW[17]     ; HEX0[3]     ; 7.000 ; 7.000 ; 7.000 ; 7.000 ;
; SW[17]     ; HEX0[4]     ; 7.007 ; 7.007 ; 7.007 ; 7.007 ;
; SW[17]     ; HEX0[5]     ; 7.002 ; 7.002 ; 7.002 ; 7.002 ;
; SW[17]     ; HEX0[6]     ; 6.995 ; 6.995 ; 6.995 ; 6.995 ;
; SW[17]     ; HEX1[0]     ; 7.174 ; 7.174 ; 7.174 ; 7.174 ;
; SW[17]     ; HEX1[3]     ; 6.833 ; 6.833 ; 6.833 ; 6.833 ;
; SW[17]     ; HEX1[4]     ; 6.853 ; 6.853 ; 6.853 ; 6.853 ;
; SW[17]     ; HEX1[5]     ; 7.028 ; 7.028 ; 7.028 ; 7.028 ;
+------------+-------------+-------+-------+-------+-------+


+----------------------------------------------------------+
; Minimum Propagation Delay                                ;
+------------+-------------+-------+-------+-------+-------+
; Input Port ; Output Port ; RR    ; RF    ; FR    ; FF    ;
+------------+-------------+-------+-------+-------+-------+
; SW[0]      ; HEX0[0]     ; 4.605 ; 4.605 ; 4.605 ; 4.605 ;
; SW[0]      ; HEX0[1]     ; 4.578 ; 4.578 ; 4.578 ; 4.578 ;
; SW[0]      ; HEX0[2]     ; 4.580 ; 4.580 ; 4.580 ; 4.580 ;
; SW[0]      ; HEX0[3]     ; 4.479 ; 4.479 ; 4.479 ; 4.479 ;
; SW[0]      ; HEX0[4]     ; 4.486 ; 4.486 ; 4.486 ; 4.486 ;
; SW[0]      ; HEX0[5]     ; 4.481 ; 4.481 ; 4.481 ; 4.481 ;
; SW[0]      ; HEX0[6]     ; 4.474 ; 4.474 ; 4.474 ; 4.474 ;
; SW[0]      ; HEX1[0]     ; 5.543 ; 5.543 ; 5.543 ; 5.543 ;
; SW[0]      ; HEX1[3]     ; 5.202 ; 5.202 ; 5.202 ; 5.202 ;
; SW[0]      ; HEX1[4]     ; 5.222 ; 5.222 ; 5.222 ; 5.222 ;
; SW[0]      ; HEX1[5]     ; 5.397 ; 5.397 ; 5.397 ; 5.397 ;
; SW[1]      ; HEX0[0]     ; 4.639 ; 4.639 ; 4.639 ; 4.639 ;
; SW[1]      ; HEX0[1]     ; 4.613 ; 4.613 ; 4.613 ; 4.613 ;
; SW[1]      ; HEX0[2]     ; 4.615 ; 4.615 ; 4.615 ; 4.615 ;
; SW[1]      ; HEX0[3]     ; 4.516 ; 4.516 ; 4.516 ; 4.516 ;
; SW[1]      ; HEX0[4]     ; 4.521 ; 4.521 ; 4.521 ; 4.521 ;
; SW[1]      ; HEX0[5]     ; 4.509 ; 4.509 ; 4.509 ; 4.509 ;
; SW[1]      ; HEX0[6]     ; 4.508 ; 4.508 ; 4.508 ; 4.508 ;
; SW[1]      ; HEX1[0]     ; 5.380 ; 5.380 ; 5.380 ; 5.380 ;
; SW[1]      ; HEX1[3]     ; 5.039 ; 5.039 ; 5.039 ; 5.039 ;
; SW[1]      ; HEX1[4]     ; 5.059 ; 5.059 ; 5.059 ; 5.059 ;
; SW[1]      ; HEX1[5]     ; 5.234 ; 5.234 ; 5.234 ; 5.234 ;
; SW[2]      ; HEX0[0]     ; 4.700 ; 4.700 ; 4.700 ; 4.700 ;
; SW[2]      ; HEX0[1]     ; 4.674 ; 4.674 ; 4.674 ; 4.674 ;
; SW[2]      ; HEX0[2]     ; 4.676 ; 4.676 ; 4.676 ; 4.676 ;
; SW[2]      ; HEX0[3]     ; 4.577 ; 4.577 ; 4.577 ; 4.577 ;
; SW[2]      ; HEX0[4]     ; 4.582 ; 4.582 ; 4.582 ; 4.582 ;
; SW[2]      ; HEX0[5]     ; 4.570 ; 4.570 ; 4.570 ; 4.570 ;
; SW[2]      ; HEX0[6]     ; 4.569 ; 4.569 ; 4.569 ; 4.569 ;
; SW[2]      ; HEX1[0]     ; 5.155 ; 5.155 ; 5.155 ; 5.155 ;
; SW[2]      ; HEX1[3]     ; 4.814 ; 4.814 ; 4.814 ; 4.814 ;
; SW[2]      ; HEX1[4]     ; 4.834 ; 4.834 ; 4.834 ; 4.834 ;
; SW[2]      ; HEX1[5]     ; 5.009 ; 5.009 ; 5.009 ; 5.009 ;
; SW[3]      ; HEX0[0]     ; 4.829 ; 4.829 ; 4.829 ; 4.829 ;
; SW[3]      ; HEX0[1]     ; 4.802 ; 4.802 ; 4.802 ; 4.802 ;
; SW[3]      ; HEX0[2]     ; 4.806 ; 4.806 ; 4.806 ; 4.806 ;
; SW[3]      ; HEX0[3]     ; 4.701 ; 4.701 ; 4.701 ; 4.701 ;
; SW[3]      ; HEX0[4]     ; 4.711 ; 4.711 ; 4.711 ; 4.711 ;
; SW[3]      ; HEX0[5]     ; 4.699 ; 4.699 ; 4.699 ; 4.699 ;
; SW[3]      ; HEX0[6]     ; 4.697 ; 4.697 ; 4.697 ; 4.697 ;
; SW[3]      ; HEX1[0]     ; 4.961 ; 4.961 ; 4.961 ; 4.961 ;
; SW[3]      ; HEX1[3]     ; 4.620 ; 4.620 ; 4.620 ; 4.620 ;
; SW[3]      ; HEX1[4]     ; 4.640 ; 4.640 ; 4.640 ; 4.640 ;
; SW[3]      ; HEX1[5]     ; 4.815 ; 4.815 ; 4.815 ; 4.815 ;
; SW[4]      ; HEX0[0]     ; 4.912 ; 4.912 ; 4.912 ; 4.912 ;
; SW[4]      ; HEX0[1]     ; 4.886 ; 4.886 ; 4.886 ; 4.886 ;
; SW[4]      ; HEX0[2]     ; 4.888 ; 4.888 ; 4.888 ; 4.888 ;
; SW[4]      ; HEX0[3]     ; 4.789 ; 4.789 ; 4.789 ; 4.789 ;
; SW[4]      ; HEX0[4]     ; 4.794 ; 4.794 ; 4.794 ; 4.794 ;
; SW[4]      ; HEX0[5]     ; 4.782 ; 4.782 ; 4.782 ; 4.782 ;
; SW[4]      ; HEX0[6]     ; 4.781 ; 4.781 ; 4.781 ; 4.781 ;
; SW[4]      ; HEX1[0]     ; 5.126 ; 5.126 ; 5.126 ; 5.126 ;
; SW[4]      ; HEX1[3]     ; 4.785 ; 4.785 ; 4.785 ; 4.785 ;
; SW[4]      ; HEX1[4]     ; 4.805 ; 4.805 ; 4.805 ; 4.805 ;
; SW[4]      ; HEX1[5]     ; 4.980 ; 4.980 ; 4.980 ; 4.980 ;
; SW[5]      ; HEX0[0]     ; 4.775 ; 4.775 ; 4.775 ; 4.775 ;
; SW[5]      ; HEX0[1]     ; 4.749 ; 4.749 ; 4.749 ; 4.749 ;
; SW[5]      ; HEX0[2]     ; 4.751 ; 4.751 ; 4.751 ; 4.751 ;
; SW[5]      ; HEX0[3]     ; 4.652 ; 4.652 ; 4.652 ; 4.652 ;
; SW[5]      ; HEX0[4]     ; 4.657 ; 4.657 ; 4.657 ; 4.657 ;
; SW[5]      ; HEX0[5]     ; 4.645 ; 4.645 ; 4.645 ; 4.645 ;
; SW[5]      ; HEX0[6]     ; 4.644 ; 4.644 ; 4.644 ; 4.644 ;
; SW[5]      ; HEX1[0]     ; 5.095 ; 5.095 ; 5.095 ; 5.095 ;
; SW[5]      ; HEX1[3]     ; 4.754 ; 4.754 ; 4.754 ; 4.754 ;
; SW[5]      ; HEX1[4]     ; 4.774 ; 4.774 ; 4.774 ; 4.774 ;
; SW[5]      ; HEX1[5]     ; 4.949 ; 4.949 ; 4.949 ; 4.949 ;
; SW[6]      ; HEX0[0]     ; 4.333 ; 4.333 ; 4.333 ; 4.333 ;
; SW[6]      ; HEX0[1]     ; 4.306 ; 4.306 ; 4.306 ; 4.306 ;
; SW[6]      ; HEX0[2]     ; 4.308 ; 4.308 ; 4.308 ; 4.308 ;
; SW[6]      ; HEX0[3]     ; 4.207 ; 4.207 ; 4.207 ; 4.207 ;
; SW[6]      ; HEX0[4]     ; 4.214 ; 4.214 ; 4.214 ; 4.214 ;
; SW[6]      ; HEX0[5]     ; 4.209 ; 4.209 ; 4.209 ; 4.209 ;
; SW[6]      ; HEX0[6]     ; 4.202 ; 4.202 ; 4.202 ; 4.202 ;
; SW[6]      ; HEX1[0]     ; 5.149 ; 5.149 ; 5.149 ; 5.149 ;
; SW[6]      ; HEX1[3]     ; 4.808 ; 4.808 ; 4.808 ; 4.808 ;
; SW[6]      ; HEX1[4]     ; 4.828 ; 4.828 ; 4.828 ; 4.828 ;
; SW[6]      ; HEX1[5]     ; 5.003 ; 5.003 ; 5.003 ; 5.003 ;
; SW[7]      ; HEX0[0]     ; 4.775 ; 4.775 ; 4.775 ; 4.775 ;
; SW[7]      ; HEX0[1]     ; 4.749 ; 4.749 ; 4.749 ; 4.749 ;
; SW[7]      ; HEX0[2]     ; 4.751 ; 4.751 ; 4.751 ; 4.751 ;
; SW[7]      ; HEX0[3]     ; 4.652 ; 4.652 ; 4.652 ; 4.652 ;
; SW[7]      ; HEX0[4]     ; 4.657 ; 4.657 ; 4.657 ; 4.657 ;
; SW[7]      ; HEX0[5]     ; 4.645 ; 4.645 ; 4.645 ; 4.645 ;
; SW[7]      ; HEX0[6]     ; 4.644 ; 4.644 ; 4.644 ; 4.644 ;
; SW[7]      ; HEX1[0]     ; 5.516 ; 5.516 ; 5.516 ; 5.516 ;
; SW[7]      ; HEX1[3]     ; 5.175 ; 5.175 ; 5.175 ; 5.175 ;
; SW[7]      ; HEX1[4]     ; 5.195 ; 5.195 ; 5.195 ; 5.195 ;
; SW[7]      ; HEX1[5]     ; 5.370 ; 5.370 ; 5.370 ; 5.370 ;
; SW[8]      ; HEX0[0]     ; 4.824 ; 4.824 ; 4.824 ; 4.824 ;
; SW[8]      ; HEX0[1]     ; 4.798 ; 4.798 ; 4.798 ; 4.798 ;
; SW[8]      ; HEX0[2]     ; 4.800 ; 4.800 ; 4.800 ; 4.800 ;
; SW[8]      ; HEX0[3]     ; 4.701 ; 4.701 ; 4.701 ; 4.701 ;
; SW[8]      ; HEX0[4]     ; 4.706 ; 4.706 ; 4.706 ; 4.706 ;
; SW[8]      ; HEX0[5]     ; 4.694 ; 4.694 ; 4.694 ; 4.694 ;
; SW[8]      ; HEX0[6]     ; 4.693 ; 4.693 ; 4.693 ; 4.693 ;
; SW[8]      ; HEX1[0]     ; 5.354 ; 5.354 ; 5.354 ; 5.354 ;
; SW[8]      ; HEX1[3]     ; 5.013 ; 5.013 ; 5.013 ; 5.013 ;
; SW[8]      ; HEX1[4]     ; 5.033 ; 5.033 ; 5.033 ; 5.033 ;
; SW[8]      ; HEX1[5]     ; 5.208 ; 5.208 ; 5.208 ; 5.208 ;
; SW[9]      ; HEX0[0]     ; 5.030 ; 5.030 ; 5.030 ; 5.030 ;
; SW[9]      ; HEX0[1]     ; 5.003 ; 5.003 ; 5.003 ; 5.003 ;
; SW[9]      ; HEX0[2]     ; 5.007 ; 5.007 ; 5.007 ; 5.007 ;
; SW[9]      ; HEX0[3]     ; 4.902 ; 4.902 ; 4.902 ; 4.902 ;
; SW[9]      ; HEX0[4]     ; 4.912 ; 4.912 ; 4.912 ; 4.912 ;
; SW[9]      ; HEX0[5]     ; 4.900 ; 4.900 ; 4.900 ; 4.900 ;
; SW[9]      ; HEX0[6]     ; 4.898 ; 4.898 ; 4.898 ; 4.898 ;
; SW[9]      ; HEX1[0]     ; 5.291 ; 5.291 ; 5.291 ; 5.291 ;
; SW[9]      ; HEX1[3]     ; 4.950 ; 4.950 ; 4.950 ; 4.950 ;
; SW[9]      ; HEX1[4]     ; 4.970 ; 4.970 ; 4.970 ; 4.970 ;
; SW[9]      ; HEX1[5]     ; 5.145 ; 5.145 ; 5.145 ; 5.145 ;
; SW[10]     ; HEX0[0]     ; 5.034 ; 5.034 ; 5.034 ; 5.034 ;
; SW[10]     ; HEX0[1]     ; 5.008 ; 5.008 ; 5.008 ; 5.008 ;
; SW[10]     ; HEX0[2]     ; 5.010 ; 5.010 ; 5.010 ; 5.010 ;
; SW[10]     ; HEX0[3]     ; 4.911 ; 4.911 ; 4.911 ; 4.911 ;
; SW[10]     ; HEX0[4]     ; 4.916 ; 4.916 ; 4.916 ; 4.916 ;
; SW[10]     ; HEX0[5]     ; 4.904 ; 4.904 ; 4.904 ; 4.904 ;
; SW[10]     ; HEX0[6]     ; 4.903 ; 4.903 ; 4.903 ; 4.903 ;
; SW[10]     ; HEX1[0]     ; 5.170 ; 5.170 ; 5.170 ; 5.170 ;
; SW[10]     ; HEX1[3]     ; 4.829 ; 4.829 ; 4.829 ; 4.829 ;
; SW[10]     ; HEX1[4]     ; 4.849 ; 4.849 ; 4.849 ; 4.849 ;
; SW[10]     ; HEX1[5]     ; 5.024 ; 5.024 ; 5.024 ; 5.024 ;
; SW[11]     ; HEX0[0]     ; 4.656 ; 4.656 ; 4.656 ; 4.656 ;
; SW[11]     ; HEX0[1]     ; 4.630 ; 4.630 ; 4.630 ; 4.630 ;
; SW[11]     ; HEX0[2]     ; 4.632 ; 4.632 ; 4.632 ; 4.632 ;
; SW[11]     ; HEX0[3]     ; 4.533 ; 4.533 ; 4.533 ; 4.533 ;
; SW[11]     ; HEX0[4]     ; 4.538 ; 4.538 ; 4.538 ; 4.538 ;
; SW[11]     ; HEX0[5]     ; 4.526 ; 4.526 ; 4.526 ; 4.526 ;
; SW[11]     ; HEX0[6]     ; 4.525 ; 4.525 ; 4.525 ; 4.525 ;
; SW[11]     ; HEX1[0]     ; 4.976 ; 4.976 ; 4.976 ; 4.976 ;
; SW[11]     ; HEX1[3]     ; 4.635 ; 4.635 ; 4.635 ; 4.635 ;
; SW[11]     ; HEX1[4]     ; 4.655 ; 4.655 ; 4.655 ; 4.655 ;
; SW[11]     ; HEX1[5]     ; 4.830 ; 4.830 ; 4.830 ; 4.830 ;
; SW[12]     ; HEX0[0]     ; 4.693 ; 4.693 ; 4.693 ; 4.693 ;
; SW[12]     ; HEX0[1]     ; 4.666 ; 4.666 ; 4.666 ; 4.666 ;
; SW[12]     ; HEX0[2]     ; 4.668 ; 4.668 ; 4.668 ; 4.668 ;
; SW[12]     ; HEX0[3]     ; 4.567 ; 4.567 ; 4.567 ; 4.567 ;
; SW[12]     ; HEX0[4]     ; 4.574 ; 4.574 ; 4.574 ; 4.574 ;
; SW[12]     ; HEX0[5]     ; 4.569 ; 4.569 ; 4.569 ; 4.569 ;
; SW[12]     ; HEX0[6]     ; 4.562 ; 4.562 ; 4.562 ; 4.562 ;
; SW[12]     ; HEX1[0]     ; 5.881 ; 5.881 ; 5.881 ; 5.881 ;
; SW[12]     ; HEX1[3]     ; 5.540 ; 5.540 ; 5.540 ; 5.540 ;
; SW[12]     ; HEX1[4]     ; 5.560 ; 5.560 ; 5.560 ; 5.560 ;
; SW[12]     ; HEX1[5]     ; 5.735 ; 5.735 ; 5.735 ; 5.735 ;
; SW[13]     ; HEX0[0]     ; 7.157 ; 7.157 ; 7.157 ; 7.157 ;
; SW[13]     ; HEX0[1]     ; 7.130 ; 7.130 ; 7.130 ; 7.130 ;
; SW[13]     ; HEX0[2]     ; 7.132 ; 7.132 ; 7.132 ; 7.132 ;
; SW[13]     ; HEX0[3]     ; 7.031 ; 7.031 ; 7.031 ; 7.031 ;
; SW[13]     ; HEX0[4]     ; 7.038 ; 7.038 ; 7.038 ; 7.038 ;
; SW[13]     ; HEX0[5]     ; 7.030 ; 7.030 ; 7.030 ; 7.030 ;
; SW[13]     ; HEX0[6]     ; 7.026 ; 7.026 ; 7.026 ; 7.026 ;
; SW[13]     ; HEX1[0]     ; 8.023 ; 8.023 ; 8.023 ; 8.023 ;
; SW[13]     ; HEX1[3]     ; 7.682 ; 7.682 ; 7.682 ; 7.682 ;
; SW[13]     ; HEX1[4]     ; 7.702 ; 7.702 ; 7.702 ; 7.702 ;
; SW[13]     ; HEX1[5]     ; 7.877 ; 7.877 ; 7.877 ; 7.877 ;
; SW[14]     ; HEX0[0]     ; 7.284 ; 7.284 ; 7.284 ; 7.284 ;
; SW[14]     ; HEX0[1]     ; 7.257 ; 7.257 ; 7.257 ; 7.257 ;
; SW[14]     ; HEX0[2]     ; 7.261 ; 7.261 ; 7.261 ; 7.261 ;
; SW[14]     ; HEX0[3]     ; 7.156 ; 7.156 ; 7.156 ; 7.156 ;
; SW[14]     ; HEX0[4]     ; 7.166 ; 7.166 ; 7.166 ; 7.166 ;
; SW[14]     ; HEX0[5]     ; 7.154 ; 7.154 ; 7.154 ; 7.154 ;
; SW[14]     ; HEX0[6]     ; 7.152 ; 7.152 ; 7.152 ; 7.152 ;
; SW[14]     ; HEX1[0]     ; 7.637 ; 7.637 ; 7.637 ; 7.637 ;
; SW[14]     ; HEX1[3]     ; 7.296 ; 7.296 ; 7.296 ; 7.296 ;
; SW[14]     ; HEX1[4]     ; 7.316 ; 7.316 ; 7.316 ; 7.316 ;
; SW[14]     ; HEX1[5]     ; 7.491 ; 7.491 ; 7.491 ; 7.491 ;
; SW[15]     ; HEX0[0]     ; 7.033 ; 7.033 ; 7.033 ; 7.033 ;
; SW[15]     ; HEX0[1]     ; 7.006 ; 7.006 ; 7.006 ; 7.006 ;
; SW[15]     ; HEX0[2]     ; 7.010 ; 7.010 ; 7.010 ; 7.010 ;
; SW[15]     ; HEX0[3]     ; 6.905 ; 6.905 ; 6.905 ; 6.905 ;
; SW[15]     ; HEX0[4]     ; 6.915 ; 6.915 ; 6.915 ; 6.915 ;
; SW[15]     ; HEX0[5]     ; 6.903 ; 6.903 ; 6.903 ; 6.903 ;
; SW[15]     ; HEX0[6]     ; 6.901 ; 6.901 ; 6.901 ; 6.901 ;
; SW[15]     ; HEX1[0]     ; 7.386 ; 7.386 ; 7.386 ; 7.386 ;
; SW[15]     ; HEX1[3]     ; 7.045 ; 7.045 ; 7.045 ; 7.045 ;
; SW[15]     ; HEX1[4]     ; 7.065 ; 7.065 ; 7.065 ; 7.065 ;
; SW[15]     ; HEX1[5]     ; 7.240 ; 7.240 ; 7.240 ; 7.240 ;
; SW[16]     ; HEX0[0]     ; 7.139 ; 7.139 ; 7.139 ; 7.139 ;
; SW[16]     ; HEX0[1]     ; 7.113 ; 7.113 ; 7.113 ; 7.113 ;
; SW[16]     ; HEX0[2]     ; 7.115 ; 7.115 ; 7.115 ; 7.115 ;
; SW[16]     ; HEX0[3]     ; 7.016 ; 7.016 ; 7.016 ; 7.016 ;
; SW[16]     ; HEX0[4]     ; 7.021 ; 7.021 ; 7.021 ; 7.021 ;
; SW[16]     ; HEX0[5]     ; 7.009 ; 7.009 ; 7.009 ; 7.009 ;
; SW[16]     ; HEX0[6]     ; 7.008 ; 7.008 ; 7.008 ; 7.008 ;
; SW[16]     ; HEX1[0]     ; 7.191 ; 7.191 ; 7.191 ; 7.191 ;
; SW[16]     ; HEX1[3]     ; 6.850 ; 6.850 ; 6.850 ; 6.850 ;
; SW[16]     ; HEX1[4]     ; 6.870 ; 6.870 ; 6.870 ; 6.870 ;
; SW[16]     ; HEX1[5]     ; 7.045 ; 7.045 ; 7.045 ; 7.045 ;
; SW[17]     ; HEX0[0]     ; 6.854 ; 6.854 ; 6.854 ; 6.854 ;
; SW[17]     ; HEX0[1]     ; 6.828 ; 6.828 ; 6.828 ; 6.828 ;
; SW[17]     ; HEX0[2]     ; 6.830 ; 6.830 ; 6.830 ; 6.830 ;
; SW[17]     ; HEX0[3]     ; 6.731 ; 6.731 ; 6.731 ; 6.731 ;
; SW[17]     ; HEX0[4]     ; 6.736 ; 6.736 ; 6.736 ; 6.736 ;
; SW[17]     ; HEX0[5]     ; 6.724 ; 6.724 ; 6.724 ; 6.724 ;
; SW[17]     ; HEX0[6]     ; 6.723 ; 6.723 ; 6.723 ; 6.723 ;
; SW[17]     ; HEX1[0]     ; 7.174 ; 7.174 ; 7.174 ; 7.174 ;
; SW[17]     ; HEX1[3]     ; 6.833 ; 6.833 ; 6.833 ; 6.833 ;
; SW[17]     ; HEX1[4]     ; 6.853 ; 6.853 ; 6.853 ; 6.853 ;
; SW[17]     ; HEX1[5]     ; 7.028 ; 7.028 ; 7.028 ; 7.028 ;
+------------+-------------+-------+-------+-------+-------+


+----------------------------------------------------------------------------+
; Multicorner Timing Analysis Summary                                        ;
+------------------+-------+------+----------+---------+---------------------+
; Clock            ; Setup ; Hold ; Recovery ; Removal ; Minimum Pulse Width ;
+------------------+-------+------+----------+---------+---------------------+
; Worst-case Slack ; N/A   ; N/A  ; N/A      ; N/A     ; N/A                 ;
; Design-wide TNS  ; 0.0   ; 0.0  ; 0.0      ; 0.0     ; 0.0                 ;
+------------------+-------+------+----------+---------+---------------------+


+--------------------------------------------------------------+
; Progagation Delay                                            ;
+------------+-------------+--------+--------+--------+--------+
; Input Port ; Output Port ; RR     ; RF     ; FR     ; FF     ;
+------------+-------------+--------+--------+--------+--------+
; SW[0]      ; HEX0[0]     ; 12.094 ; 12.094 ; 12.094 ; 12.094 ;
; SW[0]      ; HEX0[1]     ; 12.069 ; 12.069 ; 12.069 ; 12.069 ;
; SW[0]      ; HEX0[2]     ; 12.038 ; 12.038 ; 12.038 ; 12.038 ;
; SW[0]      ; HEX0[3]     ; 11.841 ; 11.841 ; 11.841 ; 11.841 ;
; SW[0]      ; HEX0[4]     ; 11.845 ; 11.845 ; 11.845 ; 11.845 ;
; SW[0]      ; HEX0[5]     ; 11.833 ; 11.833 ; 11.833 ; 11.833 ;
; SW[0]      ; HEX0[6]     ; 11.825 ; 11.825 ; 11.825 ; 11.825 ;
; SW[0]      ; HEX1[0]     ; 12.085 ; 12.085 ; 12.085 ; 12.085 ;
; SW[0]      ; HEX1[3]     ; 11.436 ; 11.436 ; 11.436 ; 11.436 ;
; SW[0]      ; HEX1[4]     ; 11.456 ; 11.456 ; 11.456 ; 11.456 ;
; SW[0]      ; HEX1[5]     ; 11.890 ; 11.890 ; 11.890 ; 11.890 ;
; SW[1]      ; HEX0[0]     ; 11.900 ; 11.900 ; 11.900 ; 11.900 ;
; SW[1]      ; HEX0[1]     ; 11.875 ; 11.875 ; 11.875 ; 11.875 ;
; SW[1]      ; HEX0[2]     ; 11.844 ; 11.844 ; 11.844 ; 11.844 ;
; SW[1]      ; HEX0[3]     ; 11.647 ; 11.647 ; 11.647 ; 11.647 ;
; SW[1]      ; HEX0[4]     ; 11.651 ; 11.651 ; 11.651 ; 11.651 ;
; SW[1]      ; HEX0[5]     ; 11.639 ; 11.639 ; 11.639 ; 11.639 ;
; SW[1]      ; HEX0[6]     ; 11.631 ; 11.631 ; 11.631 ; 11.631 ;
; SW[1]      ; HEX1[0]     ; 11.891 ; 11.891 ; 11.891 ; 11.891 ;
; SW[1]      ; HEX1[3]     ; 11.242 ; 11.242 ; 11.242 ; 11.242 ;
; SW[1]      ; HEX1[4]     ; 11.262 ; 11.262 ; 11.262 ; 11.262 ;
; SW[1]      ; HEX1[5]     ; 11.696 ; 11.696 ; 11.696 ; 11.696 ;
; SW[2]      ; HEX0[0]     ; 12.070 ; 12.070 ; 12.070 ; 12.070 ;
; SW[2]      ; HEX0[1]     ; 12.045 ; 12.045 ; 12.045 ; 12.045 ;
; SW[2]      ; HEX0[2]     ; 12.014 ; 12.014 ; 12.014 ; 12.014 ;
; SW[2]      ; HEX0[3]     ; 11.817 ; 11.817 ; 11.817 ; 11.817 ;
; SW[2]      ; HEX0[4]     ; 11.821 ; 11.821 ; 11.821 ; 11.821 ;
; SW[2]      ; HEX0[5]     ; 11.809 ; 11.809 ; 11.809 ; 11.809 ;
; SW[2]      ; HEX0[6]     ; 11.801 ; 11.801 ; 11.801 ; 11.801 ;
; SW[2]      ; HEX1[0]     ; 12.061 ; 12.061 ; 12.061 ; 12.061 ;
; SW[2]      ; HEX1[3]     ; 11.412 ; 11.412 ; 11.412 ; 11.412 ;
; SW[2]      ; HEX1[4]     ; 11.432 ; 11.432 ; 11.432 ; 11.432 ;
; SW[2]      ; HEX1[5]     ; 11.866 ; 11.866 ; 11.866 ; 11.866 ;
; SW[3]      ; HEX0[0]     ; 11.320 ; 11.320 ; 11.320 ; 11.320 ;
; SW[3]      ; HEX0[1]     ; 11.295 ; 11.295 ; 11.295 ; 11.295 ;
; SW[3]      ; HEX0[2]     ; 11.264 ; 11.264 ; 11.264 ; 11.264 ;
; SW[3]      ; HEX0[3]     ; 11.067 ; 11.067 ; 11.067 ; 11.067 ;
; SW[3]      ; HEX0[4]     ; 11.071 ; 11.071 ; 11.071 ; 11.071 ;
; SW[3]      ; HEX0[5]     ; 11.059 ; 11.059 ; 11.059 ; 11.059 ;
; SW[3]      ; HEX0[6]     ; 11.051 ; 11.051 ; 11.051 ; 11.051 ;
; SW[3]      ; HEX1[0]     ; 11.311 ; 11.311 ; 11.311 ; 11.311 ;
; SW[3]      ; HEX1[3]     ; 10.662 ; 10.662 ; 10.662 ; 10.662 ;
; SW[3]      ; HEX1[4]     ; 10.682 ; 10.682 ; 10.682 ; 10.682 ;
; SW[3]      ; HEX1[5]     ; 11.116 ; 11.116 ; 11.116 ; 11.116 ;
; SW[4]      ; HEX0[0]     ; 10.575 ; 10.575 ; 10.575 ; 10.575 ;
; SW[4]      ; HEX0[1]     ; 10.550 ; 10.550 ; 10.550 ; 10.550 ;
; SW[4]      ; HEX0[2]     ; 10.519 ; 10.519 ; 10.519 ; 10.519 ;
; SW[4]      ; HEX0[3]     ; 10.322 ; 10.322 ; 10.322 ; 10.322 ;
; SW[4]      ; HEX0[4]     ; 10.326 ; 10.326 ; 10.326 ; 10.326 ;
; SW[4]      ; HEX0[5]     ; 10.314 ; 10.314 ; 10.314 ; 10.314 ;
; SW[4]      ; HEX0[6]     ; 10.306 ; 10.306 ; 10.306 ; 10.306 ;
; SW[4]      ; HEX1[0]     ; 10.566 ; 10.566 ; 10.566 ; 10.566 ;
; SW[4]      ; HEX1[3]     ; 9.917  ; 9.917  ; 9.917  ; 9.917  ;
; SW[4]      ; HEX1[4]     ; 9.937  ; 9.937  ; 9.937  ; 9.937  ;
; SW[4]      ; HEX1[5]     ; 10.371 ; 10.371 ; 10.371 ; 10.371 ;
; SW[5]      ; HEX0[0]     ; 9.971  ; 9.971  ; 9.971  ; 9.971  ;
; SW[5]      ; HEX0[1]     ; 9.946  ; 9.946  ; 9.946  ; 9.946  ;
; SW[5]      ; HEX0[2]     ; 9.915  ; 9.915  ; 9.915  ; 9.915  ;
; SW[5]      ; HEX0[3]     ; 9.718  ; 9.718  ; 9.718  ; 9.718  ;
; SW[5]      ; HEX0[4]     ; 9.722  ; 9.722  ; 9.722  ; 9.722  ;
; SW[5]      ; HEX0[5]     ; 9.710  ; 9.710  ; 9.710  ; 9.710  ;
; SW[5]      ; HEX0[6]     ; 9.702  ; 9.702  ; 9.702  ; 9.702  ;
; SW[5]      ; HEX1[0]     ; 9.965  ; 9.965  ; 9.965  ; 9.965  ;
; SW[5]      ; HEX1[3]     ; 9.316  ; 9.316  ; 9.316  ; 9.316  ;
; SW[5]      ; HEX1[4]     ; 9.336  ; 9.336  ; 9.336  ; 9.336  ;
; SW[5]      ; HEX1[5]     ; 9.770  ; 9.770  ; 9.770  ; 9.770  ;
; SW[6]      ; HEX0[0]     ; 11.636 ; 11.636 ; 11.636 ; 11.636 ;
; SW[6]      ; HEX0[1]     ; 11.611 ; 11.611 ; 11.611 ; 11.611 ;
; SW[6]      ; HEX0[2]     ; 11.580 ; 11.580 ; 11.580 ; 11.580 ;
; SW[6]      ; HEX0[3]     ; 11.383 ; 11.383 ; 11.383 ; 11.383 ;
; SW[6]      ; HEX0[4]     ; 11.387 ; 11.387 ; 11.387 ; 11.387 ;
; SW[6]      ; HEX0[5]     ; 11.375 ; 11.375 ; 11.375 ; 11.375 ;
; SW[6]      ; HEX0[6]     ; 11.367 ; 11.367 ; 11.367 ; 11.367 ;
; SW[6]      ; HEX1[0]     ; 11.627 ; 11.627 ; 11.627 ; 11.627 ;
; SW[6]      ; HEX1[3]     ; 10.978 ; 10.978 ; 10.978 ; 10.978 ;
; SW[6]      ; HEX1[4]     ; 10.998 ; 10.998 ; 10.998 ; 10.998 ;
; SW[6]      ; HEX1[5]     ; 11.432 ; 11.432 ; 11.432 ; 11.432 ;
; SW[7]      ; HEX0[0]     ; 11.886 ; 11.886 ; 11.886 ; 11.886 ;
; SW[7]      ; HEX0[1]     ; 11.861 ; 11.861 ; 11.861 ; 11.861 ;
; SW[7]      ; HEX0[2]     ; 11.830 ; 11.830 ; 11.830 ; 11.830 ;
; SW[7]      ; HEX0[3]     ; 11.633 ; 11.633 ; 11.633 ; 11.633 ;
; SW[7]      ; HEX0[4]     ; 11.637 ; 11.637 ; 11.637 ; 11.637 ;
; SW[7]      ; HEX0[5]     ; 11.625 ; 11.625 ; 11.625 ; 11.625 ;
; SW[7]      ; HEX0[6]     ; 11.617 ; 11.617 ; 11.617 ; 11.617 ;
; SW[7]      ; HEX1[0]     ; 11.877 ; 11.877 ; 11.877 ; 11.877 ;
; SW[7]      ; HEX1[3]     ; 11.228 ; 11.228 ; 11.228 ; 11.228 ;
; SW[7]      ; HEX1[4]     ; 11.248 ; 11.248 ; 11.248 ; 11.248 ;
; SW[7]      ; HEX1[5]     ; 11.682 ; 11.682 ; 11.682 ; 11.682 ;
; SW[8]      ; HEX0[0]     ; 12.331 ; 12.331 ; 12.331 ; 12.331 ;
; SW[8]      ; HEX0[1]     ; 12.306 ; 12.306 ; 12.306 ; 12.306 ;
; SW[8]      ; HEX0[2]     ; 12.275 ; 12.275 ; 12.275 ; 12.275 ;
; SW[8]      ; HEX0[3]     ; 12.078 ; 12.078 ; 12.078 ; 12.078 ;
; SW[8]      ; HEX0[4]     ; 12.082 ; 12.082 ; 12.082 ; 12.082 ;
; SW[8]      ; HEX0[5]     ; 12.070 ; 12.070 ; 12.070 ; 12.070 ;
; SW[8]      ; HEX0[6]     ; 12.062 ; 12.062 ; 12.062 ; 12.062 ;
; SW[8]      ; HEX1[0]     ; 12.322 ; 12.322 ; 12.322 ; 12.322 ;
; SW[8]      ; HEX1[3]     ; 11.673 ; 11.673 ; 11.673 ; 11.673 ;
; SW[8]      ; HEX1[4]     ; 11.693 ; 11.693 ; 11.693 ; 11.693 ;
; SW[8]      ; HEX1[5]     ; 12.127 ; 12.127 ; 12.127 ; 12.127 ;
; SW[9]      ; HEX0[0]     ; 11.564 ; 11.564 ; 11.564 ; 11.564 ;
; SW[9]      ; HEX0[1]     ; 11.539 ; 11.539 ; 11.539 ; 11.539 ;
; SW[9]      ; HEX0[2]     ; 11.508 ; 11.508 ; 11.508 ; 11.508 ;
; SW[9]      ; HEX0[3]     ; 11.311 ; 11.311 ; 11.311 ; 11.311 ;
; SW[9]      ; HEX0[4]     ; 11.315 ; 11.315 ; 11.315 ; 11.315 ;
; SW[9]      ; HEX0[5]     ; 11.303 ; 11.303 ; 11.303 ; 11.303 ;
; SW[9]      ; HEX0[6]     ; 11.295 ; 11.295 ; 11.295 ; 11.295 ;
; SW[9]      ; HEX1[0]     ; 11.555 ; 11.555 ; 11.555 ; 11.555 ;
; SW[9]      ; HEX1[3]     ; 10.906 ; 10.906 ; 10.906 ; 10.906 ;
; SW[9]      ; HEX1[4]     ; 10.926 ; 10.926 ; 10.926 ; 10.926 ;
; SW[9]      ; HEX1[5]     ; 11.360 ; 11.360 ; 11.360 ; 11.360 ;
; SW[10]     ; HEX0[0]     ; 10.696 ; 10.696 ; 10.696 ; 10.696 ;
; SW[10]     ; HEX0[1]     ; 10.671 ; 10.671 ; 10.671 ; 10.671 ;
; SW[10]     ; HEX0[2]     ; 10.640 ; 10.640 ; 10.640 ; 10.640 ;
; SW[10]     ; HEX0[3]     ; 10.443 ; 10.443 ; 10.443 ; 10.443 ;
; SW[10]     ; HEX0[4]     ; 10.447 ; 10.447 ; 10.447 ; 10.447 ;
; SW[10]     ; HEX0[5]     ; 10.435 ; 10.435 ; 10.435 ; 10.435 ;
; SW[10]     ; HEX0[6]     ; 10.427 ; 10.427 ; 10.427 ; 10.427 ;
; SW[10]     ; HEX1[0]     ; 10.687 ; 10.687 ; 10.687 ; 10.687 ;
; SW[10]     ; HEX1[3]     ; 10.038 ; 10.038 ; 10.038 ; 10.038 ;
; SW[10]     ; HEX1[4]     ; 10.058 ; 10.058 ; 10.058 ; 10.058 ;
; SW[10]     ; HEX1[5]     ; 10.492 ; 10.492 ; 10.492 ; 10.492 ;
; SW[11]     ; HEX0[0]     ; 9.658  ; 9.658  ; 9.658  ; 9.658  ;
; SW[11]     ; HEX0[1]     ; 9.633  ; 9.633  ; 9.633  ; 9.633  ;
; SW[11]     ; HEX0[2]     ; 9.602  ; 9.602  ; 9.602  ; 9.602  ;
; SW[11]     ; HEX0[3]     ; 9.405  ; 9.405  ; 9.405  ; 9.405  ;
; SW[11]     ; HEX0[4]     ; 9.409  ; 9.409  ; 9.409  ; 9.409  ;
; SW[11]     ; HEX0[5]     ; 9.397  ; 9.397  ; 9.397  ; 9.397  ;
; SW[11]     ; HEX0[6]     ; 9.389  ; 9.389  ; 9.389  ; 9.389  ;
; SW[11]     ; HEX1[0]     ; 9.647  ; 9.647  ; 9.647  ; 9.647  ;
; SW[11]     ; HEX1[3]     ; 8.998  ; 8.998  ; 8.998  ; 8.998  ;
; SW[11]     ; HEX1[4]     ; 9.018  ; 9.018  ; 9.018  ; 9.018  ;
; SW[11]     ; HEX1[5]     ; 9.452  ; 9.452  ; 9.452  ; 9.452  ;
; SW[12]     ; HEX0[0]     ; 12.330 ; 12.330 ; 12.330 ; 12.330 ;
; SW[12]     ; HEX0[1]     ; 12.305 ; 12.305 ; 12.305 ; 12.305 ;
; SW[12]     ; HEX0[2]     ; 12.274 ; 12.274 ; 12.274 ; 12.274 ;
; SW[12]     ; HEX0[3]     ; 12.077 ; 12.077 ; 12.077 ; 12.077 ;
; SW[12]     ; HEX0[4]     ; 12.081 ; 12.081 ; 12.081 ; 12.081 ;
; SW[12]     ; HEX0[5]     ; 12.069 ; 12.069 ; 12.069 ; 12.069 ;
; SW[12]     ; HEX0[6]     ; 12.061 ; 12.061 ; 12.061 ; 12.061 ;
; SW[12]     ; HEX1[0]     ; 12.321 ; 12.321 ; 12.321 ; 12.321 ;
; SW[12]     ; HEX1[3]     ; 11.672 ; 11.672 ; 11.672 ; 11.672 ;
; SW[12]     ; HEX1[4]     ; 11.692 ; 11.692 ; 11.692 ; 11.692 ;
; SW[12]     ; HEX1[5]     ; 12.126 ; 12.126 ; 12.126 ; 12.126 ;
; SW[13]     ; HEX0[0]     ; 15.845 ; 15.845 ; 15.845 ; 15.845 ;
; SW[13]     ; HEX0[1]     ; 15.820 ; 15.820 ; 15.820 ; 15.820 ;
; SW[13]     ; HEX0[2]     ; 15.789 ; 15.789 ; 15.789 ; 15.789 ;
; SW[13]     ; HEX0[3]     ; 15.592 ; 15.592 ; 15.592 ; 15.592 ;
; SW[13]     ; HEX0[4]     ; 15.596 ; 15.596 ; 15.596 ; 15.596 ;
; SW[13]     ; HEX0[5]     ; 15.584 ; 15.584 ; 15.584 ; 15.584 ;
; SW[13]     ; HEX0[6]     ; 15.576 ; 15.576 ; 15.576 ; 15.576 ;
; SW[13]     ; HEX1[0]     ; 15.836 ; 15.836 ; 15.836 ; 15.836 ;
; SW[13]     ; HEX1[3]     ; 15.187 ; 15.187 ; 15.187 ; 15.187 ;
; SW[13]     ; HEX1[4]     ; 15.207 ; 15.207 ; 15.207 ; 15.207 ;
; SW[13]     ; HEX1[5]     ; 15.641 ; 15.641 ; 15.641 ; 15.641 ;
; SW[14]     ; HEX0[0]     ; 15.770 ; 15.770 ; 15.770 ; 15.770 ;
; SW[14]     ; HEX0[1]     ; 15.745 ; 15.745 ; 15.745 ; 15.745 ;
; SW[14]     ; HEX0[2]     ; 15.714 ; 15.714 ; 15.714 ; 15.714 ;
; SW[14]     ; HEX0[3]     ; 15.517 ; 15.517 ; 15.517 ; 15.517 ;
; SW[14]     ; HEX0[4]     ; 15.521 ; 15.521 ; 15.521 ; 15.521 ;
; SW[14]     ; HEX0[5]     ; 15.509 ; 15.509 ; 15.509 ; 15.509 ;
; SW[14]     ; HEX0[6]     ; 15.501 ; 15.501 ; 15.501 ; 15.501 ;
; SW[14]     ; HEX1[0]     ; 15.761 ; 15.761 ; 15.761 ; 15.761 ;
; SW[14]     ; HEX1[3]     ; 15.112 ; 15.112 ; 15.112 ; 15.112 ;
; SW[14]     ; HEX1[4]     ; 15.132 ; 15.132 ; 15.132 ; 15.132 ;
; SW[14]     ; HEX1[5]     ; 15.566 ; 15.566 ; 15.566 ; 15.566 ;
; SW[15]     ; HEX0[0]     ; 14.248 ; 14.248 ; 14.248 ; 14.248 ;
; SW[15]     ; HEX0[1]     ; 14.223 ; 14.223 ; 14.223 ; 14.223 ;
; SW[15]     ; HEX0[2]     ; 14.192 ; 14.192 ; 14.192 ; 14.192 ;
; SW[15]     ; HEX0[3]     ; 13.995 ; 13.995 ; 13.995 ; 13.995 ;
; SW[15]     ; HEX0[4]     ; 13.999 ; 13.999 ; 13.999 ; 13.999 ;
; SW[15]     ; HEX0[5]     ; 13.987 ; 13.987 ; 13.987 ; 13.987 ;
; SW[15]     ; HEX0[6]     ; 13.979 ; 13.979 ; 13.979 ; 13.979 ;
; SW[15]     ; HEX1[0]     ; 14.239 ; 14.239 ; 14.239 ; 14.239 ;
; SW[15]     ; HEX1[3]     ; 13.590 ; 13.590 ; 13.590 ; 13.590 ;
; SW[15]     ; HEX1[4]     ; 13.610 ; 13.610 ; 13.610 ; 13.610 ;
; SW[15]     ; HEX1[5]     ; 14.044 ; 14.044 ; 14.044 ; 14.044 ;
; SW[16]     ; HEX0[0]     ; 13.762 ; 13.762 ; 13.762 ; 13.762 ;
; SW[16]     ; HEX0[1]     ; 13.737 ; 13.737 ; 13.737 ; 13.737 ;
; SW[16]     ; HEX0[2]     ; 13.706 ; 13.706 ; 13.706 ; 13.706 ;
; SW[16]     ; HEX0[3]     ; 13.509 ; 13.509 ; 13.509 ; 13.509 ;
; SW[16]     ; HEX0[4]     ; 13.513 ; 13.513 ; 13.513 ; 13.513 ;
; SW[16]     ; HEX0[5]     ; 13.501 ; 13.501 ; 13.501 ; 13.501 ;
; SW[16]     ; HEX0[6]     ; 13.493 ; 13.493 ; 13.493 ; 13.493 ;
; SW[16]     ; HEX1[0]     ; 13.756 ; 13.756 ; 13.756 ; 13.756 ;
; SW[16]     ; HEX1[3]     ; 13.107 ; 13.107 ; 13.107 ; 13.107 ;
; SW[16]     ; HEX1[4]     ; 13.127 ; 13.127 ; 13.127 ; 13.127 ;
; SW[16]     ; HEX1[5]     ; 13.561 ; 13.561 ; 13.561 ; 13.561 ;
; SW[17]     ; HEX0[0]     ; 13.069 ; 13.069 ; 13.069 ; 13.069 ;
; SW[17]     ; HEX0[1]     ; 13.044 ; 13.044 ; 13.044 ; 13.044 ;
; SW[17]     ; HEX0[2]     ; 13.013 ; 13.013 ; 13.013 ; 13.013 ;
; SW[17]     ; HEX0[3]     ; 12.816 ; 12.816 ; 12.816 ; 12.816 ;
; SW[17]     ; HEX0[4]     ; 12.820 ; 12.820 ; 12.820 ; 12.820 ;
; SW[17]     ; HEX0[5]     ; 12.808 ; 12.808 ; 12.808 ; 12.808 ;
; SW[17]     ; HEX0[6]     ; 12.800 ; 12.800 ; 12.800 ; 12.800 ;
; SW[17]     ; HEX1[0]     ; 13.060 ; 13.060 ; 13.060 ; 13.060 ;
; SW[17]     ; HEX1[3]     ; 12.411 ; 12.411 ; 12.411 ; 12.411 ;
; SW[17]     ; HEX1[4]     ; 12.431 ; 12.431 ; 12.431 ; 12.431 ;
; SW[17]     ; HEX1[5]     ; 12.865 ; 12.865 ; 12.865 ; 12.865 ;
+------------+-------------+--------+--------+--------+--------+


+----------------------------------------------------------+
; Minimum Progagation Delay                                ;
+------------+-------------+-------+-------+-------+-------+
; Input Port ; Output Port ; RR    ; RF    ; FR    ; FF    ;
+------------+-------------+-------+-------+-------+-------+
; SW[0]      ; HEX0[0]     ; 4.605 ; 4.605 ; 4.605 ; 4.605 ;
; SW[0]      ; HEX0[1]     ; 4.578 ; 4.578 ; 4.578 ; 4.578 ;
; SW[0]      ; HEX0[2]     ; 4.580 ; 4.580 ; 4.580 ; 4.580 ;
; SW[0]      ; HEX0[3]     ; 4.479 ; 4.479 ; 4.479 ; 4.479 ;
; SW[0]      ; HEX0[4]     ; 4.486 ; 4.486 ; 4.486 ; 4.486 ;
; SW[0]      ; HEX0[5]     ; 4.481 ; 4.481 ; 4.481 ; 4.481 ;
; SW[0]      ; HEX0[6]     ; 4.474 ; 4.474 ; 4.474 ; 4.474 ;
; SW[0]      ; HEX1[0]     ; 5.543 ; 5.543 ; 5.543 ; 5.543 ;
; SW[0]      ; HEX1[3]     ; 5.202 ; 5.202 ; 5.202 ; 5.202 ;
; SW[0]      ; HEX1[4]     ; 5.222 ; 5.222 ; 5.222 ; 5.222 ;
; SW[0]      ; HEX1[5]     ; 5.397 ; 5.397 ; 5.397 ; 5.397 ;
; SW[1]      ; HEX0[0]     ; 4.639 ; 4.639 ; 4.639 ; 4.639 ;
; SW[1]      ; HEX0[1]     ; 4.613 ; 4.613 ; 4.613 ; 4.613 ;
; SW[1]      ; HEX0[2]     ; 4.615 ; 4.615 ; 4.615 ; 4.615 ;
; SW[1]      ; HEX0[3]     ; 4.516 ; 4.516 ; 4.516 ; 4.516 ;
; SW[1]      ; HEX0[4]     ; 4.521 ; 4.521 ; 4.521 ; 4.521 ;
; SW[1]      ; HEX0[5]     ; 4.509 ; 4.509 ; 4.509 ; 4.509 ;
; SW[1]      ; HEX0[6]     ; 4.508 ; 4.508 ; 4.508 ; 4.508 ;
; SW[1]      ; HEX1[0]     ; 5.380 ; 5.380 ; 5.380 ; 5.380 ;
; SW[1]      ; HEX1[3]     ; 5.039 ; 5.039 ; 5.039 ; 5.039 ;
; SW[1]      ; HEX1[4]     ; 5.059 ; 5.059 ; 5.059 ; 5.059 ;
; SW[1]      ; HEX1[5]     ; 5.234 ; 5.234 ; 5.234 ; 5.234 ;
; SW[2]      ; HEX0[0]     ; 4.700 ; 4.700 ; 4.700 ; 4.700 ;
; SW[2]      ; HEX0[1]     ; 4.674 ; 4.674 ; 4.674 ; 4.674 ;
; SW[2]      ; HEX0[2]     ; 4.676 ; 4.676 ; 4.676 ; 4.676 ;
; SW[2]      ; HEX0[3]     ; 4.577 ; 4.577 ; 4.577 ; 4.577 ;
; SW[2]      ; HEX0[4]     ; 4.582 ; 4.582 ; 4.582 ; 4.582 ;
; SW[2]      ; HEX0[5]     ; 4.570 ; 4.570 ; 4.570 ; 4.570 ;
; SW[2]      ; HEX0[6]     ; 4.569 ; 4.569 ; 4.569 ; 4.569 ;
; SW[2]      ; HEX1[0]     ; 5.155 ; 5.155 ; 5.155 ; 5.155 ;
; SW[2]      ; HEX1[3]     ; 4.814 ; 4.814 ; 4.814 ; 4.814 ;
; SW[2]      ; HEX1[4]     ; 4.834 ; 4.834 ; 4.834 ; 4.834 ;
; SW[2]      ; HEX1[5]     ; 5.009 ; 5.009 ; 5.009 ; 5.009 ;
; SW[3]      ; HEX0[0]     ; 4.829 ; 4.829 ; 4.829 ; 4.829 ;
; SW[3]      ; HEX0[1]     ; 4.802 ; 4.802 ; 4.802 ; 4.802 ;
; SW[3]      ; HEX0[2]     ; 4.806 ; 4.806 ; 4.806 ; 4.806 ;
; SW[3]      ; HEX0[3]     ; 4.701 ; 4.701 ; 4.701 ; 4.701 ;
; SW[3]      ; HEX0[4]     ; 4.711 ; 4.711 ; 4.711 ; 4.711 ;
; SW[3]      ; HEX0[5]     ; 4.699 ; 4.699 ; 4.699 ; 4.699 ;
; SW[3]      ; HEX0[6]     ; 4.697 ; 4.697 ; 4.697 ; 4.697 ;
; SW[3]      ; HEX1[0]     ; 4.961 ; 4.961 ; 4.961 ; 4.961 ;
; SW[3]      ; HEX1[3]     ; 4.620 ; 4.620 ; 4.620 ; 4.620 ;
; SW[3]      ; HEX1[4]     ; 4.640 ; 4.640 ; 4.640 ; 4.640 ;
; SW[3]      ; HEX1[5]     ; 4.815 ; 4.815 ; 4.815 ; 4.815 ;
; SW[4]      ; HEX0[0]     ; 4.912 ; 4.912 ; 4.912 ; 4.912 ;
; SW[4]      ; HEX0[1]     ; 4.886 ; 4.886 ; 4.886 ; 4.886 ;
; SW[4]      ; HEX0[2]     ; 4.888 ; 4.888 ; 4.888 ; 4.888 ;
; SW[4]      ; HEX0[3]     ; 4.789 ; 4.789 ; 4.789 ; 4.789 ;
; SW[4]      ; HEX0[4]     ; 4.794 ; 4.794 ; 4.794 ; 4.794 ;
; SW[4]      ; HEX0[5]     ; 4.782 ; 4.782 ; 4.782 ; 4.782 ;
; SW[4]      ; HEX0[6]     ; 4.781 ; 4.781 ; 4.781 ; 4.781 ;
; SW[4]      ; HEX1[0]     ; 5.126 ; 5.126 ; 5.126 ; 5.126 ;
; SW[4]      ; HEX1[3]     ; 4.785 ; 4.785 ; 4.785 ; 4.785 ;
; SW[4]      ; HEX1[4]     ; 4.805 ; 4.805 ; 4.805 ; 4.805 ;
; SW[4]      ; HEX1[5]     ; 4.980 ; 4.980 ; 4.980 ; 4.980 ;
; SW[5]      ; HEX0[0]     ; 4.775 ; 4.775 ; 4.775 ; 4.775 ;
; SW[5]      ; HEX0[1]     ; 4.749 ; 4.749 ; 4.749 ; 4.749 ;
; SW[5]      ; HEX0[2]     ; 4.751 ; 4.751 ; 4.751 ; 4.751 ;
; SW[5]      ; HEX0[3]     ; 4.652 ; 4.652 ; 4.652 ; 4.652 ;
; SW[5]      ; HEX0[4]     ; 4.657 ; 4.657 ; 4.657 ; 4.657 ;
; SW[5]      ; HEX0[5]     ; 4.645 ; 4.645 ; 4.645 ; 4.645 ;
; SW[5]      ; HEX0[6]     ; 4.644 ; 4.644 ; 4.644 ; 4.644 ;
; SW[5]      ; HEX1[0]     ; 5.095 ; 5.095 ; 5.095 ; 5.095 ;
; SW[5]      ; HEX1[3]     ; 4.754 ; 4.754 ; 4.754 ; 4.754 ;
; SW[5]      ; HEX1[4]     ; 4.774 ; 4.774 ; 4.774 ; 4.774 ;
; SW[5]      ; HEX1[5]     ; 4.949 ; 4.949 ; 4.949 ; 4.949 ;
; SW[6]      ; HEX0[0]     ; 4.333 ; 4.333 ; 4.333 ; 4.333 ;
; SW[6]      ; HEX0[1]     ; 4.306 ; 4.306 ; 4.306 ; 4.306 ;
; SW[6]      ; HEX0[2]     ; 4.308 ; 4.308 ; 4.308 ; 4.308 ;
; SW[6]      ; HEX0[3]     ; 4.207 ; 4.207 ; 4.207 ; 4.207 ;
; SW[6]      ; HEX0[4]     ; 4.214 ; 4.214 ; 4.214 ; 4.214 ;
; SW[6]      ; HEX0[5]     ; 4.209 ; 4.209 ; 4.209 ; 4.209 ;
; SW[6]      ; HEX0[6]     ; 4.202 ; 4.202 ; 4.202 ; 4.202 ;
; SW[6]      ; HEX1[0]     ; 5.149 ; 5.149 ; 5.149 ; 5.149 ;
; SW[6]      ; HEX1[3]     ; 4.808 ; 4.808 ; 4.808 ; 4.808 ;
; SW[6]      ; HEX1[4]     ; 4.828 ; 4.828 ; 4.828 ; 4.828 ;
; SW[6]      ; HEX1[5]     ; 5.003 ; 5.003 ; 5.003 ; 5.003 ;
; SW[7]      ; HEX0[0]     ; 4.775 ; 4.775 ; 4.775 ; 4.775 ;
; SW[7]      ; HEX0[1]     ; 4.749 ; 4.749 ; 4.749 ; 4.749 ;
; SW[7]      ; HEX0[2]     ; 4.751 ; 4.751 ; 4.751 ; 4.751 ;
; SW[7]      ; HEX0[3]     ; 4.652 ; 4.652 ; 4.652 ; 4.652 ;
; SW[7]      ; HEX0[4]     ; 4.657 ; 4.657 ; 4.657 ; 4.657 ;
; SW[7]      ; HEX0[5]     ; 4.645 ; 4.645 ; 4.645 ; 4.645 ;
; SW[7]      ; HEX0[6]     ; 4.644 ; 4.644 ; 4.644 ; 4.644 ;
; SW[7]      ; HEX1[0]     ; 5.516 ; 5.516 ; 5.516 ; 5.516 ;
; SW[7]      ; HEX1[3]     ; 5.175 ; 5.175 ; 5.175 ; 5.175 ;
; SW[7]      ; HEX1[4]     ; 5.195 ; 5.195 ; 5.195 ; 5.195 ;
; SW[7]      ; HEX1[5]     ; 5.370 ; 5.370 ; 5.370 ; 5.370 ;
; SW[8]      ; HEX0[0]     ; 4.824 ; 4.824 ; 4.824 ; 4.824 ;
; SW[8]      ; HEX0[1]     ; 4.798 ; 4.798 ; 4.798 ; 4.798 ;
; SW[8]      ; HEX0[2]     ; 4.800 ; 4.800 ; 4.800 ; 4.800 ;
; SW[8]      ; HEX0[3]     ; 4.701 ; 4.701 ; 4.701 ; 4.701 ;
; SW[8]      ; HEX0[4]     ; 4.706 ; 4.706 ; 4.706 ; 4.706 ;
; SW[8]      ; HEX0[5]     ; 4.694 ; 4.694 ; 4.694 ; 4.694 ;
; SW[8]      ; HEX0[6]     ; 4.693 ; 4.693 ; 4.693 ; 4.693 ;
; SW[8]      ; HEX1[0]     ; 5.354 ; 5.354 ; 5.354 ; 5.354 ;
; SW[8]      ; HEX1[3]     ; 5.013 ; 5.013 ; 5.013 ; 5.013 ;
; SW[8]      ; HEX1[4]     ; 5.033 ; 5.033 ; 5.033 ; 5.033 ;
; SW[8]      ; HEX1[5]     ; 5.208 ; 5.208 ; 5.208 ; 5.208 ;
; SW[9]      ; HEX0[0]     ; 5.030 ; 5.030 ; 5.030 ; 5.030 ;
; SW[9]      ; HEX0[1]     ; 5.003 ; 5.003 ; 5.003 ; 5.003 ;
; SW[9]      ; HEX0[2]     ; 5.007 ; 5.007 ; 5.007 ; 5.007 ;
; SW[9]      ; HEX0[3]     ; 4.902 ; 4.902 ; 4.902 ; 4.902 ;
; SW[9]      ; HEX0[4]     ; 4.912 ; 4.912 ; 4.912 ; 4.912 ;
; SW[9]      ; HEX0[5]     ; 4.900 ; 4.900 ; 4.900 ; 4.900 ;
; SW[9]      ; HEX0[6]     ; 4.898 ; 4.898 ; 4.898 ; 4.898 ;
; SW[9]      ; HEX1[0]     ; 5.291 ; 5.291 ; 5.291 ; 5.291 ;
; SW[9]      ; HEX1[3]     ; 4.950 ; 4.950 ; 4.950 ; 4.950 ;
; SW[9]      ; HEX1[4]     ; 4.970 ; 4.970 ; 4.970 ; 4.970 ;
; SW[9]      ; HEX1[5]     ; 5.145 ; 5.145 ; 5.145 ; 5.145 ;
; SW[10]     ; HEX0[0]     ; 5.034 ; 5.034 ; 5.034 ; 5.034 ;
; SW[10]     ; HEX0[1]     ; 5.008 ; 5.008 ; 5.008 ; 5.008 ;
; SW[10]     ; HEX0[2]     ; 5.010 ; 5.010 ; 5.010 ; 5.010 ;
; SW[10]     ; HEX0[3]     ; 4.911 ; 4.911 ; 4.911 ; 4.911 ;
; SW[10]     ; HEX0[4]     ; 4.916 ; 4.916 ; 4.916 ; 4.916 ;
; SW[10]     ; HEX0[5]     ; 4.904 ; 4.904 ; 4.904 ; 4.904 ;
; SW[10]     ; HEX0[6]     ; 4.903 ; 4.903 ; 4.903 ; 4.903 ;
; SW[10]     ; HEX1[0]     ; 5.170 ; 5.170 ; 5.170 ; 5.170 ;
; SW[10]     ; HEX1[3]     ; 4.829 ; 4.829 ; 4.829 ; 4.829 ;
; SW[10]     ; HEX1[4]     ; 4.849 ; 4.849 ; 4.849 ; 4.849 ;
; SW[10]     ; HEX1[5]     ; 5.024 ; 5.024 ; 5.024 ; 5.024 ;
; SW[11]     ; HEX0[0]     ; 4.656 ; 4.656 ; 4.656 ; 4.656 ;
; SW[11]     ; HEX0[1]     ; 4.630 ; 4.630 ; 4.630 ; 4.630 ;
; SW[11]     ; HEX0[2]     ; 4.632 ; 4.632 ; 4.632 ; 4.632 ;
; SW[11]     ; HEX0[3]     ; 4.533 ; 4.533 ; 4.533 ; 4.533 ;
; SW[11]     ; HEX0[4]     ; 4.538 ; 4.538 ; 4.538 ; 4.538 ;
; SW[11]     ; HEX0[5]     ; 4.526 ; 4.526 ; 4.526 ; 4.526 ;
; SW[11]     ; HEX0[6]     ; 4.525 ; 4.525 ; 4.525 ; 4.525 ;
; SW[11]     ; HEX1[0]     ; 4.976 ; 4.976 ; 4.976 ; 4.976 ;
; SW[11]     ; HEX1[3]     ; 4.635 ; 4.635 ; 4.635 ; 4.635 ;
; SW[11]     ; HEX1[4]     ; 4.655 ; 4.655 ; 4.655 ; 4.655 ;
; SW[11]     ; HEX1[5]     ; 4.830 ; 4.830 ; 4.830 ; 4.830 ;
; SW[12]     ; HEX0[0]     ; 4.693 ; 4.693 ; 4.693 ; 4.693 ;
; SW[12]     ; HEX0[1]     ; 4.666 ; 4.666 ; 4.666 ; 4.666 ;
; SW[12]     ; HEX0[2]     ; 4.668 ; 4.668 ; 4.668 ; 4.668 ;
; SW[12]     ; HEX0[3]     ; 4.567 ; 4.567 ; 4.567 ; 4.567 ;
; SW[12]     ; HEX0[4]     ; 4.574 ; 4.574 ; 4.574 ; 4.574 ;
; SW[12]     ; HEX0[5]     ; 4.569 ; 4.569 ; 4.569 ; 4.569 ;
; SW[12]     ; HEX0[6]     ; 4.562 ; 4.562 ; 4.562 ; 4.562 ;
; SW[12]     ; HEX1[0]     ; 5.881 ; 5.881 ; 5.881 ; 5.881 ;
; SW[12]     ; HEX1[3]     ; 5.540 ; 5.540 ; 5.540 ; 5.540 ;
; SW[12]     ; HEX1[4]     ; 5.560 ; 5.560 ; 5.560 ; 5.560 ;
; SW[12]     ; HEX1[5]     ; 5.735 ; 5.735 ; 5.735 ; 5.735 ;
; SW[13]     ; HEX0[0]     ; 7.157 ; 7.157 ; 7.157 ; 7.157 ;
; SW[13]     ; HEX0[1]     ; 7.130 ; 7.130 ; 7.130 ; 7.130 ;
; SW[13]     ; HEX0[2]     ; 7.132 ; 7.132 ; 7.132 ; 7.132 ;
; SW[13]     ; HEX0[3]     ; 7.031 ; 7.031 ; 7.031 ; 7.031 ;
; SW[13]     ; HEX0[4]     ; 7.038 ; 7.038 ; 7.038 ; 7.038 ;
; SW[13]     ; HEX0[5]     ; 7.030 ; 7.030 ; 7.030 ; 7.030 ;
; SW[13]     ; HEX0[6]     ; 7.026 ; 7.026 ; 7.026 ; 7.026 ;
; SW[13]     ; HEX1[0]     ; 8.023 ; 8.023 ; 8.023 ; 8.023 ;
; SW[13]     ; HEX1[3]     ; 7.682 ; 7.682 ; 7.682 ; 7.682 ;
; SW[13]     ; HEX1[4]     ; 7.702 ; 7.702 ; 7.702 ; 7.702 ;
; SW[13]     ; HEX1[5]     ; 7.877 ; 7.877 ; 7.877 ; 7.877 ;
; SW[14]     ; HEX0[0]     ; 7.284 ; 7.284 ; 7.284 ; 7.284 ;
; SW[14]     ; HEX0[1]     ; 7.257 ; 7.257 ; 7.257 ; 7.257 ;
; SW[14]     ; HEX0[2]     ; 7.261 ; 7.261 ; 7.261 ; 7.261 ;
; SW[14]     ; HEX0[3]     ; 7.156 ; 7.156 ; 7.156 ; 7.156 ;
; SW[14]     ; HEX0[4]     ; 7.166 ; 7.166 ; 7.166 ; 7.166 ;
; SW[14]     ; HEX0[5]     ; 7.154 ; 7.154 ; 7.154 ; 7.154 ;
; SW[14]     ; HEX0[6]     ; 7.152 ; 7.152 ; 7.152 ; 7.152 ;
; SW[14]     ; HEX1[0]     ; 7.637 ; 7.637 ; 7.637 ; 7.637 ;
; SW[14]     ; HEX1[3]     ; 7.296 ; 7.296 ; 7.296 ; 7.296 ;
; SW[14]     ; HEX1[4]     ; 7.316 ; 7.316 ; 7.316 ; 7.316 ;
; SW[14]     ; HEX1[5]     ; 7.491 ; 7.491 ; 7.491 ; 7.491 ;
; SW[15]     ; HEX0[0]     ; 7.033 ; 7.033 ; 7.033 ; 7.033 ;
; SW[15]     ; HEX0[1]     ; 7.006 ; 7.006 ; 7.006 ; 7.006 ;
; SW[15]     ; HEX0[2]     ; 7.010 ; 7.010 ; 7.010 ; 7.010 ;
; SW[15]     ; HEX0[3]     ; 6.905 ; 6.905 ; 6.905 ; 6.905 ;
; SW[15]     ; HEX0[4]     ; 6.915 ; 6.915 ; 6.915 ; 6.915 ;
; SW[15]     ; HEX0[5]     ; 6.903 ; 6.903 ; 6.903 ; 6.903 ;
; SW[15]     ; HEX0[6]     ; 6.901 ; 6.901 ; 6.901 ; 6.901 ;
; SW[15]     ; HEX1[0]     ; 7.386 ; 7.386 ; 7.386 ; 7.386 ;
; SW[15]     ; HEX1[3]     ; 7.045 ; 7.045 ; 7.045 ; 7.045 ;
; SW[15]     ; HEX1[4]     ; 7.065 ; 7.065 ; 7.065 ; 7.065 ;
; SW[15]     ; HEX1[5]     ; 7.240 ; 7.240 ; 7.240 ; 7.240 ;
; SW[16]     ; HEX0[0]     ; 7.139 ; 7.139 ; 7.139 ; 7.139 ;
; SW[16]     ; HEX0[1]     ; 7.113 ; 7.113 ; 7.113 ; 7.113 ;
; SW[16]     ; HEX0[2]     ; 7.115 ; 7.115 ; 7.115 ; 7.115 ;
; SW[16]     ; HEX0[3]     ; 7.016 ; 7.016 ; 7.016 ; 7.016 ;
; SW[16]     ; HEX0[4]     ; 7.021 ; 7.021 ; 7.021 ; 7.021 ;
; SW[16]     ; HEX0[5]     ; 7.009 ; 7.009 ; 7.009 ; 7.009 ;
; SW[16]     ; HEX0[6]     ; 7.008 ; 7.008 ; 7.008 ; 7.008 ;
; SW[16]     ; HEX1[0]     ; 7.191 ; 7.191 ; 7.191 ; 7.191 ;
; SW[16]     ; HEX1[3]     ; 6.850 ; 6.850 ; 6.850 ; 6.850 ;
; SW[16]     ; HEX1[4]     ; 6.870 ; 6.870 ; 6.870 ; 6.870 ;
; SW[16]     ; HEX1[5]     ; 7.045 ; 7.045 ; 7.045 ; 7.045 ;
; SW[17]     ; HEX0[0]     ; 6.854 ; 6.854 ; 6.854 ; 6.854 ;
; SW[17]     ; HEX0[1]     ; 6.828 ; 6.828 ; 6.828 ; 6.828 ;
; SW[17]     ; HEX0[2]     ; 6.830 ; 6.830 ; 6.830 ; 6.830 ;
; SW[17]     ; HEX0[3]     ; 6.731 ; 6.731 ; 6.731 ; 6.731 ;
; SW[17]     ; HEX0[4]     ; 6.736 ; 6.736 ; 6.736 ; 6.736 ;
; SW[17]     ; HEX0[5]     ; 6.724 ; 6.724 ; 6.724 ; 6.724 ;
; SW[17]     ; HEX0[6]     ; 6.723 ; 6.723 ; 6.723 ; 6.723 ;
; SW[17]     ; HEX1[0]     ; 7.174 ; 7.174 ; 7.174 ; 7.174 ;
; SW[17]     ; HEX1[3]     ; 6.833 ; 6.833 ; 6.833 ; 6.833 ;
; SW[17]     ; HEX1[4]     ; 6.853 ; 6.853 ; 6.853 ; 6.853 ;
; SW[17]     ; HEX1[5]     ; 7.028 ; 7.028 ; 7.028 ; 7.028 ;
+------------+-------------+-------+-------+-------+-------+


-------------------
; Clock Transfers ;
-------------------
Nothing to report.


---------------
; Report TCCS ;
---------------
No dedicated SERDES Transmitter circuitry present in device or used in design


---------------
; Report RSKM ;
---------------
No dedicated SERDES Receiver circuitry present in device or used in design


+------------------------------------------------+
; Unconstrained Paths                            ;
+---------------------------------+-------+------+
; Property                        ; Setup ; Hold ;
+---------------------------------+-------+------+
; Illegal Clocks                  ; 0     ; 0    ;
; Unconstrained Clocks            ; 0     ; 0    ;
; Unconstrained Input Ports       ; 18    ; 18   ;
; Unconstrained Input Port Paths  ; 198   ; 198  ;
; Unconstrained Output Ports      ; 11    ; 11   ;
; Unconstrained Output Port Paths ; 198   ; 198  ;
+---------------------------------+-------+------+


+------------------------------------+
; TimeQuest Timing Analyzer Messages ;
+------------------------------------+
Info: *******************************************************************
Info: Running Quartus II 64-Bit TimeQuest Timing Analyzer
    Info: Version 12.1 Build 177 11/07/2012 SJ Web Edition
    Info: Processing started: Wed Sep 18 19:17:42 2019
Info: Command: quartus_sta LAB2b -c LAB2b
Info: qsta_default_script.tcl version: #1
Warning (20028): Parallel compilation is not licensed and has been disabled
Info (21077): Low junction temperature is 0 degrees C
Info (21077): High junction temperature is 85 degrees C
Critical Warning (332012): Synopsys Design Constraints File file not found: 'LAB2b.sdc'. A Synopsys Design Constraints File is required by the TimeQuest Timing Analyzer to get proper timing constraints. Without it, the Compiler will not properly optimize the design.
Info (332142): No user constrained base clocks found in the design. Calling "derive_clocks -period 1.0"
Info (332096): The command derive_clocks did not find any clocks to derive.  No clocks were created or changed.
Warning (332068): No clocks defined in design.
Info: Found TIMEQUEST_REPORT_SCRIPT_INCLUDE_DEFAULT_ANALYSIS = ON
Info (332159): No clocks to report
Info: Analyzing Slow Model
Info (332140): No fmax paths to report
Info (332140): No Setup paths to report
Info (332140): No Hold paths to report
Info (332140): No Recovery paths to report
Info (332140): No Removal paths to report
Info (332140): No Minimum Pulse Width paths to report
Info (332001): The selected device family is not supported by the report_metastability command.
Info: Analyzing Fast Model
Info (332142): No user constrained base clocks found in the design. Calling "derive_clocks -period 1.0"
Info (332096): The command derive_clocks did not find any clocks to derive.  No clocks were created or changed.
Warning (332068): No clocks defined in design.
Info (332140): No Setup paths to report
Info (332140): No Hold paths to report
Info (332140): No Recovery paths to report
Info (332140): No Removal paths to report
Info (332140): No Minimum Pulse Width paths to report
Info (332001): The selected device family is not supported by the report_metastability command.
Info (332102): Design is not fully constrained for setup requirements
Info (332102): Design is not fully constrained for hold requirements
Info: Quartus II 64-Bit TimeQuest Timing Analyzer was successful. 0 errors, 4 warnings
    Info: Peak virtual memory: 395 megabytes
    Info: Processing ended: Wed Sep 18 19:17:43 2019
    Info: Elapsed time: 00:00:01
    Info: Total CPU time (on all processors): 00:00:01


