============================================================
  Generated by:           Genus(TM) Synthesis Solution 16.24-s065_1
  Generated on:           Nov 21 2019  05:52:07 pm
  Module:                 DivideConquer_2b_C1
  Technology libraries:   PnomV180T025_STD_CELL_7RF 
                          physical_cells 
  Operating conditions:   _nominal_ 
  Interconnect mode:      global
  Area mode:              physical library
============================================================

               Pin                        Type      Fanout  Load Slew Delay Arrival   
                                                            (fF) (ps)  (ps)   (ps)    
--------------------------------------------------------------------------------------
(clock clk)                              launch                                   0 R 
(DivideConquer_2b_C1._line_11_19_1)      ext delay                     +100     100 R 
X[0]                                     in port        10 123.3    0    +0     100 R 
const_mul_73_14/A[0] 
  g1025__1237/B                                                          +0     100   
  g1025__1237/Z                          NOR2_E          2  32.6   88   +79     179 F 
  g1010__1122/A                                                          +0     179   
  g1010__1122/Z                          AND2_I          1  19.5   45  +100     279 F 
  g1008__5927/CIN                                                        +0     279   
  g1008__5927/COUT                       ADDF_E          1  19.5  133  +138     417 F 
  g1006__1591/CIN                                                        +0     417   
  g1006__1591/COUT                       ADDF_E          1  19.5  138  +151     568 F 
  g1005__9719/CIN                                                        +0     568   
  g1005__9719/COUT                       ADDF_E          1  19.5  136  +152     720 F 
  g1004__3377/CIN                                                        +0     720   
  g1004__3377/COUT                       ADDF_E          1  19.5  136  +151     871 F 
  g1003__9867/CIN                                                        +0     871   
  g1003__9867/COUT                       ADDF_E          1  19.5  136  +151    1022 F 
  g1002__7765/CIN                                                        +0    1022   
  g1002__7765/COUT                       ADDF_E          1  19.5  136  +151    1173 F 
  g1001__7547/CIN                                                        +0    1173   
  g1001__7547/COUT                       ADDF_E          1  19.5  136  +151    1324 F 
  g1000__2833/CIN                                                        +0    1324   
  g1000__2833/COUT                       ADDF_E          1  19.5  138  +151    1476 F 
  g999__2006/CIN                                                         +0    1476   
  g999__2006/COUT                        ADDF_E          1  19.5  137  +152    1627 F 
  g998__1297/CIN                                                         +0    1627   
  g998__1297/COUT                        ADDF_E          1  19.5  137  +151    1778 F 
  g997__1237/CIN                                                         +0    1778   
  g997__1237/COUT                        ADDF_E          3  46.9  173  +196    1974 F 
  g994__4599/A                                                           +0    1974   
  g994__4599/Z                           OR3_H           4  54.4  114  +186    2160 F 
  g990__7654/A                                                           +0    2160   
  g990__7654/Z                           NOR3_B          2  35.3  500  +255    2416 R 
  g989__7557/B                                                           +0    2416   
  g989__7557/Z                           AO21_I          1  16.9   70  +221    2637 R 
const_mul_73_14/Z[17] 
g2994/B                                                                  +0    2637   
g2994/COUT                               ADDF_E          2  31.3  151  +270    2907 R 
g2892__1377/A1                                                           +0    2907   
g2892__1377/Z                            AOI22_C         2  33.2  210  +111    3018 F 
g2890__7654/A                                                            +0    3018   
g2890__7654/Z                            NOR2_E          2  33.4  186  +122    3140 R 
g2880__2001/A1                                                           +0    3140   
g2880__2001/Z                            AOI22_C         2  41.9  209  +133    3274 F 
g2876/A                                                                  +0    3274   
g2876/Z                                  INVERT_I        1  17.3   79   +60    3334 R 
g2863__4599/A1                                                           +0    3334   
g2863__4599/Z                            AOI22_C         2  39.7  202  +112    3446 F 
g2860/A                                                                  +0    3446   
g2860/Z                                  INVERT_I        1  18.5   80   +61    3507 R 
g2844__1591/A1                                                           +0    3507   
g2844__1591/Z                            AO22_H          1  19.8   66  +103    3610 R 
g2989/CIN                                                                +0    3610   
g2989/COUT                               ADDF_E          1  19.8  108  +149    3758 R 
g2988/CIN                                                                +0    3758   
g2988/SUM                                ADDF_E          1  10.8   75  +146    3905 F 
g2987/A                                                                  +0    3905   
g2987/Z                                  INVERT_A        2  30.5  633  +333    4238 R 
g2817__6789/B                                                            +0    4238   
g2817__6789/Z                            XNOR2_C         2  25.7  214  +199    4437 F 
g2810__2833/A2                                                           +0    4437   
g2810__2833/Z                            OAI22_B         2  31.1  391  +217    4653 R 
g2805__3779/A2                                                           +0    4653   
g2805__3779/Z                            AOI22_C         2  27.3  181  +110    4764 F 
g2800__7654/A1                                                           +0    4764   
g2800__7654/Z                            OAI22_B         2  31.1  391  +214    4978 R 
g2795__3457/A2                                                           +0    4978   
g2795__3457/Z                            AOI22_C         2  27.3  181  +110    5088 F 
g2790__5927/A1                                                           +0    5088   
g2790__5927/Z                            OAI22_B         1  19.8  287  +165    5253 R 
g2983/CIN                                                                +0    5253   
g2983/COUT                               ADDF_E          1  19.8  111  +166    5419 R 
g2/CIN                                                                   +0    5419   
g2/COUT                                  ADDF_E          2  32.5  156  +176    5595 R 
g2784__7765/A1                                                           +0    5595   
g2784__7765/Z                            AO22_H          2  32.5   87  +123    5718 R 
g2782__2833/A1                                                           +0    5718   
g2782__2833/Z                            AO22_H          2  32.5   87  +116    5835 R 
g2780__1297/A1                                                           +0    5835   
g2780__1297/Z                            AO22_H          2  32.5   86  +116    5951 R 
g2778__2007/A1                                                           +0    5951   
g2778__2007/Z                            AO22_H          2  32.5   90  +116    6067 R 
g2776__4599/A1                                                           +0    6067   
g2776__4599/Z                            AO22_H          2  32.5   86  +116    6183 R 
g2774__1377/A1                                                           +0    6183   
g2774__1377/Z                            AO22_H          2  32.5   90  +116    6299 R 
g2772__7654/A1                                                           +0    6299   
g2772__7654/Z                            AO22_H          2  31.3   84  +115    6414 R 
g2770__7837/A1                                                           +0    6414   
g2770__7837/Z                            AOI22_C         1  18.2  162   +76    6490 F 
g2769__6179/B                                                            +0    6490   
g2769__6179/Z                            XOR2_C          1  18.2  129  +133    6624 F 
g2768__1279/B                                                            +0    6624   
g2768__1279/Z                            XOR2_C          1   8.8  133  +112    6735 R 
S[39]                               <<<  out port                        +0    6735 R 
(DivideConquer_2b_C1._line_12)           ext delay                     +200    6935 R 
- - - - - - - - - - - - - - - - - - - - - - - - - - - - - - - - - - - - - - - - - - - 
(clock clk)                              capture                              20000 R 
--------------------------------------------------------------------------------------
Cost Group   : 'clk' (path_group 'clk')
Timing slack :   13065ps 
Start-point  : X[0]
End-point    : S[39]
