============================================================
  Generated by:           Genus(TM) Synthesis Solution 16.24-s065_1
  Generated on:           Nov 21 2019  07:47:37 pm
  Module:                 DirectMultiplication
  Technology libraries:   PnomV180T025_STD_CELL_7RF 
                          physical_cells 
  Operating conditions:   _nominal_ 
  Interconnect mode:      global
  Area mode:              physical library
============================================================

               Pin                        Type      Fanout Load Slew Delay Arrival   
                                                           (fF) (ps)  (ps)   (ps)    
-------------------------------------------------------------------------------------
(clock clk)                              launch                                  0 R 
(DirectMultiplication_line_11_18_1)      ext delay                    +100     100 R 
X[1]                                     in port         6 95.4    0    +0     100 R 
const_mul_47_8/A[1] 
  g3710/A                                                               +0     100   
  g3710/Z                                INVERT_H        3 35.3   44   +45     145 F 
  g3693__1237/A                                                         +0     145   
  g3693__1237/Z                          NOR2_E          2 28.6  136   +86     231 R 
  g3624__7654/CIN                                                       +0     231   
  g3624__7654/COUT                       ADDF_E          1 19.8  109  +154     385 R 
  g3617__2005/CIN                                                       +0     385   
  g3617__2005/COUT                       ADDF_E          1 19.8  109  +152     538 R 
  g3608__7765/CIN                                                       +0     538   
  g3608__7765/COUT                       ADDF_E          1 19.8  109  +152     690 R 
  g3607__7547/CIN                                                       +0     690   
  g3607__7547/COUT                       ADDF_E          1 19.8  109  +152     842 R 
  g3606__2833/CIN                                                       +0     842   
  g3606__2833/COUT                       ADDF_E          1 19.8  109  +152     994 R 
  g3605__2006/CIN                                                       +0     994   
  g3605__2006/COUT                       ADDF_E          1 19.8  109  +152    1146 R 
  g3604__1297/CIN                                                       +0    1146   
  g3604__1297/COUT                       ADDF_E          1 19.8  109  +152    1298 R 
  g3603__1237/CIN                                                       +0    1298   
  g3603__1237/COUT                       ADDF_E          1 19.8  109  +152    1451 R 
  g3602__2007/CIN                                                       +0    1451   
  g3602__2007/COUT                       ADDF_E          1 19.8  109  +152    1603 R 
  g3601__3779/CIN                                                       +0    1603   
  g3601__3779/COUT                       ADDF_E          1 19.8  109  +152    1755 R 
  g3600__4599/CIN                                                       +0    1755   
  g3600__4599/COUT                       ADDF_E          1 19.8  109  +152    1907 R 
  g3599__3717/CIN                                                       +0    1907   
  g3599__3717/COUT                       ADDF_E          1 19.8  109  +152    2060 R 
  g3598__1377/CIN                                                       +0    2060   
  g3598__1377/COUT                       ADDF_E          1 19.8  109  +152    2212 R 
  g3597__8867/CIN                                                       +0    2212   
  g3597__8867/COUT                       ADDF_E          1 19.8  109  +152    2364 R 
  g3596__7654/CIN                                                       +0    2364   
  g3596__7654/COUT                       ADDF_E          1 19.8  109  +152    2516 R 
  g3595__7557/CIN                                                       +0    2516   
  g3595__7557/COUT                       ADDF_E          1 19.8  109  +152    2668 R 
  g3594__7837/CIN                                                       +0    2668   
  g3594__7837/COUT                       ADDF_E          1 19.8  109  +152    2820 R 
  g3593__6179/CIN                                                       +0    2820   
  g3593__6179/COUT                       ADDF_E          1 19.8  109  +152    2973 R 
  g3592__1279/CIN                                                       +0    2973   
  g3592__1279/COUT                       ADDF_E          1 19.8  109  +152    3125 R 
  g3591__3457/CIN                                                       +0    3125   
  g3591__3457/COUT                       ADDF_E          1 19.8  109  +152    3277 R 
  g3590__9771/CIN                                                       +0    3277   
  g3590__9771/COUT                       ADDF_E          1 19.8  109  +152    3429 R 
  g3589__2005/CIN                                                       +0    3429   
  g3589__2005/COUT                       ADDF_E          1 19.8  109  +152    3582 R 
  g3588__1122/CIN                                                       +0    3582   
  g3588__1122/COUT                       ADDF_E          1 19.8  109  +152    3734 R 
  g3587__2001/CIN                                                       +0    3734   
  g3587__2001/COUT                       ADDF_E          1 19.8  109  +152    3886 R 
  g3586__5927/CIN                                                       +0    3886   
  g3586__5927/COUT                       ADDF_E          1 19.8  109  +152    4038 R 
  g3585__6789/CIN                                                       +0    4038   
  g3585__6789/COUT                       ADDF_E          1 19.8  109  +152    4190 R 
  g3584__1591/CIN                                                       +0    4190   
  g3584__1591/COUT                       ADDF_E          2 30.5  148  +172    4363 R 
  g3582__3377/A1                                                        +0    4363   
  g3582__3377/Z                          AO21_H          2 30.5   94  +131    4494 R 
  g3580__7765/A1                                                        +0    4494   
  g3580__7765/Z                          AO21_H          2 30.2   94  +125    4619 R 
  g3578__2833/A1                                                        +0    4619   
  g3578__2833/Z                          AOI21_C         2 29.4  234  +118    4737 F 
  g3576__1297/A1                                                        +0    4737   
  g3576__1297/Z                          OAI21_C         2 35.6  315  +201    4937 R 
  g3575__1237/A                                                         +0    4937   
  g3575__1237/Z                          NAND2_F         2 35.4  133   +74    5012 F 
  g3573__3779/A                                                         +0    5012   
  g3573__3779/Z                          NOR2_E          2 35.6  176  +112    5124 R 
  g3571__3717/A                                                         +0    5124   
  g3571__3717/Z                          NAND2_F         2 35.4  104   +67    5191 F 
  g3569__8867/A                                                         +0    5191   
  g3569__8867/Z                          NOR2_E          2 29.5  152   +97    5288 R 
  g3566__7837/B                                                         +0    5288   
  g3566__7837/Z                          XOR2_C          1  8.8  132   +93    5381 R 
const_mul_47_8/Z[38] 
S[38]                               <<<  out port                       +0    5381 R 
(DirectMultiplication_line_12_21_1)      ext delay                    +200    5581 R 
- - - - - - - - - - - - - - - - - - - - - - - - - - - - - - - - - - - - - - - - - - -
(clock clk)                              capture                             20000 R 
-------------------------------------------------------------------------------------
Cost Group   : 'clk' (path_group 'clk')
Timing slack :   14419ps 
Start-point  : X[1]
End-point    : S[38]
