============================================================
  Generated by:           Genus(TM) Synthesis Solution 16.24-s065_1
  Generated on:           Nov 21 2019  05:41:23 pm
  Module:                 DivideConquer_2b_C1
  Technology libraries:   PnomV180T025_STD_CELL_7RF 
                          physical_cells 
  Operating conditions:   _nominal_ 
  Interconnect mode:      global
  Area mode:              physical library
============================================================

               Pin                        Type      Fanout  Load Slew Delay Arrival   
                                                            (fF) (ps)  (ps)   (ps)    
--------------------------------------------------------------------------------------
(clock clk)                              launch                                   0 R 
(DivideConquer_2b_C1._line_11_16_1)      ext delay                     +100     100 F 
X[3]                                     in port         8 117.4    0    +0     100 F 
const_mul_73_14/A[3] 
  g1808__7557/A                                                          +0     100   
  g1808__7557/Z                          XOR2_C          2  34.1  181  +148     248 F 
  g1779__8867/B                                                          +0     248   
  g1779__8867/Z                          XOR2_C          1  20.9  162  +142     390 F 
  g1763__9867/A                                                          +0     390   
  g1763__9867/COUT                       ADDF_E          1  19.5  136  +252     642 F 
  g1761__7547/CIN                                                        +0     642   
  g1761__7547/COUT                       ADDF_E          1  19.5  138  +151     794 F 
  g1760__2833/CIN                                                        +0     794   
  g1760__2833/COUT                       ADDF_E          1  19.5  139  +152     945 F 
  g1759__2006/CIN                                                        +0     945   
  g1759__2006/COUT                       ADDF_E          1  19.5  139  +152    1097 F 
  g1758__1297/CIN                                                        +0    1097   
  g1758__1297/COUT                       ADDF_E          1  19.5  140  +152    1249 F 
  g1757__1237/CIN                                                        +0    1249   
  g1757__1237/COUT                       ADDF_E          1  19.5  139  +152    1400 F 
  g1756__2007/CIN                                                        +0    1400   
  g1756__2007/SUM                        ADDF_E          3  41.7  189  +214    1615 R 
const_mul_73_14/Z[12] 
g1793/B                                                                  +0    1615   
g1793/SUM                                ADDF_E          1  10.8   74  +232    1847 F 
g1794/A                                                                  +0    1847   
g1794/Z                                  INVERT_A        2  28.4  592  +313    2160 R 
g1734__1377/B                                                            +0    2160   
g1734__1377/Z                            XOR2_C          2  27.9  248  +167    2326 R 
g1728__1279/A1                                                           +0    2326   
g1728__1279/Z                            OAI22_B         2  28.6  328  +182    2508 F 
g1723__2001/A2                                                           +0    2508   
g1723__2001/Z                            AOI22_C         2  27.9  233  +167    2676 R 
g1718__3377/A1                                                           +0    2676   
g1718__3377/Z                            OAI22_B         2  30.7  342  +186    2862 F 
g1713__2006/A1                                                           +0    2862   
g1713__2006/Z                            AOI22_C         2  27.9  228  +160    3022 R 
g1708__4599/A1                                                           +0    3022   
g1708__4599/Z                            OAI22_B         2  30.7  342  +185    3208 F 
g1703__7557/A1                                                           +0    3208   
g1703__7557/Z                            AOI22_C         2  27.9  228  +160    3368 R 
g1698__9771/A1                                                           +0    3368   
g1698__9771/Z                            OAI22_B         2  30.7  342  +185    3553 F 
g1694__5927/A1                                                           +0    3553   
g1694__5927/Z                            AOI22_C         2  34.3  253  +177    3731 R 
g1691__1591/A                                                            +0    3731   
g1691__1591/Z                            NOR2_E          2  28.6  241   +98    3828 F 
g1683__1297/A2                                                           +0    3828   
g1683__1297/Z                            AOI22_C         2  27.9  212  +149    3977 R 
g1678__3717/A1                                                           +0    3977   
g1678__3717/Z                            OAI22_B         2  28.6  280  +175    4152 F 
g1673__7837/A2                                                           +0    4152   
g1673__7837/Z                            AOI22_C         2  27.9  222  +157    4309 R 
g1668__2005/A1                                                           +0    4309   
g1668__2005/Z                            OAI22_B         2  28.6  328  +177    4486 F 
g1663__1591/A2                                                           +0    4486   
g1663__1591/Z                            AOI22_C         2  27.9  233  +167    4653 R 
g1658__7547/A1                                                           +0    4653   
g1658__7547/Z                            OAI22_B         2  30.3  339  +185    4838 F 
g1653__2007/A2                                                           +0    4838   
g1653__2007/Z                            AOI22_C         2  27.9  235  +169    5007 R 
g1649__1377/A1                                                           +0    5007   
g1649__1377/Z                            OAI22_B         2  30.3  339  +186    5193 F 
g1646__7557/A2                                                           +0    5193   
g1646__7557/Z                            AOI22_C         2  27.9  235  +169    5362 R 
g1644__6179/A1                                                           +0    5362   
g1644__6179/Z                            OAI22_B         2  32.0  300  +192    5554 F 
g1642__3457/A1                                                           +0    5554   
g1642__3457/Z                            AO22_H          2  32.0   67  +148    5701 F 
g1640__2005/A1                                                           +0    5701   
g1640__2005/Z                            AO22_H          2  32.0   64  +107    5808 F 
g1638__2001/A1                                                           +0    5808   
g1638__2001/Z                            AO22_H          2  32.0   63  +106    5915 F 
g1636__6789/A1                                                           +0    5915   
g1636__6789/Z                            AO22_H          2  32.0   63  +106    6021 F 
g1634__9719/A1                                                           +0    6021   
g1634__9719/Z                            AO22_H          2  32.0   64  +106    6127 F 
g1632__9867/A1                                                           +0    6127   
g1632__9867/Z                            AO22_H          2  32.0   64  +106    6234 F 
g1630__7547/A1                                                           +0    6234   
g1630__7547/Z                            AO22_H          2  30.7   65  +106    6339 F 
g1628__2006/A1                                                           +0    6339   
g1628__2006/Z                            AOI22_C         1  18.5  171   +84    6423 R 
g1627__1297/B                                                            +0    6423   
g1627__1297/Z                            XOR2_C          1   8.8  143   +95    6518 R 
S[39]                               <<<  out port                        +0    6518 R 
(DivideConquer_2b_C1._line_12)           ext delay                     +200    6718 R 
- - - - - - - - - - - - - - - - - - - - - - - - - - - - - - - - - - - - - - - - - - - 
(clock clk)                              capture                              20000 R 
--------------------------------------------------------------------------------------
Cost Group   : 'clk' (path_group 'clk')
Timing slack :   13282ps 
Start-point  : X[3]
End-point    : S[39]
