============================================================
  Generated by:           Genus(TM) Synthesis Solution 16.24-s065_1
  Generated on:           Nov 27 2019  07:38:24 pm
  Module:                 booth
  Technology libraries:   PnomV180T025_STD_CELL_7RF 
                          physical_cells 
  Operating conditions:   _nominal_ 
  Interconnect mode:      global
  Area mode:              physical library
============================================================

           Pin                     Type       Fanout  Load Slew Delay Arrival   
                                                      (fF) (ps)  (ps)   (ps)    
--------------------------------------------------------------------------------
(clock clk)                      launch                                     0 R 
(booth.sdc_line_11_19_1)         ext delay                       +100     100 F 
InputVector[0]                   in port          14 188.3    0    +0     100 F 
g5536__2005/B                                                      +0     100   
g5536__2005/Z                    NOR2_E            2  37.7  153  +100     200 R 
g5532__6789/A                                                      +0     200   
g5532__6789/Z                    NAND2_F           2  33.2   96   +64     264 F 
g5528__3377/A                                                      +0     264   
g5528__3377/Z                    NOR2_E            2  37.7  174  +109     372 R 
g5524__2833/A                                                      +0     372   
g5524__2833/Z                    NAND2_F           2  33.2  100   +65     437 F 
g5518__4599/A                                                      +0     437   
g5518__4599/Z                    NOR2_E            2  37.7  175  +110     547 R 
g5510__1279/B                                                      +0     547   
g5510__1279/Z                    XNOR2_C           5  85.9  573  +334     881 R 
g5506/A                                                            +0     881   
g5506/Z                          INVERTBAL_H       1  21.3  146   +66     947 F 
g5497__7765/B                                                      +0     947   
g5497__7765/Z                    AO21_I            1  16.9   58   +94    1040 F 
g5494__2006/B                                                      +0    1040   
g5494__2006/Z                    OAI21_C           2  27.3  263  +118    1158 R 
g5472__1591/A                                                      +0    1158   
g5472__1591/Z                    XOR2_C            1  21.1  212  +153    1311 R 
MULT_CPA_1_g1351__7837/A                                           +0    1311   
MULT_CPA_1_g1351__7837/COUT      ADDF_E            1  19.8  108  +231    1542 R 
MULT_CPA_1_g1350__6179/CIN                                         +0    1542   
MULT_CPA_1_g1350__6179/COUT      ADDF_E            1  19.8  109  +152    1694 R 
MULT_CPA_1_g1349__1279/CIN                                         +0    1694   
MULT_CPA_1_g1349__1279/COUT      ADDF_E            1  19.8  109  +152    1846 R 
MULT_CPA_1_g1348__3457/CIN                                         +0    1846   
MULT_CPA_1_g1348__3457/COUT      ADDF_E            1  19.8  109  +152    1998 R 
MULT_CPA_1_g1347__9771/CIN                                         +0    1998   
MULT_CPA_1_g1347__9771/COUT      ADDF_E            1  19.8  109  +152    2150 R 
MULT_CPA_1_g1346__2005/CIN                                         +0    2150   
MULT_CPA_1_g1346__2005/COUT      ADDF_E            1  19.8  109  +152    2303 R 
MULT_CPA_1_g1345__1122/CIN                                         +0    2303   
MULT_CPA_1_g1345__1122/COUT      ADDF_E            1  19.8  109  +152    2455 R 
MULT_CPA_1_g1344__2001/CIN                                         +0    2455   
MULT_CPA_1_g1344__2001/COUT      ADDF_E            1  19.8  109  +152    2607 R 
MULT_CPA_1_g1343__5927/CIN                                         +0    2607   
MULT_CPA_1_g1343__5927/COUT      ADDF_E            1  19.8  109  +152    2759 R 
MULT_CPA_1_g1342__6789/CIN                                         +0    2759   
MULT_CPA_1_g1342__6789/COUT      ADDF_E            1  19.8  109  +152    2912 R 
MULT_CPA_1_g1341__1591/CIN                                         +0    2912   
MULT_CPA_1_g1341__1591/COUT      ADDF_E            1  19.8  109  +152    3064 R 
MULT_CPA_1_g1340__9719/CIN                                         +0    3064   
MULT_CPA_1_g1340__9719/COUT      ADDF_E            1  19.8  109  +152    3216 R 
MULT_CPA_1_g1339__3377/CIN                                         +0    3216   
MULT_CPA_1_g1339__3377/COUT      ADDF_E            1  19.8  109  +152    3368 R 
MULT_CPA_1_g1338__9867/CIN                                         +0    3368   
MULT_CPA_1_g1338__9867/COUT      ADDF_E            1  19.8  109  +152    3520 R 
MULT_CPA_1_g1337__7765/CIN                                         +0    3520   
MULT_CPA_1_g1337__7765/COUT      ADDF_E            1  19.8  109  +152    3672 R 
MULT_CPA_1_g1336__7547/CIN                                         +0    3672   
MULT_CPA_1_g1336__7547/COUT      ADDF_E            1  19.8  109  +152    3825 R 
MULT_CPA_1_g1335__2833/CIN                                         +0    3825   
MULT_CPA_1_g1335__2833/COUT      ADDF_E            1  19.8  109  +152    3977 R 
MULT_CPA_1_g1334__2006/CIN                                         +0    3977   
MULT_CPA_1_g1334__2006/COUT      ADDF_E            1  19.8  109  +152    4129 R 
MULT_CPA_1_g1333__1297/CIN                                         +0    4129   
MULT_CPA_1_g1333__1297/COUT      ADDF_E            1  19.8  109  +152    4281 R 
MULT_CPA_1_g1332__1237/CIN                                         +0    4281   
MULT_CPA_1_g1332__1237/COUT      ADDF_E            1  19.8  109  +152    4434 R 
MULT_CPA_1_g1331__2007/CIN                                         +0    4434   
MULT_CPA_1_g1331__2007/COUT      ADDF_E            1  19.8  109  +152    4586 R 
MULT_CPA_1_g1330__3779/CIN                                         +0    4586   
MULT_CPA_1_g1330__3779/COUT      ADDF_E            1  19.8  109  +152    4738 R 
MULT_CPA_1_g1329__4599/CIN                                         +0    4738   
MULT_CPA_1_g1329__4599/COUT      ADDF_E            1  19.8  109  +152    4890 R 
MULT_CPA_1_g1328__3717/CIN                                         +0    4890   
MULT_CPA_1_g1328__3717/COUT      ADDF_E            1  19.8  109  +152    5042 R 
MULT_CPA_1_g1327__1377/CIN                                         +0    5042   
MULT_CPA_1_g1327__1377/COUT      ADDF_E            1  19.8  109  +152    5194 R 
MULT_CPA_1_g1326__8867/CIN                                         +0    5194   
MULT_CPA_1_g1326__8867/COUT      ADDF_E            1  19.8  109  +152    5347 R 
MULT_CPA_1_g1325__7654/CIN                                         +0    5347   
MULT_CPA_1_g1325__7654/COUT      ADDF_E            1  19.8  109  +152    5499 R 
MULT_CPA_1_g1324__7557/CIN                                         +0    5499   
MULT_CPA_1_g1324__7557/COUT      ADDF_E            1  19.8  109  +152    5651 R 
MULT_CPA_1_g1323__7837/CIN                                         +0    5651   
MULT_CPA_1_g1323__7837/COUT      ADDF_E            1  19.8  109  +152    5803 R 
MULT_CPA_1_g1322__6179/CIN                                         +0    5803   
MULT_CPA_1_g1322__6179/COUT      ADDF_E            1  20.6  112  +154    5957 R 
MULT_CPA_1_g2__1377/B                                              +0    5957   
MULT_CPA_1_g2__1377/Z            XNOR2_C           1   8.8  142  +112    6069 R 
OutputVector[38]            <<<  out port                          +0    6069 R 
(booth.sdc_line_12_21_1)         ext delay                       +200    6269 R 
- - - - - - - - - - - - - - - - - - - - - - - - - - - - - - - - - - - - - - - - 
(clock clk)                      capture                                20000 R 
--------------------------------------------------------------------------------
Cost Group   : 'clk' (path_group 'clk')
Timing slack :   13731ps 
Start-point  : InputVector[0]
End-point    : OutputVector[38]
