============================================================
  Generated by:           Genus(TM) Synthesis Solution 16.24-s065_1
  Generated on:           Nov 21 2019  08:03:01 pm
  Module:                 DirectMultiplication
  Technology libraries:   PnomV180T025_STD_CELL_7RF 
                          physical_cells 
  Operating conditions:   _nominal_ 
  Interconnect mode:      global
  Area mode:              physical library
============================================================

               Pin                        Type      Fanout Load Slew Delay Arrival   
                                                           (fF) (ps)  (ps)   (ps)    
-------------------------------------------------------------------------------------
(clock clk)                              launch                                  0 R 
(DirectMultiplication_line_11_19_1)      ext delay                    +100     100 R 
X[0]                                     in port         7 86.5    0    +0     100 R 
const_mul_47_8/A[0] 
  g5767__3377/B                                                         +0     100   
  g5767__3377/Z                          NOR2_E          2 29.7   82   +76     176 F 
  g5664__7654/A                                                         +0     176   
  g5664__7654/COUT                       ADDF_E          1 19.5  133  +236     412 F 
  g5651__6789/CIN                                                       +0     412   
  g5651__6789/COUT                       ADDF_E          1 19.5  136  +151     563 F 
  g5640__2007/CIN                                                       +0     563   
  g5640__2007/COUT                       ADDF_E          1 19.5  136  +151     714 F 
  g5636__1377/CIN                                                       +0     714   
  g5636__1377/COUT                       ADDF_E          1 19.5  136  +151     865 F 
  g5635__8867/CIN                                                       +0     865   
  g5635__8867/COUT                       ADDF_E          1 19.5  137  +151    1017 F 
  g5634__7654/CIN                                                       +0    1017   
  g5634__7654/COUT                       ADDF_E          1 19.5  137  +151    1168 F 
  g5633__7557/CIN                                                       +0    1168   
  g5633__7557/COUT                       ADDF_E          1 19.5  136  +151    1319 F 
  g5632__7837/CIN                                                       +0    1319   
  g5632__7837/COUT                       ADDF_E          1 19.5  139  +151    1471 F 
  g5631__6179/CIN                                                       +0    1471   
  g5631__6179/COUT                       ADDF_E          1 19.5  139  +152    1622 F 
  g5630__1279/CIN                                                       +0    1622   
  g5630__1279/COUT                       ADDF_E          1 19.5  139  +152    1774 F 
  g5629__3457/CIN                                                       +0    1774   
  g5629__3457/COUT                       ADDF_E          1 19.5  139  +152    1926 F 
  g5628__9771/CIN                                                       +0    1926   
  g5628__9771/COUT                       ADDF_E          1 19.5  136  +152    2077 F 
  g5627__2005/CIN                                                       +0    2077   
  g5627__2005/COUT                       ADDF_E          1 19.5  137  +151    2229 F 
  g5626__1122/CIN                                                       +0    2229   
  g5626__1122/COUT                       ADDF_E          1 19.5  137  +152    2380 F 
  g5625__2001/CIN                                                       +0    2380   
  g5625__2001/COUT                       ADDF_E          1 19.5  137  +152    2532 F 
  g5624__5927/CIN                                                       +0    2532   
  g5624__5927/COUT                       ADDF_E          1 19.5  139  +151    2683 F 
  g5623__6789/CIN                                                       +0    2683   
  g5623__6789/COUT                       ADDF_E          1 19.5  139  +152    2835 F 
  g5622__1591/CIN                                                       +0    2835   
  g5622__1591/COUT                       ADDF_E          1 19.5  139  +152    2986 F 
  g5621__9719/CIN                                                       +0    2986   
  g5621__9719/COUT                       ADDF_E          1 19.5  137  +152    3138 F 
  g5620__3377/CIN                                                       +0    3138   
  g5620__3377/COUT                       ADDF_E          1 19.5  137  +151    3290 F 
  g5619__9867/CIN                                                       +0    3290   
  g5619__9867/COUT                       ADDF_E          1 19.5  137  +151    3441 F 
  g5618__7765/CIN                                                       +0    3441   
  g5618__7765/COUT                       ADDF_E          1 19.5  137  +151    3592 F 
  g5617__7547/CIN                                                       +0    3592   
  g5617__7547/COUT                       ADDF_E          1 19.5  139  +152    3744 F 
  g5616__2833/CIN                                                       +0    3744   
  g5616__2833/COUT                       ADDF_E          1 19.5  137  +152    3896 F 
  g5615__2006/CIN                                                       +0    3896   
  g5615__2006/COUT                       ADDF_E          1 19.5  139  +151    4047 F 
  g5614__1297/CIN                                                       +0    4047   
  g5614__1297/COUT                       ADDF_E          1 19.5  137  +152    4199 F 
  g5613__1237/CIN                                                       +0    4199   
  g5613__1237/COUT                       ADDF_E          1 19.5  139  +151    4350 F 
  g5612__2007/CIN                                                       +0    4350   
  g5612__2007/COUT                       ADDF_E          1 19.5  137  +152    4502 F 
  g5611__3779/CIN                                                       +0    4502   
  g5611__3779/COUT                       ADDF_E          1 19.5  137  +151    4653 F 
  g5610__4599/CIN                                                       +0    4653   
  g5610__4599/COUT                       ADDF_E          1 19.5  137  +151    4805 F 
  g5609__3717/CIN                                                       +0    4805   
  g5609__3717/COUT                       ADDF_E          1 19.5  137  +152    4956 F 
  g5608__1377/CIN                                                       +0    4956   
  g5608__1377/COUT                       ADDF_E          1 19.5  140  +152    5108 F 
  g5607__8867/CIN                                                       +0    5108   
  g5607__8867/COUT                       ADDF_E          1 19.5  136  +152    5260 F 
  g5606__7654/CIN                                                       +0    5260   
  g5606__7654/COUT                       ADDF_E          1 19.5  135  +151    5411 F 
  g5605__7557/CIN                                                       +0    5411   
  g5605__7557/COUT                       ADDF_E          1 18.2  135  +149    5559 F 
  g5604__7837/B                                                         +0    5559   
  g5604__7837/Z                          XOR2_C          1  8.8  131  +113    5672 R 
const_mul_47_8/Z[39] 
S[39]                               <<<  out port                       +0    5672 R 
(DirectMultiplication_line_12)           ext delay                    +200    5872 R 
- - - - - - - - - - - - - - - - - - - - - - - - - - - - - - - - - - - - - - - - - - -
(clock clk)                              capture                             20000 R 
-------------------------------------------------------------------------------------
Cost Group   : 'clk' (path_group 'clk')
Timing slack :   14128ps 
Start-point  : X[0]
End-point    : S[39]
