============================================================
  Generated by:           Genus(TM) Synthesis Solution 16.24-s065_1
  Generated on:           Nov 21 2019  05:49:29 pm
  Module:                 DivideConquer_2b_C1
  Technology libraries:   PnomV180T025_STD_CELL_7RF 
                          physical_cells 
  Operating conditions:   _nominal_ 
  Interconnect mode:      global
  Area mode:              physical library
============================================================

               Pin                        Type      Fanout  Load Slew Delay Arrival   
                                                            (fF) (ps)  (ps)   (ps)    
--------------------------------------------------------------------------------------
(clock clk)                              launch                                   0 R 
(DivideConquer_2b_C1._line_11_19_1)      ext delay                     +100     100 F 
X[0]                                     in port        13 159.4    0    +0     100 F 
const_mul_73_14/A[0] 
  g1088__7557/B                                                          +0     100   
  g1088__7557/Z                          NOR2_E          2  32.9  139   +92     192 R 
  g1078__6789/A                                                          +0     192   
  g1078__6789/Z                          AND2_I          2  31.5   71  +111     302 R 
  g1076__9719/A                                                          +0     302   
  g1076__9719/Z                          AND2_H          1  19.8   67   +97     400 R 
  g1072__7547/CIN                                                        +0     400   
  g1072__7547/COUT                       ADDF_E          1  19.8  108  +149     549 R 
  g1071__2833/CIN                                                        +0     549   
  g1071__2833/COUT                       ADDF_E          1  19.8  109  +152     701 R 
  g1070__2006/CIN                                                        +0     701   
  g1070__2006/COUT                       ADDF_E          1  19.8  109  +152     853 R 
  g1069__1297/CIN                                                        +0     853   
  g1069__1297/COUT                       ADDF_E          1  19.8  109  +152    1005 R 
  g1068__1237/CIN                                                        +0    1005   
  g1068__1237/COUT                       ADDF_E          1  19.8  109  +152    1157 R 
  g1067__2007/CIN                                                        +0    1157   
  g1067__2007/COUT                       ADDF_E          1  19.8  109  +152    1310 R 
  g1066__3779/CIN                                                        +0    1310   
  g1066__3779/COUT                       ADDF_E          1  19.8  109  +152    1462 R 
  g1065__4599/CIN                                                        +0    1462   
  g1065__4599/COUT                       ADDF_E          1  19.8  109  +152    1614 R 
  g1064__3717/CIN                                                        +0    1614   
  g1064__3717/COUT                       ADDF_E          1  19.8  109  +152    1766 R 
  g1063__1377/CIN                                                        +0    1766   
  g1063__1377/COUT                       ADDF_E          1  19.8  109  +152    1918 R 
  g1062__8867/CIN                                                        +0    1918   
  g1062__8867/COUT                       ADDF_E          1  19.8  109  +152    2071 R 
  g1061__7654/CIN                                                        +0    2071   
  g1061__7654/COUT                       ADDF_E          1  19.8  109  +152    2223 R 
  g1060__7557/CIN                                                        +0    2223   
  g1060__7557/COUT                       ADDF_E          1  20.6  112  +154    2377 R 
  g1059__7837/B                                                          +0    2377   
  g1059__7837/Z                          XNOR2_C         2  30.8  187  +140    2517 F 
const_mul_73_14/Z[17] 
g1765__7654/B                                                            +0    2517   
g1765__7654/Z                            XOR2_C          2  29.3  241  +183    2700 R 
g1724__9719/A2                                                           +0    2700   
g1724__9719/Z                            AOI22_C         2  36.9  216  +120    2820 F 
g1723/A                                                                  +0    2820   
g1723/Z                                  INVERT_F        1  21.6  112   +91    2912 R 
g1722__3377/A                                                            +0    2912   
g1722__3377/Z                            NAND2_F         2  35.4   93   +64    2975 F 
g1717__2006/A                                                            +0    2975   
g1717__2006/Z                            NOR2_E          1  19.8  120   +79    3054 R 
g1802/CIN                                                                +0    3054   
g1802/SUM                                ADDF_E          1  10.8   76  +149    3203 F 
g3/A                                                                     +0    3203   
g3/Z                                     INVERT_A        2  28.4  592  +313    3517 R 
g1708__7654/B                                                            +0    3517   
g1708__7654/Z                            XOR2_C          2  25.7  246   +97    3614 F 
g1696__1591/A2                                                           +0    3614   
g1696__1591/Z                            OAI22_B         1  19.8  288  +170    3784 R 
g1795/CIN                                                                +0    3784   
g1795/COUT                               ADDF_E          1  19.8  111  +166    3950 R 
g1793/CIN                                                                +0    3950   
g1793/COUT                               ADDF_E          1  19.8  109  +152    4103 R 
g1791/CIN                                                                +0    4103   
g1791/COUT                               ADDF_E          1  19.8  109  +152    4255 R 
g1790/CIN                                                                +0    4255   
g1790/COUT                               ADDF_E          1  19.8  109  +152    4407 R 
g1789/CIN                                                                +0    4407   
g1789/COUT                               ADDF_E          1  19.8  109  +152    4559 R 
g1788/CIN                                                                +0    4559   
g1788/COUT                               ADDF_E          1  19.8  109  +152    4712 R 
g1787/CIN                                                                +0    4712   
g1787/COUT                               ADDF_E          1  19.8  109  +152    4864 R 
g1786/CIN                                                                +0    4864   
g1786/COUT                               ADDF_E          1  19.8  109  +152    5016 R 
g1785/CIN                                                                +0    5016   
g1785/COUT                               ADDF_E          1  19.8  109  +152    5168 R 
g2/CIN                                                                   +0    5168   
g2/COUT                                  ADDF_E          2  32.5  156  +176    5344 R 
g1652__8867/A1                                                           +0    5344   
g1652__8867/Z                            AO22_H          2  32.5   87  +123    5468 R 
g1650__7557/A1                                                           +0    5468   
g1650__7557/Z                            AO22_H          2  32.5   87  +116    5584 R 
g1648__6179/A1                                                           +0    5584   
g1648__6179/Z                            AO22_H          2  32.5   87  +116    5700 R 
g1646__3457/A1                                                           +0    5700   
g1646__3457/Z                            AO22_H          2  32.5   87  +116    5816 R 
g1644__2005/A1                                                           +0    5816   
g1644__2005/Z                            AO22_H          2  32.5   87  +116    5932 R 
g1642__2001/A1                                                           +0    5932   
g1642__2001/Z                            AO22_H          2  32.5   87  +116    6048 R 
g1640__6789/A1                                                           +0    6048   
g1640__6789/Z                            AO22_H          2  31.3   85  +115    6163 R 
g1638__9719/A1                                                           +0    6163   
g1638__9719/Z                            AOI22_C         1  18.2  138   +76    6239 F 
g1637__3377/B                                                            +0    6239   
g1637__3377/Z                            XOR2_C          1   8.8  142  +113    6352 R 
S[39]                               <<<  out port                        +0    6352 R 
(DivideConquer_2b_C1._line_12)           ext delay                     +200    6552 R 
- - - - - - - - - - - - - - - - - - - - - - - - - - - - - - - - - - - - - - - - - - - 
(clock clk)                              capture                              20000 R 
--------------------------------------------------------------------------------------
Cost Group   : 'clk' (path_group 'clk')
Timing slack :   13448ps 
Start-point  : X[0]
End-point    : S[39]
