============================================================
  Generated by:           Genus(TM) Synthesis Solution 16.24-s065_1
  Generated on:           Nov 27 2019  07:32:38 pm
  Module:                 booth
  Technology libraries:   PnomV180T025_STD_CELL_7RF 
                          physical_cells 
  Operating conditions:   _nominal_ 
  Interconnect mode:      global
  Area mode:              physical library
============================================================

           Pin                    Type      Fanout  Load Slew Delay Arrival   
                                                    (fF) (ps)  (ps)   (ps)    
------------------------------------------------------------------------------
(clock clk)                      launch                                   0 R 
(booth.sdc_line_11_19_1)         ext delay                     +100     100 F 
InputVector[0]                   in port        16 210.3    0    +0     100 F 
g619__8867/B                                                     +0     100   
g619__8867/Z                     NOR2_E          2  37.5  153   +99     199 R 
g618/A                                                           +0     199   
g618/Z                           INVERT_F        1  19.5   58   +33     232 F 
g616__7557/A                                                     +0     232   
g616__7557/Z                     NOR2_E          2  37.5  165  +102     334 R 
g615/A                                                           +0     334   
g615/Z                           INVERT_F        1  19.5   60   +33     367 F 
g613__6179/A                                                     +0     367   
g613__6179/Z                     NOR2_E          2  37.7  166  +102     469 R 
g611__3457/A                                                     +0     469   
g611__3457/Z                     NAND2_F         2  33.2   98   +64     534 F 
g608__2005/A                                                     +0     534   
g608__2005/Z                     NOR2_E          2  37.7  175  +110     643 R 
g606__1122/A                                                     +0     643   
g606__1122/Z                     NAND2_F         2  33.2  100   +65     708 F 
g603__5927/A                                                     +0     708   
g603__5927/Z                     NOR2_E          2  31.0  155   +99     807 R 
g598__1591/B                                                     +0     807   
g598__1591/Z                     XNOR2_C         6  98.0  453  +292    1099 F 
MULT_g7255__5927/B                                               +0    1099   
MULT_g7255__5927/Z               XOR2_C          2  35.2  301  +206    1305 F 
MULT_g7240__4599/B                                               +0    1305   
MULT_g7240__4599/Z               XOR2_C          2  32.6  269  +218    1523 R 
MULT_g7190__7765/B                                               +0    1523   
MULT_g7190__7765/Z               XNOR2_C         1  18.2  148  +136    1658 F 
MULT_g7178__1377/B                                               +0    1658   
MULT_g7178__1377/Z               XOR2_C          1  20.9  154  +138    1796 F 
MULT_CPA_1_g1491__2006/A                                         +0    1796   
MULT_CPA_1_g1491__2006/COUT      ADDF_E          1  19.5  137  +251    2047 F 
MULT_CPA_1_g1490__1297/CIN                                       +0    2047   
MULT_CPA_1_g1490__1297/COUT      ADDF_E          1  19.5  136  +151    2198 F 
MULT_CPA_1_g1489__1237/CIN                                       +0    2198   
MULT_CPA_1_g1489__1237/COUT      ADDF_E          1  19.5  140  +151    2349 F 
MULT_CPA_1_g1488__2007/CIN                                       +0    2349   
MULT_CPA_1_g1488__2007/COUT      ADDF_E          1  19.5  140  +152    2501 F 
MULT_CPA_1_g1487__3779/CIN                                       +0    2501   
MULT_CPA_1_g1487__3779/COUT      ADDF_E          1  19.5  139  +152    2653 F 
MULT_CPA_1_g1486__4599/CIN                                       +0    2653   
MULT_CPA_1_g1486__4599/COUT      ADDF_E          1  19.5  139  +152    2805 F 
MULT_CPA_1_g1485__3717/CIN                                       +0    2805   
MULT_CPA_1_g1485__3717/COUT      ADDF_E          1  19.5  139  +152    2956 F 
MULT_CPA_1_g1484__1377/CIN                                       +0    2956   
MULT_CPA_1_g1484__1377/COUT      ADDF_E          1  19.5  139  +152    3108 F 
MULT_CPA_1_g1483__8867/CIN                                       +0    3108   
MULT_CPA_1_g1483__8867/COUT      ADDF_E          1  19.5  139  +152    3260 F 
MULT_CPA_1_g1482__7654/CIN                                       +0    3260   
MULT_CPA_1_g1482__7654/COUT      ADDF_E          1  19.5  139  +152    3411 F 
MULT_CPA_1_g1481__7557/CIN                                       +0    3411   
MULT_CPA_1_g1481__7557/COUT      ADDF_E          1  19.5  139  +152    3563 F 
MULT_CPA_1_g1480__7837/CIN                                       +0    3563   
MULT_CPA_1_g1480__7837/COUT      ADDF_E          1  19.5  139  +152    3715 F 
MULT_CPA_1_g1479__6179/CIN                                       +0    3715   
MULT_CPA_1_g1479__6179/COUT      ADDF_E          1  19.5  139  +152    3867 F 
MULT_CPA_1_g1478__1279/CIN                                       +0    3867   
MULT_CPA_1_g1478__1279/COUT      ADDF_E          1  19.5  139  +152    4018 F 
MULT_CPA_1_g1477__3457/CIN                                       +0    4018   
MULT_CPA_1_g1477__3457/COUT      ADDF_E          1  19.5  139  +152    4170 F 
MULT_CPA_1_g1476__9771/CIN                                       +0    4170   
MULT_CPA_1_g1476__9771/COUT      ADDF_E          1  19.5  139  +152    4322 F 
MULT_CPA_1_g1475__2005/CIN                                       +0    4322   
MULT_CPA_1_g1475__2005/COUT      ADDF_E          1  19.5  139  +152    4474 F 
MULT_CPA_1_g1474__1122/CIN                                       +0    4474   
MULT_CPA_1_g1474__1122/COUT      ADDF_E          1  19.5  139  +152    4626 F 
MULT_CPA_1_g1473__2001/CIN                                       +0    4626   
MULT_CPA_1_g1473__2001/COUT      ADDF_E          1  19.5  139  +152    4777 F 
MULT_CPA_1_g1472__5927/CIN                                       +0    4777   
MULT_CPA_1_g1472__5927/COUT      ADDF_E          1  19.5  139  +152    4929 F 
MULT_CPA_1_g1471__6789/CIN                                       +0    4929   
MULT_CPA_1_g1471__6789/COUT      ADDF_E          1  19.5  139  +152    5081 F 
MULT_CPA_1_g1470__1591/CIN                                       +0    5081   
MULT_CPA_1_g1470__1591/COUT      ADDF_E          1  19.5  139  +152    5233 F 
MULT_CPA_1_g1469__9719/CIN                                       +0    5233   
MULT_CPA_1_g1469__9719/COUT      ADDF_E          1  19.5  139  +152    5385 F 
MULT_CPA_1_g1468__3377/CIN                                       +0    5385   
MULT_CPA_1_g1468__3377/COUT      ADDF_E          1  19.5  139  +152    5536 F 
MULT_CPA_1_g1467__9867/CIN                                       +0    5536   
MULT_CPA_1_g1467__9867/COUT      ADDF_E          1  19.5  137  +152    5688 F 
MULT_CPA_1_g1466__7765/CIN                                       +0    5688   
MULT_CPA_1_g1466__7765/COUT      ADDF_E          1  19.5  139  +151    5840 F 
MULT_CPA_1_g1465__7547/CIN                                       +0    5840   
MULT_CPA_1_g1465__7547/COUT      ADDF_E          1  19.5  139  +152    5991 F 
MULT_CPA_1_g1464__2833/CIN                                       +0    5991   
MULT_CPA_1_g1464__2833/COUT      ADDF_E          1  19.5  139  +152    6143 F 
MULT_CPA_1_g1463__2006/CIN                                       +0    6143   
MULT_CPA_1_g1463__2006/COUT      ADDF_E          1  19.5  139  +152    6295 F 
MULT_CPA_1_g1462__1297/CIN                                       +0    6295   
MULT_CPA_1_g1462__1297/COUT      ADDF_E          1  19.5  139  +152    6447 F 
MULT_CPA_1_g1461__1237/CIN                                       +0    6447   
MULT_CPA_1_g1461__1237/COUT      ADDF_E          1  18.2  139  +149    6596 F 
MULT_CPA_1_g1460__2007/B                                         +0    6596   
MULT_CPA_1_g1460__2007/Z         XOR2_C          1   8.8  138  +114    6710 R 
OutputVector[39]            <<<  out port                        +0    6710 R 
(booth.sdc_line_12)              ext delay                     +200    6910 R 
- - - - - - - - - - - - - - - - - - - - - - - - - - - - - - - - - - - - - - - 
(clock clk)                      capture                              20000 R 
------------------------------------------------------------------------------
Cost Group   : 'clk' (path_group 'clk')
Timing slack :   13090ps 
Start-point  : InputVector[0]
End-point    : OutputVector[39]
