============================================================
  Generated by:           Genus(TM) Synthesis Solution 16.24-s065_1
  Generated on:           Nov 21 2019  06:48:33 pm
  Module:                 DivideConquer_2b_C1
  Technology libraries:   PnomV180T025_STD_CELL_7RF 
                          physical_cells 
  Operating conditions:   _nominal_ 
  Interconnect mode:      global
  Area mode:              physical library
============================================================

               Pin                        Type      Fanout  Load Slew Delay Arrival   
                                                            (fF) (ps)  (ps)   (ps)    
--------------------------------------------------------------------------------------
(clock clk)                              launch                                   0 R 
(DivideConquer_2b_C1._line_11_17_1)      ext delay                     +100     100 R 
X[2]                                     in port         6  98.8    0    +0     100 R 
g10959/A                                                                 +0     100   
g10959/Z                                 INVERT_I        8 112.2   95   +78     178 F 
g10929__1297/A                                                           +0     178   
g10929__1297/Z                           NAND2_F         3  45.1  141  +100     278 R 
g10878__7837/A                                                           +0     278   
g10878__7837/Z                           NAND2_F         3  45.4  110   +75     354 F 
g10851__2007/A                                                           +0     354   
g10851__2007/Z                           NOR2_E          3  46.7  204  +127     480 R 
g10828/A                                                                 +0     480   
g10828/Z                                 INVERT_F        1  16.9   63   +29     509 F 
g10745__1591/B                                                           +0     509   
g10745__1591/Z                           OAI21_C         2  28.4  235  +121     631 R 
g10699__7557/A1                                                          +0     631   
g10699__7557/Z                           AOI21_C         2  29.4  205  +143     774 F 
g10648__7547/B                                                           +0     774   
g10648__7547/Z                           XOR2_C          3  45.5  334  +234    1008 R 
g10587__3377/A1                                                          +0    1008   
g10587__3377/Z                           AOI22_C         2  27.1  215  +121    1129 F 
g10578/A                                                                 +0    1129   
g10578/Z                                 INVERT_E        1  19.8  143  +106    1235 R 
g10996/CIN                                                               +0    1235   
g10996/COUT                              ADDF_E          1  19.8  109  +155    1390 R 
g10995/CIN                                                               +0    1390   
g10995/SUM                               ADDF_E          1  10.8   75  +147    1536 F 
g10994/A                                                                 +0    1536   
g10994/Z                                 INVERT_A        2  28.4  592  +313    1850 R 
g10500__3377/B                                                           +0    1850   
g10500__3377/Z                           XOR2_C          2  27.6  247  +166    2016 R 
g10479__9771/A2                                                          +0    2016   
g10479__9771/Z                           OAI22_B         2  30.3  339  +198    2214 F 
g10456__3779/A2                                                          +0    2214   
g10456__3779/Z                           AOI22_C         2  27.9  235  +169    2383 R 
g10436__2006/A1                                                          +0    2383   
g10436__2006/Z                           OAI22_B         2  28.5  279  +179    2562 F 
g10422__6789/A                                                           +0    2562   
g10422__6789/Z                           XNOR2_C         2  27.3  227  +167    2729 F 
g10397__9771/B                                                           +0    2729   
g10397__9771/Z                           XOR2_C          2  25.8  181  +159    2888 F 
g10360__2001/B1                                                          +0    2888   
g10360__2001/Z                           OAI22_B         2  29.3  363  +222    3110 R 
g10340__3717/A2                                                          +0    3110   
g10340__3717/Z                           AOI22_C         2  29.8  199  +114    3224 F 
g10327__2001/B1                                                          +0    3224   
g10327__2001/Z                           OAI22_B         2  31.3  385  +236    3460 R 
g10305__8867/A1                                                          +0    3460   
g10305__8867/Z                           AOI22_C         2  29.5  204  +131    3591 F 
g10290__7547/A1                                                          +0    3591   
g10290__7547/Z                           OAI22_B         2  31.3  383  +221    3813 R 
g10273__3457/A1                                                          +0    3813   
g10273__3457/Z                           AOI22_C         2  29.5  204  +131    3944 F 
g10260__2833/A1                                                          +0    3944   
g10260__2833/Z                           OAI22_B         2  31.0  379  +220    4164 R 
g10247__6179/B1                                                          +0    4164   
g10247__6179/Z                           AOI22_C         2  29.8  228  +159    4323 F 
g10239__5927/B1                                                          +0    4323   
g10239__5927/Z                           OAI22_B         2  31.0  389  +243    4566 R 
g10234__9867/B1                                                          +0    4566   
g10234__9867/Z                           AOI22_C         2  29.5  229  +160    4726 F 
g10229__1297/A1                                                          +0    4726   
g10229__1297/Z                           OAI22_B         2  31.3  384  +228    4954 R 
g10224__3717/A1                                                          +0    4954   
g10224__3717/Z                           AOI22_C         2  29.5  204  +131    5085 F 
g10219__7837/A1                                                          +0    5085   
g10219__7837/Z                           OAI22_B         2  31.3  389  +221    5306 R 
g10214__9771/A1                                                          +0    5306   
g10214__9771/Z                           AOI22_C         2  29.8  206  +132    5438 F 
g10209__1591/B1                                                          +0    5438   
g10209__1591/Z                           OAI22_B         2  31.0  384  +236    5675 R 
g10205__3377/B1                                                          +0    5675   
g10205__3377/Z                           AOI22_C         2  29.8  229  +160    5835 F 
g10200__1237/B1                                                          +0    5835   
g10200__1237/Z                           OAI22_B         2  31.0  389  +243    6078 R 
g10195__1377/B1                                                          +0    6078   
g10195__1377/Z                           AOI22_C         2  29.8  230  +160    6238 F 
g10193__7557/B                                                           +0    6238   
g10193__7557/Z                           XNOR2_C         2  29.8  207  +147    6385 F 
g10188__3457/B                                                           +0    6385   
g10188__3457/Z                           XNOR2_C         2  25.7  196  +136    6521 F 
g10183__5927/A2                                                          +0    6521   
g10183__5927/Z                           OAI22_B         2  29.9  374  +208    6729 R 
g10181__1591/A1                                                          +0    6729   
g10181__1591/Z                           AO22_F          2  32.5  112  +144    6874 R 
g10179__9719/A1                                                          +0    6874   
g10179__9719/Z                           AO22_H          2  31.9   88  +118    6992 R 
g10177__9867/B1                                                          +0    6992   
g10177__9867/Z                           AO22_H          2  32.5   89  +141    7133 R 
g10175__2833/A1                                                          +0    7133   
g10175__2833/Z                           AO22_H          2  31.9   89  +116    7249 R 
g10173__1297/B1                                                          +0    7249   
g10173__1297/Z                           AO22_H          2  31.9   98  +141    7389 R 
g10171__2007/B1                                                          +0    7389   
g10171__2007/Z                           AO22_H          2  32.5   89  +142    7532 R 
g10169__4599/A1                                                          +0    7532   
g10169__4599/Z                           AO22_H          2  32.5   90  +116    7648 R 
g10167__1377/A1                                                          +0    7648   
g10167__1377/Z                           AO22_H          2  31.3   87  +115    7764 R 
g10165__7654/A1                                                          +0    7764   
g10165__7654/Z                           AOI22_C         1  16.5  156   +73    7836 F 
g10164__7557/A                                                           +0    7836   
g10164__7557/Z                           XOR2_C          1  16.5  136  +131    7967 F 
g10163__7837/A                                                           +0    7967   
g10163__7837/Z                           XOR2_C          1   8.8  116  +111    8078 F 
S[39]                               <<<  out port                        +0    8078 F 
(DivideConquer_2b_C1._line_12)           ext delay                     +200    8278 F 
- - - - - - - - - - - - - - - - - - - - - - - - - - - - - - - - - - - - - - - - - - - 
(clock clk)                              capture                              20000 R 
--------------------------------------------------------------------------------------
Cost Group   : 'clk' (path_group 'clk')
Timing slack :   11722ps 
Start-point  : X[2]
End-point    : S[39]
