============================================================
  Generated by:           Genus(TM) Synthesis Solution 16.24-s065_1
  Generated on:           Nov 21 2019  06:38:57 pm
  Module:                 DivideConquer_2b_C1
  Technology libraries:   PnomV180T025_STD_CELL_7RF 
                          physical_cells 
  Operating conditions:   _nominal_ 
  Interconnect mode:      global
  Area mode:              physical library
============================================================

               Pin                         Type       Fanout Load Slew Delay Arrival   
                                                             (fF) (ps)  (ps)   (ps)    
---------------------------------------------------------------------------------------
(clock clk)                              launch                                    0 R 
(DivideConquer_2b_C1._line_11_18_1)      ext delay                      +100     100 R 
X[1]                                     in port           6 82.5    0    +0     100 R 
g4184__4599/B                                                             +0     100   
g4184__4599/Z                            NOR2_E            2 31.7   86   +78     178 F 
g4165__3457/A                                                             +0     178   
g4165__3457/Z                            NOR2_E            2 29.7  148   +94     272 R 
g4153__2006/A                                                             +0     272   
g4153__2006/Z                            AND2_I            3 45.9   90  +122     394 R 
g4138__2001/B                                                             +0     394   
g4138__2001/Z                            AO21_I            1 16.6   54  +137     532 R 
g4117__2006/A                                                             +0     532   
g4117__2006/Z                            XNOR2_C           4 52.3  371  +227     759 R 
g4093__2006/B                                                             +0     759   
g4093__2006/Z                            XOR2_C            2 27.9  240  +153     912 R 
g4081__7837/A1                                                            +0     912   
g4081__7837/Z                            OAI22_B           2 29.0  287  +182    1094 F 
g4068__9719/A1                                                            +0    1094   
g4068__9719/Z                            AOI22_C           1 19.8  184  +129    1223 R 
g4204/CIN                                                                 +0    1223   
g4204/COUT                               ADDF_E            2 32.4  156  +182    1405 R 
g4050__6179/A                                                             +0    1405   
g4050__6179/Z                            NOR2_E            2 33.5  153   +93    1499 F 
g4041__9867/A                                                             +0    1499   
g4041__9867/Z                            NAND2_F           2 32.4  171   +98    1596 R 
g4031__7654/A                                                             +0    1596   
g4031__7654/Z                            NOR2_E            2 32.0  151   +93    1689 F 
g4012__1591/B                                                             +0    1689   
g4012__1591/Z                            XNOR2_C           2 27.6  233  +128    1817 F 
g3991__1279/B                                                             +0    1817   
g3991__1279/Z                            XOR2_C            2 25.6  180  +159    1976 F 
g3977__7765/A1                                                            +0    1976   
g3977__7765/Z                            OAI22_B           2 29.4  376  +206    2183 R 
g3967__1377/A                                                             +0    2183   
g3967__1377/Z                            XNOR2_C           2 26.5  252  +177    2360 R 
g3957__2001/A                                                             +0    2360   
g3957__2001/Z                            XNOR2_C           2 25.7  198  +140    2500 F 
g3943__1297/A2                                                            +0    2500   
g3943__1297/Z                            OAI22_B           2 29.3  373  +206    2706 R 
g3922__2005/A2                                                            +0    2706   
g3922__2005/Z                            AOI22_C           2 27.3  202  +109    2815 F 
g3903__9867/A1                                                            +0    2815   
g3903__9867/Z                            OAI22_B           2 29.2  366  +212    3027 R 
g3892__7654/B1                                                            +0    3027   
g3892__7654/Z                            AOI22_C           2 27.3  217  +152    3179 F 
g3886__5927/A1                                                            +0    3179   
g3886__5927/Z                            OAI22_B           2 29.5  368  +217    3396 R 
g3882__7765/A1                                                            +0    3396   
g3882__7765/Z                            AOI22_C           2 27.6  253  +125    3521 F 
g3876__1297/B1                                                            +0    3521   
g3876__1297/Z                            OAI22_B           2 35.6  434  +270    3791 R 
g3874__1237/A                                                             +0    3791   
g3874__1237/Z                            NAND2_F           2 36.2  158   +78    3870 F 
g3873/A                                                                   +0    3870   
g3873/Z                                  INVERTBAL_H       1 17.0   72   +52    3922 R 
g3868__7557/B1                                                            +0    3922   
g3868__7557/Z                            AOI22_C           2 27.3  180  +109    4031 F 
g3859__2005/A1                                                            +0    4031   
g3859__2005/Z                            OAI22_B           2 29.3  364  +206    4236 R 
g3853__5927/B2                                                            +0    4236   
g3853__5927/Z                            AOI22_C           2 27.3  200  +134    4371 F 
g3848__7765/A1                                                            +0    4371   
g3848__7765/Z                            OAI22_B           2 29.2  368  +211    4582 R 
g3843__2007/B1                                                            +0    4582   
g3843__2007/Z                            AOI22_C           2 25.9  213  +149    4731 F 
g3838__8867/B1                                                            +0    4731   
g3838__8867/Z                            OAI22_B           2 31.3  388  +240    4971 R 
g3834__1279/A1                                                            +0    4971   
g3834__1279/Z                            AOI22_C           2 25.6  192  +122    5093 F 
g3832__1122/A1                                                            +0    5093   
g3832__1122/Z                            OAI22_B           2 31.1  378  +217    5310 R 
g3830__5927/B2                                                            +0    5310   
g3830__5927/Z                            AOI22_C           2 25.9  198  +133    5443 F 
g3828__1591/B1                                                            +0    5443   
g3828__1591/Z                            OAI22_B           2 31.7  388  +237    5680 R 
g3826__9719/A1                                                            +0    5680   
g3826__9719/Z                            AO22_F            2 32.5  111  +145    5825 R 
g3824__9867/A1                                                            +0    5825   
g3824__9867/Z                            AO22_H            2 32.5   90  +119    5944 R 
g3822__7547/A1                                                            +0    5944   
g3822__7547/Z                            AO22_H            2 32.5   90  +116    6060 R 
g3820__1297/A1                                                            +0    6060   
g3820__1297/Z                            AO22_H            2 32.5   90  +116    6177 R 
g3818__2007/A1                                                            +0    6177   
g3818__2007/Z                            AO22_H            2 32.5   90  +116    6293 R 
g3816__4599/A1                                                            +0    6293   
g3816__4599/Z                            AO22_H            2 31.9   88  +116    6409 R 
g3814__1377/B1                                                            +0    6409   
g3814__1377/Z                            AO22_H            2 31.3   87  +140    6549 R 
g3812__7654/A1                                                            +0    6549   
g3812__7654/Z                            AOI22_C           1 20.4  167   +80    6629 F 
g3811__7557/B                                                             +0    6629   
g3811__7557/Z                            XNOR2_C           1 16.5  139  +115    6744 F 
g3810__7837/A                                                             +0    6744   
g3810__7837/Z                            XOR2_C            1  8.8  112  +111    6855 F 
S[39]                               <<<  out port                         +0    6855 F 
(DivideConquer_2b_C1._line_12)           ext delay                      +200    7055 F 
- - - - - - - - - - - - - - - - - - - - - - - - - - - - - - - - - - - - - - - - - - - -
(clock clk)                              capture                               20000 R 
---------------------------------------------------------------------------------------
Cost Group   : 'clk' (path_group 'clk')
Timing slack :   12945ps 
Start-point  : X[1]
End-point    : S[39]
