============================================================
  Generated by:           Genus(TM) Synthesis Solution 16.24-s065_1
  Generated on:           Nov 21 2019  07:48:44 pm
  Module:                 DirectMultiplication
  Technology libraries:   PnomV180T025_STD_CELL_7RF 
                          physical_cells 
  Operating conditions:   _nominal_ 
  Interconnect mode:      global
  Area mode:              physical library
============================================================

               Pin                        Type      Fanout Load Slew Delay Arrival   
                                                           (fF) (ps)  (ps)   (ps)    
-------------------------------------------------------------------------------------
(clock clk)                              launch                                  0 R 
(DirectMultiplication_line_11_19_1)      ext delay                    +100     100 F 
X[0]                                     in port         5 69.5    0    +0     100 F 
const_mul_47_8/A[0] 
  g2902__3779/B                                                         +0     100   
  g2902__3779/Z                          NAND2_F         2 38.4  112   +78     178 R 
  g2899/A                                                               +0     178   
  g2899/Z                                INVERT_I        1 19.5   50   +35     214 F 
  g2877__2833/CIN                                                       +0     214   
  g2877__2833/COUT                       ADDF_E          1 19.5  133  +138     352 F 
  g2864__6179/CIN                                                       +0     352   
  g2864__6179/COUT                       ADDF_E          1 19.5  133  +151     503 F 
  g2859__1122/CIN                                                       +0     503   
  g2859__1122/COUT                       ADDF_E          1 19.5  133  +151     653 F 
  g2858__2001/CIN                                                       +0     653   
  g2858__2001/COUT                       ADDF_E          1 19.5  138  +151     804 F 
  g2857__5927/CIN                                                       +0     804   
  g2857__5927/COUT                       ADDF_E          1 19.5  139  +152     956 F 
  g2856__6789/CIN                                                       +0     956   
  g2856__6789/COUT                       ADDF_E          1 19.5  139  +152    1107 F 
  g2855__1591/CIN                                                       +0    1107   
  g2855__1591/COUT                       ADDF_E          1 19.5  139  +152    1259 F 
  g2854__9719/CIN                                                       +0    1259   
  g2854__9719/COUT                       ADDF_E          1 19.5  139  +152    1411 F 
  g2853__3377/CIN                                                       +0    1411   
  g2853__3377/COUT                       ADDF_E          1 19.5  137  +152    1563 F 
  g2852__9867/CIN                                                       +0    1563   
  g2852__9867/COUT                       ADDF_E          1 19.5  137  +151    1714 F 
  g2851__7765/CIN                                                       +0    1714   
  g2851__7765/COUT                       ADDF_E          1 19.5  137  +151    1865 F 
  g2850__7547/CIN                                                       +0    1865   
  g2850__7547/COUT                       ADDF_E          1 19.5  139  +151    2017 F 
  g2849__2833/CIN                                                       +0    2017   
  g2849__2833/COUT                       ADDF_E          1 19.5  139  +152    2168 F 
  g2848__2006/CIN                                                       +0    2168   
  g2848__2006/COUT                       ADDF_E          1 19.5  139  +152    2320 F 
  g2847__1297/CIN                                                       +0    2320   
  g2847__1297/COUT                       ADDF_E          1 19.5  139  +152    2472 F 
  g2846__1237/CIN                                                       +0    2472   
  g2846__1237/COUT                       ADDF_E          1 19.5  139  +152    2624 F 
  g2845__2007/CIN                                                       +0    2624   
  g2845__2007/COUT                       ADDF_E          1 19.5  139  +152    2775 F 
  g2844__3779/CIN                                                       +0    2775   
  g2844__3779/COUT                       ADDF_E          1 19.5  139  +152    2927 F 
  g2843__4599/CIN                                                       +0    2927   
  g2843__4599/COUT                       ADDF_E          1 19.5  139  +152    3079 F 
  g2842__3717/CIN                                                       +0    3079   
  g2842__3717/COUT                       ADDF_E          1 19.5  139  +152    3230 F 
  g2841__1377/CIN                                                       +0    3230   
  g2841__1377/COUT                       ADDF_E          1 19.5  141  +152    3382 F 
  g2840__8867/CIN                                                       +0    3382   
  g2840__8867/COUT                       ADDF_E          1 19.5  138  +152    3534 F 
  g2839__7654/CIN                                                       +0    3534   
  g2839__7654/COUT                       ADDF_E          1 19.5  137  +152    3686 F 
  g2838__7557/CIN                                                       +0    3686   
  g2838__7557/COUT                       ADDF_E          1 18.2  132  +149    3835 F 
  g2837__7837/B                                                         +0    3835   
  g2837__7837/Z                          XOR2_C          1  8.8  140  +112    3947 R 
const_mul_47_8/Z[39] 
S[39]                               <<<  out port                       +0    3947 R 
(DirectMultiplication_line_12)           ext delay                    +200    4147 R 
- - - - - - - - - - - - - - - - - - - - - - - - - - - - - - - - - - - - - - - - - - -
(clock clk)                              capture                             20000 R 
-------------------------------------------------------------------------------------
Cost Group   : 'clk' (path_group 'clk')
Timing slack :   15853ps 
Start-point  : X[0]
End-point    : S[39]
