============================================================
  Generated by:           Genus(TM) Synthesis Solution 16.24-s065_1
  Generated on:           Nov 21 2019  08:05:33 pm
  Module:                 DirectMultiplication
  Technology libraries:   PnomV180T025_STD_CELL_7RF 
                          physical_cells 
  Operating conditions:   _nominal_ 
  Interconnect mode:      global
  Area mode:              physical library
============================================================

               Pin                        Type      Fanout Load Slew Delay Arrival   
                                                           (fF) (ps)  (ps)   (ps)    
-------------------------------------------------------------------------------------
(clock clk)                              launch                                  0 R 
(DirectMultiplication_line_11_19_1)      ext delay                    +100     100 F 
X[0]                                     in port         7 85.9    0    +0     100 F 
const_mul_47_8/A[0] 
  g5331__9867/B                                                         +0     100   
  g5331__9867/Z                          NOR2_E          2 35.6  147   +96     196 R 
  g5299__2006/A                                                         +0     196   
  g5299__2006/Z                          NAND2_F         2 33.2   94   +64     260 F 
  g5291__1377/A                                                         +0     260   
  g5291__1377/Z                          NOR2_E          1 19.8  120   +79     339 R 
  g5268__1297/CIN                                                       +0     339   
  g5268__1297/COUT                       ADDF_E          1 19.8  109  +153     492 R 
  g5256__7837/CIN                                                       +0     492   
  g5256__7837/COUT                       ADDF_E          1 19.8  109  +152     644 R 
  g5241__7547/CIN                                                       +0     644   
  g5241__7547/COUT                       ADDF_E          1 19.8  109  +152     796 R 
  g5234__4599/CIN                                                       +0     796   
  g5234__4599/COUT                       ADDF_E          1 19.8  109  +152     949 R 
  g5231__8867/CIN                                                       +0     949   
  g5231__8867/COUT                       ADDF_E          1 19.8  109  +152    1101 R 
  g5230__7654/CIN                                                       +0    1101   
  g5230__7654/COUT                       ADDF_E          1 19.8  109  +152    1253 R 
  g5229__7557/CIN                                                       +0    1253   
  g5229__7557/COUT                       ADDF_E          1 19.8  109  +152    1405 R 
  g5228__7837/CIN                                                       +0    1405   
  g5228__7837/COUT                       ADDF_E          1 19.8  109  +152    1557 R 
  g5227__6179/CIN                                                       +0    1557   
  g5227__6179/COUT                       ADDF_E          1 19.8  109  +152    1710 R 
  g5226__1279/CIN                                                       +0    1710   
  g5226__1279/COUT                       ADDF_E          1 19.8  109  +152    1862 R 
  g5225__3457/CIN                                                       +0    1862   
  g5225__3457/COUT                       ADDF_E          1 19.8  109  +152    2014 R 
  g5224__9771/CIN                                                       +0    2014   
  g5224__9771/COUT                       ADDF_E          1 19.8  109  +152    2166 R 
  g5223__2005/CIN                                                       +0    2166   
  g5223__2005/COUT                       ADDF_E          1 19.8  109  +152    2318 R 
  g5222__1122/CIN                                                       +0    2318   
  g5222__1122/COUT                       ADDF_E          1 19.8  109  +152    2471 R 
  g5221__2001/CIN                                                       +0    2471   
  g5221__2001/COUT                       ADDF_E          1 19.8  109  +152    2623 R 
  g5220__5927/CIN                                                       +0    2623   
  g5220__5927/COUT                       ADDF_E          1 19.8  109  +152    2775 R 
  g5219__6789/CIN                                                       +0    2775   
  g5219__6789/COUT                       ADDF_E          1 19.8  109  +152    2927 R 
  g5218__1591/CIN                                                       +0    2927   
  g5218__1591/COUT                       ADDF_E          1 19.8  109  +152    3079 R 
  g5217__9719/CIN                                                       +0    3079   
  g5217__9719/COUT                       ADDF_E          1 19.8  109  +152    3232 R 
  g5216__3377/CIN                                                       +0    3232   
  g5216__3377/COUT                       ADDF_E          1 19.8  109  +152    3384 R 
  g5215__9867/CIN                                                       +0    3384   
  g5215__9867/COUT                       ADDF_E          1 19.8  109  +152    3536 R 
  g5214__7765/CIN                                                       +0    3536   
  g5214__7765/COUT                       ADDF_E          1 19.8  109  +152    3688 R 
  g5213__7547/CIN                                                       +0    3688   
  g5213__7547/COUT                       ADDF_E          1 19.8  109  +152    3840 R 
  g5212__2833/CIN                                                       +0    3840   
  g5212__2833/COUT                       ADDF_E          1 19.8  109  +152    3993 R 
  g5211__2006/CIN                                                       +0    3993   
  g5211__2006/COUT                       ADDF_E          1 19.8  109  +152    4145 R 
  g5210__1297/CIN                                                       +0    4145   
  g5210__1297/COUT                       ADDF_E          1 19.8  109  +152    4297 R 
  g5209__1237/CIN                                                       +0    4297   
  g5209__1237/COUT                       ADDF_E          1 19.8  109  +152    4449 R 
  g5208__2007/CIN                                                       +0    4449   
  g5208__2007/COUT                       ADDF_E          1 19.8  109  +152    4601 R 
  g5207__3779/CIN                                                       +0    4601   
  g5207__3779/COUT                       ADDF_E          1 19.8  109  +152    4754 R 
  g5206__4599/CIN                                                       +0    4754   
  g5206__4599/COUT                       ADDF_E          1 19.8  109  +152    4906 R 
  g5205__3717/CIN                                                       +0    4906   
  g5205__3717/COUT                       ADDF_E          1 19.8  109  +152    5058 R 
  g5204__1377/CIN                                                       +0    5058   
  g5204__1377/COUT                       ADDF_E          1 19.8  109  +152    5210 R 
  g5203__8867/CIN                                                       +0    5210   
  g5203__8867/COUT                       ADDF_E          2 32.3  155  +176    5386 R 
  g5201__7557/A1                                                        +0    5386   
  g5201__7557/Z                          AOI21_C         1 18.2  162  +102    5488 F 
  g5200__7837/B                                                         +0    5488   
  g5200__7837/Z                          XOR2_C          1  8.8  136  +118    5606 R 
const_mul_47_8/Z[39] 
S[39]                               <<<  out port                       +0    5606 R 
(DirectMultiplication_line_12)           ext delay                    +200    5806 R 
- - - - - - - - - - - - - - - - - - - - - - - - - - - - - - - - - - - - - - - - - - -
(clock clk)                              capture                             20000 R 
-------------------------------------------------------------------------------------
Cost Group   : 'clk' (path_group 'clk')
Timing slack :   14194ps 
Start-point  : X[0]
End-point    : S[39]
