============================================================
  Generated by:           Genus(TM) Synthesis Solution 16.24-s065_1
  Generated on:           Nov 21 2019  06:34:44 pm
  Module:                 DivideConquer_2b_C1
  Technology libraries:   PnomV180T025_STD_CELL_7RF 
                          physical_cells 
  Operating conditions:   _nominal_ 
  Interconnect mode:      global
  Area mode:              physical library
============================================================

               Pin                        Type      Fanout  Load Slew Delay Arrival   
                                                            (fF) (ps)  (ps)   (ps)    
--------------------------------------------------------------------------------------
(clock clk)                              launch                                   0 R 
(DivideConquer_2b_C1._line_11_19_1)      ext delay                     +100     100 R 
X[0]                                     in port         8 107.0    0    +0     100 R 
converter.mult2_g1178__7765/B                                            +0     100   
converter.mult2_g1178__7765/Z            NOR2_E          2  30.4   84   +77     177 F 
converter.mult2_g1174__1297/A                                            +0     177   
converter.mult2_g1174__1297/Z            AND2_I          2  32.3   57  +109     286 F 
converter.mult2_g1168__1377/A1                                           +0     286   
converter.mult2_g1168__1377/Z            OA21_I          1  19.5   52  +121     407 F 
converter.mult2_g1162__1279/CIN                                          +0     407   
converter.mult2_g1162__1279/COUT         ADDF_E          2  30.8  149  +157     564 F 
converter.mult2_g1160__9771/A                                            +0     564   
converter.mult2_g1160__9771/Z            NOR2_E          3  51.0  227  +142     706 R 
converter.mult2_g1157__2001/B                                            +0     706   
converter.mult2_g1157__2001/Z            AOI21_C         2  27.6  220  +179     885 F 
converter.mult2_g1144__2007/B                                            +0     885   
converter.mult2_g1144__2007/Z            XOR2_C          2  25.7  221  +180    1065 R 
converter.mult2_g1130__1279/A2                                           +0    1065   
converter.mult2_g1130__1279/Z            OAI22_B         2  30.7  293  +194    1259 F 
converter.mult2_g1127__2005/A1                                           +0    1259   
converter.mult2_g1127__2005/Z            AOI22_C         2  36.4  249  +172    1431 R 
converter.mult2_g1124__5927/B                                            +0    1431   
converter.mult2_g1124__5927/Z            XNOR2_C         2  30.5  246  +183    1615 R 
converter.mult2_g1120__3377/B                                            +0    1615   
converter.mult2_g1120__3377/Z            XNOR2_C         2  25.8  220  +170    1784 R 
converter.mult2_g1116__2833/A2                                           +0    1784   
converter.mult2_g1116__2833/Z            OAI22_B         1  19.5  222  +154    1938 F 
g1431/CIN                                                                +0    1938   
g1431/COUT                               ADDF_E          2  32.0  155  +185    2123 F 
converter.mult2_g1113__1237/B                                            +0    2123   
converter.mult2_g1113__1237/Z            XOR2_C          2  31.6  208  +162    2285 F 
g1411__2005/B                                                            +0    2285   
g1411__2005/Z                            XOR2_C          2  34.1  268  +202    2487 R 
g1347__3377/B                                                            +0    2487   
g1347__3377/Z                            XNOR2_C         2  27.6  188  +158    2645 F 
g1342__2006/B                                                            +0    2645   
g1342__2006/Z                            XOR2_C          2  25.7  173  +154    2799 F 
g1333__7654/A2                                                           +0    2799   
g1333__7654/Z                            OAI22_B         1  19.8  281  +160    2959 R 
g1424/CIN                                                                +0    2959   
g1424/COUT                               ADDF_E          1  19.8  111  +166    3125 R 
g1423/CIN                                                                +0    3125   
g1423/COUT                               ADDF_E          1  19.8  109  +152    3277 R 
g1422/CIN                                                                +0    3277   
g1422/COUT                               ADDF_E          1  19.8  109  +152    3429 R 
g2/CIN                                                                   +0    3429   
g2/COUT                                  ADDF_E          2  32.5  156  +176    3606 R 
g1318__9867/A1                                                           +0    3606   
g1318__9867/Z                            AO22_H          2  32.5   90  +123    3729 R 
g1316__7547/A1                                                           +0    3729   
g1316__7547/Z                            AO22_H          2  32.5   89  +116    3845 R 
g1314__2006/A1                                                           +0    3845   
g1314__2006/Z                            AO22_H          2  32.5   90  +116    3962 R 
g1312__1237/A1                                                           +0    3962   
g1312__1237/Z                            AO22_H          2  32.5   90  +116    4078 R 
g1310__3779/A1                                                           +0    4078   
g1310__3779/Z                            AO22_H          2  32.5   87  +116    4194 R 
g1308__3717/A1                                                           +0    4194   
g1308__3717/Z                            AO22_H          2  32.5   90  +116    4311 R 
g1306__8867/A1                                                           +0    4311   
g1306__8867/Z                            AO22_H          2  31.3   88  +115    4426 R 
g1304__7557/A1                                                           +0    4426   
g1304__7557/Z                            AOI22_C         1  18.2  165   +76    4502 F 
g1303__7837/B                                                            +0    4502   
g1303__7837/Z                            XOR2_C          1   8.8  142  +118    4620 R 
S[39]                               <<<  out port                        +0    4620 R 
(DivideConquer_2b_C1._line_12)           ext delay                     +200    4820 R 
- - - - - - - - - - - - - - - - - - - - - - - - - - - - - - - - - - - - - - - - - - - 
(clock clk)                              capture                              20000 R 
--------------------------------------------------------------------------------------
Cost Group   : 'clk' (path_group 'clk')
Timing slack :   15180ps 
Start-point  : X[0]
End-point    : S[39]
