============================================================
  Generated by:           Genus(TM) Synthesis Solution 16.24-s065_1
  Generated on:           Nov 27 2019  07:35:57 pm
  Module:                 booth
  Technology libraries:   PnomV180T025_STD_CELL_7RF 
                          physical_cells 
  Operating conditions:   _nominal_ 
  Interconnect mode:      global
  Area mode:              physical library
============================================================

           Pin                    Type      Fanout  Load Slew Delay Arrival   
                                                    (fF) (ps)  (ps)   (ps)    
------------------------------------------------------------------------------
(clock clk)                      launch                                   0 R 
(booth.sdc_line_11_19_1)         ext delay                     +100     100 F 
InputVector[0]                   in port         8 105.4    0    +0     100 F 
g5537__1237/B                                                    +0     100   
g5537__1237/Z                    NOR2_E          3  48.1  186  +117     217 R 
g5530__8867/A                                                    +0     217   
g5530__8867/Z                    NAND2_F         2  35.4  106   +68     285 F 
g5526__7837/A                                                    +0     285   
g5526__7837/Z                    NOR2_E          2  37.7  176  +111     396 R 
g5518__1122/B                                                    +0     396   
g5518__1122/Z                    XNOR2_C         7 103.0  675  +382     778 R 
g5496__1377/B                                                    +0     778   
g5496__1377/Z                    XNOR2_C         2  33.2  250  +226    1004 F 
g5469__1237/B                                                    +0    1004   
g5469__1237/Z                    XOR2_C          2  29.4  246  +198    1201 R 
MULT_CPA_1_g1454__2005/A                                         +0    1201   
MULT_CPA_1_g1454__2005/Z         AND2_H          1  19.8   72  +110    1311 R 
MULT_CPA_1_g1451__5927/CIN                                       +0    1311   
MULT_CPA_1_g1451__5927/COUT      ADDF_E          1  19.8  108  +149    1460 R 
MULT_CPA_1_g1450__6789/CIN                                       +0    1460   
MULT_CPA_1_g1450__6789/COUT      ADDF_E          1  19.8  109  +152    1613 R 
MULT_CPA_1_g1449__1591/CIN                                       +0    1613   
MULT_CPA_1_g1449__1591/COUT      ADDF_E          1  19.8  109  +152    1765 R 
MULT_CPA_1_g1448__9719/CIN                                       +0    1765   
MULT_CPA_1_g1448__9719/COUT      ADDF_E          1  19.8  109  +152    1917 R 
MULT_CPA_1_g1447__3377/CIN                                       +0    1917   
MULT_CPA_1_g1447__3377/COUT      ADDF_E          1  19.8  109  +152    2069 R 
MULT_CPA_1_g1446__9867/CIN                                       +0    2069   
MULT_CPA_1_g1446__9867/COUT      ADDF_E          1  19.8  109  +152    2221 R 
MULT_CPA_1_g1445__7765/CIN                                       +0    2221   
MULT_CPA_1_g1445__7765/COUT      ADDF_E          1  19.8  109  +152    2374 R 
MULT_CPA_1_g1444__7547/CIN                                       +0    2374   
MULT_CPA_1_g1444__7547/COUT      ADDF_E          1  19.8  109  +152    2526 R 
MULT_CPA_1_g1443__2833/CIN                                       +0    2526   
MULT_CPA_1_g1443__2833/COUT      ADDF_E          1  19.8  109  +152    2678 R 
MULT_CPA_1_g1442__2006/CIN                                       +0    2678   
MULT_CPA_1_g1442__2006/COUT      ADDF_E          1  19.8  109  +152    2830 R 
MULT_CPA_1_g1441__1297/CIN                                       +0    2830   
MULT_CPA_1_g1441__1297/COUT      ADDF_E          1  19.8  109  +152    2982 R 
MULT_CPA_1_g1440__1237/CIN                                       +0    2982   
MULT_CPA_1_g1440__1237/COUT      ADDF_E          1  19.8  109  +152    3135 R 
MULT_CPA_1_g1439__2007/CIN                                       +0    3135   
MULT_CPA_1_g1439__2007/COUT      ADDF_E          1  19.8  109  +152    3287 R 
MULT_CPA_1_g1438__3779/CIN                                       +0    3287   
MULT_CPA_1_g1438__3779/COUT      ADDF_E          1  19.8  109  +152    3439 R 
MULT_CPA_1_g1437__4599/CIN                                       +0    3439   
MULT_CPA_1_g1437__4599/COUT      ADDF_E          1  19.8  109  +152    3591 R 
MULT_CPA_1_g1436__3717/CIN                                       +0    3591   
MULT_CPA_1_g1436__3717/COUT      ADDF_E          1  19.8  109  +152    3743 R 
MULT_CPA_1_g1435__1377/CIN                                       +0    3743   
MULT_CPA_1_g1435__1377/COUT      ADDF_E          1  19.8  109  +152    3896 R 
MULT_CPA_1_g1434__8867/CIN                                       +0    3896   
MULT_CPA_1_g1434__8867/COUT      ADDF_E          1  19.8  109  +152    4048 R 
MULT_CPA_1_g1433__7654/CIN                                       +0    4048   
MULT_CPA_1_g1433__7654/COUT      ADDF_E          1  19.8  109  +152    4200 R 
MULT_CPA_1_g1432__7557/CIN                                       +0    4200   
MULT_CPA_1_g1432__7557/COUT      ADDF_E          1  19.8  109  +152    4352 R 
MULT_CPA_1_g1431__7837/CIN                                       +0    4352   
MULT_CPA_1_g1431__7837/COUT      ADDF_E          1  19.8  109  +152    4504 R 
MULT_CPA_1_g1430__6179/CIN                                       +0    4504   
MULT_CPA_1_g1430__6179/COUT      ADDF_E          1  19.8  109  +152    4657 R 
MULT_CPA_1_g1429__1279/CIN                                       +0    4657   
MULT_CPA_1_g1429__1279/COUT      ADDF_E          1  19.8  109  +152    4809 R 
MULT_CPA_1_g1428__3457/CIN                                       +0    4809   
MULT_CPA_1_g1428__3457/COUT      ADDF_E          1  19.8  109  +152    4961 R 
MULT_CPA_1_g1427__9771/CIN                                       +0    4961   
MULT_CPA_1_g1427__9771/COUT      ADDF_E          1  19.8  109  +152    5113 R 
MULT_CPA_1_g1426__2005/CIN                                       +0    5113   
MULT_CPA_1_g1426__2005/COUT      ADDF_E          1  19.8  109  +152    5265 R 
MULT_CPA_1_g1425__1122/CIN                                       +0    5265   
MULT_CPA_1_g1425__1122/COUT      ADDF_E          1  19.8  109  +152    5418 R 
MULT_CPA_1_g1424__2001/CIN                                       +0    5418   
MULT_CPA_1_g1424__2001/COUT      ADDF_E          1  19.8  109  +152    5570 R 
MULT_CPA_1_g1423__5927/CIN                                       +0    5570   
MULT_CPA_1_g1423__5927/COUT      ADDF_E          1  19.8  109  +152    5722 R 
MULT_CPA_1_g1422__6789/CIN                                       +0    5722   
MULT_CPA_1_g1422__6789/COUT      ADDF_E          1  19.8  109  +152    5874 R 
MULT_CPA_1_g1421__1591/CIN                                       +0    5874   
MULT_CPA_1_g1421__1591/COUT      ADDF_E          1  19.8  109  +152    6026 R 
MULT_CPA_1_g1420__9719/CIN                                       +0    6026   
MULT_CPA_1_g1420__9719/COUT      ADDF_E          1  19.8  109  +152    6179 R 
MULT_CPA_1_g1419__3377/CIN                                       +0    6179   
MULT_CPA_1_g1419__3377/COUT      ADDF_E          1  18.5  104  +150    6328 R 
MULT_CPA_1_g1418__9867/B                                         +0    6328   
MULT_CPA_1_g1418__9867/Z         XOR2_C          1   8.8  136   +88    6416 R 
OutputVector[39]            <<<  out port                        +0    6416 R 
(booth.sdc_line_12)              ext delay                     +200    6616 R 
- - - - - - - - - - - - - - - - - - - - - - - - - - - - - - - - - - - - - - - 
(clock clk)                      capture                              20000 R 
------------------------------------------------------------------------------
Cost Group   : 'clk' (path_group 'clk')
Timing slack :   13384ps 
Start-point  : InputVector[0]
End-point    : OutputVector[39]
