============================================================
  Generated by:           Genus(TM) Synthesis Solution 16.24-s065_1
  Generated on:           Nov 27 2019  07:37:31 pm
  Module:                 booth
  Technology libraries:   PnomV180T025_STD_CELL_7RF 
                          physical_cells 
  Operating conditions:   _nominal_ 
  Interconnect mode:      global
  Area mode:              physical library
============================================================

           Pin                     Type       Fanout  Load Slew Delay Arrival   
                                                      (fF) (ps)  (ps)   (ps)    
--------------------------------------------------------------------------------
(clock clk)                      launch                                     0 R 
(booth.sdc_line_11_19_1)         ext delay                       +100     100 R 
InputVector[0]                   in port          10 133.6    0    +0     100 R 
g5622__1279/B                                                      +0     100   
g5622__1279/Z                    NOR2_E            3  46.4  111   +93     193 F 
g5612__3377/A                                                      +0     193   
g5612__3377/Z                    NAND2_F           2  34.3  123   +91     284 R 
g5609__7547/A                                                      +0     284   
g5609__7547/Z                    NOR2_E            2  37.4  116   +94     378 F 
g5606__1297/A                                                      +0     378   
g5606__1297/Z                    NAND2_F           2  36.4  129   +95     473 R 
g5601__3717/A                                                      +0     473   
g5601__3717/Z                    NOR2_E            2  35.2  114   +92     565 F 
g5594__6179/A                                                      +0     565   
g5594__6179/Z                    NAND2_F           2  34.3  124   +92     657 R 
g5586__5927/A                                                      +0     657   
g5586__5927/Z                    NOR2_E            2  37.4  116   +94     752 F 
g5576__2833/A                                                      +0     752   
g5576__2833/Z                    NAND2_F           2  34.3  124   +92     844 R 
g5568__4599/A                                                      +0     844   
g5568__4599/Z                    NOR2_E            2  37.4  117   +94     939 F 
g5559__3457/A                                                      +0     939   
g5559__3457/Z                    NAND2_F           2  34.3  124   +92    1031 R 
g5552__6789/A                                                      +0    1031   
g5552__6789/Z                    NOR2_E            2  37.4  117   +94    1126 F 
g5546__7765/A                                                      +0    1126   
g5546__7765/Z                    NAND2_F           2  34.3  124   +92    1218 R 
g5537__3779/A                                                      +0    1218   
g5537__3779/Z                    NOR2_E            2  37.4  117   +94    1313 F 
g5526__9771/A                                                      +0    1313   
g5526__9771/Z                    NAND2_F           2  34.3  124   +92    1405 R 
g5516__7765/A                                                      +0    1405   
g5516__7765/Z                    NOR2_E            2  35.2  113   +91    1496 F 
g5509__3779/A                                                      +0    1496   
g5509__3779/Z                    NAND2_F           2  34.3  124   +92    1588 R 
g5500__7837/A                                                      +0    1588   
g5500__7837/Z                    NOR2_E            3  49.0  138  +110    1698 F 
g5491__6789/A                                                      +0    1698   
g5491__6789/Z                    NAND2_F           6  81.8  231  +153    1851 R 
g5484/A                                                            +0    1851   
g5484/Z                          INVERT_I          7 105.1  150  +104    1955 F 
g5478__2007/A                                                      +0    1955   
g5478__2007/Z                    NAND2_F          14 236.1  591  +329    2284 R 
g5472/A                                                            +0    2284   
g5472/Z                          INVERTBAL_H       4  66.3  221  +131    2415 F 
g5471__7654/B                                                      +0    2415   
g5471__7654/Z                    AO21_I           18 259.0  246  +218    2633 F 
g5387__1591/CIN                                                    +0    2633   
g5387__1591/SUM                  ADDF_E            1  19.5   97  +167    2800 F 
g5371__7654/CIN                                                    +0    2800   
g5371__7654/SUM                  ADDF_E            1  19.8  112  +167    2967 R 
g5350__1237/CIN                                                    +0    2967   
g5350__1237/SUM                  ADDF_E            1  20.9   98  +166    3132 F 
MULT_CPA_1_g1396__9771/A                                           +0    3132   
MULT_CPA_1_g1396__9771/COUT      ADDF_E            1  19.5  139  +239    3372 F 
MULT_CPA_1_g1395__2005/CIN                                         +0    3372   
MULT_CPA_1_g1395__2005/COUT      ADDF_E            1  19.5  139  +152    3524 F 
MULT_CPA_1_g1394__1122/CIN                                         +0    3524   
MULT_CPA_1_g1394__1122/COUT      ADDF_E            1  19.5  139  +152    3675 F 
MULT_CPA_1_g1393__2001/CIN                                         +0    3675   
MULT_CPA_1_g1393__2001/COUT      ADDF_E            1  19.5  139  +152    3827 F 
MULT_CPA_1_g1392__5927/CIN                                         +0    3827   
MULT_CPA_1_g1392__5927/COUT      ADDF_E            1  19.5  139  +152    3979 F 
MULT_CPA_1_g1391__6789/CIN                                         +0    3979   
MULT_CPA_1_g1391__6789/COUT      ADDF_E            1  19.5  139  +152    4131 F 
MULT_CPA_1_g1390__1591/CIN                                         +0    4131   
MULT_CPA_1_g1390__1591/COUT      ADDF_E            1  19.5  139  +152    4282 F 
MULT_CPA_1_g1389__9719/CIN                                         +0    4282   
MULT_CPA_1_g1389__9719/COUT      ADDF_E            1  19.5  139  +152    4434 F 
MULT_CPA_1_g1388__3377/CIN                                         +0    4434   
MULT_CPA_1_g1388__3377/COUT      ADDF_E            1  19.5  139  +152    4586 F 
MULT_CPA_1_g1387__9867/CIN                                         +0    4586   
MULT_CPA_1_g1387__9867/COUT      ADDF_E            1  19.5  139  +152    4738 F 
MULT_CPA_1_g1386__7765/CIN                                         +0    4738   
MULT_CPA_1_g1386__7765/COUT      ADDF_E            1  19.5  137  +152    4890 F 
MULT_CPA_1_g1385__7547/CIN                                         +0    4890   
MULT_CPA_1_g1385__7547/COUT      ADDF_E            1  19.5  139  +151    5041 F 
MULT_CPA_1_g1384__2833/CIN                                         +0    5041   
MULT_CPA_1_g1384__2833/COUT      ADDF_E            1  19.5  139  +152    5193 F 
MULT_CPA_1_g1383__2006/CIN                                         +0    5193   
MULT_CPA_1_g1383__2006/COUT      ADDF_E            1  19.5  139  +152    5345 F 
MULT_CPA_1_g1382__1297/CIN                                         +0    5345   
MULT_CPA_1_g1382__1297/COUT      ADDF_E            1  19.5  139  +152    5496 F 
MULT_CPA_1_g1381__1237/CIN                                         +0    5496   
MULT_CPA_1_g1381__1237/COUT      ADDF_E            1  19.5  137  +152    5648 F 
MULT_CPA_1_g1380__2007/CIN                                         +0    5648   
MULT_CPA_1_g1380__2007/COUT      ADDF_E            1  19.5  137  +152    5800 F 
MULT_CPA_1_g1379__3779/CIN                                         +0    5800   
MULT_CPA_1_g1379__3779/COUT      ADDF_E            1  19.5  139  +151    5951 F 
MULT_CPA_1_g1378__4599/CIN                                         +0    5951   
MULT_CPA_1_g1378__4599/COUT      ADDF_E            1  19.5  139  +152    6103 F 
MULT_CPA_1_g1377__3717/CIN                                         +0    6103   
MULT_CPA_1_g1377__3717/COUT      ADDF_E            1  18.2  136  +149    6252 F 
MULT_CPA_1_g1376__1377/B                                           +0    6252   
MULT_CPA_1_g1376__1377/Z         XOR2_C            1   8.8  136  +113    6365 R 
OutputVector[39]            <<<  out port                          +0    6365 R 
(booth.sdc_line_12)              ext delay                       +200    6565 R 
- - - - - - - - - - - - - - - - - - - - - - - - - - - - - - - - - - - - - - - - 
(clock clk)                      capture                                20000 R 
--------------------------------------------------------------------------------
Cost Group   : 'clk' (path_group 'clk')
Timing slack :   13435ps 
Start-point  : InputVector[0]
End-point    : OutputVector[39]
