============================================================
  Generated by:           Genus(TM) Synthesis Solution 16.24-s065_1
  Generated on:           Nov 27 2019  07:40:07 pm
  Module:                 booth
  Technology libraries:   PnomV180T025_STD_CELL_7RF 
                          physical_cells 
  Operating conditions:   _nominal_ 
  Interconnect mode:      global
  Area mode:              physical library
============================================================

           Pin                    Type      Fanout  Load Slew Delay Arrival   
                                                    (fF) (ps)  (ps)   (ps)    
------------------------------------------------------------------------------
(clock clk)                      launch                                   0 R 
(booth.sdc_line_11_19_1)         ext delay                     +100     100 F 
InputVector[0]                   in port         9 108.3    0    +0     100 F 
g616__3717/B                                                     +0     100   
g616__3717/Z                     NOR2_E          2  37.5  153   +99     199 R 
g615/A                                                           +0     199   
g615/Z                           INVERT_F        1  19.5   58   +33     232 F 
g613__8867/A                                                     +0     232   
g613__8867/Z                     NOR2_E          2  37.5  165  +102     334 R 
g608__7837/B                                                     +0     334   
g608__7837/Z                     XNOR2_C         5  72.0  489  +294     628 R 
MULT_g2848__2833/B                                               +0     628   
MULT_g2848__2833/Z               XOR2_C          2  35.1  287  +177     805 R 
MULT_CPA_1_g1351__1279/A                                         +0     805   
MULT_CPA_1_g1351__1279/COUT      ADDF_E          1  19.8  108  +236    1041 R 
MULT_CPA_1_g1350__3457/CIN                                       +0    1041   
MULT_CPA_1_g1350__3457/COUT      ADDF_E          1  19.8  109  +152    1193 R 
MULT_CPA_1_g1349__9771/CIN                                       +0    1193   
MULT_CPA_1_g1349__9771/COUT      ADDF_E          1  19.8  109  +152    1346 R 
MULT_CPA_1_g1348__2005/CIN                                       +0    1346   
MULT_CPA_1_g1348__2005/COUT      ADDF_E          1  19.8  109  +152    1498 R 
MULT_CPA_1_g1347__1122/CIN                                       +0    1498   
MULT_CPA_1_g1347__1122/COUT      ADDF_E          1  19.8  109  +152    1650 R 
MULT_CPA_1_g1346__2001/CIN                                       +0    1650   
MULT_CPA_1_g1346__2001/COUT      ADDF_E          1  19.8  109  +152    1802 R 
MULT_CPA_1_g1345__5927/CIN                                       +0    1802   
MULT_CPA_1_g1345__5927/COUT      ADDF_E          1  19.8  109  +152    1954 R 
MULT_CPA_1_g1344__6789/CIN                                       +0    1954   
MULT_CPA_1_g1344__6789/COUT      ADDF_E          1  19.8  109  +152    2107 R 
MULT_CPA_1_g1343__1591/CIN                                       +0    2107   
MULT_CPA_1_g1343__1591/COUT      ADDF_E          1  19.8  109  +152    2259 R 
MULT_CPA_1_g1342__9719/CIN                                       +0    2259   
MULT_CPA_1_g1342__9719/COUT      ADDF_E          1  19.8  109  +152    2411 R 
MULT_CPA_1_g1341__3377/CIN                                       +0    2411   
MULT_CPA_1_g1341__3377/COUT      ADDF_E          1  19.8  109  +152    2563 R 
MULT_CPA_1_g1340__9867/CIN                                       +0    2563   
MULT_CPA_1_g1340__9867/COUT      ADDF_E          1  19.8  109  +152    2715 R 
MULT_CPA_1_g1339__7765/CIN                                       +0    2715   
MULT_CPA_1_g1339__7765/COUT      ADDF_E          1  19.8  109  +152    2868 R 
MULT_CPA_1_g1338__7547/CIN                                       +0    2868   
MULT_CPA_1_g1338__7547/COUT      ADDF_E          1  19.8  109  +152    3020 R 
MULT_CPA_1_g1337__2833/CIN                                       +0    3020   
MULT_CPA_1_g1337__2833/COUT      ADDF_E          1  19.8  109  +152    3172 R 
MULT_CPA_1_g1336__2006/CIN                                       +0    3172   
MULT_CPA_1_g1336__2006/COUT      ADDF_E          1  19.8  109  +152    3324 R 
MULT_CPA_1_g1335__1297/CIN                                       +0    3324   
MULT_CPA_1_g1335__1297/COUT      ADDF_E          1  19.8  109  +152    3476 R 
MULT_CPA_1_g1334__1237/CIN                                       +0    3476   
MULT_CPA_1_g1334__1237/COUT      ADDF_E          1  19.8  109  +152    3629 R 
MULT_CPA_1_g1333__2007/CIN                                       +0    3629   
MULT_CPA_1_g1333__2007/COUT      ADDF_E          1  19.8  109  +152    3781 R 
MULT_CPA_1_g1332__3779/CIN                                       +0    3781   
MULT_CPA_1_g1332__3779/COUT      ADDF_E          1  19.8  109  +152    3933 R 
MULT_CPA_1_g1331__4599/CIN                                       +0    3933   
MULT_CPA_1_g1331__4599/COUT      ADDF_E          1  19.8  109  +152    4085 R 
MULT_CPA_1_g1330__3717/CIN                                       +0    4085   
MULT_CPA_1_g1330__3717/COUT      ADDF_E          1  19.8  109  +152    4237 R 
MULT_CPA_1_g1329__1377/CIN                                       +0    4237   
MULT_CPA_1_g1329__1377/COUT      ADDF_E          1  19.8  109  +152    4390 R 
MULT_CPA_1_g1328__8867/CIN                                       +0    4390   
MULT_CPA_1_g1328__8867/COUT      ADDF_E          1  19.8  109  +152    4542 R 
MULT_CPA_1_g1327__7654/CIN                                       +0    4542   
MULT_CPA_1_g1327__7654/COUT      ADDF_E          1  19.8  109  +152    4694 R 
MULT_CPA_1_g1326__7557/CIN                                       +0    4694   
MULT_CPA_1_g1326__7557/COUT      ADDF_E          1  19.8  109  +152    4846 R 
MULT_CPA_1_g1325__7837/CIN                                       +0    4846   
MULT_CPA_1_g1325__7837/COUT      ADDF_E          1  19.8  109  +152    4998 R 
MULT_CPA_1_g1324__6179/CIN                                       +0    4998   
MULT_CPA_1_g1324__6179/COUT      ADDF_E          1  19.8  109  +152    5151 R 
MULT_CPA_1_g1323__1279/CIN                                       +0    5151   
MULT_CPA_1_g1323__1279/COUT      ADDF_E          1  19.8  109  +152    5303 R 
MULT_CPA_1_g1322__3457/CIN                                       +0    5303   
MULT_CPA_1_g1322__3457/COUT      ADDF_E          1  20.6  112  +154    5457 R 
MULT_CPA_1_g2__7654/B                                            +0    5457   
MULT_CPA_1_g2__7654/Z            XNOR2_C         1   8.8  145  +112    5569 R 
OutputVector[38]            <<<  out port                        +0    5569 R 
(booth.sdc_line_12_21_1)         ext delay                     +200    5769 R 
- - - - - - - - - - - - - - - - - - - - - - - - - - - - - - - - - - - - - - - 
(clock clk)                      capture                              20000 R 
------------------------------------------------------------------------------
Cost Group   : 'clk' (path_group 'clk')
Timing slack :   14231ps 
Start-point  : InputVector[0]
End-point    : OutputVector[38]
