============================================================
  Generated by:           Genus(TM) Synthesis Solution 16.24-s065_1
  Generated on:           Nov 21 2019  05:17:45 pm
  Module:                 DivideConquer_2b_C1
  Technology libraries:   PnomV180T025_STD_CELL_7RF 
                          physical_cells 
  Operating conditions:   _nominal_ 
  Interconnect mode:      global
  Area mode:              physical library
============================================================

               Pin                        Type      Fanout Load Slew Delay Arrival   
                                                           (fF) (ps)  (ps)   (ps)    
-------------------------------------------------------------------------------------
(clock clk)                              launch                                  0 R 
(DivideConquer_2b_C1._line_11_19_1)      ext delay                    +100     100 F 
X[0]                                     in port         6 80.4    0    +0     100 F 
const_mul_74_14/A[0] 
  g1046__8867/B                                                         +0     100   
  g1046__8867/Z                          NOR2_E          2 36.5  150   +98     198 R 
  g1026__2006/A                                                         +0     198   
  g1026__2006/COUT                       ADDF_E          1 19.8  110  +225     423 R 
  g1025__1297/CIN                                                       +0     423   
  g1025__1297/COUT                       ADDF_E          1 19.8  109  +152     575 R 
  g1024__1237/CIN                                                       +0     575   
  g1024__1237/COUT                       ADDF_E          1 19.8  109  +152     728 R 
  g1023__2007/CIN                                                       +0     728   
  g1023__2007/COUT                       ADDF_E          1 19.8  109  +152     880 R 
  g1022__3779/CIN                                                       +0     880   
  g1022__3779/COUT                       ADDF_E          1 19.8  109  +152    1032 R 
  g1021__4599/CIN                                                       +0    1032   
  g1021__4599/COUT                       ADDF_E          1 19.8  109  +152    1184 R 
  g1020__3717/CIN                                                       +0    1184   
  g1020__3717/SUM                        ADDF_E          2 30.8  117  +180    1364 F 
const_mul_74_14/Z[14] 
g1169__2001/B                                                           +0    1364   
g1169__2001/Z                            XOR2_C          2 29.2  231  +167    1532 R 
g1125__2007/A                                                           +0    1532   
g1125__2007/Z                            XNOR2_C         2 27.6  200  +141    1672 F 
g1116__7557/B                                                           +0    1672   
g1116__7557/Z                            XOR2_C          2 27.3  180  +159    1831 F 
g1103__1591/A1                                                          +0    1831   
g1103__1591/Z                            OAI22_B         2 31.1  383  +214    2045 R 
g1095__1297/A2                                                          +0    2045   
g1095__1297/Z                            AOI22_C         2 27.3  188  +110    2155 F 
g1090__3717/A1                                                          +0    2155   
g1090__3717/Z                            OAI22_B         1 19.8  278  +166    2321 R 
g1185/CIN                                                               +0    2321   
g1185/COUT                               ADDF_E          1 19.8  111  +166    2487 R 
g1184/CIN                                                               +0    2487   
g1184/COUT                               ADDF_E          1 19.8  109  +152    2639 R 
g1183/CIN                                                               +0    2639   
g1183/COUT                               ADDF_E          1 19.8  109  +152    2791 R 
g2/CIN                                                                  +0    2791   
g2/COUT                                  ADDF_E          2 32.5  156  +176    2968 R 
g1080__2005/A1                                                          +0    2968   
g1080__2005/Z                            AO22_H          2 32.5   87  +123    3091 R 
g1078__2001/A1                                                          +0    3091   
g1078__2001/Z                            AO22_H          2 32.5   87  +116    3207 R 
g1076__6789/A1                                                          +0    3207   
g1076__6789/Z                            AO22_H          2 32.5   87  +116    3323 R 
g1074__9719/A1                                                          +0    3323   
g1074__9719/Z                            AO22_H          2 32.5   87  +116    3439 R 
g1072__9867/A1                                                          +0    3439   
g1072__9867/Z                            AO22_H          2 32.5   87  +116    3555 R 
g1070__7547/A1                                                          +0    3555   
g1070__7547/Z                            AO22_H          2 32.5   87  +116    3671 R 
g1068__2006/A1                                                          +0    3671   
g1068__2006/Z                            AO22_H          2 31.3   85  +115    3786 R 
g1066__1237/A1                                                          +0    3786   
g1066__1237/Z                            AOI22_C         1 18.2  138   +76    3862 F 
g1065__2007/B                                                           +0    3862   
g1065__2007/Z                            XOR2_C          1  8.8  142  +113    3975 R 
S[39]                               <<<  out port                       +0    3975 R 
(DivideConquer_2b_C1._line_12)           ext delay                    +200    4175 R 
- - - - - - - - - - - - - - - - - - - - - - - - - - - - - - - - - - - - - - - - - - -
(clock clk)                              capture                             20000 R 
-------------------------------------------------------------------------------------
Cost Group   : 'clk' (path_group 'clk')
Timing slack :   15825ps 
Start-point  : X[0]
End-point    : S[39]
