============================================================
  Generated by:           Genus(TM) Synthesis Solution 16.24-s065_1
  Generated on:           Nov 27 2019  07:36:47 pm
  Module:                 booth
  Technology libraries:   PnomV180T025_STD_CELL_7RF 
                          physical_cells 
  Operating conditions:   _nominal_ 
  Interconnect mode:      global
  Area mode:              physical library
============================================================

           Pin                    Type      Fanout Load Slew Delay Arrival   
                                                   (fF) (ps)  (ps)   (ps)    
-----------------------------------------------------------------------------
(clock clk)                      launch                                  0 R 
(booth.sdc_line_11_19_1)         ext delay                    +100     100 R 
InputVector[0]                   in port         6 82.7    0    +0     100 R 
g5162/A                                                         +0     100   
g5162/Z                          INVERT_F        4 57.3   60   +58     158 F 
g5153__1591/A                                                   +0     158   
g5153__1591/Z                    NOR2_E          5 68.7  263  +149     308 R 
g5150__9867/B                                                   +0     308   
g5150__9867/Z                    AOI21_C         5 66.2  392  +285     593 F 
g5145__1297/A                                                   +0     593   
g5145__1297/Z                    NOR2_E          3 42.7  259  +173     766 R 
g5139__3717/B                                                   +0     766   
g5139__3717/Z                    AOI21_C         2 31.8  271  +198     964 F 
g5122__1591/B                                                   +0     964   
g5122__1591/Z                    AO21_H          1 16.9   66   +98    1062 F 
g5106__1377/B                                                   +0    1062   
g5106__1377/Z                    OAI21_C         2 27.3  307  +120    1182 R 
g5032__5927/A                                                   +0    1182   
g5032__5927/Z                    XOR2_C          1 19.8  220  +152    1334 R 
MULT_CPA_1_g1451__1279/CIN                                      +0    1334   
MULT_CPA_1_g1451__1279/COUT      ADDF_E          1 19.8  110  +161    1495 R 
MULT_CPA_1_g1450__3457/CIN                                      +0    1495   
MULT_CPA_1_g1450__3457/COUT      ADDF_E          1 19.8  109  +152    1647 R 
MULT_CPA_1_g1449__9771/CIN                                      +0    1647   
MULT_CPA_1_g1449__9771/COUT      ADDF_E          1 19.8  109  +152    1799 R 
MULT_CPA_1_g1448__2005/CIN                                      +0    1799   
MULT_CPA_1_g1448__2005/COUT      ADDF_E          1 19.8  109  +152    1952 R 
MULT_CPA_1_g1447__1122/CIN                                      +0    1952   
MULT_CPA_1_g1447__1122/COUT      ADDF_E          1 19.8  109  +152    2104 R 
MULT_CPA_1_g1446__2001/CIN                                      +0    2104   
MULT_CPA_1_g1446__2001/COUT      ADDF_E          1 19.8  109  +152    2256 R 
MULT_CPA_1_g1445__5927/CIN                                      +0    2256   
MULT_CPA_1_g1445__5927/COUT      ADDF_E          1 19.8  109  +152    2408 R 
MULT_CPA_1_g1444__6789/CIN                                      +0    2408   
MULT_CPA_1_g1444__6789/COUT      ADDF_E          1 19.8  109  +152    2560 R 
MULT_CPA_1_g1443__1591/CIN                                      +0    2560   
MULT_CPA_1_g1443__1591/COUT      ADDF_E          1 19.8  109  +152    2712 R 
MULT_CPA_1_g1442__9719/CIN                                      +0    2712   
MULT_CPA_1_g1442__9719/COUT      ADDF_E          1 19.8  109  +152    2865 R 
MULT_CPA_1_g1441__3377/CIN                                      +0    2865   
MULT_CPA_1_g1441__3377/COUT      ADDF_E          1 19.8  109  +152    3017 R 
MULT_CPA_1_g1440__9867/CIN                                      +0    3017   
MULT_CPA_1_g1440__9867/COUT      ADDF_E          1 19.8  109  +152    3169 R 
MULT_CPA_1_g1439__7765/CIN                                      +0    3169   
MULT_CPA_1_g1439__7765/COUT      ADDF_E          1 19.8  109  +152    3321 R 
MULT_CPA_1_g1438__7547/CIN                                      +0    3321   
MULT_CPA_1_g1438__7547/COUT      ADDF_E          1 19.8  109  +152    3474 R 
MULT_CPA_1_g1437__2833/CIN                                      +0    3474   
MULT_CPA_1_g1437__2833/COUT      ADDF_E          1 19.8  109  +152    3626 R 
MULT_CPA_1_g1436__2006/CIN                                      +0    3626   
MULT_CPA_1_g1436__2006/COUT      ADDF_E          1 19.8  109  +152    3778 R 
MULT_CPA_1_g1435__1297/CIN                                      +0    3778   
MULT_CPA_1_g1435__1297/COUT      ADDF_E          1 19.8  109  +152    3930 R 
MULT_CPA_1_g1434__1237/CIN                                      +0    3930   
MULT_CPA_1_g1434__1237/COUT      ADDF_E          1 19.8  109  +152    4082 R 
MULT_CPA_1_g1433__2007/CIN                                      +0    4082   
MULT_CPA_1_g1433__2007/COUT      ADDF_E          1 19.8  109  +152    4234 R 
MULT_CPA_1_g1432__3779/CIN                                      +0    4234   
MULT_CPA_1_g1432__3779/COUT      ADDF_E          1 19.8  109  +152    4387 R 
MULT_CPA_1_g1431__4599/CIN                                      +0    4387   
MULT_CPA_1_g1431__4599/COUT      ADDF_E          1 19.8  109  +152    4539 R 
MULT_CPA_1_g1430__3717/CIN                                      +0    4539   
MULT_CPA_1_g1430__3717/COUT      ADDF_E          1 19.8  109  +152    4691 R 
MULT_CPA_1_g1429__1377/CIN                                      +0    4691   
MULT_CPA_1_g1429__1377/COUT      ADDF_E          1 19.8  109  +152    4843 R 
MULT_CPA_1_g1428__8867/CIN                                      +0    4843   
MULT_CPA_1_g1428__8867/COUT      ADDF_E          1 19.8  109  +152    4996 R 
MULT_CPA_1_g1427__7654/CIN                                      +0    4996   
MULT_CPA_1_g1427__7654/COUT      ADDF_E          1 19.8  109  +152    5148 R 
MULT_CPA_1_g1426__7557/CIN                                      +0    5148   
MULT_CPA_1_g1426__7557/COUT      ADDF_E          1 19.8  109  +152    5300 R 
MULT_CPA_1_g1425__7837/CIN                                      +0    5300   
MULT_CPA_1_g1425__7837/COUT      ADDF_E          1 19.8  109  +152    5452 R 
MULT_CPA_1_g1424__6179/CIN                                      +0    5452   
MULT_CPA_1_g1424__6179/COUT      ADDF_E          1 19.8  109  +152    5604 R 
MULT_CPA_1_g1423__1279/CIN                                      +0    5604   
MULT_CPA_1_g1423__1279/COUT      ADDF_E          1 19.8  109  +152    5756 R 
MULT_CPA_1_g1422__3457/CIN                                      +0    5756   
MULT_CPA_1_g1422__3457/COUT      ADDF_E          1 19.8  109  +152    5909 R 
MULT_CPA_1_g1421__9771/CIN                                      +0    5909   
MULT_CPA_1_g1421__9771/COUT      ADDF_E          1 19.8  109  +152    6061 R 
MULT_CPA_1_g1420__2005/CIN                                      +0    6061   
MULT_CPA_1_g1420__2005/COUT      ADDF_E          1 19.8  109  +152    6213 R 
MULT_CPA_1_g1419__1122/CIN                                      +0    6213   
MULT_CPA_1_g1419__1122/COUT      ADDF_E          1 18.5  104  +150    6363 R 
MULT_CPA_1_g1418__2001/B                                        +0    6363   
MULT_CPA_1_g1418__2001/Z         XOR2_C          1  8.8  158   +88    6450 R 
OutputVector[39]            <<<  out port                       +0    6450 R 
(booth.sdc_line_12)              ext delay                    +200    6650 R 
- - - - - - - - - - - - - - - - - - - - - - - - - - - - - - - - - - - - - - -
(clock clk)                      capture                             20000 R 
-----------------------------------------------------------------------------
Cost Group   : 'clk' (path_group 'clk')
Timing slack :   13350ps 
Start-point  : InputVector[0]
End-point    : OutputVector[39]
