============================================================
  Generated by:           Genus(TM) Synthesis Solution 16.24-s065_1
  Generated on:           Nov 21 2019  06:36:58 pm
  Module:                 DivideConquer_2b_C1
  Technology libraries:   PnomV180T025_STD_CELL_7RF 
                          physical_cells 
  Operating conditions:   _nominal_ 
  Interconnect mode:      global
  Area mode:              physical library
============================================================

               Pin                        Type      Fanout Load Slew Delay Arrival   
                                                           (fF) (ps)  (ps)   (ps)    
-------------------------------------------------------------------------------------
(clock clk)                              launch                                  0 R 
(DivideConquer_2b_C1._line_11_18_1)      ext delay                    +100     100 F 
X[1]                                     in port         5 73.0    0    +0     100 F 
g4424/A                                                                 +0     100   
g4424/Z                                  INVERT_I        1 16.9   42   +34     134 R 
g4389__2005/B                                                           +0     134   
g4389__2005/COUT                         ADDF_E          2 32.5  156  +268     402 R 
g4383__3377/A                                                           +0     402   
g4383__3377/Z                            NOR2_E          2 31.7  123   +90     492 F 
g4364__8867/A                                                           +0     492   
g4364__8867/Z                            AND2_I          2 30.8   57  +115     607 F 
g4355__2001/A                                                           +0     607   
g4355__2001/Z                            NOR2_E          2 33.2  152   +95     702 R 
g4344__3779/A                                                           +0     702   
g4344__3779/Z                            NAND2_F         3 40.0  105   +71     773 F 
g4335__9771/B                                                           +0     773   
g4335__9771/Z                            OAI21_C         4 57.5  424  +202     975 R 
g4312__7654/B                                                           +0     975   
g4312__7654/Z                            XOR2_C          2 33.2  271  +169    1143 R 
g4434/B                                                                 +0    1143   
g4434/Z                                  XNOR2_C         2 29.2  256  +181    1324 R 
g4281__3779/A                                                           +0    1324   
g4281__3779/Z                            XOR2_C          2 31.3  264  +182    1506 R 
g4258__1591/A1                                                          +0    1506   
g4258__1591/Z                            AOI22_C         2 27.3  191  +115    1620 F 
g4238__7837/A1                                                          +0    1620   
g4238__7837/Z                            OAI22_B         2 29.3  364  +209    1830 R 
g4220__1297/A2                                                          +0    1830   
g4220__1297/Z                            AOI22_C         2 25.6  185  +105    1935 F 
g4205__2001/A1                                                          +0    1935   
g4205__2001/Z                            OAI22_B         2 29.5  368  +208    2143 R 
g4197__1297/A1                                                          +0    2143   
g4197__1297/Z                            AOI22_C         2 30.8  206  +133    2276 F 
g4188__7654/A                                                           +0    2276   
g4188__7654/Z                            XNOR2_C         2 27.6  199  +158    2434 F 
g4183__1122/B                                                           +0    2434   
g4183__1122/Z                            XOR2_C          2 27.3  183  +159    2592 F 
g4171__7765/A1                                                          +0    2592   
g4171__7765/Z                            OAI22_B         1 19.8  284  +165    2757 R 
g4437/CIN                                                               +0    2757   
g4437/COUT                               ADDF_E          2 30.7  151  +187    2944 R 
g4161__1377/A1                                                          +0    2944   
g4161__1377/Z                            AO22_H          2 29.5   86  +120    3064 R 
g4157__7837/A1                                                          +0    3064   
g4157__7837/Z                            AOI22_C         2 27.3  190   +92    3156 F 
g4154__9771/A1                                                          +0    3156   
g4154__9771/Z                            OAI22_B         2 29.5  365  +210    3365 R 
g4149__5927/A1                                                          +0    3365   
g4149__5927/Z                            AOI22_C         2 25.6  187  +120    3485 F 
g4144__9867/A1                                                          +0    3485   
g4144__9867/Z                            OAI22_B         2 35.6  422  +236    3721 R 
g4142__2006/A                                                           +0    3721   
g4142__2006/Z                            NAND2_F         2 33.2  150   +74    3795 F 
g4138__1237/A                                                           +0    3795   
g4138__1237/Z                            NOR2_E          2 33.8  180  +112    3907 R 
g4136__3779/A                                                           +0    3907   
g4136__3779/Z                            NAND2_F         2 33.2  112   +65    3972 F 
g4134__3717/A                                                           +0    3972   
g4134__3717/Z                            NOR2_E          2 33.8  175  +106    4078 R 
g4132__8867/A                                                           +0    4078   
g4132__8867/Z                            NAND2_F         2 33.2  111   +65    4142 F 
g4130__7557/A                                                           +0    4142   
g4130__7557/Z                            NOR2_E          2 29.0  164   +98    4240 R 
g4128__6179/A                                                           +0    4240   
g4128__6179/Z                            AND2_I          2 29.2   71  +112    4351 R 
g4125__9771/B1                                                          +0    4351   
g4125__9771/Z                            AOI22_C         2 27.6  180  +109    4460 F 
g4123__1122/B1                                                          +0    4460   
g4123__1122/Z                            OAI22_B         2 29.5  364  +222    4683 R 
g4121__5927/A1                                                          +0    4683   
g4121__5927/Z                            AOI22_C         2 27.6  194  +125    4808 F 
g4119__1591/B1                                                          +0    4808   
g4119__1591/Z                            OAI22_B         2 29.9  371  +228    5036 R 
g4117__9719/A1                                                          +0    5036   
g4117__9719/Z                            AO22_F          2 32.5  113  +144    5180 R 
g4115__9867/A1                                                          +0    5180   
g4115__9867/Z                            AO22_H          2 32.5   90  +119    5299 R 
g4113__7547/A1                                                          +0    5299   
g4113__7547/Z                            AO22_H          2 32.5   90  +116    5415 R 
g4111__2006/A1                                                          +0    5415   
g4111__2006/Z                            AO22_H          2 32.5   90  +116    5531 R 
g4109__2007/A1                                                          +0    5531   
g4109__2007/Z                            AO22_H          2 32.5   89  +116    5648 R 
g4107__4599/A1                                                          +0    5648   
g4107__4599/Z                            AO22_H          2 32.5   90  +116    5764 R 
g4105__1377/A1                                                          +0    5764   
g4105__1377/Z                            AO22_H          2 31.3   88  +115    5879 R 
g4103__7654/A1                                                          +0    5879   
g4103__7654/Z                            AOI22_C         1 16.5  161   +73    5952 F 
g4102__7557/A                                                           +0    5952   
g4102__7557/Z                            XOR2_C          1 16.5  136  +132    6084 F 
g4101__7837/A                                                           +0    6084   
g4101__7837/Z                            XOR2_C          1  8.8  116  +111    6194 F 
S[39]                               <<<  out port                       +0    6194 F 
(DivideConquer_2b_C1._line_12)           ext delay                    +200    6394 F 
- - - - - - - - - - - - - - - - - - - - - - - - - - - - - - - - - - - - - - - - - - -
(clock clk)                              capture                             20000 R 
-------------------------------------------------------------------------------------
Cost Group   : 'clk' (path_group 'clk')
Timing slack :   13606ps 
Start-point  : X[1]
End-point    : S[39]
