============================================================
  Generated by:           Genus(TM) Synthesis Solution 16.24-s065_1
  Generated on:           Nov 27 2019  07:27:17 pm
  Module:                 booth
  Technology libraries:   PnomV180T025_STD_CELL_7RF 
                          physical_cells 
  Operating conditions:   _nominal_ 
  Interconnect mode:      global
  Area mode:              physical library
============================================================

           Pin                     Type       Fanout  Load Slew Delay Arrival   
                                                      (fF) (ps)  (ps)   (ps)    
--------------------------------------------------------------------------------
(clock clk)                      launch                                     0 R 
(booth.sdc_line_11_19_1)         ext delay                       +100     100 R 
InputVector[0]                   in port          14 192.1    0    +0     100 R 
g618__7654/B                                                       +0     100   
g618__7654/Z                     NOR2_E            2  36.9   95   +83     183 F 
g617/A                                                             +0     183   
g617/Z                           INVERT_F          1  20.3   86   +67     250 R 
g615__7837/A                                                       +0     250   
g615__7837/Z                     NOR2_E            2  37.4  106   +89     339 F 
g613__1279/A                                                       +0     339   
g613__1279/Z                     NAND2_F           2  34.3  122   +90     429 R 
g610__9771/A                                                       +0     429   
g610__9771/Z                     NOR2_E            2  36.9  115   +94     523 F 
g609/A                                                             +0     523   
g609/Z                           INVERT_F          1  20.3   90   +70     593 R 
g607__2005/A                                                       +0     593   
g607__2005/Z                     NOR2_E            2  37.4  107   +90     683 F 
g605__2001/A                                                       +0     683   
g605__2001/Z                     NAND2_F           2  34.3  122   +90     773 R 
g602__6789/A                                                       +0     773   
g602__6789/Z                     NOR2_E            2  36.9  115   +94     867 F 
g601/A                                                             +0     867   
g601/Z                           INVERT_F          1  20.3   90   +70     937 R 
g599__1591/A                                                       +0     937   
g599__1591/Z                     NOR2_E            2  37.4  107   +90    1027 F 
g597__3377/A                                                       +0    1027   
g597__3377/Z                     NAND2_F           2  30.5  115   +86    1113 R 
g594__7765/A                                                       +0    1113   
g594__7765/Z                     NOR2_E            2  30.6  102   +84    1197 F 
g593/A                                                             +0    1197   
g593/Z                           INVERT_E          1  20.3  116   +87    1283 R 
g591__7547/A                                                       +0    1283   
g591__7547/Z                     NOR2_E            2  37.4  114   +93    1377 F 
g589__2006/A                                                       +0    1377   
g589__2006/Z                     NAND2_F           2  34.3  124   +92    1469 R 
g586__1237/A                                                       +0    1469   
g586__1237/Z                     NOR2_E            2  30.6  104   +85    1554 F 
g585/A                                                             +0    1554   
g585/Z                           INVERT_E          1  20.3  117   +87    1641 R 
g583__2007/A                                                       +0    1641   
g583__2007/Z                     NOR2_E            2  37.4  115   +93    1734 F 
g581__4599/A                                                       +0    1734   
g581__4599/Z                     NAND2_F           2  30.5  116   +88    1822 R 
g578__1377/A                                                       +0    1822   
g578__1377/Z                     NOR2_E            2  37.4  114   +93    1915 F 
g576__8867/A                                                       +0    1915   
g576__8867/Z                     NAND2_F           2  34.3  124   +92    2007 R 
g573__7557/A                                                       +0    2007   
g573__7557/Z                     NOR2_E            1  17.4   79   +65    2072 F 
g571__7837/B                                                       +0    2072   
g571__7837/Z                     XNOR2_F          20 270.5  538  +423    2496 F 
MULT_g14001__1591/A                                                +0    2496   
MULT_g14001__1591/Z              NAND2_F          18 315.8  840  +538    3034 R 
MULT_g13981/A                                                      +0    3034   
MULT_g13981/Z                    INVERTBAL_H       1  14.4  173   +56    3090 F 
g14061/B                                                           +0    3090   
g14061/Z                         NOR2_C            2  33.0  364  +174    3264 R 
MULT_g13904/A                                                      +0    3264   
MULT_g13904/Z                    INVERT_F          5  79.8  164   +95    3360 F 
MULT_g13784__2005/B                                                +0    3360   
MULT_g13784__2005/Z              XOR2_C            3  43.9  249  +190    3550 F 
MULT_g13650__7547/B                                                +0    3550   
MULT_g13650__7547/Z              XOR2_C            1  19.8  246  +168    3718 R 
MULT_g13453__5927/CIN                                              +0    3718   
MULT_g13453__5927/SUM            ADDF_E            1  19.5   97  +193    3912 F 
MULT_g13351__3717/CIN                                              +0    3912   
MULT_g13351__3717/SUM            ADDF_E            1  21.1  117  +169    4081 R 
MULT_g13296__1237/A                                                +0    4081   
MULT_g13296__1237/SUM            ADDF_E            1  21.1  117  +231    4312 R 
MULT_g13270__2006/A                                                +0    4312   
MULT_g13270__2006/SUM            ADDF_E            1  20.9   98  +204    4516 F 
MULT_CPA_1_g1351__7765/A                                           +0    4516   
MULT_CPA_1_g1351__7765/COUT      ADDF_E            1  19.5  139  +239    4755 F 
MULT_CPA_1_g1350__7547/CIN                                         +0    4755   
MULT_CPA_1_g1350__7547/COUT      ADDF_E            1  19.5  137  +152    4907 F 
MULT_CPA_1_g1349__2833/CIN                                         +0    4907   
MULT_CPA_1_g1349__2833/COUT      ADDF_E            1  19.5  139  +151    5058 F 
MULT_CPA_1_g1348__2006/CIN                                         +0    5058   
MULT_CPA_1_g1348__2006/COUT      ADDF_E            1  19.5  139  +152    5210 F 
MULT_CPA_1_g1347__1297/CIN                                         +0    5210   
MULT_CPA_1_g1347__1297/COUT      ADDF_E            1  19.5  137  +152    5362 F 
MULT_CPA_1_g1346__1237/CIN                                         +0    5362   
MULT_CPA_1_g1346__1237/COUT      ADDF_E            1  19.5  139  +151    5513 F 
MULT_CPA_1_g1345__2007/CIN                                         +0    5513   
MULT_CPA_1_g1345__2007/COUT      ADDF_E            1  19.5  139  +152    5665 F 
MULT_CPA_1_g1344__3779/CIN                                         +0    5665   
MULT_CPA_1_g1344__3779/COUT      ADDF_E            1  19.5  139  +152    5817 F 
MULT_CPA_1_g1343__4599/CIN                                         +0    5817   
MULT_CPA_1_g1343__4599/COUT      ADDF_E            1  19.5  139  +152    5969 F 
MULT_CPA_1_g1342__3717/CIN                                         +0    5969   
MULT_CPA_1_g1342__3717/COUT      ADDF_E            1  19.5  139  +152    6120 F 
MULT_CPA_1_g1341__1377/CIN                                         +0    6120   
MULT_CPA_1_g1341__1377/COUT      ADDF_E            1  19.5  139  +152    6272 F 
MULT_CPA_1_g1340__8867/CIN                                         +0    6272   
MULT_CPA_1_g1340__8867/COUT      ADDF_E            1  19.5  139  +152    6424 F 
MULT_CPA_1_g1339__7654/CIN                                         +0    6424   
MULT_CPA_1_g1339__7654/COUT      ADDF_E            1  19.5  137  +152    6576 F 
MULT_CPA_1_g1338__7557/CIN                                         +0    6576   
MULT_CPA_1_g1338__7557/COUT      ADDF_E            1  19.5  139  +151    6727 F 
MULT_CPA_1_g1337__7837/CIN                                         +0    6727   
MULT_CPA_1_g1337__7837/COUT      ADDF_E            1  19.5  139  +152    6879 F 
MULT_CPA_1_g1336__6179/CIN                                         +0    6879   
MULT_CPA_1_g1336__6179/COUT      ADDF_E            1  19.5  139  +152    7031 F 
MULT_CPA_1_g1335__1279/CIN                                         +0    7031   
MULT_CPA_1_g1335__1279/COUT      ADDF_E            1  18.2  138  +149    7180 F 
MULT_CPA_1_g1334__3457/B                                           +0    7180   
MULT_CPA_1_g1334__3457/Z         XOR2_C            1   8.8  139  +113    7293 R 
OutputVector[39]            <<<  out port                          +0    7293 R 
(booth.sdc_line_12)              ext delay                       +200    7493 R 
- - - - - - - - - - - - - - - - - - - - - - - - - - - - - - - - - - - - - - - - 
(clock clk)                      capture                                20000 R 
--------------------------------------------------------------------------------
Cost Group   : 'clk' (path_group 'clk')
Timing slack :   12507ps 
Start-point  : InputVector[0]
End-point    : OutputVector[39]
