TimeQuest Timing Analyzer report for cap10
Wed Oct 23 19:25:05 2019
Quartus II 64-Bit Version 12.1 Build 177 11/07/2012 SJ Web Edition


---------------------
; Table of Contents ;
---------------------
  1. Legal Notice
  2. TimeQuest Timing Analyzer Summary
  3. Parallel Compilation
  4. Clocks
  5. Slow Model Fmax Summary
  6. Slow Model Setup Summary
  7. Slow Model Hold Summary
  8. Slow Model Recovery Summary
  9. Slow Model Removal Summary
 10. Slow Model Minimum Pulse Width Summary
 11. Propagation Delay
 12. Minimum Propagation Delay
 13. Fast Model Setup Summary
 14. Fast Model Hold Summary
 15. Fast Model Recovery Summary
 16. Fast Model Removal Summary
 17. Fast Model Minimum Pulse Width Summary
 18. Propagation Delay
 19. Minimum Propagation Delay
 20. Multicorner Timing Analysis Summary
 21. Progagation Delay
 22. Minimum Progagation Delay
 23. Clock Transfers
 24. Report TCCS
 25. Report RSKM
 26. Unconstrained Paths
 27. TimeQuest Timing Analyzer Messages



----------------
; Legal Notice ;
----------------
Copyright (C) 1991-2012 Altera Corporation
Your use of Altera Corporation's design tools, logic functions 
and other software and tools, and its AMPP partner logic 
functions, and any output files from any of the foregoing 
(including device programming or simulation files), and any 
associated documentation or information are expressly subject 
to the terms and conditions of the Altera Program License 
Subscription Agreement, Altera MegaCore Function License 
Agreement, or other applicable license agreement, including, 
without limitation, that your use is for the sole purpose of 
programming logic devices manufactured by Altera and sold by 
Altera or its authorized distributors.  Please refer to the 
applicable agreement for further details.



+-----------------------------------------------------------------------+
; TimeQuest Timing Analyzer Summary                                     ;
+--------------------+--------------------------------------------------+
; Quartus II Version ; Version 12.1 Build 177 11/07/2012 SJ Web Edition ;
; Revision Name      ; cap10                                            ;
; Device Family      ; Cyclone II                                       ;
; Device Name        ; EP2C35F672C6                                     ;
; Timing Models      ; Final                                            ;
; Delay Model        ; Combined                                         ;
; Rise/Fall Delays   ; Unavailable                                      ;
+--------------------+--------------------------------------------------+


Parallel compilation was disabled, but you have multiple processors available. Enable parallel compilation to reduce compilation time.
+-------------------------------------+
; Parallel Compilation                ;
+----------------------------+--------+
; Processors                 ; Number ;
+----------------------------+--------+
; Number detected on machine ; 4      ;
; Maximum allowed            ; 1      ;
+----------------------------+--------+


----------
; Clocks ;
----------
No clocks to report.


---------------------------
; Slow Model Fmax Summary ;
---------------------------
No paths to report.


----------------------------
; Slow Model Setup Summary ;
----------------------------
No paths to report.


---------------------------
; Slow Model Hold Summary ;
---------------------------
No paths to report.


-------------------------------
; Slow Model Recovery Summary ;
-------------------------------
No paths to report.


------------------------------
; Slow Model Removal Summary ;
------------------------------
No paths to report.


------------------------------------------
; Slow Model Minimum Pulse Width Summary ;
------------------------------------------
No paths to report.


+--------------------------------------------------------------+
; Propagation Delay                                            ;
+------------+-------------+--------+--------+--------+--------+
; Input Port ; Output Port ; RR     ; RF     ; FR     ; FF     ;
+------------+-------------+--------+--------+--------+--------+
; SW[0]      ; LEDR[0]     ; 9.339  ; 9.339  ; 9.339  ; 9.339  ;
; SW[0]      ; LEDR[1]     ; 11.077 ; 11.077 ; 11.077 ; 11.077 ;
; SW[0]      ; LEDR[2]     ; 12.130 ; 12.130 ; 12.130 ; 12.130 ;
; SW[0]      ; LEDR[3]     ; 11.776 ; 11.776 ; 11.776 ; 11.776 ;
; SW[0]      ; LEDR[4]     ; 13.394 ; 13.394 ; 13.394 ; 13.394 ;
; SW[0]      ; LEDR[5]     ; 13.377 ; 13.377 ; 13.377 ; 13.377 ;
; SW[0]      ; LEDR[6]     ; 15.208 ; 15.208 ; 15.208 ; 15.208 ;
; SW[0]      ; LEDR[7]     ; 15.800 ; 15.800 ; 15.800 ; 15.800 ;
; SW[0]      ; LEDR[8]     ; 15.065 ; 15.065 ; 15.065 ; 15.065 ;
; SW[0]      ; LEDR[9]     ; 15.657 ; 15.657 ; 15.657 ; 15.657 ;
; SW[0]      ; LEDR[10]    ; 16.230 ; 16.230 ; 16.230 ; 16.230 ;
; SW[0]      ; LEDR[11]    ; 16.269 ; 16.269 ; 16.269 ; 16.269 ;
; SW[1]      ; LEDR[1]     ; 11.181 ; 11.181 ; 11.181 ; 11.181 ;
; SW[1]      ; LEDR[2]     ; 12.300 ; 12.300 ; 12.300 ; 12.300 ;
; SW[1]      ; LEDR[3]     ; 11.946 ; 11.946 ; 11.946 ; 11.946 ;
; SW[1]      ; LEDR[4]     ; 13.282 ; 13.282 ; 13.282 ; 13.282 ;
; SW[1]      ; LEDR[5]     ; 13.265 ; 13.265 ; 13.265 ; 13.265 ;
; SW[1]      ; LEDR[6]     ; 15.096 ; 15.096 ; 15.096 ; 15.096 ;
; SW[1]      ; LEDR[7]     ; 15.688 ; 15.688 ; 15.688 ; 15.688 ;
; SW[1]      ; LEDR[8]     ; 14.953 ; 14.953 ; 14.953 ; 14.953 ;
; SW[1]      ; LEDR[9]     ; 15.545 ; 15.545 ; 15.545 ; 15.545 ;
; SW[1]      ; LEDR[10]    ; 16.118 ; 16.118 ; 16.118 ; 16.118 ;
; SW[1]      ; LEDR[11]    ; 16.157 ; 16.157 ; 16.157 ; 16.157 ;
; SW[2]      ; LEDR[2]     ; 11.646 ; 11.646 ; 11.646 ; 11.646 ;
; SW[2]      ; LEDR[3]     ; 11.292 ; 11.292 ; 11.292 ; 11.292 ;
; SW[2]      ; LEDR[4]     ; 13.092 ; 13.092 ; 13.092 ; 13.092 ;
; SW[2]      ; LEDR[5]     ; 13.075 ; 13.075 ; 13.075 ; 13.075 ;
; SW[2]      ; LEDR[6]     ; 14.906 ; 14.906 ; 14.906 ; 14.906 ;
; SW[2]      ; LEDR[7]     ; 15.498 ; 15.498 ; 15.498 ; 15.498 ;
; SW[2]      ; LEDR[8]     ; 14.763 ; 14.763 ; 14.763 ; 14.763 ;
; SW[2]      ; LEDR[9]     ; 15.355 ; 15.355 ; 15.355 ; 15.355 ;
; SW[2]      ; LEDR[10]    ; 15.928 ; 15.928 ; 15.928 ; 15.928 ;
; SW[2]      ; LEDR[11]    ; 15.967 ; 15.967 ; 15.967 ; 15.967 ;
; SW[3]      ; LEDR[3]     ; 9.772  ; 9.772  ; 9.772  ; 9.772  ;
; SW[3]      ; LEDR[4]     ; 12.006 ; 12.006 ; 12.006 ; 12.006 ;
; SW[3]      ; LEDR[5]     ; 11.997 ; 11.997 ; 11.997 ; 11.997 ;
; SW[3]      ; LEDR[6]     ; 13.828 ; 13.828 ; 13.828 ; 13.828 ;
; SW[3]      ; LEDR[7]     ; 14.420 ; 14.420 ; 14.420 ; 14.420 ;
; SW[3]      ; LEDR[8]     ; 13.685 ; 13.685 ; 13.685 ; 13.685 ;
; SW[3]      ; LEDR[9]     ; 14.277 ; 14.277 ; 14.277 ; 14.277 ;
; SW[3]      ; LEDR[10]    ; 14.850 ; 14.850 ; 14.850 ; 14.850 ;
; SW[3]      ; LEDR[11]    ; 14.889 ; 14.889 ; 14.889 ; 14.889 ;
; SW[4]      ; LEDR[4]     ; 11.022 ; 11.022 ; 11.022 ; 11.022 ;
; SW[4]      ; LEDR[5]     ; 12.089 ; 12.089 ; 12.089 ; 12.089 ;
; SW[4]      ; LEDR[6]     ; 13.920 ; 13.920 ; 13.920 ; 13.920 ;
; SW[4]      ; LEDR[7]     ; 14.512 ; 14.512 ; 14.512 ; 14.512 ;
; SW[4]      ; LEDR[8]     ; 13.777 ; 13.777 ; 13.777 ; 13.777 ;
; SW[4]      ; LEDR[9]     ; 14.369 ; 14.369 ; 14.369 ; 14.369 ;
; SW[4]      ; LEDR[10]    ; 14.942 ; 14.942 ; 14.942 ; 14.942 ;
; SW[4]      ; LEDR[11]    ; 14.981 ; 14.981 ; 14.981 ; 14.981 ;
; SW[5]      ; LEDR[5]     ; 10.950 ; 10.950 ; 10.950 ; 10.950 ;
; SW[5]      ; LEDR[6]     ; 12.781 ; 12.781 ; 12.781 ; 12.781 ;
; SW[5]      ; LEDR[7]     ; 13.373 ; 13.373 ; 13.373 ; 13.373 ;
; SW[5]      ; LEDR[8]     ; 12.638 ; 12.638 ; 12.638 ; 12.638 ;
; SW[5]      ; LEDR[9]     ; 13.230 ; 13.230 ; 13.230 ; 13.230 ;
; SW[5]      ; LEDR[10]    ; 13.803 ; 13.803 ; 13.803 ; 13.803 ;
; SW[5]      ; LEDR[11]    ; 13.842 ; 13.842 ; 13.842 ; 13.842 ;
; SW[6]      ; LEDR[6]     ; 11.196 ; 11.196 ; 11.196 ; 11.196 ;
; SW[6]      ; LEDR[7]     ; 11.891 ; 11.891 ; 11.891 ; 11.891 ;
; SW[6]      ; LEDR[8]     ; 11.157 ; 11.157 ; 11.157 ; 11.157 ;
; SW[6]      ; LEDR[9]     ; 11.749 ; 11.749 ; 11.749 ; 11.749 ;
; SW[6]      ; LEDR[10]    ; 12.322 ; 12.322 ; 12.322 ; 12.322 ;
; SW[6]      ; LEDR[11]    ; 12.361 ; 12.361 ; 12.361 ; 12.361 ;
; SW[7]      ; LEDR[7]     ; 12.327 ; 12.327 ; 12.327 ; 12.327 ;
; SW[7]      ; LEDR[8]     ; 11.593 ; 11.593 ; 11.593 ; 11.593 ;
; SW[7]      ; LEDR[9]     ; 12.185 ; 12.185 ; 12.185 ; 12.185 ;
; SW[7]      ; LEDR[10]    ; 12.758 ; 12.758 ; 12.758 ; 12.758 ;
; SW[7]      ; LEDR[11]    ; 12.797 ; 12.797 ; 12.797 ; 12.797 ;
; SW[8]      ; LEDR[0]     ; 8.777  ; 8.777  ; 8.777  ; 8.777  ;
; SW[8]      ; LEDR[1]     ; 10.955 ; 10.955 ; 10.955 ; 10.955 ;
; SW[8]      ; LEDR[2]     ; 12.092 ; 12.092 ; 12.092 ; 12.092 ;
; SW[8]      ; LEDR[3]     ; 11.738 ; 11.738 ; 11.738 ; 11.738 ;
; SW[8]      ; LEDR[4]     ; 12.860 ; 12.860 ; 12.860 ; 12.860 ;
; SW[8]      ; LEDR[5]     ; 12.782 ; 12.782 ; 12.782 ; 12.782 ;
; SW[8]      ; LEDR[6]     ; 14.614 ; 14.614 ; 14.614 ; 14.614 ;
; SW[8]      ; LEDR[7]     ; 15.206 ; 15.206 ; 15.206 ; 15.206 ;
; SW[8]      ; LEDR[8]     ; 14.471 ; 14.471 ; 14.471 ; 14.471 ;
; SW[8]      ; LEDR[9]     ; 15.063 ; 15.063 ; 15.063 ; 15.063 ;
; SW[8]      ; LEDR[10]    ; 15.636 ; 15.636 ; 15.636 ; 15.636 ;
; SW[8]      ; LEDR[11]    ; 15.675 ; 15.675 ; 15.675 ; 15.675 ;
; SW[9]      ; LEDR[1]     ; 11.319 ; 11.319 ; 11.319 ; 11.319 ;
; SW[9]      ; LEDR[2]     ; 12.341 ; 12.341 ; 12.341 ; 12.341 ;
; SW[9]      ; LEDR[3]     ; 11.987 ; 11.987 ; 11.987 ; 11.987 ;
; SW[9]      ; LEDR[4]     ; 13.109 ; 13.109 ; 13.109 ; 13.109 ;
; SW[9]      ; LEDR[5]     ; 13.031 ; 13.031 ; 13.031 ; 13.031 ;
; SW[9]      ; LEDR[6]     ; 14.863 ; 14.863 ; 14.863 ; 14.863 ;
; SW[9]      ; LEDR[7]     ; 15.455 ; 15.455 ; 15.455 ; 15.455 ;
; SW[9]      ; LEDR[8]     ; 14.720 ; 14.720 ; 14.720 ; 14.720 ;
; SW[9]      ; LEDR[9]     ; 15.312 ; 15.312 ; 15.312 ; 15.312 ;
; SW[9]      ; LEDR[10]    ; 15.885 ; 15.885 ; 15.885 ; 15.885 ;
; SW[9]      ; LEDR[11]    ; 15.924 ; 15.924 ; 15.924 ; 15.924 ;
; SW[10]     ; LEDR[0]     ; 8.948  ; 8.948  ; 8.948  ; 8.948  ;
; SW[10]     ; LEDR[1]     ; 10.558 ; 10.558 ; 10.558 ; 10.558 ;
; SW[10]     ; LEDR[2]     ; 11.615 ; 11.615 ; 11.615 ; 11.615 ;
; SW[10]     ; LEDR[3]     ; 11.261 ; 11.261 ; 11.261 ; 11.261 ;
; SW[10]     ; LEDR[4]     ; 12.383 ; 12.383 ; 12.383 ; 12.383 ;
; SW[10]     ; LEDR[5]     ; 12.305 ; 12.305 ; 12.305 ; 12.305 ;
; SW[10]     ; LEDR[6]     ; 14.137 ; 14.137 ; 14.137 ; 14.137 ;
; SW[10]     ; LEDR[7]     ; 14.729 ; 14.729 ; 14.729 ; 14.729 ;
; SW[10]     ; LEDR[8]     ; 13.994 ; 13.994 ; 13.994 ; 13.994 ;
; SW[10]     ; LEDR[9]     ; 14.586 ; 14.586 ; 14.586 ; 14.586 ;
; SW[10]     ; LEDR[10]    ; 15.159 ; 15.159 ; 15.159 ; 15.159 ;
; SW[10]     ; LEDR[11]    ; 15.198 ; 15.198 ; 15.198 ; 15.198 ;
; SW[11]     ; LEDR[1]     ; 10.874 ; 10.874 ; 10.874 ; 10.874 ;
; SW[11]     ; LEDR[2]     ; 12.298 ; 12.298 ; 12.298 ; 12.298 ;
; SW[11]     ; LEDR[3]     ; 11.944 ; 11.944 ; 11.944 ; 11.944 ;
; SW[11]     ; LEDR[4]     ; 13.066 ; 13.066 ; 13.066 ; 13.066 ;
; SW[11]     ; LEDR[5]     ; 12.988 ; 12.988 ; 12.988 ; 12.988 ;
; SW[11]     ; LEDR[6]     ; 14.820 ; 14.820 ; 14.820 ; 14.820 ;
; SW[11]     ; LEDR[7]     ; 15.412 ; 15.412 ; 15.412 ; 15.412 ;
; SW[11]     ; LEDR[8]     ; 14.677 ; 14.677 ; 14.677 ; 14.677 ;
; SW[11]     ; LEDR[9]     ; 15.269 ; 15.269 ; 15.269 ; 15.269 ;
; SW[11]     ; LEDR[10]    ; 15.842 ; 15.842 ; 15.842 ; 15.842 ;
; SW[11]     ; LEDR[11]    ; 15.881 ; 15.881 ; 15.881 ; 15.881 ;
; SW[12]     ; LEDR[0]     ; 8.824  ; 8.824  ; 8.824  ; 8.824  ;
; SW[12]     ; LEDR[1]     ; 11.397 ; 11.397 ; 11.397 ; 11.397 ;
; SW[12]     ; LEDR[2]     ; 12.351 ; 12.351 ; 12.351 ; 12.351 ;
; SW[12]     ; LEDR[3]     ; 11.997 ; 11.997 ; 11.997 ; 11.997 ;
; SW[12]     ; LEDR[4]     ; 13.119 ; 13.119 ; 13.119 ; 13.119 ;
; SW[12]     ; LEDR[5]     ; 13.041 ; 13.041 ; 13.041 ; 13.041 ;
; SW[12]     ; LEDR[6]     ; 14.873 ; 14.873 ; 14.873 ; 14.873 ;
; SW[12]     ; LEDR[7]     ; 15.465 ; 15.465 ; 15.465 ; 15.465 ;
; SW[12]     ; LEDR[8]     ; 14.730 ; 14.730 ; 14.730 ; 14.730 ;
; SW[12]     ; LEDR[9]     ; 15.322 ; 15.322 ; 15.322 ; 15.322 ;
; SW[12]     ; LEDR[10]    ; 15.895 ; 15.895 ; 15.895 ; 15.895 ;
; SW[12]     ; LEDR[11]    ; 15.934 ; 15.934 ; 15.934 ; 15.934 ;
; SW[13]     ; LEDR[1]     ; 14.822 ; 14.822 ; 14.822 ; 14.822 ;
; SW[13]     ; LEDR[2]     ; 15.808 ; 15.808 ; 15.808 ; 15.808 ;
; SW[13]     ; LEDR[3]     ; 15.454 ; 15.454 ; 15.454 ; 15.454 ;
; SW[13]     ; LEDR[4]     ; 16.576 ; 16.576 ; 16.576 ; 16.576 ;
; SW[13]     ; LEDR[5]     ; 16.498 ; 16.498 ; 16.498 ; 16.498 ;
; SW[13]     ; LEDR[6]     ; 18.330 ; 18.330 ; 18.330 ; 18.330 ;
; SW[13]     ; LEDR[7]     ; 18.922 ; 18.922 ; 18.922 ; 18.922 ;
; SW[13]     ; LEDR[8]     ; 18.187 ; 18.187 ; 18.187 ; 18.187 ;
; SW[13]     ; LEDR[9]     ; 18.779 ; 18.779 ; 18.779 ; 18.779 ;
; SW[13]     ; LEDR[10]    ; 19.352 ; 19.352 ; 19.352 ; 19.352 ;
; SW[13]     ; LEDR[11]    ; 19.391 ; 19.391 ; 19.391 ; 19.391 ;
; SW[14]     ; LEDR[0]     ; 12.057 ; 12.057 ; 12.057 ; 12.057 ;
; SW[14]     ; LEDR[1]     ; 14.674 ; 14.674 ; 14.674 ; 14.674 ;
; SW[14]     ; LEDR[2]     ; 14.966 ; 14.966 ; 14.966 ; 14.966 ;
; SW[14]     ; LEDR[3]     ; 14.607 ; 14.607 ; 14.607 ; 14.607 ;
; SW[14]     ; LEDR[4]     ; 15.729 ; 15.729 ; 15.729 ; 15.729 ;
; SW[14]     ; LEDR[5]     ; 15.651 ; 15.651 ; 15.651 ; 15.651 ;
; SW[14]     ; LEDR[6]     ; 17.483 ; 17.483 ; 17.483 ; 17.483 ;
; SW[14]     ; LEDR[7]     ; 18.075 ; 18.075 ; 18.075 ; 18.075 ;
; SW[14]     ; LEDR[8]     ; 17.340 ; 17.340 ; 17.340 ; 17.340 ;
; SW[14]     ; LEDR[9]     ; 17.932 ; 17.932 ; 17.932 ; 17.932 ;
; SW[14]     ; LEDR[10]    ; 18.505 ; 18.505 ; 18.505 ; 18.505 ;
; SW[14]     ; LEDR[11]    ; 18.544 ; 18.396 ; 18.396 ; 18.544 ;
; SW[15]     ; LEDR[1]     ; 14.465 ; 14.465 ; 14.465 ; 14.465 ;
; SW[15]     ; LEDR[2]     ; 14.757 ; 14.757 ; 14.757 ; 14.757 ;
; SW[15]     ; LEDR[3]     ; 14.398 ; 14.398 ; 14.398 ; 14.398 ;
; SW[15]     ; LEDR[4]     ; 15.520 ; 15.520 ; 15.520 ; 15.520 ;
; SW[15]     ; LEDR[5]     ; 15.442 ; 15.442 ; 15.442 ; 15.442 ;
; SW[15]     ; LEDR[6]     ; 17.274 ; 17.274 ; 17.274 ; 17.274 ;
; SW[15]     ; LEDR[7]     ; 17.866 ; 17.866 ; 17.866 ; 17.866 ;
; SW[15]     ; LEDR[8]     ; 17.131 ; 17.131 ; 17.131 ; 17.131 ;
; SW[15]     ; LEDR[9]     ; 17.723 ; 17.723 ; 17.723 ; 17.723 ;
; SW[15]     ; LEDR[10]    ; 18.296 ; 18.296 ; 18.296 ; 18.296 ;
; SW[15]     ; LEDR[11]    ; 18.335 ; 18.251 ; 18.251 ; 18.335 ;
+------------+-------------+--------+--------+--------+--------+


+--------------------------------------------------------------+
; Minimum Propagation Delay                                    ;
+------------+-------------+--------+--------+--------+--------+
; Input Port ; Output Port ; RR     ; RF     ; FR     ; FF     ;
+------------+-------------+--------+--------+--------+--------+
; SW[0]      ; LEDR[0]     ; 8.257  ; 8.257  ; 8.257  ; 8.257  ;
; SW[0]      ; LEDR[1]     ; 9.484  ; 9.484  ; 9.484  ; 9.484  ;
; SW[0]      ; LEDR[2]     ; 9.935  ; 9.935  ; 9.935  ; 9.935  ;
; SW[0]      ; LEDR[3]     ; 9.524  ; 9.524  ; 9.524  ; 9.524  ;
; SW[0]      ; LEDR[4]     ; 10.645 ; 10.645 ; 10.645 ; 10.645 ;
; SW[0]      ; LEDR[5]     ; 10.567 ; 10.567 ; 10.567 ; 10.567 ;
; SW[0]      ; LEDR[6]     ; 12.399 ; 12.399 ; 12.399 ; 12.399 ;
; SW[0]      ; LEDR[7]     ; 12.893 ; 12.893 ; 12.893 ; 12.893 ;
; SW[0]      ; LEDR[8]     ; 11.910 ; 11.910 ; 11.910 ; 11.910 ;
; SW[0]      ; LEDR[9]     ; 12.000 ; 12.000 ; 12.000 ; 12.000 ;
; SW[0]      ; LEDR[10]    ; 12.238 ; 12.238 ; 12.238 ; 12.238 ;
; SW[0]      ; LEDR[11]    ; 12.271 ; 12.615 ; 12.615 ; 12.271 ;
; SW[1]      ; LEDR[1]     ; 10.117 ; 10.117 ; 10.117 ; 10.117 ;
; SW[1]      ; LEDR[2]     ; 10.119 ; 10.119 ; 10.119 ; 10.119 ;
; SW[1]      ; LEDR[3]     ; 9.418  ; 9.418  ; 9.418  ; 9.418  ;
; SW[1]      ; LEDR[4]     ; 10.539 ; 10.539 ; 10.539 ; 10.539 ;
; SW[1]      ; LEDR[5]     ; 10.461 ; 10.461 ; 10.461 ; 10.461 ;
; SW[1]      ; LEDR[6]     ; 12.293 ; 12.293 ; 12.293 ; 12.293 ;
; SW[1]      ; LEDR[7]     ; 12.797 ; 12.797 ; 12.797 ; 12.797 ;
; SW[1]      ; LEDR[8]     ; 11.798 ; 11.798 ; 11.798 ; 11.798 ;
; SW[1]      ; LEDR[9]     ; 11.904 ; 11.904 ; 11.904 ; 11.904 ;
; SW[1]      ; LEDR[10]    ; 12.126 ; 12.126 ; 12.126 ; 12.126 ;
; SW[1]      ; LEDR[11]    ; 12.159 ; 12.519 ; 12.519 ; 12.159 ;
; SW[2]      ; LEDR[2]     ; 10.810 ; 10.810 ; 10.810 ; 10.810 ;
; SW[2]      ; LEDR[3]     ; 9.233  ; 9.233  ; 9.233  ; 9.233  ;
; SW[2]      ; LEDR[4]     ; 10.354 ; 10.354 ; 10.354 ; 10.354 ;
; SW[2]      ; LEDR[5]     ; 10.276 ; 10.276 ; 10.276 ; 10.276 ;
; SW[2]      ; LEDR[6]     ; 12.108 ; 12.108 ; 12.108 ; 12.108 ;
; SW[2]      ; LEDR[7]     ; 12.304 ; 12.304 ; 12.304 ; 12.304 ;
; SW[2]      ; LEDR[8]     ; 11.356 ; 11.356 ; 11.356 ; 11.356 ;
; SW[2]      ; LEDR[9]     ; 11.411 ; 11.411 ; 11.411 ; 11.411 ;
; SW[2]      ; LEDR[10]    ; 11.936 ; 11.936 ; 11.936 ; 11.936 ;
; SW[2]      ; LEDR[11]    ; 11.969 ; 12.026 ; 12.026 ; 11.969 ;
; SW[3]      ; LEDR[3]     ; 8.144  ; 8.144  ; 8.144  ; 8.144  ;
; SW[3]      ; LEDR[4]     ; 9.265  ; 9.265  ; 9.265  ; 9.265  ;
; SW[3]      ; LEDR[5]     ; 9.164  ; 9.164  ; 9.164  ; 9.164  ;
; SW[3]      ; LEDR[6]     ; 10.992 ; 10.992 ; 10.992 ; 10.992 ;
; SW[3]      ; LEDR[7]     ; 11.491 ; 11.491 ; 11.491 ; 11.491 ;
; SW[3]      ; LEDR[8]     ; 9.529  ; 9.529  ; 9.529  ; 9.529  ;
; SW[3]      ; LEDR[9]     ; 9.727  ; 9.727  ; 9.727  ; 9.727  ;
; SW[3]      ; LEDR[10]    ; 9.857  ; 9.857  ; 9.857  ; 9.857  ;
; SW[3]      ; LEDR[11]    ; 9.890  ; 10.339 ; 10.339 ; 9.890  ;
; SW[4]      ; LEDR[4]     ; 8.483  ; 8.483  ; 8.483  ; 8.483  ;
; SW[4]      ; LEDR[5]     ; 8.407  ; 8.407  ; 8.407  ; 8.407  ;
; SW[4]      ; LEDR[6]     ; 10.239 ; 10.239 ; 10.239 ; 10.239 ;
; SW[4]      ; LEDR[7]     ; 10.831 ; 10.831 ; 10.831 ; 10.831 ;
; SW[4]      ; LEDR[8]     ; 9.841  ; 9.841  ; 9.841  ; 9.841  ;
; SW[4]      ; LEDR[9]     ; 10.039 ; 10.039 ; 10.039 ; 10.039 ;
; SW[4]      ; LEDR[10]    ; 10.169 ; 10.169 ; 10.169 ; 10.169 ;
; SW[4]      ; LEDR[11]    ; 10.202 ; 10.651 ; 10.651 ; 10.202 ;
; SW[5]      ; LEDR[5]     ; 8.855  ; 8.855  ; 8.855  ; 8.855  ;
; SW[5]      ; LEDR[6]     ; 10.437 ; 10.437 ; 10.437 ; 10.437 ;
; SW[5]      ; LEDR[7]     ; 10.567 ; 10.567 ; 10.567 ; 10.567 ;
; SW[5]      ; LEDR[8]     ; 9.216  ; 9.216  ; 9.216  ; 9.216  ;
; SW[5]      ; LEDR[9]     ; 9.414  ; 9.414  ; 9.414  ; 9.414  ;
; SW[5]      ; LEDR[10]    ; 9.544  ; 9.544  ; 9.544  ; 9.544  ;
; SW[5]      ; LEDR[11]    ; 9.577  ; 10.026 ; 10.026 ; 9.577  ;
; SW[6]      ; LEDR[6]     ; 9.600  ; 9.600  ; 9.600  ; 9.600  ;
; SW[6]      ; LEDR[7]     ; 9.978  ; 9.978  ; 9.978  ; 9.978  ;
; SW[6]      ; LEDR[8]     ; 8.597  ; 8.597  ; 8.597  ; 8.597  ;
; SW[6]      ; LEDR[9]     ; 8.795  ; 8.795  ; 8.795  ; 8.795  ;
; SW[6]      ; LEDR[10]    ; 8.925  ; 8.925  ; 8.925  ; 8.925  ;
; SW[6]      ; LEDR[11]    ; 8.958  ; 9.407  ; 9.407  ; 8.958  ;
; SW[7]      ; LEDR[7]     ; 9.533  ; 9.533  ; 9.533  ; 9.533  ;
; SW[7]      ; LEDR[8]     ; 7.954  ; 7.954  ; 7.954  ; 7.954  ;
; SW[7]      ; LEDR[9]     ; 8.125  ; 8.125  ; 8.125  ; 8.125  ;
; SW[7]      ; LEDR[10]    ; 8.681  ; 8.681  ; 8.681  ; 8.681  ;
; SW[7]      ; LEDR[11]    ; 8.714  ; 8.737  ; 8.737  ; 8.714  ;
; SW[8]      ; LEDR[0]     ; 8.777  ; 8.777  ; 8.777  ; 8.777  ;
; SW[8]      ; LEDR[1]     ; 9.732  ; 9.732  ; 9.732  ; 9.732  ;
; SW[8]      ; LEDR[2]     ; 10.132 ; 10.132 ; 10.132 ; 10.132 ;
; SW[8]      ; LEDR[3]     ; 9.777  ; 9.777  ; 9.777  ; 9.777  ;
; SW[8]      ; LEDR[4]     ; 10.214 ; 10.214 ; 10.214 ; 10.214 ;
; SW[8]      ; LEDR[5]     ; 9.837  ; 9.837  ; 9.837  ; 9.837  ;
; SW[8]      ; LEDR[6]     ; 10.990 ; 10.990 ; 10.990 ; 10.990 ;
; SW[8]      ; LEDR[7]     ; 11.120 ; 11.120 ; 11.120 ; 11.120 ;
; SW[8]      ; LEDR[8]     ; 9.686  ; 9.686  ; 9.686  ; 9.686  ;
; SW[8]      ; LEDR[9]     ; 9.741  ; 9.741  ; 9.741  ; 9.741  ;
; SW[8]      ; LEDR[10]    ; 9.049  ; 9.049  ; 9.049  ; 9.049  ;
; SW[8]      ; LEDR[11]    ; 9.082  ; 9.941  ; 9.941  ; 9.082  ;
; SW[9]      ; LEDR[1]     ; 11.319 ; 11.319 ; 11.319 ; 11.319 ;
; SW[9]      ; LEDR[2]     ; 11.321 ; 11.321 ; 11.321 ; 11.321 ;
; SW[9]      ; LEDR[3]     ; 9.773  ; 9.773  ; 9.773  ; 9.773  ;
; SW[9]      ; LEDR[4]     ; 10.149 ; 10.149 ; 10.149 ; 10.149 ;
; SW[9]      ; LEDR[5]     ; 9.772  ; 9.772  ; 9.772  ; 9.772  ;
; SW[9]      ; LEDR[6]     ; 10.774 ; 10.774 ; 10.774 ; 10.774 ;
; SW[9]      ; LEDR[7]     ; 10.754 ; 10.754 ; 10.754 ; 10.754 ;
; SW[9]      ; LEDR[8]     ; 9.183  ; 9.183  ; 9.183  ; 9.183  ;
; SW[9]      ; LEDR[9]     ; 9.238  ; 9.238  ; 9.238  ; 9.238  ;
; SW[9]      ; LEDR[10]    ; 9.009  ; 9.009  ; 9.009  ; 9.009  ;
; SW[9]      ; LEDR[11]    ; 9.042  ; 9.901  ; 9.901  ; 9.042  ;
; SW[10]     ; LEDR[0]     ; 8.948  ; 8.948  ; 8.948  ; 8.948  ;
; SW[10]     ; LEDR[1]     ; 9.903  ; 9.903  ; 9.903  ; 9.903  ;
; SW[10]     ; LEDR[2]     ; 10.301 ; 10.301 ; 10.301 ; 10.301 ;
; SW[10]     ; LEDR[3]     ; 9.932  ; 9.932  ; 9.932  ; 9.932  ;
; SW[10]     ; LEDR[4]     ; 10.308 ; 10.308 ; 10.308 ; 10.308 ;
; SW[10]     ; LEDR[5]     ; 9.931  ; 9.931  ; 9.931  ; 9.931  ;
; SW[10]     ; LEDR[6]     ; 10.942 ; 10.942 ; 10.942 ; 10.942 ;
; SW[10]     ; LEDR[7]     ; 11.182 ; 11.182 ; 11.182 ; 11.182 ;
; SW[10]     ; LEDR[8]     ; 9.611  ; 9.611  ; 9.611  ; 9.611  ;
; SW[10]     ; LEDR[9]     ; 9.666  ; 9.666  ; 9.666  ; 9.666  ;
; SW[10]     ; LEDR[10]    ; 9.271  ; 9.271  ; 9.271  ; 9.271  ;
; SW[10]     ; LEDR[11]    ; 9.304  ; 10.136 ; 10.136 ; 9.304  ;
; SW[11]     ; LEDR[1]     ; 10.874 ; 10.874 ; 10.874 ; 10.874 ;
; SW[11]     ; LEDR[2]     ; 10.876 ; 10.876 ; 10.876 ; 10.876 ;
; SW[11]     ; LEDR[3]     ; 10.064 ; 10.064 ; 10.064 ; 10.064 ;
; SW[11]     ; LEDR[4]     ; 10.440 ; 10.440 ; 10.440 ; 10.440 ;
; SW[11]     ; LEDR[5]     ; 10.063 ; 10.063 ; 10.063 ; 10.063 ;
; SW[11]     ; LEDR[6]     ; 11.010 ; 11.010 ; 11.010 ; 11.010 ;
; SW[11]     ; LEDR[7]     ; 11.418 ; 11.418 ; 11.418 ; 11.418 ;
; SW[11]     ; LEDR[8]     ; 9.979  ; 9.979  ; 9.979  ; 9.979  ;
; SW[11]     ; LEDR[9]     ; 9.733  ; 9.733  ; 9.733  ; 9.733  ;
; SW[11]     ; LEDR[10]    ; 9.259  ; 9.259  ; 9.259  ; 9.259  ;
; SW[11]     ; LEDR[11]    ; 9.292  ; 10.157 ; 10.157 ; 9.292  ;
; SW[12]     ; LEDR[0]     ; 8.824  ; 8.824  ; 8.824  ; 8.824  ;
; SW[12]     ; LEDR[1]     ; 9.779  ; 9.779  ; 9.779  ; 9.779  ;
; SW[12]     ; LEDR[2]     ; 10.176 ; 10.176 ; 10.176 ; 10.176 ;
; SW[12]     ; LEDR[3]     ; 9.821  ; 9.821  ; 9.821  ; 9.821  ;
; SW[12]     ; LEDR[4]     ; 10.374 ; 10.374 ; 10.374 ; 10.374 ;
; SW[12]     ; LEDR[5]     ; 9.997  ; 9.997  ; 9.997  ; 9.997  ;
; SW[12]     ; LEDR[6]     ; 11.339 ; 11.339 ; 11.339 ; 11.339 ;
; SW[12]     ; LEDR[7]     ; 11.469 ; 11.469 ; 11.469 ; 11.469 ;
; SW[12]     ; LEDR[8]     ; 9.539  ; 9.539  ; 9.539  ; 9.539  ;
; SW[12]     ; LEDR[9]     ; 9.293  ; 9.293  ; 9.293  ; 9.293  ;
; SW[12]     ; LEDR[10]    ; 8.931  ; 8.931  ; 8.931  ; 8.931  ;
; SW[12]     ; LEDR[11]    ; 8.964  ; 8.964  ; 8.964  ; 8.964  ;
; SW[13]     ; LEDR[1]     ; 14.689 ; 14.689 ; 14.689 ; 14.689 ;
; SW[13]     ; LEDR[2]     ; 14.691 ; 14.691 ; 14.691 ; 14.691 ;
; SW[13]     ; LEDR[3]     ; 13.384 ; 13.384 ; 13.384 ; 13.384 ;
; SW[13]     ; LEDR[4]     ; 13.761 ; 13.761 ; 13.761 ; 13.761 ;
; SW[13]     ; LEDR[5]     ; 13.384 ; 13.384 ; 13.384 ; 13.384 ;
; SW[13]     ; LEDR[6]     ; 14.764 ; 14.764 ; 14.764 ; 14.764 ;
; SW[13]     ; LEDR[7]     ; 14.894 ; 14.894 ; 14.894 ; 14.894 ;
; SW[13]     ; LEDR[8]     ; 13.036 ; 13.036 ; 13.036 ; 13.036 ;
; SW[13]     ; LEDR[9]     ; 12.790 ; 12.790 ; 12.790 ; 12.790 ;
; SW[13]     ; LEDR[10]    ; 12.424 ; 12.424 ; 12.424 ; 12.424 ;
; SW[13]     ; LEDR[11]    ; 12.457 ; 12.457 ; 12.457 ; 12.457 ;
; SW[14]     ; LEDR[0]     ; 12.057 ; 12.057 ; 12.057 ; 12.057 ;
; SW[14]     ; LEDR[1]     ; 13.011 ; 13.011 ; 13.011 ; 13.011 ;
; SW[14]     ; LEDR[2]     ; 13.715 ; 13.715 ; 13.715 ; 13.715 ;
; SW[14]     ; LEDR[3]     ; 12.245 ; 12.245 ; 12.245 ; 12.245 ;
; SW[14]     ; LEDR[4]     ; 13.019 ; 13.019 ; 13.019 ; 13.019 ;
; SW[14]     ; LEDR[5]     ; 12.515 ; 12.515 ; 12.515 ; 12.515 ;
; SW[14]     ; LEDR[6]     ; 13.993 ; 13.993 ; 13.993 ; 13.993 ;
; SW[14]     ; LEDR[7]     ; 13.282 ; 13.282 ; 13.282 ; 13.282 ;
; SW[14]     ; LEDR[8]     ; 11.704 ; 11.704 ; 11.704 ; 11.704 ;
; SW[14]     ; LEDR[9]     ; 11.875 ; 11.875 ; 11.875 ; 11.875 ;
; SW[14]     ; LEDR[10]    ; 12.448 ; 12.448 ; 12.448 ; 12.448 ;
; SW[14]     ; LEDR[11]    ; 12.487 ; 12.487 ; 12.487 ; 12.487 ;
; SW[15]     ; LEDR[1]     ; 14.387 ; 14.387 ; 14.387 ; 14.387 ;
; SW[15]     ; LEDR[2]     ; 14.389 ; 14.389 ; 14.389 ; 14.389 ;
; SW[15]     ; LEDR[3]     ; 12.393 ; 12.393 ; 12.393 ; 12.393 ;
; SW[15]     ; LEDR[4]     ; 12.904 ; 12.904 ; 12.904 ; 12.904 ;
; SW[15]     ; LEDR[5]     ; 12.404 ; 12.404 ; 12.404 ; 12.404 ;
; SW[15]     ; LEDR[6]     ; 13.817 ; 13.817 ; 13.817 ; 13.817 ;
; SW[15]     ; LEDR[7]     ; 13.100 ; 13.100 ; 13.100 ; 13.100 ;
; SW[15]     ; LEDR[8]     ; 11.525 ; 11.525 ; 11.525 ; 11.525 ;
; SW[15]     ; LEDR[9]     ; 11.722 ; 11.722 ; 11.722 ; 11.722 ;
; SW[15]     ; LEDR[10]    ; 12.295 ; 12.295 ; 12.295 ; 12.295 ;
; SW[15]     ; LEDR[11]    ; 12.334 ; 12.334 ; 12.334 ; 12.334 ;
+------------+-------------+--------+--------+--------+--------+


----------------------------
; Fast Model Setup Summary ;
----------------------------
No paths to report.


---------------------------
; Fast Model Hold Summary ;
---------------------------
No paths to report.


-------------------------------
; Fast Model Recovery Summary ;
-------------------------------
No paths to report.


------------------------------
; Fast Model Removal Summary ;
------------------------------
No paths to report.


------------------------------------------
; Fast Model Minimum Pulse Width Summary ;
------------------------------------------
No paths to report.


+----------------------------------------------------------+
; Propagation Delay                                        ;
+------------+-------------+-------+-------+-------+-------+
; Input Port ; Output Port ; RR    ; RF    ; FR    ; FF    ;
+------------+-------------+-------+-------+-------+-------+
; SW[0]      ; LEDR[0]     ; 4.787 ; 4.787 ; 4.787 ; 4.787 ;
; SW[0]      ; LEDR[1]     ; 5.475 ; 5.475 ; 5.475 ; 5.475 ;
; SW[0]      ; LEDR[2]     ; 5.916 ; 5.916 ; 5.916 ; 5.916 ;
; SW[0]      ; LEDR[3]     ; 5.799 ; 5.799 ; 5.799 ; 5.799 ;
; SW[0]      ; LEDR[4]     ; 6.533 ; 6.533 ; 6.533 ; 6.533 ;
; SW[0]      ; LEDR[5]     ; 6.535 ; 6.535 ; 6.535 ; 6.535 ;
; SW[0]      ; LEDR[6]     ; 7.265 ; 7.265 ; 7.265 ; 7.265 ;
; SW[0]      ; LEDR[7]     ; 7.520 ; 7.520 ; 7.520 ; 7.520 ;
; SW[0]      ; LEDR[8]     ; 7.143 ; 7.143 ; 7.143 ; 7.143 ;
; SW[0]      ; LEDR[9]     ; 7.401 ; 7.401 ; 7.401 ; 7.401 ;
; SW[0]      ; LEDR[10]    ; 7.657 ; 7.657 ; 7.657 ; 7.657 ;
; SW[0]      ; LEDR[11]    ; 7.683 ; 7.683 ; 7.683 ; 7.683 ;
; SW[1]      ; LEDR[1]     ; 5.493 ; 5.493 ; 5.493 ; 5.493 ;
; SW[1]      ; LEDR[2]     ; 5.955 ; 5.955 ; 5.955 ; 5.955 ;
; SW[1]      ; LEDR[3]     ; 5.838 ; 5.838 ; 5.838 ; 5.838 ;
; SW[1]      ; LEDR[4]     ; 6.503 ; 6.503 ; 6.503 ; 6.503 ;
; SW[1]      ; LEDR[5]     ; 6.505 ; 6.505 ; 6.505 ; 6.505 ;
; SW[1]      ; LEDR[6]     ; 7.235 ; 7.235 ; 7.235 ; 7.235 ;
; SW[1]      ; LEDR[7]     ; 7.490 ; 7.490 ; 7.490 ; 7.490 ;
; SW[1]      ; LEDR[8]     ; 7.113 ; 7.113 ; 7.113 ; 7.113 ;
; SW[1]      ; LEDR[9]     ; 7.371 ; 7.371 ; 7.371 ; 7.371 ;
; SW[1]      ; LEDR[10]    ; 7.627 ; 7.627 ; 7.627 ; 7.627 ;
; SW[1]      ; LEDR[11]    ; 7.653 ; 7.653 ; 7.653 ; 7.653 ;
; SW[2]      ; LEDR[2]     ; 5.702 ; 5.702 ; 5.702 ; 5.702 ;
; SW[2]      ; LEDR[3]     ; 5.585 ; 5.585 ; 5.585 ; 5.585 ;
; SW[2]      ; LEDR[4]     ; 6.410 ; 6.410 ; 6.410 ; 6.410 ;
; SW[2]      ; LEDR[5]     ; 6.412 ; 6.412 ; 6.412 ; 6.412 ;
; SW[2]      ; LEDR[6]     ; 7.142 ; 7.142 ; 7.142 ; 7.142 ;
; SW[2]      ; LEDR[7]     ; 7.397 ; 7.397 ; 7.397 ; 7.397 ;
; SW[2]      ; LEDR[8]     ; 7.020 ; 7.020 ; 7.020 ; 7.020 ;
; SW[2]      ; LEDR[9]     ; 7.278 ; 7.278 ; 7.278 ; 7.278 ;
; SW[2]      ; LEDR[10]    ; 7.534 ; 7.534 ; 7.534 ; 7.534 ;
; SW[2]      ; LEDR[11]    ; 7.560 ; 7.560 ; 7.560 ; 7.560 ;
; SW[3]      ; LEDR[3]     ; 4.856 ; 4.856 ; 4.856 ; 4.856 ;
; SW[3]      ; LEDR[4]     ; 5.858 ; 5.858 ; 5.858 ; 5.858 ;
; SW[3]      ; LEDR[5]     ; 5.860 ; 5.860 ; 5.860 ; 5.860 ;
; SW[3]      ; LEDR[6]     ; 6.590 ; 6.590 ; 6.590 ; 6.590 ;
; SW[3]      ; LEDR[7]     ; 6.845 ; 6.845 ; 6.845 ; 6.845 ;
; SW[3]      ; LEDR[8]     ; 6.468 ; 6.468 ; 6.468 ; 6.468 ;
; SW[3]      ; LEDR[9]     ; 6.726 ; 6.726 ; 6.726 ; 6.726 ;
; SW[3]      ; LEDR[10]    ; 6.982 ; 6.982 ; 6.982 ; 6.982 ;
; SW[3]      ; LEDR[11]    ; 7.008 ; 7.008 ; 7.008 ; 7.008 ;
; SW[4]      ; LEDR[4]     ; 5.463 ; 5.463 ; 5.463 ; 5.463 ;
; SW[4]      ; LEDR[5]     ; 5.909 ; 5.909 ; 5.909 ; 5.909 ;
; SW[4]      ; LEDR[6]     ; 6.639 ; 6.639 ; 6.639 ; 6.639 ;
; SW[4]      ; LEDR[7]     ; 6.894 ; 6.894 ; 6.894 ; 6.894 ;
; SW[4]      ; LEDR[8]     ; 6.517 ; 6.517 ; 6.517 ; 6.517 ;
; SW[4]      ; LEDR[9]     ; 6.775 ; 6.775 ; 6.775 ; 6.775 ;
; SW[4]      ; LEDR[10]    ; 7.031 ; 7.031 ; 7.031 ; 7.031 ;
; SW[4]      ; LEDR[11]    ; 7.057 ; 7.057 ; 7.057 ; 7.057 ;
; SW[5]      ; LEDR[5]     ; 5.445 ; 5.445 ; 5.445 ; 5.445 ;
; SW[5]      ; LEDR[6]     ; 6.175 ; 6.175 ; 6.175 ; 6.175 ;
; SW[5]      ; LEDR[7]     ; 6.430 ; 6.430 ; 6.430 ; 6.430 ;
; SW[5]      ; LEDR[8]     ; 6.053 ; 6.053 ; 6.053 ; 6.053 ;
; SW[5]      ; LEDR[9]     ; 6.311 ; 6.311 ; 6.311 ; 6.311 ;
; SW[5]      ; LEDR[10]    ; 6.567 ; 6.567 ; 6.567 ; 6.567 ;
; SW[5]      ; LEDR[11]    ; 6.593 ; 6.593 ; 6.593 ; 6.593 ;
; SW[6]      ; LEDR[6]     ; 5.499 ; 5.499 ; 5.499 ; 5.499 ;
; SW[6]      ; LEDR[7]     ; 5.790 ; 5.790 ; 5.790 ; 5.790 ;
; SW[6]      ; LEDR[8]     ; 5.413 ; 5.413 ; 5.413 ; 5.413 ;
; SW[6]      ; LEDR[9]     ; 5.671 ; 5.671 ; 5.671 ; 5.671 ;
; SW[6]      ; LEDR[10]    ; 5.927 ; 5.927 ; 5.927 ; 5.927 ;
; SW[6]      ; LEDR[11]    ; 5.953 ; 5.953 ; 5.953 ; 5.953 ;
; SW[7]      ; LEDR[7]     ; 6.072 ; 6.072 ; 6.072 ; 6.072 ;
; SW[7]      ; LEDR[8]     ; 5.695 ; 5.695 ; 5.695 ; 5.695 ;
; SW[7]      ; LEDR[9]     ; 5.953 ; 5.953 ; 5.953 ; 5.953 ;
; SW[7]      ; LEDR[10]    ; 6.209 ; 6.209 ; 6.209 ; 6.209 ;
; SW[7]      ; LEDR[11]    ; 6.235 ; 6.235 ; 6.235 ; 6.235 ;
; SW[8]      ; LEDR[0]     ; 4.627 ; 4.627 ; 4.627 ; 4.627 ;
; SW[8]      ; LEDR[1]     ; 5.516 ; 5.516 ; 5.516 ; 5.516 ;
; SW[8]      ; LEDR[2]     ; 6.019 ; 6.019 ; 6.019 ; 6.019 ;
; SW[8]      ; LEDR[3]     ; 5.902 ; 5.902 ; 5.902 ; 5.902 ;
; SW[8]      ; LEDR[4]     ; 6.384 ; 6.384 ; 6.384 ; 6.384 ;
; SW[8]      ; LEDR[5]     ; 6.359 ; 6.359 ; 6.359 ; 6.359 ;
; SW[8]      ; LEDR[6]     ; 7.091 ; 7.091 ; 7.091 ; 7.091 ;
; SW[8]      ; LEDR[7]     ; 7.346 ; 7.346 ; 7.346 ; 7.346 ;
; SW[8]      ; LEDR[8]     ; 6.969 ; 6.969 ; 6.969 ; 6.969 ;
; SW[8]      ; LEDR[9]     ; 7.227 ; 7.227 ; 7.227 ; 7.227 ;
; SW[8]      ; LEDR[10]    ; 7.483 ; 7.483 ; 7.483 ; 7.483 ;
; SW[8]      ; LEDR[11]    ; 7.509 ; 7.509 ; 7.509 ; 7.509 ;
; SW[9]      ; LEDR[1]     ; 5.603 ; 5.603 ; 5.603 ; 5.603 ;
; SW[9]      ; LEDR[2]     ; 6.019 ; 6.019 ; 6.019 ; 6.019 ;
; SW[9]      ; LEDR[3]     ; 5.902 ; 5.902 ; 5.902 ; 5.902 ;
; SW[9]      ; LEDR[4]     ; 6.384 ; 6.384 ; 6.384 ; 6.384 ;
; SW[9]      ; LEDR[5]     ; 6.359 ; 6.359 ; 6.359 ; 6.359 ;
; SW[9]      ; LEDR[6]     ; 7.091 ; 7.091 ; 7.091 ; 7.091 ;
; SW[9]      ; LEDR[7]     ; 7.346 ; 7.346 ; 7.346 ; 7.346 ;
; SW[9]      ; LEDR[8]     ; 6.969 ; 6.969 ; 6.969 ; 6.969 ;
; SW[9]      ; LEDR[9]     ; 7.227 ; 7.227 ; 7.227 ; 7.227 ;
; SW[9]      ; LEDR[10]    ; 7.483 ; 7.483 ; 7.483 ; 7.483 ;
; SW[9]      ; LEDR[11]    ; 7.509 ; 7.509 ; 7.509 ; 7.509 ;
; SW[10]     ; LEDR[0]     ; 4.590 ; 4.590 ; 4.590 ; 4.590 ;
; SW[10]     ; LEDR[1]     ; 5.230 ; 5.230 ; 5.230 ; 5.230 ;
; SW[10]     ; LEDR[2]     ; 5.659 ; 5.659 ; 5.659 ; 5.659 ;
; SW[10]     ; LEDR[3]     ; 5.542 ; 5.542 ; 5.542 ; 5.542 ;
; SW[10]     ; LEDR[4]     ; 6.024 ; 6.024 ; 6.024 ; 6.024 ;
; SW[10]     ; LEDR[5]     ; 5.999 ; 5.999 ; 5.999 ; 5.999 ;
; SW[10]     ; LEDR[6]     ; 6.731 ; 6.731 ; 6.731 ; 6.731 ;
; SW[10]     ; LEDR[7]     ; 6.986 ; 6.986 ; 6.986 ; 6.986 ;
; SW[10]     ; LEDR[8]     ; 6.609 ; 6.609 ; 6.609 ; 6.609 ;
; SW[10]     ; LEDR[9]     ; 6.867 ; 6.867 ; 6.867 ; 6.867 ;
; SW[10]     ; LEDR[10]    ; 7.123 ; 7.123 ; 7.123 ; 7.123 ;
; SW[10]     ; LEDR[11]    ; 7.149 ; 7.149 ; 7.149 ; 7.149 ;
; SW[11]     ; LEDR[1]     ; 5.359 ; 5.359 ; 5.359 ; 5.359 ;
; SW[11]     ; LEDR[2]     ; 5.945 ; 5.945 ; 5.945 ; 5.945 ;
; SW[11]     ; LEDR[3]     ; 5.828 ; 5.828 ; 5.828 ; 5.828 ;
; SW[11]     ; LEDR[4]     ; 6.310 ; 6.310 ; 6.310 ; 6.310 ;
; SW[11]     ; LEDR[5]     ; 6.285 ; 6.285 ; 6.285 ; 6.285 ;
; SW[11]     ; LEDR[6]     ; 7.017 ; 7.017 ; 7.017 ; 7.017 ;
; SW[11]     ; LEDR[7]     ; 7.272 ; 7.272 ; 7.272 ; 7.272 ;
; SW[11]     ; LEDR[8]     ; 6.895 ; 6.895 ; 6.895 ; 6.895 ;
; SW[11]     ; LEDR[9]     ; 7.153 ; 7.153 ; 7.153 ; 7.153 ;
; SW[11]     ; LEDR[10]    ; 7.409 ; 7.409 ; 7.409 ; 7.409 ;
; SW[11]     ; LEDR[11]    ; 7.435 ; 7.435 ; 7.435 ; 7.435 ;
; SW[12]     ; LEDR[0]     ; 4.530 ; 4.530 ; 4.530 ; 4.530 ;
; SW[12]     ; LEDR[1]     ; 5.604 ; 5.604 ; 5.604 ; 5.604 ;
; SW[12]     ; LEDR[2]     ; 5.993 ; 5.993 ; 5.993 ; 5.993 ;
; SW[12]     ; LEDR[3]     ; 5.876 ; 5.876 ; 5.876 ; 5.876 ;
; SW[12]     ; LEDR[4]     ; 6.358 ; 6.358 ; 6.358 ; 6.358 ;
; SW[12]     ; LEDR[5]     ; 6.333 ; 6.333 ; 6.333 ; 6.333 ;
; SW[12]     ; LEDR[6]     ; 7.065 ; 7.065 ; 7.065 ; 7.065 ;
; SW[12]     ; LEDR[7]     ; 7.320 ; 7.320 ; 7.320 ; 7.320 ;
; SW[12]     ; LEDR[8]     ; 6.943 ; 6.943 ; 6.943 ; 6.943 ;
; SW[12]     ; LEDR[9]     ; 7.201 ; 7.201 ; 7.201 ; 7.201 ;
; SW[12]     ; LEDR[10]    ; 7.457 ; 7.457 ; 7.457 ; 7.457 ;
; SW[12]     ; LEDR[11]    ; 7.483 ; 7.483 ; 7.483 ; 7.483 ;
; SW[13]     ; LEDR[1]     ; 7.788 ; 7.788 ; 7.788 ; 7.788 ;
; SW[13]     ; LEDR[2]     ; 8.179 ; 8.179 ; 8.179 ; 8.179 ;
; SW[13]     ; LEDR[3]     ; 8.062 ; 8.062 ; 8.062 ; 8.062 ;
; SW[13]     ; LEDR[4]     ; 8.544 ; 8.544 ; 8.544 ; 8.544 ;
; SW[13]     ; LEDR[5]     ; 8.519 ; 8.519 ; 8.519 ; 8.519 ;
; SW[13]     ; LEDR[6]     ; 9.251 ; 9.251 ; 9.251 ; 9.251 ;
; SW[13]     ; LEDR[7]     ; 9.506 ; 9.506 ; 9.506 ; 9.506 ;
; SW[13]     ; LEDR[8]     ; 9.129 ; 9.129 ; 9.129 ; 9.129 ;
; SW[13]     ; LEDR[9]     ; 9.387 ; 9.387 ; 9.387 ; 9.387 ;
; SW[13]     ; LEDR[10]    ; 9.643 ; 9.643 ; 9.643 ; 9.643 ;
; SW[13]     ; LEDR[11]    ; 9.669 ; 9.669 ; 9.669 ; 9.669 ;
; SW[14]     ; LEDR[0]     ; 6.645 ; 6.645 ; 6.645 ; 6.645 ;
; SW[14]     ; LEDR[1]     ; 7.740 ; 7.740 ; 7.740 ; 7.740 ;
; SW[14]     ; LEDR[2]     ; 7.857 ; 7.857 ; 7.857 ; 7.857 ;
; SW[14]     ; LEDR[3]     ; 7.739 ; 7.739 ; 7.739 ; 7.739 ;
; SW[14]     ; LEDR[4]     ; 8.221 ; 8.221 ; 8.221 ; 8.221 ;
; SW[14]     ; LEDR[5]     ; 8.196 ; 8.196 ; 8.196 ; 8.196 ;
; SW[14]     ; LEDR[6]     ; 8.928 ; 8.928 ; 8.928 ; 8.928 ;
; SW[14]     ; LEDR[7]     ; 9.183 ; 9.183 ; 9.183 ; 9.183 ;
; SW[14]     ; LEDR[8]     ; 8.806 ; 8.806 ; 8.806 ; 8.806 ;
; SW[14]     ; LEDR[9]     ; 9.064 ; 9.064 ; 9.064 ; 9.064 ;
; SW[14]     ; LEDR[10]    ; 9.320 ; 9.320 ; 9.320 ; 9.320 ;
; SW[14]     ; LEDR[11]    ; 9.346 ; 9.269 ; 9.269 ; 9.346 ;
; SW[15]     ; LEDR[1]     ; 7.649 ; 7.649 ; 7.649 ; 7.649 ;
; SW[15]     ; LEDR[2]     ; 7.766 ; 7.766 ; 7.766 ; 7.766 ;
; SW[15]     ; LEDR[3]     ; 7.648 ; 7.648 ; 7.648 ; 7.648 ;
; SW[15]     ; LEDR[4]     ; 8.130 ; 8.130 ; 8.130 ; 8.130 ;
; SW[15]     ; LEDR[5]     ; 8.105 ; 8.105 ; 8.105 ; 8.105 ;
; SW[15]     ; LEDR[6]     ; 8.837 ; 8.837 ; 8.837 ; 8.837 ;
; SW[15]     ; LEDR[7]     ; 9.092 ; 9.092 ; 9.092 ; 9.092 ;
; SW[15]     ; LEDR[8]     ; 8.715 ; 8.715 ; 8.715 ; 8.715 ;
; SW[15]     ; LEDR[9]     ; 8.973 ; 8.973 ; 8.973 ; 8.973 ;
; SW[15]     ; LEDR[10]    ; 9.229 ; 9.229 ; 9.229 ; 9.229 ;
; SW[15]     ; LEDR[11]    ; 9.255 ; 9.190 ; 9.190 ; 9.255 ;
+------------+-------------+-------+-------+-------+-------+


+----------------------------------------------------------+
; Minimum Propagation Delay                                ;
+------------+-------------+-------+-------+-------+-------+
; Input Port ; Output Port ; RR    ; RF    ; FR    ; FF    ;
+------------+-------------+-------+-------+-------+-------+
; SW[0]      ; LEDR[0]     ; 4.326 ; 4.326 ; 4.326 ; 4.326 ;
; SW[0]      ; LEDR[1]     ; 4.813 ; 4.813 ; 4.813 ; 4.813 ;
; SW[0]      ; LEDR[2]     ; 4.983 ; 4.983 ; 4.983 ; 4.983 ;
; SW[0]      ; LEDR[3]     ; 4.846 ; 4.846 ; 4.846 ; 4.846 ;
; SW[0]      ; LEDR[4]     ; 5.325 ; 5.325 ; 5.325 ; 5.325 ;
; SW[0]      ; LEDR[5]     ; 5.301 ; 5.301 ; 5.301 ; 5.301 ;
; SW[0]      ; LEDR[6]     ; 6.033 ; 6.033 ; 6.033 ; 6.033 ;
; SW[0]      ; LEDR[7]     ; 6.257 ; 6.257 ; 6.257 ; 6.257 ;
; SW[0]      ; LEDR[8]     ; 5.791 ; 5.791 ; 5.791 ; 5.791 ;
; SW[0]      ; LEDR[9]     ; 5.831 ; 5.831 ; 5.831 ; 5.831 ;
; SW[0]      ; LEDR[10]    ; 5.972 ; 5.972 ; 5.972 ; 5.972 ;
; SW[0]      ; LEDR[11]    ; 5.995 ; 6.113 ; 6.113 ; 5.995 ;
; SW[1]      ; LEDR[1]     ; 5.037 ; 5.037 ; 5.037 ; 5.037 ;
; SW[1]      ; LEDR[2]     ; 5.024 ; 5.024 ; 5.024 ; 5.024 ;
; SW[1]      ; LEDR[3]     ; 4.822 ; 4.822 ; 4.822 ; 4.822 ;
; SW[1]      ; LEDR[4]     ; 5.302 ; 5.302 ; 5.302 ; 5.302 ;
; SW[1]      ; LEDR[5]     ; 5.277 ; 5.277 ; 5.277 ; 5.277 ;
; SW[1]      ; LEDR[6]     ; 6.009 ; 6.009 ; 6.009 ; 6.009 ;
; SW[1]      ; LEDR[7]     ; 6.187 ; 6.187 ; 6.187 ; 6.187 ;
; SW[1]      ; LEDR[8]     ; 5.721 ; 5.721 ; 5.721 ; 5.721 ;
; SW[1]      ; LEDR[9]     ; 5.761 ; 5.761 ; 5.761 ; 5.761 ;
; SW[1]      ; LEDR[10]    ; 5.942 ; 5.942 ; 5.942 ; 5.942 ;
; SW[1]      ; LEDR[11]    ; 5.965 ; 6.043 ; 6.043 ; 5.965 ;
; SW[2]      ; LEDR[2]     ; 5.369 ; 5.369 ; 5.369 ; 5.369 ;
; SW[2]      ; LEDR[3]     ; 4.731 ; 4.731 ; 4.731 ; 4.731 ;
; SW[2]      ; LEDR[4]     ; 5.211 ; 5.211 ; 5.211 ; 5.211 ;
; SW[2]      ; LEDR[5]     ; 5.186 ; 5.186 ; 5.186 ; 5.186 ;
; SW[2]      ; LEDR[6]     ; 5.918 ; 5.918 ; 5.918 ; 5.918 ;
; SW[2]      ; LEDR[7]     ; 5.992 ; 5.992 ; 5.992 ; 5.992 ;
; SW[2]      ; LEDR[8]     ; 5.526 ; 5.526 ; 5.526 ; 5.526 ;
; SW[2]      ; LEDR[9]     ; 5.566 ; 5.566 ; 5.566 ; 5.566 ;
; SW[2]      ; LEDR[10]    ; 5.822 ; 5.822 ; 5.822 ; 5.822 ;
; SW[2]      ; LEDR[11]    ; 5.848 ; 5.848 ; 5.848 ; 5.848 ;
; SW[3]      ; LEDR[3]     ; 4.180 ; 4.180 ; 4.180 ; 4.180 ;
; SW[3]      ; LEDR[4]     ; 4.660 ; 4.660 ; 4.660 ; 4.660 ;
; SW[3]      ; LEDR[5]     ; 4.619 ; 4.619 ; 4.619 ; 4.619 ;
; SW[3]      ; LEDR[6]     ; 5.350 ; 5.350 ; 5.350 ; 5.350 ;
; SW[3]      ; LEDR[7]     ; 5.568 ; 5.568 ; 5.568 ; 5.568 ;
; SW[3]      ; LEDR[8]     ; 4.721 ; 4.721 ; 4.721 ; 4.721 ;
; SW[3]      ; LEDR[9]     ; 4.823 ; 4.823 ; 4.823 ; 4.823 ;
; SW[3]      ; LEDR[10]    ; 4.843 ; 4.843 ; 4.843 ; 4.843 ;
; SW[3]      ; LEDR[11]    ; 4.866 ; 5.105 ; 5.105 ; 4.866 ;
; SW[4]      ; LEDR[4]     ; 4.369 ; 4.369 ; 4.369 ; 4.369 ;
; SW[4]      ; LEDR[5]     ; 4.346 ; 4.346 ; 4.346 ; 4.346 ;
; SW[4]      ; LEDR[6]     ; 5.078 ; 5.078 ; 5.078 ; 5.078 ;
; SW[4]      ; LEDR[7]     ; 5.333 ; 5.333 ; 5.333 ; 5.333 ;
; SW[4]      ; LEDR[8]     ; 4.903 ; 4.903 ; 4.903 ; 4.903 ;
; SW[4]      ; LEDR[9]     ; 4.985 ; 4.985 ; 4.985 ; 4.985 ;
; SW[4]      ; LEDR[10]    ; 5.025 ; 5.025 ; 5.025 ; 5.025 ;
; SW[4]      ; LEDR[11]    ; 5.048 ; 5.267 ; 5.267 ; 5.048 ;
; SW[5]      ; LEDR[5]     ; 4.604 ; 4.604 ; 4.604 ; 4.604 ;
; SW[5]      ; LEDR[6]     ; 5.203 ; 5.203 ; 5.203 ; 5.203 ;
; SW[5]      ; LEDR[7]     ; 5.256 ; 5.256 ; 5.256 ; 5.256 ;
; SW[5]      ; LEDR[8]     ; 4.687 ; 4.687 ; 4.687 ; 4.687 ;
; SW[5]      ; LEDR[9]     ; 4.789 ; 4.789 ; 4.789 ; 4.789 ;
; SW[5]      ; LEDR[10]    ; 4.809 ; 4.809 ; 4.809 ; 4.809 ;
; SW[5]      ; LEDR[11]    ; 4.832 ; 5.071 ; 5.071 ; 4.832 ;
; SW[6]      ; LEDR[6]     ; 4.839 ; 4.839 ; 4.839 ; 4.839 ;
; SW[6]      ; LEDR[7]     ; 4.994 ; 4.994 ; 4.994 ; 4.994 ;
; SW[6]      ; LEDR[8]     ; 4.364 ; 4.364 ; 4.364 ; 4.364 ;
; SW[6]      ; LEDR[9]     ; 4.466 ; 4.466 ; 4.466 ; 4.466 ;
; SW[6]      ; LEDR[10]    ; 4.486 ; 4.486 ; 4.486 ; 4.486 ;
; SW[6]      ; LEDR[11]    ; 4.509 ; 4.748 ; 4.748 ; 4.509 ;
; SW[7]      ; LEDR[7]     ; 4.867 ; 4.867 ; 4.867 ; 4.867 ;
; SW[7]      ; LEDR[8]     ; 4.137 ; 4.137 ; 4.137 ; 4.137 ;
; SW[7]      ; LEDR[9]     ; 4.241 ; 4.241 ; 4.241 ; 4.241 ;
; SW[7]      ; LEDR[10]    ; 4.472 ; 4.472 ; 4.472 ; 4.472 ;
; SW[7]      ; LEDR[11]    ; 4.495 ; 4.523 ; 4.523 ; 4.495 ;
; SW[8]      ; LEDR[0]     ; 4.627 ; 4.627 ; 4.627 ; 4.627 ;
; SW[8]      ; LEDR[1]     ; 4.996 ; 4.996 ; 4.996 ; 4.996 ;
; SW[8]      ; LEDR[2]     ; 5.148 ; 5.148 ; 5.148 ; 5.148 ;
; SW[8]      ; LEDR[3]     ; 5.030 ; 5.030 ; 5.030 ; 5.030 ;
; SW[8]      ; LEDR[4]     ; 5.224 ; 5.224 ; 5.224 ; 5.224 ;
; SW[8]      ; LEDR[5]     ; 5.063 ; 5.063 ; 5.063 ; 5.063 ;
; SW[8]      ; LEDR[6]     ; 5.537 ; 5.537 ; 5.537 ; 5.537 ;
; SW[8]      ; LEDR[7]     ; 5.590 ; 5.590 ; 5.590 ; 5.590 ;
; SW[8]      ; LEDR[8]     ; 4.934 ; 4.934 ; 4.934 ; 4.934 ;
; SW[8]      ; LEDR[9]     ; 4.974 ; 4.974 ; 4.974 ; 4.974 ;
; SW[8]      ; LEDR[10]    ; 4.670 ; 4.670 ; 4.670 ; 4.670 ;
; SW[8]      ; LEDR[11]    ; 4.693 ; 5.062 ; 5.062 ; 4.693 ;
; SW[9]      ; LEDR[1]     ; 5.603 ; 5.603 ; 5.603 ; 5.603 ;
; SW[9]      ; LEDR[2]     ; 5.590 ; 5.590 ; 5.590 ; 5.590 ;
; SW[9]      ; LEDR[3]     ; 4.938 ; 4.938 ; 4.938 ; 4.938 ;
; SW[9]      ; LEDR[4]     ; 5.116 ; 5.116 ; 5.116 ; 5.116 ;
; SW[9]      ; LEDR[5]     ; 4.955 ; 4.955 ; 4.955 ; 4.955 ;
; SW[9]      ; LEDR[6]     ; 5.353 ; 5.353 ; 5.353 ; 5.353 ;
; SW[9]      ; LEDR[7]     ; 5.350 ; 5.350 ; 5.350 ; 5.350 ;
; SW[9]      ; LEDR[8]     ; 4.630 ; 4.630 ; 4.630 ; 4.630 ;
; SW[9]      ; LEDR[9]     ; 4.670 ; 4.670 ; 4.670 ; 4.670 ;
; SW[9]      ; LEDR[10]    ; 4.584 ; 4.584 ; 4.584 ; 4.584 ;
; SW[9]      ; LEDR[11]    ; 4.607 ; 4.976 ; 4.976 ; 4.607 ;
; SW[10]     ; LEDR[0]     ; 4.590 ; 4.590 ; 4.590 ; 4.590 ;
; SW[10]     ; LEDR[1]     ; 4.959 ; 4.959 ; 4.959 ; 4.959 ;
; SW[10]     ; LEDR[2]     ; 5.110 ; 5.110 ; 5.110 ; 5.110 ;
; SW[10]     ; LEDR[3]     ; 4.975 ; 4.975 ; 4.975 ; 4.975 ;
; SW[10]     ; LEDR[4]     ; 5.153 ; 5.153 ; 5.153 ; 5.153 ;
; SW[10]     ; LEDR[5]     ; 4.992 ; 4.992 ; 4.992 ; 4.992 ;
; SW[10]     ; LEDR[6]     ; 5.382 ; 5.382 ; 5.382 ; 5.382 ;
; SW[10]     ; LEDR[7]     ; 5.493 ; 5.493 ; 5.493 ; 5.493 ;
; SW[10]     ; LEDR[8]     ; 4.774 ; 4.774 ; 4.774 ; 4.774 ;
; SW[10]     ; LEDR[9]     ; 4.814 ; 4.814 ; 4.814 ; 4.814 ;
; SW[10]     ; LEDR[10]    ; 4.645 ; 4.645 ; 4.645 ; 4.645 ;
; SW[10]     ; LEDR[11]    ; 4.668 ; 5.016 ; 5.016 ; 4.668 ;
; SW[11]     ; LEDR[1]     ; 5.359 ; 5.359 ; 5.359 ; 5.359 ;
; SW[11]     ; LEDR[2]     ; 5.346 ; 5.346 ; 5.346 ; 5.346 ;
; SW[11]     ; LEDR[3]     ; 5.038 ; 5.038 ; 5.038 ; 5.038 ;
; SW[11]     ; LEDR[4]     ; 5.216 ; 5.216 ; 5.216 ; 5.216 ;
; SW[11]     ; LEDR[5]     ; 5.055 ; 5.055 ; 5.055 ; 5.055 ;
; SW[11]     ; LEDR[6]     ; 5.403 ; 5.403 ; 5.403 ; 5.403 ;
; SW[11]     ; LEDR[7]     ; 5.570 ; 5.570 ; 5.570 ; 5.570 ;
; SW[11]     ; LEDR[8]     ; 4.935 ; 4.935 ; 4.935 ; 4.935 ;
; SW[11]     ; LEDR[9]     ; 4.846 ; 4.846 ; 4.846 ; 4.846 ;
; SW[11]     ; LEDR[10]    ; 4.641 ; 4.641 ; 4.641 ; 4.641 ;
; SW[11]     ; LEDR[11]    ; 4.664 ; 5.036 ; 5.036 ; 4.664 ;
; SW[12]     ; LEDR[0]     ; 4.530 ; 4.530 ; 4.530 ; 4.530 ;
; SW[12]     ; LEDR[1]     ; 4.899 ; 4.899 ; 4.899 ; 4.899 ;
; SW[12]     ; LEDR[2]     ; 5.049 ; 5.049 ; 5.049 ; 5.049 ;
; SW[12]     ; LEDR[3]     ; 4.931 ; 4.931 ; 4.931 ; 4.931 ;
; SW[12]     ; LEDR[4]     ; 5.242 ; 5.242 ; 5.242 ; 5.242 ;
; SW[12]     ; LEDR[5]     ; 5.081 ; 5.081 ; 5.081 ; 5.081 ;
; SW[12]     ; LEDR[6]     ; 5.563 ; 5.563 ; 5.563 ; 5.563 ;
; SW[12]     ; LEDR[7]     ; 5.616 ; 5.616 ; 5.616 ; 5.616 ;
; SW[12]     ; LEDR[8]     ; 4.779 ; 4.779 ; 4.779 ; 4.779 ;
; SW[12]     ; LEDR[9]     ; 4.690 ; 4.690 ; 4.690 ; 4.690 ;
; SW[12]     ; LEDR[10]    ; 4.534 ; 4.534 ; 4.534 ; 4.534 ;
; SW[12]     ; LEDR[11]    ; 4.557 ; 4.557 ; 4.557 ; 4.557 ;
; SW[13]     ; LEDR[1]     ; 7.716 ; 7.716 ; 7.716 ; 7.716 ;
; SW[13]     ; LEDR[2]     ; 7.703 ; 7.703 ; 7.703 ; 7.703 ;
; SW[13]     ; LEDR[3]     ; 7.183 ; 7.183 ; 7.183 ; 7.183 ;
; SW[13]     ; LEDR[4]     ; 7.361 ; 7.361 ; 7.361 ; 7.361 ;
; SW[13]     ; LEDR[5]     ; 7.200 ; 7.200 ; 7.200 ; 7.200 ;
; SW[13]     ; LEDR[6]     ; 7.747 ; 7.747 ; 7.747 ; 7.747 ;
; SW[13]     ; LEDR[7]     ; 7.800 ; 7.800 ; 7.800 ; 7.800 ;
; SW[13]     ; LEDR[8]     ; 6.952 ; 6.952 ; 6.952 ; 6.952 ;
; SW[13]     ; LEDR[9]     ; 6.863 ; 6.863 ; 6.863 ; 6.863 ;
; SW[13]     ; LEDR[10]    ; 6.702 ; 6.702 ; 6.702 ; 6.702 ;
; SW[13]     ; LEDR[11]    ; 6.725 ; 6.725 ; 6.725 ; 6.725 ;
; SW[14]     ; LEDR[0]     ; 6.645 ; 6.645 ; 6.645 ; 6.645 ;
; SW[14]     ; LEDR[1]     ; 7.015 ; 7.015 ; 7.015 ; 7.015 ;
; SW[14]     ; LEDR[2]     ; 7.316 ; 7.316 ; 7.316 ; 7.316 ;
; SW[14]     ; LEDR[3]     ; 6.709 ; 6.709 ; 6.709 ; 6.709 ;
; SW[14]     ; LEDR[4]     ; 7.047 ; 7.047 ; 7.047 ; 7.047 ;
; SW[14]     ; LEDR[5]     ; 6.840 ; 6.840 ; 6.840 ; 6.840 ;
; SW[14]     ; LEDR[6]     ; 7.429 ; 7.429 ; 7.429 ; 7.429 ;
; SW[14]     ; LEDR[7]     ; 7.119 ; 7.119 ; 7.119 ; 7.119 ;
; SW[14]     ; LEDR[8]     ; 6.386 ; 6.386 ; 6.386 ; 6.386 ;
; SW[14]     ; LEDR[9]     ; 6.495 ; 6.495 ; 6.495 ; 6.495 ;
; SW[14]     ; LEDR[10]    ; 6.751 ; 6.751 ; 6.751 ; 6.751 ;
; SW[14]     ; LEDR[11]    ; 6.777 ; 6.777 ; 6.777 ; 6.777 ;
; SW[15]     ; LEDR[1]     ; 7.591 ; 7.591 ; 7.591 ; 7.591 ;
; SW[15]     ; LEDR[2]     ; 7.578 ; 7.578 ; 7.578 ; 7.578 ;
; SW[15]     ; LEDR[3]     ; 6.765 ; 6.765 ; 6.765 ; 6.765 ;
; SW[15]     ; LEDR[4]     ; 6.982 ; 6.982 ; 6.982 ; 6.982 ;
; SW[15]     ; LEDR[5]     ; 6.776 ; 6.776 ; 6.776 ; 6.776 ;
; SW[15]     ; LEDR[6]     ; 7.350 ; 7.350 ; 7.350 ; 7.350 ;
; SW[15]     ; LEDR[7]     ; 7.028 ; 7.028 ; 7.028 ; 7.028 ;
; SW[15]     ; LEDR[8]     ; 6.319 ; 6.319 ; 6.319 ; 6.319 ;
; SW[15]     ; LEDR[9]     ; 6.420 ; 6.420 ; 6.420 ; 6.420 ;
; SW[15]     ; LEDR[10]    ; 6.676 ; 6.676 ; 6.676 ; 6.676 ;
; SW[15]     ; LEDR[11]    ; 6.702 ; 6.702 ; 6.702 ; 6.702 ;
+------------+-------------+-------+-------+-------+-------+


+----------------------------------------------------------------------------+
; Multicorner Timing Analysis Summary                                        ;
+------------------+-------+------+----------+---------+---------------------+
; Clock            ; Setup ; Hold ; Recovery ; Removal ; Minimum Pulse Width ;
+------------------+-------+------+----------+---------+---------------------+
; Worst-case Slack ; N/A   ; N/A  ; N/A      ; N/A     ; N/A                 ;
; Design-wide TNS  ; 0.0   ; 0.0  ; 0.0      ; 0.0     ; 0.0                 ;
+------------------+-------+------+----------+---------+---------------------+


+--------------------------------------------------------------+
; Progagation Delay                                            ;
+------------+-------------+--------+--------+--------+--------+
; Input Port ; Output Port ; RR     ; RF     ; FR     ; FF     ;
+------------+-------------+--------+--------+--------+--------+
; SW[0]      ; LEDR[0]     ; 9.339  ; 9.339  ; 9.339  ; 9.339  ;
; SW[0]      ; LEDR[1]     ; 11.077 ; 11.077 ; 11.077 ; 11.077 ;
; SW[0]      ; LEDR[2]     ; 12.130 ; 12.130 ; 12.130 ; 12.130 ;
; SW[0]      ; LEDR[3]     ; 11.776 ; 11.776 ; 11.776 ; 11.776 ;
; SW[0]      ; LEDR[4]     ; 13.394 ; 13.394 ; 13.394 ; 13.394 ;
; SW[0]      ; LEDR[5]     ; 13.377 ; 13.377 ; 13.377 ; 13.377 ;
; SW[0]      ; LEDR[6]     ; 15.208 ; 15.208 ; 15.208 ; 15.208 ;
; SW[0]      ; LEDR[7]     ; 15.800 ; 15.800 ; 15.800 ; 15.800 ;
; SW[0]      ; LEDR[8]     ; 15.065 ; 15.065 ; 15.065 ; 15.065 ;
; SW[0]      ; LEDR[9]     ; 15.657 ; 15.657 ; 15.657 ; 15.657 ;
; SW[0]      ; LEDR[10]    ; 16.230 ; 16.230 ; 16.230 ; 16.230 ;
; SW[0]      ; LEDR[11]    ; 16.269 ; 16.269 ; 16.269 ; 16.269 ;
; SW[1]      ; LEDR[1]     ; 11.181 ; 11.181 ; 11.181 ; 11.181 ;
; SW[1]      ; LEDR[2]     ; 12.300 ; 12.300 ; 12.300 ; 12.300 ;
; SW[1]      ; LEDR[3]     ; 11.946 ; 11.946 ; 11.946 ; 11.946 ;
; SW[1]      ; LEDR[4]     ; 13.282 ; 13.282 ; 13.282 ; 13.282 ;
; SW[1]      ; LEDR[5]     ; 13.265 ; 13.265 ; 13.265 ; 13.265 ;
; SW[1]      ; LEDR[6]     ; 15.096 ; 15.096 ; 15.096 ; 15.096 ;
; SW[1]      ; LEDR[7]     ; 15.688 ; 15.688 ; 15.688 ; 15.688 ;
; SW[1]      ; LEDR[8]     ; 14.953 ; 14.953 ; 14.953 ; 14.953 ;
; SW[1]      ; LEDR[9]     ; 15.545 ; 15.545 ; 15.545 ; 15.545 ;
; SW[1]      ; LEDR[10]    ; 16.118 ; 16.118 ; 16.118 ; 16.118 ;
; SW[1]      ; LEDR[11]    ; 16.157 ; 16.157 ; 16.157 ; 16.157 ;
; SW[2]      ; LEDR[2]     ; 11.646 ; 11.646 ; 11.646 ; 11.646 ;
; SW[2]      ; LEDR[3]     ; 11.292 ; 11.292 ; 11.292 ; 11.292 ;
; SW[2]      ; LEDR[4]     ; 13.092 ; 13.092 ; 13.092 ; 13.092 ;
; SW[2]      ; LEDR[5]     ; 13.075 ; 13.075 ; 13.075 ; 13.075 ;
; SW[2]      ; LEDR[6]     ; 14.906 ; 14.906 ; 14.906 ; 14.906 ;
; SW[2]      ; LEDR[7]     ; 15.498 ; 15.498 ; 15.498 ; 15.498 ;
; SW[2]      ; LEDR[8]     ; 14.763 ; 14.763 ; 14.763 ; 14.763 ;
; SW[2]      ; LEDR[9]     ; 15.355 ; 15.355 ; 15.355 ; 15.355 ;
; SW[2]      ; LEDR[10]    ; 15.928 ; 15.928 ; 15.928 ; 15.928 ;
; SW[2]      ; LEDR[11]    ; 15.967 ; 15.967 ; 15.967 ; 15.967 ;
; SW[3]      ; LEDR[3]     ; 9.772  ; 9.772  ; 9.772  ; 9.772  ;
; SW[3]      ; LEDR[4]     ; 12.006 ; 12.006 ; 12.006 ; 12.006 ;
; SW[3]      ; LEDR[5]     ; 11.997 ; 11.997 ; 11.997 ; 11.997 ;
; SW[3]      ; LEDR[6]     ; 13.828 ; 13.828 ; 13.828 ; 13.828 ;
; SW[3]      ; LEDR[7]     ; 14.420 ; 14.420 ; 14.420 ; 14.420 ;
; SW[3]      ; LEDR[8]     ; 13.685 ; 13.685 ; 13.685 ; 13.685 ;
; SW[3]      ; LEDR[9]     ; 14.277 ; 14.277 ; 14.277 ; 14.277 ;
; SW[3]      ; LEDR[10]    ; 14.850 ; 14.850 ; 14.850 ; 14.850 ;
; SW[3]      ; LEDR[11]    ; 14.889 ; 14.889 ; 14.889 ; 14.889 ;
; SW[4]      ; LEDR[4]     ; 11.022 ; 11.022 ; 11.022 ; 11.022 ;
; SW[4]      ; LEDR[5]     ; 12.089 ; 12.089 ; 12.089 ; 12.089 ;
; SW[4]      ; LEDR[6]     ; 13.920 ; 13.920 ; 13.920 ; 13.920 ;
; SW[4]      ; LEDR[7]     ; 14.512 ; 14.512 ; 14.512 ; 14.512 ;
; SW[4]      ; LEDR[8]     ; 13.777 ; 13.777 ; 13.777 ; 13.777 ;
; SW[4]      ; LEDR[9]     ; 14.369 ; 14.369 ; 14.369 ; 14.369 ;
; SW[4]      ; LEDR[10]    ; 14.942 ; 14.942 ; 14.942 ; 14.942 ;
; SW[4]      ; LEDR[11]    ; 14.981 ; 14.981 ; 14.981 ; 14.981 ;
; SW[5]      ; LEDR[5]     ; 10.950 ; 10.950 ; 10.950 ; 10.950 ;
; SW[5]      ; LEDR[6]     ; 12.781 ; 12.781 ; 12.781 ; 12.781 ;
; SW[5]      ; LEDR[7]     ; 13.373 ; 13.373 ; 13.373 ; 13.373 ;
; SW[5]      ; LEDR[8]     ; 12.638 ; 12.638 ; 12.638 ; 12.638 ;
; SW[5]      ; LEDR[9]     ; 13.230 ; 13.230 ; 13.230 ; 13.230 ;
; SW[5]      ; LEDR[10]    ; 13.803 ; 13.803 ; 13.803 ; 13.803 ;
; SW[5]      ; LEDR[11]    ; 13.842 ; 13.842 ; 13.842 ; 13.842 ;
; SW[6]      ; LEDR[6]     ; 11.196 ; 11.196 ; 11.196 ; 11.196 ;
; SW[6]      ; LEDR[7]     ; 11.891 ; 11.891 ; 11.891 ; 11.891 ;
; SW[6]      ; LEDR[8]     ; 11.157 ; 11.157 ; 11.157 ; 11.157 ;
; SW[6]      ; LEDR[9]     ; 11.749 ; 11.749 ; 11.749 ; 11.749 ;
; SW[6]      ; LEDR[10]    ; 12.322 ; 12.322 ; 12.322 ; 12.322 ;
; SW[6]      ; LEDR[11]    ; 12.361 ; 12.361 ; 12.361 ; 12.361 ;
; SW[7]      ; LEDR[7]     ; 12.327 ; 12.327 ; 12.327 ; 12.327 ;
; SW[7]      ; LEDR[8]     ; 11.593 ; 11.593 ; 11.593 ; 11.593 ;
; SW[7]      ; LEDR[9]     ; 12.185 ; 12.185 ; 12.185 ; 12.185 ;
; SW[7]      ; LEDR[10]    ; 12.758 ; 12.758 ; 12.758 ; 12.758 ;
; SW[7]      ; LEDR[11]    ; 12.797 ; 12.797 ; 12.797 ; 12.797 ;
; SW[8]      ; LEDR[0]     ; 8.777  ; 8.777  ; 8.777  ; 8.777  ;
; SW[8]      ; LEDR[1]     ; 10.955 ; 10.955 ; 10.955 ; 10.955 ;
; SW[8]      ; LEDR[2]     ; 12.092 ; 12.092 ; 12.092 ; 12.092 ;
; SW[8]      ; LEDR[3]     ; 11.738 ; 11.738 ; 11.738 ; 11.738 ;
; SW[8]      ; LEDR[4]     ; 12.860 ; 12.860 ; 12.860 ; 12.860 ;
; SW[8]      ; LEDR[5]     ; 12.782 ; 12.782 ; 12.782 ; 12.782 ;
; SW[8]      ; LEDR[6]     ; 14.614 ; 14.614 ; 14.614 ; 14.614 ;
; SW[8]      ; LEDR[7]     ; 15.206 ; 15.206 ; 15.206 ; 15.206 ;
; SW[8]      ; LEDR[8]     ; 14.471 ; 14.471 ; 14.471 ; 14.471 ;
; SW[8]      ; LEDR[9]     ; 15.063 ; 15.063 ; 15.063 ; 15.063 ;
; SW[8]      ; LEDR[10]    ; 15.636 ; 15.636 ; 15.636 ; 15.636 ;
; SW[8]      ; LEDR[11]    ; 15.675 ; 15.675 ; 15.675 ; 15.675 ;
; SW[9]      ; LEDR[1]     ; 11.319 ; 11.319 ; 11.319 ; 11.319 ;
; SW[9]      ; LEDR[2]     ; 12.341 ; 12.341 ; 12.341 ; 12.341 ;
; SW[9]      ; LEDR[3]     ; 11.987 ; 11.987 ; 11.987 ; 11.987 ;
; SW[9]      ; LEDR[4]     ; 13.109 ; 13.109 ; 13.109 ; 13.109 ;
; SW[9]      ; LEDR[5]     ; 13.031 ; 13.031 ; 13.031 ; 13.031 ;
; SW[9]      ; LEDR[6]     ; 14.863 ; 14.863 ; 14.863 ; 14.863 ;
; SW[9]      ; LEDR[7]     ; 15.455 ; 15.455 ; 15.455 ; 15.455 ;
; SW[9]      ; LEDR[8]     ; 14.720 ; 14.720 ; 14.720 ; 14.720 ;
; SW[9]      ; LEDR[9]     ; 15.312 ; 15.312 ; 15.312 ; 15.312 ;
; SW[9]      ; LEDR[10]    ; 15.885 ; 15.885 ; 15.885 ; 15.885 ;
; SW[9]      ; LEDR[11]    ; 15.924 ; 15.924 ; 15.924 ; 15.924 ;
; SW[10]     ; LEDR[0]     ; 8.948  ; 8.948  ; 8.948  ; 8.948  ;
; SW[10]     ; LEDR[1]     ; 10.558 ; 10.558 ; 10.558 ; 10.558 ;
; SW[10]     ; LEDR[2]     ; 11.615 ; 11.615 ; 11.615 ; 11.615 ;
; SW[10]     ; LEDR[3]     ; 11.261 ; 11.261 ; 11.261 ; 11.261 ;
; SW[10]     ; LEDR[4]     ; 12.383 ; 12.383 ; 12.383 ; 12.383 ;
; SW[10]     ; LEDR[5]     ; 12.305 ; 12.305 ; 12.305 ; 12.305 ;
; SW[10]     ; LEDR[6]     ; 14.137 ; 14.137 ; 14.137 ; 14.137 ;
; SW[10]     ; LEDR[7]     ; 14.729 ; 14.729 ; 14.729 ; 14.729 ;
; SW[10]     ; LEDR[8]     ; 13.994 ; 13.994 ; 13.994 ; 13.994 ;
; SW[10]     ; LEDR[9]     ; 14.586 ; 14.586 ; 14.586 ; 14.586 ;
; SW[10]     ; LEDR[10]    ; 15.159 ; 15.159 ; 15.159 ; 15.159 ;
; SW[10]     ; LEDR[11]    ; 15.198 ; 15.198 ; 15.198 ; 15.198 ;
; SW[11]     ; LEDR[1]     ; 10.874 ; 10.874 ; 10.874 ; 10.874 ;
; SW[11]     ; LEDR[2]     ; 12.298 ; 12.298 ; 12.298 ; 12.298 ;
; SW[11]     ; LEDR[3]     ; 11.944 ; 11.944 ; 11.944 ; 11.944 ;
; SW[11]     ; LEDR[4]     ; 13.066 ; 13.066 ; 13.066 ; 13.066 ;
; SW[11]     ; LEDR[5]     ; 12.988 ; 12.988 ; 12.988 ; 12.988 ;
; SW[11]     ; LEDR[6]     ; 14.820 ; 14.820 ; 14.820 ; 14.820 ;
; SW[11]     ; LEDR[7]     ; 15.412 ; 15.412 ; 15.412 ; 15.412 ;
; SW[11]     ; LEDR[8]     ; 14.677 ; 14.677 ; 14.677 ; 14.677 ;
; SW[11]     ; LEDR[9]     ; 15.269 ; 15.269 ; 15.269 ; 15.269 ;
; SW[11]     ; LEDR[10]    ; 15.842 ; 15.842 ; 15.842 ; 15.842 ;
; SW[11]     ; LEDR[11]    ; 15.881 ; 15.881 ; 15.881 ; 15.881 ;
; SW[12]     ; LEDR[0]     ; 8.824  ; 8.824  ; 8.824  ; 8.824  ;
; SW[12]     ; LEDR[1]     ; 11.397 ; 11.397 ; 11.397 ; 11.397 ;
; SW[12]     ; LEDR[2]     ; 12.351 ; 12.351 ; 12.351 ; 12.351 ;
; SW[12]     ; LEDR[3]     ; 11.997 ; 11.997 ; 11.997 ; 11.997 ;
; SW[12]     ; LEDR[4]     ; 13.119 ; 13.119 ; 13.119 ; 13.119 ;
; SW[12]     ; LEDR[5]     ; 13.041 ; 13.041 ; 13.041 ; 13.041 ;
; SW[12]     ; LEDR[6]     ; 14.873 ; 14.873 ; 14.873 ; 14.873 ;
; SW[12]     ; LEDR[7]     ; 15.465 ; 15.465 ; 15.465 ; 15.465 ;
; SW[12]     ; LEDR[8]     ; 14.730 ; 14.730 ; 14.730 ; 14.730 ;
; SW[12]     ; LEDR[9]     ; 15.322 ; 15.322 ; 15.322 ; 15.322 ;
; SW[12]     ; LEDR[10]    ; 15.895 ; 15.895 ; 15.895 ; 15.895 ;
; SW[12]     ; LEDR[11]    ; 15.934 ; 15.934 ; 15.934 ; 15.934 ;
; SW[13]     ; LEDR[1]     ; 14.822 ; 14.822 ; 14.822 ; 14.822 ;
; SW[13]     ; LEDR[2]     ; 15.808 ; 15.808 ; 15.808 ; 15.808 ;
; SW[13]     ; LEDR[3]     ; 15.454 ; 15.454 ; 15.454 ; 15.454 ;
; SW[13]     ; LEDR[4]     ; 16.576 ; 16.576 ; 16.576 ; 16.576 ;
; SW[13]     ; LEDR[5]     ; 16.498 ; 16.498 ; 16.498 ; 16.498 ;
; SW[13]     ; LEDR[6]     ; 18.330 ; 18.330 ; 18.330 ; 18.330 ;
; SW[13]     ; LEDR[7]     ; 18.922 ; 18.922 ; 18.922 ; 18.922 ;
; SW[13]     ; LEDR[8]     ; 18.187 ; 18.187 ; 18.187 ; 18.187 ;
; SW[13]     ; LEDR[9]     ; 18.779 ; 18.779 ; 18.779 ; 18.779 ;
; SW[13]     ; LEDR[10]    ; 19.352 ; 19.352 ; 19.352 ; 19.352 ;
; SW[13]     ; LEDR[11]    ; 19.391 ; 19.391 ; 19.391 ; 19.391 ;
; SW[14]     ; LEDR[0]     ; 12.057 ; 12.057 ; 12.057 ; 12.057 ;
; SW[14]     ; LEDR[1]     ; 14.674 ; 14.674 ; 14.674 ; 14.674 ;
; SW[14]     ; LEDR[2]     ; 14.966 ; 14.966 ; 14.966 ; 14.966 ;
; SW[14]     ; LEDR[3]     ; 14.607 ; 14.607 ; 14.607 ; 14.607 ;
; SW[14]     ; LEDR[4]     ; 15.729 ; 15.729 ; 15.729 ; 15.729 ;
; SW[14]     ; LEDR[5]     ; 15.651 ; 15.651 ; 15.651 ; 15.651 ;
; SW[14]     ; LEDR[6]     ; 17.483 ; 17.483 ; 17.483 ; 17.483 ;
; SW[14]     ; LEDR[7]     ; 18.075 ; 18.075 ; 18.075 ; 18.075 ;
; SW[14]     ; LEDR[8]     ; 17.340 ; 17.340 ; 17.340 ; 17.340 ;
; SW[14]     ; LEDR[9]     ; 17.932 ; 17.932 ; 17.932 ; 17.932 ;
; SW[14]     ; LEDR[10]    ; 18.505 ; 18.505 ; 18.505 ; 18.505 ;
; SW[14]     ; LEDR[11]    ; 18.544 ; 18.396 ; 18.396 ; 18.544 ;
; SW[15]     ; LEDR[1]     ; 14.465 ; 14.465 ; 14.465 ; 14.465 ;
; SW[15]     ; LEDR[2]     ; 14.757 ; 14.757 ; 14.757 ; 14.757 ;
; SW[15]     ; LEDR[3]     ; 14.398 ; 14.398 ; 14.398 ; 14.398 ;
; SW[15]     ; LEDR[4]     ; 15.520 ; 15.520 ; 15.520 ; 15.520 ;
; SW[15]     ; LEDR[5]     ; 15.442 ; 15.442 ; 15.442 ; 15.442 ;
; SW[15]     ; LEDR[6]     ; 17.274 ; 17.274 ; 17.274 ; 17.274 ;
; SW[15]     ; LEDR[7]     ; 17.866 ; 17.866 ; 17.866 ; 17.866 ;
; SW[15]     ; LEDR[8]     ; 17.131 ; 17.131 ; 17.131 ; 17.131 ;
; SW[15]     ; LEDR[9]     ; 17.723 ; 17.723 ; 17.723 ; 17.723 ;
; SW[15]     ; LEDR[10]    ; 18.296 ; 18.296 ; 18.296 ; 18.296 ;
; SW[15]     ; LEDR[11]    ; 18.335 ; 18.251 ; 18.251 ; 18.335 ;
+------------+-------------+--------+--------+--------+--------+


+----------------------------------------------------------+
; Minimum Progagation Delay                                ;
+------------+-------------+-------+-------+-------+-------+
; Input Port ; Output Port ; RR    ; RF    ; FR    ; FF    ;
+------------+-------------+-------+-------+-------+-------+
; SW[0]      ; LEDR[0]     ; 4.326 ; 4.326 ; 4.326 ; 4.326 ;
; SW[0]      ; LEDR[1]     ; 4.813 ; 4.813 ; 4.813 ; 4.813 ;
; SW[0]      ; LEDR[2]     ; 4.983 ; 4.983 ; 4.983 ; 4.983 ;
; SW[0]      ; LEDR[3]     ; 4.846 ; 4.846 ; 4.846 ; 4.846 ;
; SW[0]      ; LEDR[4]     ; 5.325 ; 5.325 ; 5.325 ; 5.325 ;
; SW[0]      ; LEDR[5]     ; 5.301 ; 5.301 ; 5.301 ; 5.301 ;
; SW[0]      ; LEDR[6]     ; 6.033 ; 6.033 ; 6.033 ; 6.033 ;
; SW[0]      ; LEDR[7]     ; 6.257 ; 6.257 ; 6.257 ; 6.257 ;
; SW[0]      ; LEDR[8]     ; 5.791 ; 5.791 ; 5.791 ; 5.791 ;
; SW[0]      ; LEDR[9]     ; 5.831 ; 5.831 ; 5.831 ; 5.831 ;
; SW[0]      ; LEDR[10]    ; 5.972 ; 5.972 ; 5.972 ; 5.972 ;
; SW[0]      ; LEDR[11]    ; 5.995 ; 6.113 ; 6.113 ; 5.995 ;
; SW[1]      ; LEDR[1]     ; 5.037 ; 5.037 ; 5.037 ; 5.037 ;
; SW[1]      ; LEDR[2]     ; 5.024 ; 5.024 ; 5.024 ; 5.024 ;
; SW[1]      ; LEDR[3]     ; 4.822 ; 4.822 ; 4.822 ; 4.822 ;
; SW[1]      ; LEDR[4]     ; 5.302 ; 5.302 ; 5.302 ; 5.302 ;
; SW[1]      ; LEDR[5]     ; 5.277 ; 5.277 ; 5.277 ; 5.277 ;
; SW[1]      ; LEDR[6]     ; 6.009 ; 6.009 ; 6.009 ; 6.009 ;
; SW[1]      ; LEDR[7]     ; 6.187 ; 6.187 ; 6.187 ; 6.187 ;
; SW[1]      ; LEDR[8]     ; 5.721 ; 5.721 ; 5.721 ; 5.721 ;
; SW[1]      ; LEDR[9]     ; 5.761 ; 5.761 ; 5.761 ; 5.761 ;
; SW[1]      ; LEDR[10]    ; 5.942 ; 5.942 ; 5.942 ; 5.942 ;
; SW[1]      ; LEDR[11]    ; 5.965 ; 6.043 ; 6.043 ; 5.965 ;
; SW[2]      ; LEDR[2]     ; 5.369 ; 5.369 ; 5.369 ; 5.369 ;
; SW[2]      ; LEDR[3]     ; 4.731 ; 4.731 ; 4.731 ; 4.731 ;
; SW[2]      ; LEDR[4]     ; 5.211 ; 5.211 ; 5.211 ; 5.211 ;
; SW[2]      ; LEDR[5]     ; 5.186 ; 5.186 ; 5.186 ; 5.186 ;
; SW[2]      ; LEDR[6]     ; 5.918 ; 5.918 ; 5.918 ; 5.918 ;
; SW[2]      ; LEDR[7]     ; 5.992 ; 5.992 ; 5.992 ; 5.992 ;
; SW[2]      ; LEDR[8]     ; 5.526 ; 5.526 ; 5.526 ; 5.526 ;
; SW[2]      ; LEDR[9]     ; 5.566 ; 5.566 ; 5.566 ; 5.566 ;
; SW[2]      ; LEDR[10]    ; 5.822 ; 5.822 ; 5.822 ; 5.822 ;
; SW[2]      ; LEDR[11]    ; 5.848 ; 5.848 ; 5.848 ; 5.848 ;
; SW[3]      ; LEDR[3]     ; 4.180 ; 4.180 ; 4.180 ; 4.180 ;
; SW[3]      ; LEDR[4]     ; 4.660 ; 4.660 ; 4.660 ; 4.660 ;
; SW[3]      ; LEDR[5]     ; 4.619 ; 4.619 ; 4.619 ; 4.619 ;
; SW[3]      ; LEDR[6]     ; 5.350 ; 5.350 ; 5.350 ; 5.350 ;
; SW[3]      ; LEDR[7]     ; 5.568 ; 5.568 ; 5.568 ; 5.568 ;
; SW[3]      ; LEDR[8]     ; 4.721 ; 4.721 ; 4.721 ; 4.721 ;
; SW[3]      ; LEDR[9]     ; 4.823 ; 4.823 ; 4.823 ; 4.823 ;
; SW[3]      ; LEDR[10]    ; 4.843 ; 4.843 ; 4.843 ; 4.843 ;
; SW[3]      ; LEDR[11]    ; 4.866 ; 5.105 ; 5.105 ; 4.866 ;
; SW[4]      ; LEDR[4]     ; 4.369 ; 4.369 ; 4.369 ; 4.369 ;
; SW[4]      ; LEDR[5]     ; 4.346 ; 4.346 ; 4.346 ; 4.346 ;
; SW[4]      ; LEDR[6]     ; 5.078 ; 5.078 ; 5.078 ; 5.078 ;
; SW[4]      ; LEDR[7]     ; 5.333 ; 5.333 ; 5.333 ; 5.333 ;
; SW[4]      ; LEDR[8]     ; 4.903 ; 4.903 ; 4.903 ; 4.903 ;
; SW[4]      ; LEDR[9]     ; 4.985 ; 4.985 ; 4.985 ; 4.985 ;
; SW[4]      ; LEDR[10]    ; 5.025 ; 5.025 ; 5.025 ; 5.025 ;
; SW[4]      ; LEDR[11]    ; 5.048 ; 5.267 ; 5.267 ; 5.048 ;
; SW[5]      ; LEDR[5]     ; 4.604 ; 4.604 ; 4.604 ; 4.604 ;
; SW[5]      ; LEDR[6]     ; 5.203 ; 5.203 ; 5.203 ; 5.203 ;
; SW[5]      ; LEDR[7]     ; 5.256 ; 5.256 ; 5.256 ; 5.256 ;
; SW[5]      ; LEDR[8]     ; 4.687 ; 4.687 ; 4.687 ; 4.687 ;
; SW[5]      ; LEDR[9]     ; 4.789 ; 4.789 ; 4.789 ; 4.789 ;
; SW[5]      ; LEDR[10]    ; 4.809 ; 4.809 ; 4.809 ; 4.809 ;
; SW[5]      ; LEDR[11]    ; 4.832 ; 5.071 ; 5.071 ; 4.832 ;
; SW[6]      ; LEDR[6]     ; 4.839 ; 4.839 ; 4.839 ; 4.839 ;
; SW[6]      ; LEDR[7]     ; 4.994 ; 4.994 ; 4.994 ; 4.994 ;
; SW[6]      ; LEDR[8]     ; 4.364 ; 4.364 ; 4.364 ; 4.364 ;
; SW[6]      ; LEDR[9]     ; 4.466 ; 4.466 ; 4.466 ; 4.466 ;
; SW[6]      ; LEDR[10]    ; 4.486 ; 4.486 ; 4.486 ; 4.486 ;
; SW[6]      ; LEDR[11]    ; 4.509 ; 4.748 ; 4.748 ; 4.509 ;
; SW[7]      ; LEDR[7]     ; 4.867 ; 4.867 ; 4.867 ; 4.867 ;
; SW[7]      ; LEDR[8]     ; 4.137 ; 4.137 ; 4.137 ; 4.137 ;
; SW[7]      ; LEDR[9]     ; 4.241 ; 4.241 ; 4.241 ; 4.241 ;
; SW[7]      ; LEDR[10]    ; 4.472 ; 4.472 ; 4.472 ; 4.472 ;
; SW[7]      ; LEDR[11]    ; 4.495 ; 4.523 ; 4.523 ; 4.495 ;
; SW[8]      ; LEDR[0]     ; 4.627 ; 4.627 ; 4.627 ; 4.627 ;
; SW[8]      ; LEDR[1]     ; 4.996 ; 4.996 ; 4.996 ; 4.996 ;
; SW[8]      ; LEDR[2]     ; 5.148 ; 5.148 ; 5.148 ; 5.148 ;
; SW[8]      ; LEDR[3]     ; 5.030 ; 5.030 ; 5.030 ; 5.030 ;
; SW[8]      ; LEDR[4]     ; 5.224 ; 5.224 ; 5.224 ; 5.224 ;
; SW[8]      ; LEDR[5]     ; 5.063 ; 5.063 ; 5.063 ; 5.063 ;
; SW[8]      ; LEDR[6]     ; 5.537 ; 5.537 ; 5.537 ; 5.537 ;
; SW[8]      ; LEDR[7]     ; 5.590 ; 5.590 ; 5.590 ; 5.590 ;
; SW[8]      ; LEDR[8]     ; 4.934 ; 4.934 ; 4.934 ; 4.934 ;
; SW[8]      ; LEDR[9]     ; 4.974 ; 4.974 ; 4.974 ; 4.974 ;
; SW[8]      ; LEDR[10]    ; 4.670 ; 4.670 ; 4.670 ; 4.670 ;
; SW[8]      ; LEDR[11]    ; 4.693 ; 5.062 ; 5.062 ; 4.693 ;
; SW[9]      ; LEDR[1]     ; 5.603 ; 5.603 ; 5.603 ; 5.603 ;
; SW[9]      ; LEDR[2]     ; 5.590 ; 5.590 ; 5.590 ; 5.590 ;
; SW[9]      ; LEDR[3]     ; 4.938 ; 4.938 ; 4.938 ; 4.938 ;
; SW[9]      ; LEDR[4]     ; 5.116 ; 5.116 ; 5.116 ; 5.116 ;
; SW[9]      ; LEDR[5]     ; 4.955 ; 4.955 ; 4.955 ; 4.955 ;
; SW[9]      ; LEDR[6]     ; 5.353 ; 5.353 ; 5.353 ; 5.353 ;
; SW[9]      ; LEDR[7]     ; 5.350 ; 5.350 ; 5.350 ; 5.350 ;
; SW[9]      ; LEDR[8]     ; 4.630 ; 4.630 ; 4.630 ; 4.630 ;
; SW[9]      ; LEDR[9]     ; 4.670 ; 4.670 ; 4.670 ; 4.670 ;
; SW[9]      ; LEDR[10]    ; 4.584 ; 4.584 ; 4.584 ; 4.584 ;
; SW[9]      ; LEDR[11]    ; 4.607 ; 4.976 ; 4.976 ; 4.607 ;
; SW[10]     ; LEDR[0]     ; 4.590 ; 4.590 ; 4.590 ; 4.590 ;
; SW[10]     ; LEDR[1]     ; 4.959 ; 4.959 ; 4.959 ; 4.959 ;
; SW[10]     ; LEDR[2]     ; 5.110 ; 5.110 ; 5.110 ; 5.110 ;
; SW[10]     ; LEDR[3]     ; 4.975 ; 4.975 ; 4.975 ; 4.975 ;
; SW[10]     ; LEDR[4]     ; 5.153 ; 5.153 ; 5.153 ; 5.153 ;
; SW[10]     ; LEDR[5]     ; 4.992 ; 4.992 ; 4.992 ; 4.992 ;
; SW[10]     ; LEDR[6]     ; 5.382 ; 5.382 ; 5.382 ; 5.382 ;
; SW[10]     ; LEDR[7]     ; 5.493 ; 5.493 ; 5.493 ; 5.493 ;
; SW[10]     ; LEDR[8]     ; 4.774 ; 4.774 ; 4.774 ; 4.774 ;
; SW[10]     ; LEDR[9]     ; 4.814 ; 4.814 ; 4.814 ; 4.814 ;
; SW[10]     ; LEDR[10]    ; 4.645 ; 4.645 ; 4.645 ; 4.645 ;
; SW[10]     ; LEDR[11]    ; 4.668 ; 5.016 ; 5.016 ; 4.668 ;
; SW[11]     ; LEDR[1]     ; 5.359 ; 5.359 ; 5.359 ; 5.359 ;
; SW[11]     ; LEDR[2]     ; 5.346 ; 5.346 ; 5.346 ; 5.346 ;
; SW[11]     ; LEDR[3]     ; 5.038 ; 5.038 ; 5.038 ; 5.038 ;
; SW[11]     ; LEDR[4]     ; 5.216 ; 5.216 ; 5.216 ; 5.216 ;
; SW[11]     ; LEDR[5]     ; 5.055 ; 5.055 ; 5.055 ; 5.055 ;
; SW[11]     ; LEDR[6]     ; 5.403 ; 5.403 ; 5.403 ; 5.403 ;
; SW[11]     ; LEDR[7]     ; 5.570 ; 5.570 ; 5.570 ; 5.570 ;
; SW[11]     ; LEDR[8]     ; 4.935 ; 4.935 ; 4.935 ; 4.935 ;
; SW[11]     ; LEDR[9]     ; 4.846 ; 4.846 ; 4.846 ; 4.846 ;
; SW[11]     ; LEDR[10]    ; 4.641 ; 4.641 ; 4.641 ; 4.641 ;
; SW[11]     ; LEDR[11]    ; 4.664 ; 5.036 ; 5.036 ; 4.664 ;
; SW[12]     ; LEDR[0]     ; 4.530 ; 4.530 ; 4.530 ; 4.530 ;
; SW[12]     ; LEDR[1]     ; 4.899 ; 4.899 ; 4.899 ; 4.899 ;
; SW[12]     ; LEDR[2]     ; 5.049 ; 5.049 ; 5.049 ; 5.049 ;
; SW[12]     ; LEDR[3]     ; 4.931 ; 4.931 ; 4.931 ; 4.931 ;
; SW[12]     ; LEDR[4]     ; 5.242 ; 5.242 ; 5.242 ; 5.242 ;
; SW[12]     ; LEDR[5]     ; 5.081 ; 5.081 ; 5.081 ; 5.081 ;
; SW[12]     ; LEDR[6]     ; 5.563 ; 5.563 ; 5.563 ; 5.563 ;
; SW[12]     ; LEDR[7]     ; 5.616 ; 5.616 ; 5.616 ; 5.616 ;
; SW[12]     ; LEDR[8]     ; 4.779 ; 4.779 ; 4.779 ; 4.779 ;
; SW[12]     ; LEDR[9]     ; 4.690 ; 4.690 ; 4.690 ; 4.690 ;
; SW[12]     ; LEDR[10]    ; 4.534 ; 4.534 ; 4.534 ; 4.534 ;
; SW[12]     ; LEDR[11]    ; 4.557 ; 4.557 ; 4.557 ; 4.557 ;
; SW[13]     ; LEDR[1]     ; 7.716 ; 7.716 ; 7.716 ; 7.716 ;
; SW[13]     ; LEDR[2]     ; 7.703 ; 7.703 ; 7.703 ; 7.703 ;
; SW[13]     ; LEDR[3]     ; 7.183 ; 7.183 ; 7.183 ; 7.183 ;
; SW[13]     ; LEDR[4]     ; 7.361 ; 7.361 ; 7.361 ; 7.361 ;
; SW[13]     ; LEDR[5]     ; 7.200 ; 7.200 ; 7.200 ; 7.200 ;
; SW[13]     ; LEDR[6]     ; 7.747 ; 7.747 ; 7.747 ; 7.747 ;
; SW[13]     ; LEDR[7]     ; 7.800 ; 7.800 ; 7.800 ; 7.800 ;
; SW[13]     ; LEDR[8]     ; 6.952 ; 6.952 ; 6.952 ; 6.952 ;
; SW[13]     ; LEDR[9]     ; 6.863 ; 6.863 ; 6.863 ; 6.863 ;
; SW[13]     ; LEDR[10]    ; 6.702 ; 6.702 ; 6.702 ; 6.702 ;
; SW[13]     ; LEDR[11]    ; 6.725 ; 6.725 ; 6.725 ; 6.725 ;
; SW[14]     ; LEDR[0]     ; 6.645 ; 6.645 ; 6.645 ; 6.645 ;
; SW[14]     ; LEDR[1]     ; 7.015 ; 7.015 ; 7.015 ; 7.015 ;
; SW[14]     ; LEDR[2]     ; 7.316 ; 7.316 ; 7.316 ; 7.316 ;
; SW[14]     ; LEDR[3]     ; 6.709 ; 6.709 ; 6.709 ; 6.709 ;
; SW[14]     ; LEDR[4]     ; 7.047 ; 7.047 ; 7.047 ; 7.047 ;
; SW[14]     ; LEDR[5]     ; 6.840 ; 6.840 ; 6.840 ; 6.840 ;
; SW[14]     ; LEDR[6]     ; 7.429 ; 7.429 ; 7.429 ; 7.429 ;
; SW[14]     ; LEDR[7]     ; 7.119 ; 7.119 ; 7.119 ; 7.119 ;
; SW[14]     ; LEDR[8]     ; 6.386 ; 6.386 ; 6.386 ; 6.386 ;
; SW[14]     ; LEDR[9]     ; 6.495 ; 6.495 ; 6.495 ; 6.495 ;
; SW[14]     ; LEDR[10]    ; 6.751 ; 6.751 ; 6.751 ; 6.751 ;
; SW[14]     ; LEDR[11]    ; 6.777 ; 6.777 ; 6.777 ; 6.777 ;
; SW[15]     ; LEDR[1]     ; 7.591 ; 7.591 ; 7.591 ; 7.591 ;
; SW[15]     ; LEDR[2]     ; 7.578 ; 7.578 ; 7.578 ; 7.578 ;
; SW[15]     ; LEDR[3]     ; 6.765 ; 6.765 ; 6.765 ; 6.765 ;
; SW[15]     ; LEDR[4]     ; 6.982 ; 6.982 ; 6.982 ; 6.982 ;
; SW[15]     ; LEDR[5]     ; 6.776 ; 6.776 ; 6.776 ; 6.776 ;
; SW[15]     ; LEDR[6]     ; 7.350 ; 7.350 ; 7.350 ; 7.350 ;
; SW[15]     ; LEDR[7]     ; 7.028 ; 7.028 ; 7.028 ; 7.028 ;
; SW[15]     ; LEDR[8]     ; 6.319 ; 6.319 ; 6.319 ; 6.319 ;
; SW[15]     ; LEDR[9]     ; 6.420 ; 6.420 ; 6.420 ; 6.420 ;
; SW[15]     ; LEDR[10]    ; 6.676 ; 6.676 ; 6.676 ; 6.676 ;
; SW[15]     ; LEDR[11]    ; 6.702 ; 6.702 ; 6.702 ; 6.702 ;
+------------+-------------+-------+-------+-------+-------+


-------------------
; Clock Transfers ;
-------------------
Nothing to report.


---------------
; Report TCCS ;
---------------
No dedicated SERDES Transmitter circuitry present in device or used in design


---------------
; Report RSKM ;
---------------
No dedicated SERDES Receiver circuitry present in device or used in design


+------------------------------------------------+
; Unconstrained Paths                            ;
+---------------------------------+-------+------+
; Property                        ; Setup ; Hold ;
+---------------------------------+-------+------+
; Illegal Clocks                  ; 0     ; 0    ;
; Unconstrained Clocks            ; 0     ; 0    ;
; Unconstrained Input Ports       ; 16    ; 16   ;
; Unconstrained Input Port Paths  ; 160   ; 160  ;
; Unconstrained Output Ports      ; 12    ; 12   ;
; Unconstrained Output Port Paths ; 160   ; 160  ;
+---------------------------------+-------+------+


+------------------------------------+
; TimeQuest Timing Analyzer Messages ;
+------------------------------------+
Info: *******************************************************************
Info: Running Quartus II 64-Bit TimeQuest Timing Analyzer
    Info: Version 12.1 Build 177 11/07/2012 SJ Web Edition
    Info: Processing started: Wed Oct 23 19:25:03 2019
Info: Command: quartus_sta cap10 -c cap10
Info: qsta_default_script.tcl version: #1
Warning (20028): Parallel compilation is not licensed and has been disabled
Info (21077): Low junction temperature is 0 degrees C
Info (21077): High junction temperature is 85 degrees C
Critical Warning (332012): Synopsys Design Constraints File file not found: 'cap10.sdc'. A Synopsys Design Constraints File is required by the TimeQuest Timing Analyzer to get proper timing constraints. Without it, the Compiler will not properly optimize the design.
Info (332142): No user constrained base clocks found in the design. Calling "derive_clocks -period 1.0"
Info (332096): The command derive_clocks did not find any clocks to derive.  No clocks were created or changed.
Warning (332068): No clocks defined in design.
Info: Found TIMEQUEST_REPORT_SCRIPT_INCLUDE_DEFAULT_ANALYSIS = ON
Info (332159): No clocks to report
Info: Analyzing Slow Model
Info (332140): No fmax paths to report
Info (332140): No Setup paths to report
Info (332140): No Hold paths to report
Info (332140): No Recovery paths to report
Info (332140): No Removal paths to report
Info (332140): No Minimum Pulse Width paths to report
Info (332001): The selected device family is not supported by the report_metastability command.
Info: Analyzing Fast Model
Info (332142): No user constrained base clocks found in the design. Calling "derive_clocks -period 1.0"
Info (332096): The command derive_clocks did not find any clocks to derive.  No clocks were created or changed.
Warning (332068): No clocks defined in design.
Info (332140): No Setup paths to report
Info (332140): No Hold paths to report
Info (332140): No Recovery paths to report
Info (332140): No Removal paths to report
Info (332140): No Minimum Pulse Width paths to report
Info (332001): The selected device family is not supported by the report_metastability command.
Info (332102): Design is not fully constrained for setup requirements
Info (332102): Design is not fully constrained for hold requirements
Info: Quartus II 64-Bit TimeQuest Timing Analyzer was successful. 0 errors, 4 warnings
    Info: Peak virtual memory: 396 megabytes
    Info: Processing ended: Wed Oct 23 19:25:05 2019
    Info: Elapsed time: 00:00:02
    Info: Total CPU time (on all processors): 00:00:01


