Analysis & Synthesis report for cap10
Wed Oct 23 19:24:49 2019
Quartus II 64-Bit Version 12.1 Build 177 11/07/2012 SJ Web Edition


---------------------
; Table of Contents ;
---------------------
  1. Legal Notice
  2. Analysis & Synthesis Summary
  3. Analysis & Synthesis Settings
  4. Parallel Compilation
  5. Analysis & Synthesis Source Files Read
  6. Analysis & Synthesis Resource Usage Summary
  7. Analysis & Synthesis Resource Utilization by Entity
  8. General Register Statistics
  9. Multiplexer Restructuring Statistics (Restructuring Performed)
 10. Parameter Settings for User Entity Instance: Top-level Entity: |cap10
 11. Parameter Settings for User Entity Instance: CPA_trunc:\converter:CPA1
 12. Parameter Settings for User Entity Instance: Mux4_1:\converter:mux1
 13. Parameter Settings for User Entity Instance: Mux4_1:\converter:mux2
 14. Parameter Settings for User Entity Instance: Mux4_1:\converter:mux3
 15. Parameter Settings for User Entity Instance: Mux4_1:\converter:mux4
 16. Parameter Settings for User Entity Instance: CSA_trunc:\converter:CSA2
 17. Parameter Settings for User Entity Instance: CSA_trunc:\converter:CSA3
 18. Parameter Settings for User Entity Instance: CPA_trunc:\converter:CPA2
 19. Port Connectivity Checks: "CSA_trunc:\converter:CSA2|fulladder:\CSA_1:15:CSA_j"
 20. Port Connectivity Checks: "Mux4_1:\converter:mux4"
 21. Port Connectivity Checks: "Mux4_1:\converter:mux3"
 22. Port Connectivity Checks: "Mux4_1:\converter:mux2"
 23. Port Connectivity Checks: "Mux4_1:\converter:mux1"
 24. Port Connectivity Checks: "CPA_trunc:\converter:CPA1|fulladder:\cpa_1:15:cpa_j"
 25. Port Connectivity Checks: "CPA_trunc:\converter:CPA1|fulladder:\cpa_1:0:cpa_j"
 26. Port Connectivity Checks: "CPA_trunc:\converter:CPA1"
 27. Elapsed Time Per Partition
 28. Analysis & Synthesis Messages



----------------
; Legal Notice ;
----------------
Copyright (C) 1991-2012 Altera Corporation
Your use of Altera Corporation's design tools, logic functions 
and other software and tools, and its AMPP partner logic 
functions, and any output files from any of the foregoing 
(including device programming or simulation files), and any 
associated documentation or information are expressly subject 
to the terms and conditions of the Altera Program License 
Subscription Agreement, Altera MegaCore Function License 
Agreement, or other applicable license agreement, including, 
without limitation, that your use is for the sole purpose of 
programming logic devices manufactured by Altera and sold by 
Altera or its authorized distributors.  Please refer to the 
applicable agreement for further details.



+-------------------------------------------------------------------------------+
; Analysis & Synthesis Summary                                                  ;
+------------------------------------+------------------------------------------+
; Analysis & Synthesis Status        ; Successful - Wed Oct 23 19:24:49 2019    ;
; Quartus II 64-Bit Version          ; 12.1 Build 177 11/07/2012 SJ Web Edition ;
; Revision Name                      ; cap10                                    ;
; Top-level Entity Name              ; cap10                                    ;
; Family                             ; Cyclone II                               ;
; Total logic elements               ; 138                                      ;
;     Total combinational functions  ; 138                                      ;
;     Dedicated logic registers      ; 0                                        ;
; Total registers                    ; 0                                        ;
; Total pins                         ; 32                                       ;
; Total virtual pins                 ; 0                                        ;
; Total memory bits                  ; 0                                        ;
; Embedded Multiplier 9-bit elements ; 0                                        ;
; Total PLLs                         ; 0                                        ;
+------------------------------------+------------------------------------------+


+----------------------------------------------------------------------------------------------------------------------+
; Analysis & Synthesis Settings                                                                                        ;
+----------------------------------------------------------------------------+--------------------+--------------------+
; Option                                                                     ; Setting            ; Default Value      ;
+----------------------------------------------------------------------------+--------------------+--------------------+
; Device                                                                     ; EP2C35F672C6       ;                    ;
; Top-level entity name                                                      ; cap10              ; cap10              ;
; Family name                                                                ; Cyclone II         ; Cyclone IV GX      ;
; Use smart compilation                                                      ; Off                ; Off                ;
; Enable parallel Assembler and TimeQuest Timing Analyzer during compilation ; On                 ; On                 ;
; Enable compact report table                                                ; Off                ; Off                ;
; Restructure Multiplexers                                                   ; Auto               ; Auto               ;
; Create Debugging Nodes for IP Cores                                        ; Off                ; Off                ;
; Preserve fewer node names                                                  ; On                 ; On                 ;
; Disable OpenCore Plus hardware evaluation                                  ; Off                ; Off                ;
; Verilog Version                                                            ; Verilog_2001       ; Verilog_2001       ;
; VHDL Version                                                               ; VHDL_1993          ; VHDL_1993          ;
; State Machine Processing                                                   ; Auto               ; Auto               ;
; Safe State Machine                                                         ; Off                ; Off                ;
; Extract Verilog State Machines                                             ; On                 ; On                 ;
; Extract VHDL State Machines                                                ; On                 ; On                 ;
; Ignore Verilog initial constructs                                          ; Off                ; Off                ;
; Iteration limit for constant Verilog loops                                 ; 5000               ; 5000               ;
; Iteration limit for non-constant Verilog loops                             ; 250                ; 250                ;
; Add Pass-Through Logic to Inferred RAMs                                    ; On                 ; On                 ;
; Infer RAMs from Raw Logic                                                  ; On                 ; On                 ;
; Parallel Synthesis                                                         ; On                 ; On                 ;
; DSP Block Balancing                                                        ; Auto               ; Auto               ;
; NOT Gate Push-Back                                                         ; On                 ; On                 ;
; Power-Up Don't Care                                                        ; On                 ; On                 ;
; Remove Redundant Logic Cells                                               ; Off                ; Off                ;
; Remove Duplicate Registers                                                 ; On                 ; On                 ;
; Ignore CARRY Buffers                                                       ; Off                ; Off                ;
; Ignore CASCADE Buffers                                                     ; Off                ; Off                ;
; Ignore GLOBAL Buffers                                                      ; Off                ; Off                ;
; Ignore ROW GLOBAL Buffers                                                  ; Off                ; Off                ;
; Ignore LCELL Buffers                                                       ; Off                ; Off                ;
; Ignore SOFT Buffers                                                        ; On                 ; On                 ;
; Limit AHDL Integers to 32 Bits                                             ; Off                ; Off                ;
; Optimization Technique                                                     ; Balanced           ; Balanced           ;
; Carry Chain Length                                                         ; 70                 ; 70                 ;
; Auto Carry Chains                                                          ; On                 ; On                 ;
; Auto Open-Drain Pins                                                       ; On                 ; On                 ;
; Perform WYSIWYG Primitive Resynthesis                                      ; Off                ; Off                ;
; Auto ROM Replacement                                                       ; On                 ; On                 ;
; Auto RAM Replacement                                                       ; On                 ; On                 ;
; Auto Shift Register Replacement                                            ; Auto               ; Auto               ;
; Allow Shift Register Merging across Hierarchies                            ; Auto               ; Auto               ;
; Auto Clock Enable Replacement                                              ; On                 ; On                 ;
; Strict RAM Replacement                                                     ; Off                ; Off                ;
; Allow Synchronous Control Signals                                          ; On                 ; On                 ;
; Force Use of Synchronous Clear Signals                                     ; Off                ; Off                ;
; Auto RAM to Logic Cell Conversion                                          ; Off                ; Off                ;
; Auto Resource Sharing                                                      ; Off                ; Off                ;
; Allow Any RAM Size For Recognition                                         ; Off                ; Off                ;
; Allow Any ROM Size For Recognition                                         ; Off                ; Off                ;
; Allow Any Shift Register Size For Recognition                              ; Off                ; Off                ;
; Use LogicLock Constraints during Resource Balancing                        ; On                 ; On                 ;
; Ignore translate_off and synthesis_off directives                          ; Off                ; Off                ;
; Timing-Driven Synthesis                                                    ; Off                ; Off                ;
; Report Parameter Settings                                                  ; On                 ; On                 ;
; Report Source Assignments                                                  ; On                 ; On                 ;
; Report Connectivity Checks                                                 ; On                 ; On                 ;
; Ignore Maximum Fan-Out Assignments                                         ; Off                ; Off                ;
; Synchronization Register Chain Length                                      ; 2                  ; 2                  ;
; PowerPlay Power Optimization                                               ; Normal compilation ; Normal compilation ;
; HDL message level                                                          ; Level2             ; Level2             ;
; Suppress Register Optimization Related Messages                            ; Off                ; Off                ;
; Number of Removed Registers Reported in Synthesis Report                   ; 5000               ; 5000               ;
; Number of Swept Nodes Reported in Synthesis Report                         ; 5000               ; 5000               ;
; Number of Inverted Registers Reported in Synthesis Report                  ; 100                ; 100                ;
; Clock MUX Protection                                                       ; On                 ; On                 ;
; Auto Gated Clock Conversion                                                ; Off                ; Off                ;
; Block Design Naming                                                        ; Auto               ; Auto               ;
; SDC constraint protection                                                  ; Off                ; Off                ;
; Synthesis Effort                                                           ; Auto               ; Auto               ;
; Shift Register Replacement - Allow Asynchronous Clear Signal               ; On                 ; On                 ;
; Pre-Mapping Resynthesis Optimization                                       ; Off                ; Off                ;
; Analysis & Synthesis Message Level                                         ; Medium             ; Medium             ;
; Disable Register Merging Across Hierarchies                                ; Auto               ; Auto               ;
; Resource Aware Inference For Block RAM                                     ; On                 ; On                 ;
; Synthesis Seed                                                             ; 1                  ; 1                  ;
+----------------------------------------------------------------------------+--------------------+--------------------+


Parallel compilation was disabled, but you have multiple processors available. Enable parallel compilation to reduce compilation time.
+-------------------------------------+
; Parallel Compilation                ;
+----------------------------+--------+
; Processors                 ; Number ;
+----------------------------+--------+
; Number detected on machine ; 4      ;
; Maximum allowed            ; 1      ;
+----------------------------+--------+


+----------------------------------------------------------------------------------------------------------------------------------------------------------------------+
; Analysis & Synthesis Source Files Read                                                                                                                               ;
+----------------------------------+-----------------+-----------------+-------------------------------------------------------------------------------------+---------+
; File Name with User-Entered Path ; Used in Netlist ; File Type       ; File Name with Absolute Path                                                        ; Library ;
+----------------------------------+-----------------+-----------------+-------------------------------------------------------------------------------------+---------+
; fulladder.vhd                    ; yes             ; User VHDL File  ; C:/Users/alunos/Downloads/EEL7123-master/EEL7123-master/Codigos/Cap10/fulladder.vhd ;         ;
; fuctions.vhd                     ; yes             ; User VHDL File  ; C:/Users/alunos/Downloads/EEL7123-master/EEL7123-master/Codigos/Cap10/fuctions.vhd  ;         ;
; Mux4_1.vhd                       ; yes             ; User VHDL File  ; C:/Users/alunos/Downloads/EEL7123-master/EEL7123-master/Codigos/Cap10/Mux4_1.vhd    ;         ;
; CSA.vhd                          ; yes             ; User VHDL File  ; C:/Users/alunos/Downloads/EEL7123-master/EEL7123-master/Codigos/Cap10/CSA.vhd       ;         ;
; cap10.vhd                        ; yes             ; User VHDL File  ; C:/Users/alunos/Downloads/EEL7123-master/EEL7123-master/Codigos/Cap10/cap10.vhd     ;         ;
; CPA_trunc.vhd                    ; yes             ; User VHDL File  ; C:/Users/alunos/Downloads/EEL7123-master/EEL7123-master/Codigos/Cap10/CPA_trunc.vhd ;         ;
+----------------------------------+-----------------+-----------------+-------------------------------------------------------------------------------------+---------+


+-----------------------------------------------------+
; Analysis & Synthesis Resource Usage Summary         ;
+---------------------------------------------+-------+
; Resource                                    ; Usage ;
+---------------------------------------------+-------+
; Estimated Total logic elements              ; 138   ;
;                                             ;       ;
; Total combinational functions               ; 138   ;
; Logic element usage by number of LUT inputs ;       ;
;     -- 4 input functions                    ; 119   ;
;     -- 3 input functions                    ; 6     ;
;     -- <=2 input functions                  ; 13    ;
;                                             ;       ;
; Logic elements by mode                      ;       ;
;     -- normal mode                          ; 138   ;
;     -- arithmetic mode                      ; 0     ;
;                                             ;       ;
; Total registers                             ; 0     ;
;     -- Dedicated logic registers            ; 0     ;
;     -- I/O registers                        ; 0     ;
;                                             ;       ;
; I/O pins                                    ; 32    ;
; Embedded Multiplier 9-bit elements          ; 0     ;
; Maximum fan-out                             ; 24    ;
; Total fan-out                               ; 532   ;
; Average fan-out                             ; 3.13  ;
+---------------------------------------------+-------+


+---------------------------------------------------------------------------------------------------------------------------------------------------------------------------------------------------------------------------+
; Analysis & Synthesis Resource Utilization by Entity                                                                                                                                                                       ;
+-----------------------------------+-------------------+--------------+-------------+--------------+---------+-----------+------+--------------+------------------------------------------------------------+--------------+
; Compilation Hierarchy Node        ; LC Combinationals ; LC Registers ; Memory Bits ; DSP Elements ; DSP 9x9 ; DSP 18x18 ; Pins ; Virtual Pins ; Full Hierarchy Name                                        ; Library Name ;
+-----------------------------------+-------------------+--------------+-------------+--------------+---------+-----------+------+--------------+------------------------------------------------------------+--------------+
; |cap10                            ; 138 (0)           ; 0 (0)        ; 0           ; 0            ; 0       ; 0         ; 32   ; 0            ; |cap10                                                     ;              ;
;    |CPA_trunc:\converter:CPA1|    ; 8 (0)             ; 0 (0)        ; 0           ; 0            ; 0       ; 0         ; 0    ; 0            ; |cap10|CPA_trunc:\converter:CPA1                           ;              ;
;       |fulladder:\cpa_1:2:cpa_j|  ; 1 (1)             ; 0 (0)        ; 0           ; 0            ; 0       ; 0         ; 0    ; 0            ; |cap10|CPA_trunc:\converter:CPA1|fulladder:\cpa_1:2:cpa_j  ;              ;
;       |fulladder:\cpa_1:3:cpa_j|  ; 2 (2)             ; 0 (0)        ; 0           ; 0            ; 0       ; 0         ; 0    ; 0            ; |cap10|CPA_trunc:\converter:CPA1|fulladder:\cpa_1:3:cpa_j  ;              ;
;       |fulladder:\cpa_1:4:cpa_j|  ; 2 (2)             ; 0 (0)        ; 0           ; 0            ; 0       ; 0         ; 0    ; 0            ; |cap10|CPA_trunc:\converter:CPA1|fulladder:\cpa_1:4:cpa_j  ;              ;
;       |fulladder:\cpa_1:5:cpa_j|  ; 1 (1)             ; 0 (0)        ; 0           ; 0            ; 0       ; 0         ; 0    ; 0            ; |cap10|CPA_trunc:\converter:CPA1|fulladder:\cpa_1:5:cpa_j  ;              ;
;       |fulladder:\cpa_1:6:cpa_j|  ; 1 (1)             ; 0 (0)        ; 0           ; 0            ; 0       ; 0         ; 0    ; 0            ; |cap10|CPA_trunc:\converter:CPA1|fulladder:\cpa_1:6:cpa_j  ;              ;
;       |fulladder:\cpa_1:7:cpa_j|  ; 1 (1)             ; 0 (0)        ; 0           ; 0            ; 0       ; 0         ; 0    ; 0            ; |cap10|CPA_trunc:\converter:CPA1|fulladder:\cpa_1:7:cpa_j  ;              ;
;    |CPA_trunc:\converter:CPA2|    ; 19 (0)            ; 0 (0)        ; 0           ; 0            ; 0       ; 0         ; 0    ; 0            ; |cap10|CPA_trunc:\converter:CPA2                           ;              ;
;       |fulladder:\cpa_1:10:cpa_j| ; 2 (2)             ; 0 (0)        ; 0           ; 0            ; 0       ; 0         ; 0    ; 0            ; |cap10|CPA_trunc:\converter:CPA2|fulladder:\cpa_1:10:cpa_j ;              ;
;       |fulladder:\cpa_1:1:cpa_j|  ; 1 (1)             ; 0 (0)        ; 0           ; 0            ; 0       ; 0         ; 0    ; 0            ; |cap10|CPA_trunc:\converter:CPA2|fulladder:\cpa_1:1:cpa_j  ;              ;
;       |fulladder:\cpa_1:2:cpa_j|  ; 2 (2)             ; 0 (0)        ; 0           ; 0            ; 0       ; 0         ; 0    ; 0            ; |cap10|CPA_trunc:\converter:CPA2|fulladder:\cpa_1:2:cpa_j  ;              ;
;       |fulladder:\cpa_1:3:cpa_j|  ; 2 (2)             ; 0 (0)        ; 0           ; 0            ; 0       ; 0         ; 0    ; 0            ; |cap10|CPA_trunc:\converter:CPA2|fulladder:\cpa_1:3:cpa_j  ;              ;
;       |fulladder:\cpa_1:4:cpa_j|  ; 2 (2)             ; 0 (0)        ; 0           ; 0            ; 0       ; 0         ; 0    ; 0            ; |cap10|CPA_trunc:\converter:CPA2|fulladder:\cpa_1:4:cpa_j  ;              ;
;       |fulladder:\cpa_1:5:cpa_j|  ; 2 (2)             ; 0 (0)        ; 0           ; 0            ; 0       ; 0         ; 0    ; 0            ; |cap10|CPA_trunc:\converter:CPA2|fulladder:\cpa_1:5:cpa_j  ;              ;
;       |fulladder:\cpa_1:6:cpa_j|  ; 2 (2)             ; 0 (0)        ; 0           ; 0            ; 0       ; 0         ; 0    ; 0            ; |cap10|CPA_trunc:\converter:CPA2|fulladder:\cpa_1:6:cpa_j  ;              ;
;       |fulladder:\cpa_1:7:cpa_j|  ; 2 (2)             ; 0 (0)        ; 0           ; 0            ; 0       ; 0         ; 0    ; 0            ; |cap10|CPA_trunc:\converter:CPA2|fulladder:\cpa_1:7:cpa_j  ;              ;
;       |fulladder:\cpa_1:8:cpa_j|  ; 2 (2)             ; 0 (0)        ; 0           ; 0            ; 0       ; 0         ; 0    ; 0            ; |cap10|CPA_trunc:\converter:CPA2|fulladder:\cpa_1:8:cpa_j  ;              ;
;       |fulladder:\cpa_1:9:cpa_j|  ; 2 (2)             ; 0 (0)        ; 0           ; 0            ; 0       ; 0         ; 0    ; 0            ; |cap10|CPA_trunc:\converter:CPA2|fulladder:\cpa_1:9:cpa_j  ;              ;
;    |CSA_trunc:\converter:CSA2|    ; 20 (0)            ; 0 (0)        ; 0           ; 0            ; 0       ; 0         ; 0    ; 0            ; |cap10|CSA_trunc:\converter:CSA2                           ;              ;
;       |fulladder:\CSA_1:0:CSA_j|  ; 2 (2)             ; 0 (0)        ; 0           ; 0            ; 0       ; 0         ; 0    ; 0            ; |cap10|CSA_trunc:\converter:CSA2|fulladder:\CSA_1:0:CSA_j  ;              ;
;       |fulladder:\CSA_1:1:CSA_j|  ; 2 (2)             ; 0 (0)        ; 0           ; 0            ; 0       ; 0         ; 0    ; 0            ; |cap10|CSA_trunc:\converter:CSA2|fulladder:\CSA_1:1:CSA_j  ;              ;
;       |fulladder:\CSA_1:2:CSA_j|  ; 2 (2)             ; 0 (0)        ; 0           ; 0            ; 0       ; 0         ; 0    ; 0            ; |cap10|CSA_trunc:\converter:CSA2|fulladder:\CSA_1:2:CSA_j  ;              ;
;       |fulladder:\CSA_1:3:CSA_j|  ; 2 (2)             ; 0 (0)        ; 0           ; 0            ; 0       ; 0         ; 0    ; 0            ; |cap10|CSA_trunc:\converter:CSA2|fulladder:\CSA_1:3:CSA_j  ;              ;
;       |fulladder:\CSA_1:4:CSA_j|  ; 2 (2)             ; 0 (0)        ; 0           ; 0            ; 0       ; 0         ; 0    ; 0            ; |cap10|CSA_trunc:\converter:CSA2|fulladder:\CSA_1:4:CSA_j  ;              ;
;       |fulladder:\CSA_1:5:CSA_j|  ; 2 (2)             ; 0 (0)        ; 0           ; 0            ; 0       ; 0         ; 0    ; 0            ; |cap10|CSA_trunc:\converter:CSA2|fulladder:\CSA_1:5:CSA_j  ;              ;
;       |fulladder:\CSA_1:6:CSA_j|  ; 2 (2)             ; 0 (0)        ; 0           ; 0            ; 0       ; 0         ; 0    ; 0            ; |cap10|CSA_trunc:\converter:CSA2|fulladder:\CSA_1:6:CSA_j  ;              ;
;       |fulladder:\CSA_1:7:CSA_j|  ; 2 (2)             ; 0 (0)        ; 0           ; 0            ; 0       ; 0         ; 0    ; 0            ; |cap10|CSA_trunc:\converter:CSA2|fulladder:\CSA_1:7:CSA_j  ;              ;
;       |fulladder:\CSA_1:8:CSA_j|  ; 2 (2)             ; 0 (0)        ; 0           ; 0            ; 0       ; 0         ; 0    ; 0            ; |cap10|CSA_trunc:\converter:CSA2|fulladder:\CSA_1:8:CSA_j  ;              ;
;       |fulladder:\CSA_1:9:CSA_j|  ; 2 (2)             ; 0 (0)        ; 0           ; 0            ; 0       ; 0         ; 0    ; 0            ; |cap10|CSA_trunc:\converter:CSA2|fulladder:\CSA_1:9:CSA_j  ;              ;
;    |CSA_trunc:\converter:CSA3|    ; 20 (0)            ; 0 (0)        ; 0           ; 0            ; 0       ; 0         ; 0    ; 0            ; |cap10|CSA_trunc:\converter:CSA3                           ;              ;
;       |fulladder:\CSA_1:0:CSA_j|  ; 2 (2)             ; 0 (0)        ; 0           ; 0            ; 0       ; 0         ; 0    ; 0            ; |cap10|CSA_trunc:\converter:CSA3|fulladder:\CSA_1:0:CSA_j  ;              ;
;       |fulladder:\CSA_1:1:CSA_j|  ; 2 (2)             ; 0 (0)        ; 0           ; 0            ; 0       ; 0         ; 0    ; 0            ; |cap10|CSA_trunc:\converter:CSA3|fulladder:\CSA_1:1:CSA_j  ;              ;
;       |fulladder:\CSA_1:2:CSA_j|  ; 2 (2)             ; 0 (0)        ; 0           ; 0            ; 0       ; 0         ; 0    ; 0            ; |cap10|CSA_trunc:\converter:CSA3|fulladder:\CSA_1:2:CSA_j  ;              ;
;       |fulladder:\CSA_1:3:CSA_j|  ; 2 (2)             ; 0 (0)        ; 0           ; 0            ; 0       ; 0         ; 0    ; 0            ; |cap10|CSA_trunc:\converter:CSA3|fulladder:\CSA_1:3:CSA_j  ;              ;
;       |fulladder:\CSA_1:4:CSA_j|  ; 2 (2)             ; 0 (0)        ; 0           ; 0            ; 0       ; 0         ; 0    ; 0            ; |cap10|CSA_trunc:\converter:CSA3|fulladder:\CSA_1:4:CSA_j  ;              ;
;       |fulladder:\CSA_1:5:CSA_j|  ; 2 (2)             ; 0 (0)        ; 0           ; 0            ; 0       ; 0         ; 0    ; 0            ; |cap10|CSA_trunc:\converter:CSA3|fulladder:\CSA_1:5:CSA_j  ;              ;
;       |fulladder:\CSA_1:6:CSA_j|  ; 2 (2)             ; 0 (0)        ; 0           ; 0            ; 0       ; 0         ; 0    ; 0            ; |cap10|CSA_trunc:\converter:CSA3|fulladder:\CSA_1:6:CSA_j  ;              ;
;       |fulladder:\CSA_1:7:CSA_j|  ; 2 (2)             ; 0 (0)        ; 0           ; 0            ; 0       ; 0         ; 0    ; 0            ; |cap10|CSA_trunc:\converter:CSA3|fulladder:\CSA_1:7:CSA_j  ;              ;
;       |fulladder:\CSA_1:8:CSA_j|  ; 2 (2)             ; 0 (0)        ; 0           ; 0            ; 0       ; 0         ; 0    ; 0            ; |cap10|CSA_trunc:\converter:CSA3|fulladder:\CSA_1:8:CSA_j  ;              ;
;       |fulladder:\CSA_1:9:CSA_j|  ; 2 (2)             ; 0 (0)        ; 0           ; 0            ; 0       ; 0         ; 0    ; 0            ; |cap10|CSA_trunc:\converter:CSA3|fulladder:\CSA_1:9:CSA_j  ;              ;
;    |Mux4_1:\converter:mux1|       ; 15 (15)           ; 0 (0)        ; 0           ; 0            ; 0       ; 0         ; 0    ; 0            ; |cap10|Mux4_1:\converter:mux1                              ;              ;
;    |Mux4_1:\converter:mux2|       ; 15 (15)           ; 0 (0)        ; 0           ; 0            ; 0       ; 0         ; 0    ; 0            ; |cap10|Mux4_1:\converter:mux2                              ;              ;
;    |Mux4_1:\converter:mux3|       ; 17 (17)           ; 0 (0)        ; 0           ; 0            ; 0       ; 0         ; 0    ; 0            ; |cap10|Mux4_1:\converter:mux3                              ;              ;
;    |Mux4_1:\converter:mux4|       ; 24 (24)           ; 0 (0)        ; 0           ; 0            ; 0       ; 0         ; 0    ; 0            ; |cap10|Mux4_1:\converter:mux4                              ;              ;
+-----------------------------------+-------------------+--------------+-------------+--------------+---------+-----------+------+--------------+------------------------------------------------------------+--------------+
Note: For table entries with two numbers listed, the numbers in parentheses indicate the number of resources of the given type used by the specific entity alone. The numbers listed outside of parentheses indicate the total resources of the given type used by the specific entity and all of its sub-entities in the hierarchy.


+------------------------------------------------------+
; General Register Statistics                          ;
+----------------------------------------------+-------+
; Statistic                                    ; Value ;
+----------------------------------------------+-------+
; Total registers                              ; 0     ;
; Number of registers using Synchronous Clear  ; 0     ;
; Number of registers using Synchronous Load   ; 0     ;
; Number of registers using Asynchronous Clear ; 0     ;
; Number of registers using Asynchronous Load  ; 0     ;
; Number of registers using Clock Enable       ; 0     ;
; Number of registers using Preset             ; 0     ;
+----------------------------------------------+-------+


+--------------------------------------------------------------------------------------------------------------------------------------------------+
; Multiplexer Restructuring Statistics (Restructuring Performed)                                                                                   ;
+--------------------+-----------+---------------+----------------------+------------------------+------------+------------------------------------+
; Multiplexer Inputs ; Bus Width ; Baseline Area ; Area if Restructured ; Saving if Restructured ; Registered ; Example Multiplexer Output         ;
+--------------------+-----------+---------------+----------------------+------------------------+------------+------------------------------------+
; 4:1                ; 7 bits    ; 14 LEs        ; 14 LEs               ; 0 LEs                  ; No         ; |cap10|Mux4_1:\converter:mux1|Z[1] ;
; 4:1                ; 7 bits    ; 14 LEs        ; 14 LEs               ; 0 LEs                  ; No         ; |cap10|Mux4_1:\converter:mux2|Z[1] ;
; 3:1                ; 7 bits    ; 14 LEs        ; 14 LEs               ; 0 LEs                  ; No         ; |cap10|Mux4_1:\converter:mux4|Z    ;
; 3:1                ; 7 bits    ; 14 LEs        ; 14 LEs               ; 0 LEs                  ; No         ; |cap10|Mux4_1:\converter:mux3|Z    ;
+--------------------+-----------+---------------+----------------------+------------------------+------------+------------------------------------+


+-----------------------------------------------------------------------+
; Parameter Settings for User Entity Instance: Top-level Entity: |cap10 ;
+----------------+-------+----------------------------------------------+
; Parameter Name ; Value ; Type                                         ;
+----------------+-------+----------------------------------------------+
; n              ; 15    ; Signed Integer                               ;
+----------------+-------+----------------------------------------------+
Note: In order to hide this table in the UI and the text report file, please set the "Show Parameter Settings in Synthesis Report" option in "Analysis and Synthesis Settings -> More Settings" to "Off".


+------------------------------------------------------------------------+
; Parameter Settings for User Entity Instance: CPA_trunc:\converter:CPA1 ;
+----------------+-------+-----------------------------------------------+
; Parameter Name ; Value ; Type                                          ;
+----------------+-------+-----------------------------------------------+
; n              ; 15    ; Signed Integer                                ;
+----------------+-------+-----------------------------------------------+
Note: In order to hide this table in the UI and the text report file, please set the "Show Parameter Settings in Synthesis Report" option in "Analysis and Synthesis Settings -> More Settings" to "Off".


+---------------------------------------------------------------------+
; Parameter Settings for User Entity Instance: Mux4_1:\converter:mux1 ;
+----------------+-------+--------------------------------------------+
; Parameter Name ; Value ; Type                                       ;
+----------------+-------+--------------------------------------------+
; n              ; 15    ; Signed Integer                             ;
+----------------+-------+--------------------------------------------+
Note: In order to hide this table in the UI and the text report file, please set the "Show Parameter Settings in Synthesis Report" option in "Analysis and Synthesis Settings -> More Settings" to "Off".


+---------------------------------------------------------------------+
; Parameter Settings for User Entity Instance: Mux4_1:\converter:mux2 ;
+----------------+-------+--------------------------------------------+
; Parameter Name ; Value ; Type                                       ;
+----------------+-------+--------------------------------------------+
; n              ; 15    ; Signed Integer                             ;
+----------------+-------+--------------------------------------------+
Note: In order to hide this table in the UI and the text report file, please set the "Show Parameter Settings in Synthesis Report" option in "Analysis and Synthesis Settings -> More Settings" to "Off".


+---------------------------------------------------------------------+
; Parameter Settings for User Entity Instance: Mux4_1:\converter:mux3 ;
+----------------+-------+--------------------------------------------+
; Parameter Name ; Value ; Type                                       ;
+----------------+-------+--------------------------------------------+
; n              ; 15    ; Signed Integer                             ;
+----------------+-------+--------------------------------------------+
Note: In order to hide this table in the UI and the text report file, please set the "Show Parameter Settings in Synthesis Report" option in "Analysis and Synthesis Settings -> More Settings" to "Off".


+---------------------------------------------------------------------+
; Parameter Settings for User Entity Instance: Mux4_1:\converter:mux4 ;
+----------------+-------+--------------------------------------------+
; Parameter Name ; Value ; Type                                       ;
+----------------+-------+--------------------------------------------+
; n              ; 15    ; Signed Integer                             ;
+----------------+-------+--------------------------------------------+
Note: In order to hide this table in the UI and the text report file, please set the "Show Parameter Settings in Synthesis Report" option in "Analysis and Synthesis Settings -> More Settings" to "Off".


+------------------------------------------------------------------------+
; Parameter Settings for User Entity Instance: CSA_trunc:\converter:CSA2 ;
+----------------+-------+-----------------------------------------------+
; Parameter Name ; Value ; Type                                          ;
+----------------+-------+-----------------------------------------------+
; n              ; 15    ; Signed Integer                                ;
+----------------+-------+-----------------------------------------------+
Note: In order to hide this table in the UI and the text report file, please set the "Show Parameter Settings in Synthesis Report" option in "Analysis and Synthesis Settings -> More Settings" to "Off".


+------------------------------------------------------------------------+
; Parameter Settings for User Entity Instance: CSA_trunc:\converter:CSA3 ;
+----------------+-------+-----------------------------------------------+
; Parameter Name ; Value ; Type                                          ;
+----------------+-------+-----------------------------------------------+
; n              ; 15    ; Signed Integer                                ;
+----------------+-------+-----------------------------------------------+
Note: In order to hide this table in the UI and the text report file, please set the "Show Parameter Settings in Synthesis Report" option in "Analysis and Synthesis Settings -> More Settings" to "Off".


+------------------------------------------------------------------------+
; Parameter Settings for User Entity Instance: CPA_trunc:\converter:CPA2 ;
+----------------+-------+-----------------------------------------------+
; Parameter Name ; Value ; Type                                          ;
+----------------+-------+-----------------------------------------------+
; n              ; 15    ; Signed Integer                                ;
+----------------+-------+-----------------------------------------------+
Note: In order to hide this table in the UI and the text report file, please set the "Show Parameter Settings in Synthesis Report" option in "Analysis and Synthesis Settings -> More Settings" to "Off".


+----------------------------------------------------------------------------------------------------------------+
; Port Connectivity Checks: "CSA_trunc:\converter:CSA2|fulladder:\CSA_1:15:CSA_j"                                ;
+------+--------+----------+-------------------------------------------------------------------------------------+
; Port ; Type   ; Severity ; Details                                                                             ;
+------+--------+----------+-------------------------------------------------------------------------------------+
; cout ; Output ; Info     ; Connected to dangling logic. Logic that only feeds a dangling port will be removed. ;
+------+--------+----------+-------------------------------------------------------------------------------------+


+----------------------------------------------------+
; Port Connectivity Checks: "Mux4_1:\converter:mux4" ;
+----------+-------+----------+----------------------+
; Port     ; Type  ; Severity ; Details              ;
+----------+-------+----------+----------------------+
; a        ; Input ; Info     ; Stuck at GND         ;
; b[15..8] ; Input ; Info     ; Stuck at GND         ;
; c[15..9] ; Input ; Info     ; Stuck at GND         ;
; c[0]     ; Input ; Info     ; Stuck at GND         ;
+----------+-------+----------+----------------------+


+----------------------------------------------------+
; Port Connectivity Checks: "Mux4_1:\converter:mux3" ;
+----------+-------+----------+----------------------+
; Port     ; Type  ; Severity ; Details              ;
+----------+-------+----------+----------------------+
; a        ; Input ; Info     ; Stuck at GND         ;
; b[15..8] ; Input ; Info     ; Stuck at GND         ;
; c[15..9] ; Input ; Info     ; Stuck at GND         ;
; c[0]     ; Input ; Info     ; Stuck at GND         ;
+----------+-------+----------+----------------------+


+----------------------------------------------------+
; Port Connectivity Checks: "Mux4_1:\converter:mux2" ;
+----------+-------+----------+----------------------+
; Port     ; Type  ; Severity ; Details              ;
+----------+-------+----------+----------------------+
; a        ; Input ; Info     ; Stuck at GND         ;
; b[15..8] ; Input ; Info     ; Stuck at GND         ;
; c[15..9] ; Input ; Info     ; Stuck at GND         ;
; c[0]     ; Input ; Info     ; Stuck at GND         ;
+----------+-------+----------+----------------------+


+----------------------------------------------------+
; Port Connectivity Checks: "Mux4_1:\converter:mux1" ;
+----------+-------+----------+----------------------+
; Port     ; Type  ; Severity ; Details              ;
+----------+-------+----------+----------------------+
; a        ; Input ; Info     ; Stuck at GND         ;
; b[15..8] ; Input ; Info     ; Stuck at GND         ;
; c[15..9] ; Input ; Info     ; Stuck at GND         ;
; c[0]     ; Input ; Info     ; Stuck at GND         ;
+----------+-------+----------+----------------------+


+----------------------------------------------------------------------------------------------------------------+
; Port Connectivity Checks: "CPA_trunc:\converter:CPA1|fulladder:\cpa_1:15:cpa_j"                                ;
+------+--------+----------+-------------------------------------------------------------------------------------+
; Port ; Type   ; Severity ; Details                                                                             ;
+------+--------+----------+-------------------------------------------------------------------------------------+
; cout ; Output ; Info     ; Connected to dangling logic. Logic that only feeds a dangling port will be removed. ;
+------+--------+----------+-------------------------------------------------------------------------------------+


+--------------------------------------------------------------------------------+
; Port Connectivity Checks: "CPA_trunc:\converter:CPA1|fulladder:\cpa_1:0:cpa_j" ;
+------+-------+----------+------------------------------------------------------+
; Port ; Type  ; Severity ; Details                                              ;
+------+-------+----------+------------------------------------------------------+
; cin  ; Input ; Info     ; Stuck at GND                                         ;
+------+-------+----------+------------------------------------------------------+


+-------------------------------------------------------+
; Port Connectivity Checks: "CPA_trunc:\converter:CPA1" ;
+----------+-------+----------+-------------------------+
; Port     ; Type  ; Severity ; Details                 ;
+----------+-------+----------+-------------------------+
; a[15..8] ; Input ; Info     ; Stuck at GND            ;
; b[15..9] ; Input ; Info     ; Stuck at GND            ;
; b[0]     ; Input ; Info     ; Stuck at GND            ;
+----------+-------+----------+-------------------------+


+-------------------------------+
; Elapsed Time Per Partition    ;
+----------------+--------------+
; Partition Name ; Elapsed Time ;
+----------------+--------------+
; Top            ; 00:00:00     ;
+----------------+--------------+


+-------------------------------+
; Analysis & Synthesis Messages ;
+-------------------------------+
Info: *******************************************************************
Info: Running Quartus II 64-Bit Analysis & Synthesis
    Info: Version 12.1 Build 177 11/07/2012 SJ Web Edition
    Info: Processing started: Wed Oct 23 19:24:45 2019
Info: Command: quartus_map --read_settings_files=on --write_settings_files=off cap10 -c cap10
Warning (20028): Parallel compilation is not licensed and has been disabled
Info (12021): Found 2 design units, including 1 entities, in source file fulladder.vhd
    Info (12022): Found design unit 1: fulladder-structural
    Info (12023): Found entity 1: fulladder
Info (12021): Found 2 design units, including 0 entities, in source file fuctions.vhd
    Info (12022): Found design unit 1: fuctions
    Info (12022): Found design unit 2: fuctions-body
Info (12021): Found 2 design units, including 1 entities, in source file mux4_1.vhd
    Info (12022): Found design unit 1: Mux4_1-bhv
    Info (12023): Found entity 1: Mux4_1
Info (12021): Found 2 design units, including 1 entities, in source file csa.vhd
    Info (12022): Found design unit 1: CSA_trunc-circuito_logico
    Info (12023): Found entity 1: CSA_trunc
Info (12021): Found 2 design units, including 1 entities, in source file cpa.vhd
    Info (12022): Found design unit 1: CPA-circuito_logico
    Info (12023): Found entity 1: CPA
Info (12021): Found 2 design units, including 1 entities, in source file cap10.vhd
    Info (12022): Found design unit 1: cap10-Structural
    Info (12023): Found entity 1: cap10
Info (12021): Found 2 design units, including 1 entities, in source file cpa_trunc.vhd
    Info (12022): Found design unit 1: CPA_trunc-circuito_logico
    Info (12023): Found entity 1: CPA_trunc
Info (12127): Elaborating entity "cap10" for the top level hierarchy
Warning (10036): Verilog HDL or VHDL warning at cap10.vhd(65): object "mux2_sig2" assigned a value but never read
Warning (10036): Verilog HDL or VHDL warning at cap10.vhd(65): object "mux3_sig2" assigned a value but never read
Warning (10036): Verilog HDL or VHDL warning at cap10.vhd(65): object "mux4_sig2" assigned a value but never read
Info (12128): Elaborating entity "CPA_trunc" for hierarchy "CPA_trunc:\converter:CPA1"
Info (12128): Elaborating entity "fulladder" for hierarchy "CPA_trunc:\converter:CPA1|fulladder:\cpa_1:0:cpa_j"
Info (12128): Elaborating entity "Mux4_1" for hierarchy "Mux4_1:\converter:mux1"
Info (12128): Elaborating entity "CSA_trunc" for hierarchy "CSA_trunc:\converter:CSA2"
Warning (13024): Output pins are stuck at VCC or GND
    Warning (13410): Pin "LEDR[12]" is stuck at GND
    Warning (13410): Pin "LEDR[13]" is stuck at GND
    Warning (13410): Pin "LEDR[14]" is stuck at GND
    Warning (13410): Pin "LEDR[15]" is stuck at GND
Info (16010): Generating hard_block partition "hard_block:auto_generated_inst"
    Info (16011): Adding 0 node(s), including 0 DDIO, 0 PLL, 0 transceiver and 0 LCELL
Info (21057): Implemented 170 device resources after synthesis - the final resource count might be different
    Info (21058): Implemented 16 input pins
    Info (21059): Implemented 16 output pins
    Info (21061): Implemented 138 logic cells
Info: Quartus II 64-Bit Analysis & Synthesis was successful. 0 errors, 9 warnings
    Info: Peak virtual memory: 486 megabytes
    Info: Processing ended: Wed Oct 23 19:24:49 2019
    Info: Elapsed time: 00:00:04
    Info: Total CPU time (on all processors): 00:00:03


