============================================================
  Generated by:           Genus(TM) Synthesis Solution 16.24-s065_1
  Generated on:           Nov 20 2019  08:09:25 pm
  Module:                 DivideConquer_2b_C1
  Technology libraries:   PnomV180T025_STD_CELL_7RF 
                          physical_cells 
  Operating conditions:   _nominal_ 
  Interconnect mode:      global
  Area mode:              physical library
============================================================

      Pin            Type     Fanout Load Slew Delay Arrival   
                                     (fF) (ps)  (ps)   (ps)    
---------------------------------------------------------------
X[0]                in port        7 70.6    0    +0       0 R 
const_mul_72_14/A[0] 
  g905/A                                          +0       0   
  g905/Z            INVERT_I       3 26.1   35   +37      37 F 
  g904__3717/B                                    +0      37   
  g904__3717/Z      NOR2_B         2 28.3  452  +238     275 R 
  g891__1122/CIN                                  +0     275   
  g891__1122/COUT   ADDF_B         1 19.5  312  +255     530 R 
  g887__1591/CIN                                  +0     530   
  g887__1591/COUT   ADDF_B         1 19.5  310  +247     777 R 
  g886__9719/CIN                                  +0     777   
  g886__9719/COUT   ADDF_B         2 36.1  543  +359    1136 R 
  g885/A                                          +0    1136   
  g885/Z            INVERT_I       1 11.7  110   +26    1162 F 
  g883__9867/A1                                   +0    1162   
  g883__9867/Z      OAI21_A        1 19.5  504  +270    1431 R 
  g882__7765/CIN                                  +0    1431   
  g882__7765/COUT   ADDF_B         1 19.5  313  +258    1689 R 
  g881__7547/CIN                                  +0    1689   
  g881__7547/COUT   ADDF_B         1 19.5  311  +247    1936 R 
  g880__2833/CIN                                  +0    1936   
  g880__2833/COUT   ADDF_B         1 19.5  310  +247    2183 R 
  g879__2006/CIN                                  +0    2183   
  g879__2006/COUT   ADDF_B         1 19.5  310  +247    2430 R 
  g878__1297/CIN                                  +0    2430   
  g878__1297/COUT   ADDF_B         2 21.4  337  +260    2690 R 
  g876__2007/A1                                   +0    2690   
  g876__2007/Z      AOI21_A        2 21.6  371  +238    2927 F 
  g875__3779/A                                    +0    2927   
  g875__3779/Z      NOR2_A         2 21.3  716  +434    3362 R 
  g873__3717/B                                    +0    3362   
  g873__3717/Z      NAND2_B        2 21.6  370  +200    3561 F 
  g871__8867/A                                    +0    3561   
  g871__8867/Z      NOR2_A         2 23.1  766  +458    4020 R 
  g868__7837/B                                    +0    4020   
  g868__7837/Z      XOR2_A         2 21.4  379  +142    4161 F 
const_mul_72_14/Z[16] 
g2798__1122/B                                     +0    4161   
g2798__1122/Z       XOR2_A         2 20.4  388  +304    4465 R 
g2774__6179/A1                                    +0    4465   
g2774__6179/Z       AOI22_A        2 35.5  567  +345    4810 F 
g2770/A                                           +0    4810   
g2770/Z             INVERT_I       1 11.5  126   +90    4900 R 
g2762__9719/A2                                    +0    4900   
g2762__9719/Z       AOI22_A        2 21.7  361  +190    5090 F 
g2760__3377/A                                     +0    5090   
g2760__3377/Z       OR2_D          2 21.6  127  +221    5310 F 
g2746__8867/B                                     +0    5310   
g2746__8867/Z       XOR2_A         2 21.4  329  +206    5516 F 
g2733__1591/B                                     +0    5516   
g2733__1591/Z       XOR2_A         2 20.4  383  +292    5808 R 
g2707__5927/A1                                    +0    5808   
g2707__5927/Z       AOI22_A        2 20.7  394  +246    6054 F 
g2701__7765/A                                     +0    6054   
g2701__7765/Z       NOR2_A         2 21.3  720  +442    6495 R 
g2696__1237/B                                     +0    6495   
g2696__1237/Z       NAND2_B        2 20.7  363  +194    6689 F 
g2693__3779/A                                     +0    6689   
g2693__3779/Z       NOR2_A         2 20.4  690  +420    7109 R 
g2685__6179/A1                                    +0    7109   
g2685__6179/Z       AOI22_A        2 21.6  468  +294    7403 F 
g2680__1122/A1                                    +0    7403   
g2680__1122/Z       OAI22_A        1 19.8  465  +307    7710 R 
g2/CIN                                            +0    7710   
g2/COUT             ADDF_E         2 21.2  118  +181    7891 R 
g2669__2006/A2                                    +0    7891   
g2669__2006/Z       AOI22_A        2 21.6  383  +188    8079 F 
g2665__3779/A1                                    +0    8079   
g2665__3779/Z       OAI22_A        2 21.2  466  +298    8377 R 
g2663__3717/A2                                    +0    8377   
g2663__3717/Z       AOI22_A        2 21.6  403  +230    8607 F 
g2661__8867/A1                                    +0    8607   
g2661__8867/Z       OAI22_A        2 23.1  516  +318    8925 R 
g2660__7654/A                                     +0    8925   
g2660__7654/Z       AND2_D         2 26.9  183  +185    9110 R 
g2657__6179/A1                                    +0    9110   
g2657__6179/Z       AO22_C         2 26.9  255  +188    9299 R 
g2655__3457/A1                                    +0    9299   
g2655__3457/Z       AO22_C         2 26.9  255  +195    9493 R 
g2653__2005/A1                                    +0    9493   
g2653__2005/Z       AO22_C         2 26.9  256  +195    9688 R 
g2651__2001/A1                                    +0    9688   
g2651__2001/Z       AO22_C         2 26.9  256  +195    9882 R 
g2649__6789/A1                                    +0    9882   
g2649__6789/Z       AO22_C         2 26.9  256  +195   10077 R 
g2647__9719/A1                                    +0   10077   
g2647__9719/Z       AO22_C         2 26.9  256  +195   10272 R 
g2645__9867/A1                                    +0   10272   
g2645__9867/Z       AO22_C         2 21.2  209  +172   10444 R 
g2643__7547/A2                                    +0   10444   
g2643__7547/Z       AOI22_A        1 14.0  311  +152   10596 F 
g2642__2833/B                                     +0   10596   
g2642__2833/Z       XOR2_A         1  8.8  226  +204   10800 R 
S[39]               out port                      +0   10800 R 
---------------------------------------------------------------
Timing slack :  UNCONSTRAINED
Start-point  : X[0]
End-point    : S[39]
