============================================================
  Generated by:           Genus(TM) Synthesis Solution 16.24-s065_1
  Generated on:           Nov 21 2019  05:11:54 pm
  Module:                 DivideConquer_2b_C1
  Technology libraries:   PnomV180T025_STD_CELL_7RF 
                          physical_cells 
  Operating conditions:   _nominal_ 
  Interconnect mode:      global
  Area mode:              physical library
============================================================

               Pin                         Type       Fanout Load Slew Delay Arrival   
                                                             (fF) (ps)  (ps)   (ps)    
---------------------------------------------------------------------------------------
(clock clk)                              launch                                    0 R 
(DivideConquer_2b_C1._line_11_19_1)      ext delay                      +100     100 R 
X[0]                                     in port           7 94.0    0    +0     100 R 
const_mul_73_14/A[0] 
  g905/A                                                                  +0     100   
  g905/Z                                 INVERTBAL_H       3 42.1   60   +56     156 F 
  g904__3717/B                                                            +0     156   
  g904__3717/Z                           NOR2_E            2 28.6  136   +91     247 R 
  g891__1122/CIN                                                          +0     247   
  g891__1122/COUT                        ADDF_E            1 19.8  109  +154     401 R 
  g887__1591/CIN                                                          +0     401   
  g887__1591/COUT                        ADDF_E            1 19.8  109  +152     553 R 
  g886__9719/CIN                                                          +0     553   
  g886__9719/COUT                        ADDF_E            2 38.7  179  +188     741 R 
  g885/A                                                                  +0     741   
  g885/Z                                 INVERTBAL_H       1 15.7   68   +44     786 F 
  g883__9867/A1                                                           +0     786   
  g883__9867/Z                           OAI21_C           1 19.8  177  +113     899 R 
  g882__7765/CIN                                                          +0     899   
  g882__7765/COUT                        ADDF_E            1 19.8  110  +158    1056 R 
  g881__7547/CIN                                                          +0    1056   
  g881__7547/COUT                        ADDF_E            1 19.8  109  +152    1209 R 
  g880__2833/CIN                                                          +0    1209   
  g880__2833/COUT                        ADDF_E            1 19.8  109  +152    1361 R 
  g879__2006/CIN                                                          +0    1361   
  g879__2006/COUT                        ADDF_E            1 19.8  109  +152    1513 R 
  g878__1297/CIN                                                          +0    1513   
  g878__1297/COUT                        ADDF_E            2 30.2  147  +172    1685 R 
  g876__2007/A1                                                           +0    1685   
  g876__2007/Z                           AOI21_C           2 35.4  237  +141    1826 F 
  g875__3779/A                                                            +0    1826   
  g875__3779/Z                           NOR2_E            2 35.6  199  +131    1957 R 
  g872__1377/B                                                            +0    1957   
  g872__1377/Z                           XOR2_C            1 16.9  174  +113    2070 R 
const_mul_73_14/Z[14] 
g2836/B                                                                   +0    2070   
g2836/COUT                               ADDF_E            1 19.8  108  +266    2336 R 
g2835/CIN                                                                 +0    2336   
g2835/COUT                               ADDF_E            2 31.3  151  +174    2510 R 
g2778__1279/A1                                                            +0    2510   
g2778__1279/Z                            AOI22_C           2 40.2  225  +124    2635 F 
g2774/A                                                                   +0    2635   
g2774/Z                                  INVERTBAL_H       1 17.3   85   +60    2694 R 
g2766__3377/A1                                                            +0    2694   
g2766__3377/Z                            AOI22_C           2 32.8  166  +101    2795 F 
g2764__9867/A                                                             +0    2795   
g2764__9867/Z                            OR2_I             2 33.2   68  +144    2939 F 
g2757__1237/A                                                             +0    2939   
g2757__1237/Z                            NOR2_E            1 19.8  118   +76    3015 R 
g2832/CIN                                                                 +0    3015   
g2832/COUT                               ADDF_E            1 19.8  109  +153    3168 R 
g2829/CIN                                                                 +0    3168   
g2829/COUT                               ADDF_E            1 19.8  109  +152    3320 R 
g2827/CIN                                                                 +0    3320   
g2827/COUT                               ADDF_E            2 31.3  151  +174    3494 R 
g2700__1297/A1                                                            +0    3494   
g2700__1297/Z                            AOI22_C           2 36.9  218  +118    3612 F 
g2698/A                                                                   +0    3612   
g2698/Z                                  INVERT_F          1 17.7  102   +85    3697 R 
g2692__8867/A1                                                            +0    3697   
g2692__8867/Z                            AO22_F            1 19.8   81  +108    3805 R 
g2825/CIN                                                                 +0    3805   
g2825/COUT                               ADDF_E            1 19.8  108  +150    3955 R 
g2824/CIN                                                                 +0    3955   
g2824/COUT                               ADDF_E            1 19.8  109  +152    4107 R 
g2823/CIN                                                                 +0    4107   
g2823/SUM                                ADDF_E            1 10.8   75  +146    4253 F 
g3/A                                                                      +0    4253   
g3/Z                                     INVERT_A          2 28.4  592  +313    4567 R 
g2675__7765/B                                                             +0    4567   
g2675__7765/Z                            XOR2_C            2 25.7  246   +97    4664 F 
g2668__3779/A2                                                            +0    4664   
g2668__3779/Z                            OAI22_B           2 31.1  388  +222    4886 R 
g2666__3717/A2                                                            +0    4886   
g2666__3717/Z                            AOI22_C           2 27.3  190  +110    4996 F 
g2664__8867/A1                                                            +0    4996   
g2664__8867/Z                            OAI22_B           2 30.8  374  +215    5211 R 
g2663__7654/A                                                             +0    5211   
g2663__7654/Z                            AND2_I            2 32.5   80  +132    5344 R 
g2660__6179/A1                                                            +0    5344   
g2660__6179/Z                            AO22_H            2 32.5   87  +116    5459 R 
g2658__3457/A1                                                            +0    5459   
g2658__3457/Z                            AO22_H            2 32.5   87  +116    5575 R 
g2656__2005/A1                                                            +0    5575   
g2656__2005/Z                            AO22_H            2 32.5   89  +116    5691 R 
g2654__2001/A1                                                            +0    5691   
g2654__2001/Z                            AO22_H            2 32.5   89  +116    5808 R 
g2652__6789/A1                                                            +0    5808   
g2652__6789/Z                            AO22_H            2 32.5   89  +116    5924 R 
g2650__9719/A1                                                            +0    5924   
g2650__9719/Z                            AO22_H            2 32.5   89  +116    6040 R 
g2648__9867/A1                                                            +0    6040   
g2648__9867/Z                            AO22_H            2 31.3   88  +115    6156 R 
g2646__7547/A1                                                            +0    6156   
g2646__7547/Z                            AOI22_C           1 18.2  161   +76    6232 F 
g2645__2833/B                                                             +0    6232   
g2645__2833/Z                            XOR2_C            1  8.8  135  +118    6349 R 
S[39]                               <<<  out port                         +0    6349 R 
(DivideConquer_2b_C1._line_12)           ext delay                      +200    6549 R 
- - - - - - - - - - - - - - - - - - - - - - - - - - - - - - - - - - - - - - - - - - - -
(clock clk)                              capture                               20000 R 
---------------------------------------------------------------------------------------
Cost Group   : 'clk' (path_group 'clk')
Timing slack :   13451ps 
Start-point  : X[0]
End-point    : S[39]
